RESET
MEM comp08 1604623519 2020/11/05 19:45:19 718130 4096 65571052 65122574 30617 80 192951 4 48387 0 8136 0 0 2097152 0 0
SEP
MEM comp08 1604623520 2020/11/05 19:45:20 1 4096 65571052 64251291 465593 80 195412 5 50357 0 8136 0 0 2097152 0 0
SEP
MEM comp08 1604623521 2020/11/05 19:45:21 1 4096 65571052 63352753 913321 80 197145 5 51429 0 8136 0 0 2097152 0 0
SEP
MEM comp08 1604623522 2020/11/05 19:45:22 1 4096 65571052 62464684 1356465 80 198283 5 52381 0 8136 0 0 2097152 0 0
SEP
MEM comp08 1604623523 2020/11/05 19:45:23 1 4096 65571052 61580066 1798133 80 198710 5 53421 0 8136 0 0 2097152 0 0
SEP
MEM comp08 1604623524 2020/11/05 19:45:24 1 4096 65571052 60694972 2239785 80 199767 5 54325 0 8136 0 0 2097152 0 0
SEP
MEM comp08 1604623525 2020/11/05 19:45:25 1 4096 65571052 59804182 2682769 80 201368 5 55389 0 8136 0 0 2097152 0 0
SEP
MEM comp08 1604623526 2020/11/05 19:45:26 1 4096 65571052 58923462 3122909 80 201829 5 56413 0 8136 0 0 2097152 0 0
SEP
MEM comp08 1604623527 2020/11/05 19:45:27 1 4096 65571052 58041825 3561212 80 203187 5 57341 0 8136 0 0 2097152 0 0
SEP
MEM comp08 1604623528 2020/11/05 19:45:28 1 4096 65571052 57164342 4001293 80 204363 5 58389 0 8136 0 0 2097152 0 0
SEP
MEM comp08 1604623529 2020/11/05 19:45:29 1 4096 65571052 56284147 4440006 80 204888 5 59301 0 8136 0 0 2097152 0 0
SEP
MEM comp08 1604623530 2020/11/05 19:45:30 1 4096 65571052 55376150 4893117 80 205855 5 60349 0 8136 0 0 2097152 0 0
SEP
MEM comp08 1604623531 2020/11/05 19:45:31 1 4096 65571052 55337489 4910733 80 205327 5 60493 0 8136 0 0 2097152 0 0
SEP
MEM comp08 1604623532 2020/11/05 19:45:32 1 4096 65571052 55337485 4910733 80 205331 5 60493 0 8136 0 0 2097152 0 0
SEP
MEM comp08 1604623533 2020/11/05 19:45:33 1 4096 65571052 55337473 4910733 80 205345 5 60493 0 8136 0 0 2097152 0 0
SEP
MEM comp08 1604623534 2020/11/05 19:45:34 1 4096 65571052 55337485 4910733 80 205333 5 60493 0 8136 0 0 2097152 0 0
SEP
MEM comp08 1604623535 2020/11/05 19:45:35 1 4096 65571052 55337487 4910733 80 205331 5 60493 0 8136 0 0 2097152 0 0
SEP
MEM comp08 1604623536 2020/11/05 19:45:36 1 4096 65571052 55337476 4910733 80 205349 5 60493 0 8136 0 0 2097152 0 0
SEP
MEM comp08 1604623537 2020/11/05 19:45:37 1 4096 65571052 55337487 4910733 80 205345 5 60493 0 8136 0 0 2097152 0 0
SEP
MEM comp08 1604623538 2020/11/05 19:45:38 1 4096 65571052 55337489 4910733 80 205343 5 60493 0 8136 0 0 2097152 0 0
SEP
MEM comp08 1604623539 2020/11/05 19:45:39 1 4096 65571052 55337492 4910733 80 205333 5 60493 0 8136 0 0 2097152 0 0
SEP
MEM comp08 1604623540 2020/11/05 19:45:40 1 4096 65571052 55337485 4910733 80 205347 5 60493 0 8136 0 0 2097152 0 0
SEP
MEM comp08 1604623541 2020/11/05 19:45:41 1 4096 65571052 55337489 4910733 80 205343 5 60493 0 8136 0 0 2097152 0 0
SEP
MEM comp08 1604623542 2020/11/05 19:45:42 1 4096 65571052 55337481 4910733 80 205347 5 60493 0 8136 0 0 2097152 0 0
SEP
MEM comp08 1604623543 2020/11/05 19:45:43 1 4096 65571052 55337497 4910733 80 205333 5 60493 0 8136 0 0 2097152 0 0
SEP
MEM comp08 1604623544 2020/11/05 19:45:44 1 4096 65571052 55337489 4910733 80 205341 5 60493 0 8136 0 0 2097152 0 0
SEP
MEM comp08 1604623545 2020/11/05 19:45:45 1 4096 65571052 55337490 4910733 80 205347 5 60493 0 8136 0 0 2097152 0 0
SEP
MEM comp08 1604623546 2020/11/05 19:45:46 1 4096 65571052 55337475 4910733 80 205355 5 60493 0 8136 0 0 2097152 0 0
SEP
MEM comp08 1604623547 2020/11/05 19:45:47 1 4096 65571052 55337497 4910733 80 205333 5 60493 0 8136 0 0 2097152 0 0
SEP
MEM comp08 1604623548 2020/11/05 19:45:48 1 4096 65571052 55337485 4910733 80 205345 2 60493 0 8136 0 0 2097152 0 0
SEP
MEM comp08 1604623549 2020/11/05 19:45:49 1 4096 65571052 55337503 4910733 80 205325 2 60493 0 8136 0 0 2097152 0 0
SEP
MEM comp08 1604623550 2020/11/05 19:45:50 1 4096 65571052 55337487 4910733 80 205341 1 60493 0 8136 0 0 2097152 0 0
SEP
MEM comp08 1604623551 2020/11/05 19:45:51 1 4096 65571052 55337508 4910733 80 205335 2 60493 0 8136 0 0 2097152 0 0
SEP
MEM comp08 1604623552 2020/11/05 19:45:52 1 4096 65571052 55337500 4910733 80 205343 2 60493 0 8136 0 0 2097152 0 0
SEP
MEM comp08 1604623553 2020/11/05 19:45:53 1 4096 65571052 55337523 4910733 80 205327 1 60493 0 8136 0 0 2097152 0 0
SEP
MEM comp08 1604623554 2020/11/05 19:45:54 1 4096 65571052 55337492 4910734 80 205351 2 60493 0 8136 0 0 2097152 0 0
SEP
MEM comp08 1604623555 2020/11/05 19:45:55 1 4096 65571052 55337523 4910734 80 205327 2 60493 0 8136 0 0 2097152 0 0
SEP
MEM comp08 1604623556 2020/11/05 19:45:56 1 4096 65571052 55337523 4910734 80 205327 2 60493 0 8136 0 0 2097152 0 0
SEP
MEM comp08 1604623557 2020/11/05 19:45:57 1 4096 65571052 55337501 4910734 80 205349 2 60493 0 8136 0 0 2097152 0 0
SEP
MEM comp08 1604623558 2020/11/05 19:45:58 1 4096 65571052 55337518 4910734 80 205339 2 60493 0 8136 0 0 2097152 0 0
SEP
MEM comp08 1604623559 2020/11/05 19:45:59 1 4096 65571052 55337524 4910734 80 205333 2 60493 0 8136 0 0 2097152 0 0
SEP
MEM comp08 1604623560 2020/11/05 19:46:00 1 4096 65571052 54736304 5492588 80 224779 581748 61765 0 8136 0 0 2097152 0 0
SEP
MEM comp08 1604623561 2020/11/05 19:46:01 1 4096 65571052 54073729 6133611 80 246234 1222848 63221 0 8136 0 0 2097152 0 0
SEP
MEM comp08 1604623562 2020/11/05 19:46:02 1 4096 65571052 53411665 6774203 80 267716 1863420 64709 0 8136 0 0 2097152 0 0
SEP
MEM comp08 1604623563 2020/11/05 19:46:03 1 4096 65571052 52750998 7413356 80 289041 2502648 66101 0 8136 0 0 2097152 0 0
SEP
MEM comp08 1604623564 2020/11/05 19:46:04 1 4096 65571052 52088841 8054119 80 310522 3143328 67589 0 8136 0 0 2097152 0 0
SEP
MEM comp08 1604623565 2020/11/05 19:46:05 1 4096 65571052 51426900 8694523 80 332019 3783775 68949 0 8136 0 0 2097152 0 0
SEP
MEM comp08 1604623566 2020/11/05 19:46:06 1 4096 65571052 50766326 9333766 80 353464 4423028 70469 0 8136 0 0 2097152 0 0
SEP
MEM comp08 1604623567 2020/11/05 19:46:07 1 4096 65571052 50290205 9793606 80 369215 4638457 71445 0 8136 0 0 2097152 0 0
SEP
MEM comp08 1604623568 2020/11/05 19:46:08 1 4096 65571052 50288163 9793547 80 371027 3548732 71565 0 8136 0 0 2097152 0 0
SEP
MEM comp08 1604623569 2020/11/05 19:46:09 1 4096 65571052 50286495 9793547 80 372969 2462668 71565 0 8136 0 0 2097152 0 0
SEP
MEM comp08 1604623570 2020/11/05 19:46:10 1 4096 65571052 50284944 9793547 80 374345 1394468 71565 0 8136 0 0 2097152 0 0
SEP
MEM comp08 1604623571 2020/11/05 19:46:11 1 4096 65571052 50283504 9793547 80 375817 311862 71565 0 8136 0 0 2097152 0 0
SEP
MEM comp08 1604623572 2020/11/05 19:46:12 1 4096 65571052 50283662 9793547 80 375429 2 71565 0 8136 0 0 2097152 0 0
SEP
MEM comp08 1604623573 2020/11/05 19:46:13 1 4096 65571052 50285787 9793547 80 373311 2 71565 0 8136 0 0 2097152 0 0
SEP
MEM comp08 1604623574 2020/11/05 19:46:14 1 4096 65571052 50287168 9793547 80 372131 2 71565 0 8136 0 0 2097152 0 0
SEP
MEM comp08 1604623575 2020/11/05 19:46:15 1 4096 65571052 50288389 9793547 80 370877 2 71565 0 8136 0 0 2097152 0 0
SEP
MEM comp08 1604623576 2020/11/05 19:46:16 1 4096 65571052 50290309 9793547 80 369649 2 71565 0 8136 0 0 2097152 0 0
SEP
MEM comp08 1604623577 2020/11/05 19:46:17 1 4096 65571052 50290317 9793547 80 369641 2 71565 0 8136 0 0 2097152 0 0
SEP
MEM comp08 1604623578 2020/11/05 19:46:18 1 4096 65571052 50290395 9793547 80 369651 2 71565 0 8136 0 0 2097152 0 0
SEP
MEM comp08 1604623579 2020/11/05 19:46:19 1 4096 65571052 50290420 9793547 80 369635 2 71565 0 8136 0 0 2097152 0 0
SEP
MEM comp08 1604623580 2020/11/05 19:46:20 1 4096 65571052 50290413 9793547 80 369649 2 71565 0 8136 0 0 2097152 0 0
SEP
MEM comp08 1604623581 2020/11/05 19:46:21 1 4096 65571052 50290409 9793547 80 369653 2 71565 0 8136 0 0 2097152 0 0
SEP
MEM comp08 1604623582 2020/11/05 19:46:22 1 4096 65571052 50290423 9793547 80 369639 3 71565 0 8136 0 0 2097152 0 0
SEP
MEM comp08 1604623583 2020/11/05 19:46:23 1 4096 65571052 50290441 9793547 80 369637 3 71565 0 8136 0 0 2097152 0 0
SEP
MEM comp08 1604623584 2020/11/05 19:46:24 1 4096 65571052 50290429 9793547 80 369649 3 71565 0 8136 0 0 2097152 0 0
SEP
MEM comp08 1604623585 2020/11/05 19:46:25 1 4096 65571052 50290417 9793547 80 369661 3 71565 0 8136 0 0 2097152 0 0
SEP
MEM comp08 1604623586 2020/11/05 19:46:26 1 4096 65571052 50290440 9793547 80 369645 3 71565 0 8136 0 0 2097152 0 0
SEP
MEM comp08 1604623587 2020/11/05 19:46:27 1 4096 65571052 50290436 9793548 80 369645 4 71565 0 8136 0 0 2097152 0 0
SEP
MEM comp08 1604623588 2020/11/05 19:46:28 1 4096 65571052 50290467 9793548 80 369627 4 71565 0 8136 0 0 2097152 0 0
SEP
MEM comp08 1604623589 2020/11/05 19:46:29 1 4096 65571052 50290461 9793548 80 369633 4 71565 0 8136 0 0 2097152 0 0
SEP
MEM comp08 1604623590 2020/11/05 19:46:30 1 4096 65571052 50290458 9793548 80 369643 4 71565 0 8136 0 0 2097152 0 0
SEP
MEM comp08 1604623591 2020/11/05 19:46:31 1 4096 65571052 50290461 9793548 80 369647 4 71565 0 8136 0 0 2097152 0 0
SEP
MEM comp08 1604623592 2020/11/05 19:46:32 1 4096 65571052 50290481 9793548 80 369627 4 71565 0 8136 0 0 2097152 0 0
SEP
MEM comp08 1604623593 2020/11/05 19:46:33 1 4096 65571052 50290469 9793548 80 369651 4 71565 0 8136 0 0 2097152 0 0
SEP
MEM comp08 1604623594 2020/11/05 19:46:34 1 4096 65571052 50290482 9793548 80 369631 4 71565 0 8136 0 0 2097152 0 0
SEP
MEM comp08 1604623595 2020/11/05 19:46:35 1 4096 65571052 50290466 9793548 80 369647 4 71565 0 8136 0 0 2097152 0 0
SEP
MEM comp08 1604623596 2020/11/05 19:46:36 1 4096 65571052 50290473 9793548 80 369647 4 71565 0 8136 0 0 2097152 0 0
SEP
MEM comp08 1604623597 2020/11/05 19:46:37 1 4096 65571052 50290489 9793548 80 369647 4 71565 0 8136 0 0 2097152 0 0
SEP
MEM comp08 1604623598 2020/11/05 19:46:38 1 4096 65571052 50290483 9793548 80 369653 4 71565 0 8136 0 0 2097152 0 0
SEP
MEM comp08 1604623599 2020/11/05 19:46:39 1 4096 65571052 50290479 9793548 80 369657 4 71565 0 8136 0 0 2097152 0 0
SEP
MEM comp08 1604623600 2020/11/05 19:46:40 1 4096 65571052 50290483 9793548 80 369653 4 71565 0 8136 0 0 2097152 0 0
SEP
MEM comp08 1604623601 2020/11/05 19:46:41 1 4096 65571052 50290521 9793548 80 369615 4 71565 0 8136 0 0 2097152 0 0
SEP
MEM comp08 1604623602 2020/11/05 19:46:42 1 4096 65571052 50290507 9793548 80 369629 4 71565 0 8136 0 0 2097152 0 0
SEP
MEM comp08 1604623603 2020/11/05 19:46:43 1 4096 65571052 50290527 9793549 80 369621 4 71565 0 8136 0 0 2097152 0 0
SEP
MEM comp08 1604623604 2020/11/05 19:46:44 1 4096 65571052 50290497 9793549 80 369651 4 71565 0 8136 0 0 2097152 0 0
SEP
MEM comp08 1604623605 2020/11/05 19:46:45 1 4096 65571052 50290517 9793549 80 369627 4 71565 0 8136 0 0 2097152 0 0
SEP
MEM comp08 1604623606 2020/11/05 19:46:46 1 4096 65571052 50290514 9793549 80 369641 4 71565 0 8136 0 0 2097152 0 0
SEP
MEM comp08 1604623607 2020/11/05 19:46:47 1 4096 65571052 50290520 9793549 80 369635 4 71565 0 8136 0 0 2097152 0 0
SEP
MEM comp08 1604623608 2020/11/05 19:46:48 1 4096 65571052 50290524 9793549 80 369631 4 71565 0 8136 0 0 2097152 0 0
SEP
MEM comp08 1604623609 2020/11/05 19:46:49 1 4096 65571052 50290530 9793549 80 369625 4 71565 0 8136 0 0 2097152 0 0
SEP
MEM comp08 1604623610 2020/11/05 19:46:50 1 4096 65571052 50290526 9793549 80 369629 4 71565 0 8136 0 0 2097152 0 0
SEP
MEM comp08 1604623611 2020/11/05 19:46:51 1 4096 65571052 50290514 9793549 80 369641 4 71565 0 8136 0 0 2097152 0 0
SEP
MEM comp08 1604623612 2020/11/05 19:46:52 1 4096 65571052 50290520 9793549 80 369635 2 71565 0 8136 0 0 2097152 0 0
SEP
MEM comp08 1604623613 2020/11/05 19:46:53 1 4096 65571052 50290501 9793549 80 369647 3 71565 0 8136 0 0 2097152 0 0
SEP
MEM comp08 1604623614 2020/11/05 19:46:54 1 4096 65571052 50290523 9793549 80 369625 3 71565 0 8136 0 0 2097152 0 0
SEP
MEM comp08 1604623615 2020/11/05 19:46:55 1 4096 65571052 50290524 9793549 80 369627 3 71565 0 8136 0 0 2097152 0 0
SEP
MEM comp08 1604623616 2020/11/05 19:46:56 1 4096 65571052 50290500 9793549 80 369651 3 71565 0 8136 0 0 2097152 0 0
SEP
MEM comp08 1604623617 2020/11/05 19:46:57 1 4096 65571052 50290518 9793549 80 369633 3 71565 0 8136 0 0 2097152 0 0
SEP
MEM comp08 1604623618 2020/11/05 19:46:58 1 4096 65571052 50290516 9793549 80 369635 3 71565 0 8136 0 0 2097152 0 0
SEP
MEM comp08 1604623619 2020/11/05 19:46:59 1 4096 65571052 50388800 9793549 80 271351 3 71565 0 8136 0 0 2097152 0 0
SEP
MEM comp08 1604623620 2020/11/05 19:47:00 1 4096 65571052 57933240 7200497 80 212448 3 66965 0 8136 0 0 2097152 0 0
SEP
MEM comp08 1604623621 2020/11/05 19:47:01 1 4096 65571052 59736749 5156411 80 207060 4 60981 0 8136 0 0 2097152 0 0
SEP
MEM comp08 1604623622 2020/11/05 19:47:02 1 4096 65571052 58833317 5609675 80 208248 2 62013 0 8136 0 0 2097152 0 0
SEP
MEM comp08 1604623623 2020/11/05 19:47:03 1 4096 65571052 57940978 6054971 80 209120 2 63021 0 8136 0 0 2097152 0 0
SEP
MEM comp08 1604623624 2020/11/05 19:47:04 1 4096 65571052 57048750 6500491 80 209862 2 64037 0 8136 0 0 2097152 0 0
SEP
MEM comp08 1604623625 2020/11/05 19:47:05 1 4096 65571052 56155314 6945950 80 211133 2 65077 0 8136 0 0 2097152 0 0
SEP
MEM comp08 1604623626 2020/11/05 19:47:06 1 4096 65571052 55263977 7391399 80 211587 2 66037 0 8136 0 0 2097152 0 0
SEP
MEM comp08 1604623627 2020/11/05 19:47:07 1 4096 65571052 54370820 7835763 80 213369 2 67077 0 8136 0 0 2097152 0 0
SEP
MEM comp08 1604623628 2020/11/05 19:47:08 1 4096 65571052 53478872 8280315 80 213699 2 67989 0 8136 0 0 2097152 0 0
SEP
MEM comp08 1604623629 2020/11/05 19:47:09 1 4096 65571052 52577779 8730699 80 215170 2 69085 0 8136 0 0 2097152 0 0
SEP
MEM comp08 1604623630 2020/11/05 19:47:10 1 4096 65571052 51678169 9178219 80 215990 2 70069 0 8136 0 0 2097152 0 0
SEP
MEM comp08 1604623631 2020/11/05 19:47:11 1 4096 65571052 50783538 9626287 80 216892 2 71141 0 8136 0 0 2097152 0 0
SEP
MEM comp08 1604623632 2020/11/05 19:47:12 1 4096 65571052 50443192 9793551 80 216723 2 71533 0 8136 0 0 2097152 0 0
SEP
MEM comp08 1604623633 2020/11/05 19:47:13 1 4096 65571052 50443186 9793551 80 216729 2 71533 0 8136 0 0 2097152 0 0
SEP
MEM comp08 1604623634 2020/11/05 19:47:14 1 4096 65571052 50443197 9793551 80 216723 2 71533 0 8136 0 0 2097152 0 0
SEP
MEM comp08 1604623635 2020/11/05 19:47:15 1 4096 65571052 50443207 9793551 80 216727 2 71533 0 8136 0 0 2097152 0 0
SEP
MEM comp08 1604623636 2020/11/05 19:47:16 1 4096 65571052 50443217 9793551 80 216717 2 71533 0 8136 0 0 2097152 0 0
SEP
MEM comp08 1604623637 2020/11/05 19:47:17 1 4096 65571052 50443197 9793551 80 216737 2 71533 0 8136 0 0 2097152 0 0
SEP
MEM comp08 1604623638 2020/11/05 19:47:18 1 4096 65571052 50443189 9793551 80 216745 2 71533 0 8136 0 0 2097152 0 0
SEP
MEM comp08 1604623639 2020/11/05 19:47:19 1 4096 65571052 50443185 9793551 80 216749 2 71533 0 8136 0 0 2097152 0 0
SEP
MEM comp08 1604623640 2020/11/05 19:47:20 1 4096 65571052 50443218 9793551 80 216723 2 71533 0 8136 0 0 2097152 0 0
SEP
MEM comp08 1604623641 2020/11/05 19:47:21 1 4096 65571052 50443206 9793551 80 216735 2 71533 0 8136 0 0 2097152 0 0
SEP
MEM comp08 1604623642 2020/11/05 19:47:22 1 4096 65571052 50443212 9793551 80 216729 2 71533 0 8136 0 0 2097152 0 0
SEP
MEM comp08 1604623643 2020/11/05 19:47:23 1 4096 65571052 50443206 9793551 80 216749 1 71533 0 8136 0 0 2097152 0 0
SEP
MEM comp08 1604623644 2020/11/05 19:47:24 1 4096 65571052 50443206 9793551 80 216749 1 71533 0 8136 0 0 2097152 0 0
SEP
MEM comp08 1604623645 2020/11/05 19:47:25 1 4096 65571052 50443243 9793551 80 216719 1 71533 0 8136 0 0 2097152 0 0
SEP
MEM comp08 1604623646 2020/11/05 19:47:26 1 4096 65571052 50443235 9793551 80 216727 1 71533 0 8136 0 0 2097152 0 0
SEP
MEM comp08 1604623647 2020/11/05 19:47:27 1 4096 65571052 50443244 9793551 80 216725 1 71533 0 8136 0 0 2097152 0 0
SEP
MEM comp08 1604623648 2020/11/05 19:47:28 1 4096 65571052 50443236 9793551 80 216733 1 71533 0 8136 0 0 2097152 0 0
SEP
MEM comp08 1604623649 2020/11/05 19:47:29 1 4096 65571052 50443240 9793551 80 216729 1 71533 0 8136 0 0 2097152 0 0
SEP
MEM comp08 1604623650 2020/11/05 19:47:30 1 4096 65571052 50443242 9793551 80 216727 1 71533 0 8136 0 0 2097152 0 0
SEP
MEM comp08 1604623651 2020/11/05 19:47:31 1 4096 65571052 50443246 9793551 80 216723 1 71533 0 8136 0 0 2097152 0 0
SEP
MEM comp08 1604623652 2020/11/05 19:47:32 1 4096 65571052 50443250 9793551 80 216719 1 71533 0 8136 0 0 2097152 0 0
SEP
MEM comp08 1604623653 2020/11/05 19:47:33 1 4096 65571052 50443250 9793551 80 216719 1 71533 0 8136 0 0 2097152 0 0
SEP
MEM comp08 1604623654 2020/11/05 19:47:34 1 4096 65571052 50443211 9793551 80 216752 1 71541 0 8136 0 0 2097152 0 0
SEP
MEM comp08 1604623655 2020/11/05 19:47:35 1 4096 65571052 50443210 9793552 80 216746 2 71541 0 8136 0 0 2097152 0 0
SEP
MEM comp08 1604623656 2020/11/05 19:47:36 1 4096 65571052 50443216 9793552 80 216740 2 71541 0 8136 0 0 2097152 0 0
SEP
MEM comp08 1604623657 2020/11/05 19:47:37 1 4096 65571052 50443217 9793552 80 216746 2 71541 0 8136 0 0 2097152 0 0
SEP
MEM comp08 1604623658 2020/11/05 19:47:38 1 4096 65571052 50443219 9793552 80 216744 2 71541 0 8136 0 0 2097152 0 0
SEP
MEM comp08 1604623659 2020/11/05 19:47:39 1 4096 65571052 50443219 9793552 80 216744 2 71541 0 8136 0 0 2097152 0 0
SEP
MEM comp08 1604623660 2020/11/05 19:47:40 1 4096 65571052 50443203 9793552 80 216760 2 71541 0 8136 0 0 2097152 0 0
SEP
MEM comp08 1604623661 2020/11/05 19:47:41 1 4096 65571052 50018932 10204260 80 230366 410647 72421 0 8136 0 0 2097152 0 0
SEP
MEM comp08 1604623662 2020/11/05 19:47:42 1 4096 65571052 49352646 10848762 80 252114 1055167 73949 0 8136 0 0 2097152 0 0
SEP
MEM comp08 1604623663 2020/11/05 19:47:43 1 4096 65571052 48685468 11494308 80 273586 1700733 75349 0 8136 0 0 2097152 0 0
SEP
MEM comp08 1604623664 2020/11/05 19:47:44 1 4096 65571052 48016862 12141362 80 295294 2347641 76853 0 8136 0 0 2097152 0 0
SEP
MEM comp08 1604623665 2020/11/05 19:47:45 1 4096 65571052 47347551 12788786 80 317016 2995233 78229 0 8136 0 0 2097152 0 0
SEP
MEM comp08 1604623666 2020/11/05 19:47:46 1 4096 65571052 46679063 13435557 80 338720 3642014 79765 0 8136 0 0 2097152 0 0
SEP
MEM comp08 1604623667 2020/11/05 19:47:47 1 4096 65571052 46011374 14081782 80 360377 4288160 81261 0 8136 0 0 2097152 0 0
SEP
MEM comp08 1604623668 2020/11/05 19:47:48 1 4096 65571052 45396167 14676379 80 380168 4856589 82501 0 8136 0 0 2097152 0 0
SEP
MEM comp08 1604623669 2020/11/05 19:47:49 1 4096 65571052 45394407 14676365 80 381910 3721017 82621 0 8136 0 0 2097152 0 0
SEP
MEM comp08 1604623670 2020/11/05 19:47:50 1 4096 65571052 45392687 14676365 80 383970 2608226 82621 0 8136 0 0 2097152 0 0
SEP
MEM comp08 1604623671 2020/11/05 19:47:51 1 4096 65571052 45390907 14676365 80 385414 1505752 82621 0 8136 0 0 2097152 0 0
SEP
MEM comp08 1604623672 2020/11/05 19:47:52 1 4096 65571052 45389292 14676365 80 387226 373345 82621 0 8136 0 0 2097152 0 0
SEP
MEM comp08 1604623673 2020/11/05 19:47:53 1 4096 65571052 45389180 14676365 80 386954 0 82621 0 8136 0 0 2097152 0 0
SEP
MEM comp08 1604623674 2020/11/05 19:47:54 1 4096 65571052 45390650 14676365 80 385480 1 82621 0 8136 0 0 2097152 0 0
SEP
MEM comp08 1604623675 2020/11/05 19:47:55 1 4096 65571052 45392703 14676365 80 383812 1 82621 0 8136 0 0 2097152 0 0
SEP
MEM comp08 1604623676 2020/11/05 19:47:56 1 4096 65571052 45393794 14676365 80 382438 1 82621 0 8136 0 0 2097152 0 0
SEP
MEM comp08 1604623677 2020/11/05 19:47:57 1 4096 65571052 45395082 14676365 80 380890 1 82621 0 8136 0 0 2097152 0 0
SEP
MEM comp08 1604623678 2020/11/05 19:47:58 1 4096 65571052 45396445 14676365 80 380716 1 82621 0 8136 0 0 2097152 0 0
SEP
MEM comp08 1604623679 2020/11/05 19:47:59 1 4096 65571052 45396449 14676365 80 380712 1 82621 0 8136 0 0 2097152 0 0
SEP
MEM comp08 1604623680 2020/11/05 19:48:00 1 4096 65571052 45396434 14676365 80 380720 1 82621 0 8136 0 0 2097152 0 0
SEP
MEM comp08 1604623681 2020/11/05 19:48:01 1 4096 65571052 45396425 14676365 80 380736 1 82621 0 8136 0 0 2097152 0 0
SEP
MEM comp08 1604623682 2020/11/05 19:48:02 1 4096 65571052 45396437 14676365 80 380724 1 82621 0 8136 0 0 2097152 0 0
SEP
MEM comp08 1604623683 2020/11/05 19:48:03 1 4096 65571052 45396419 14676365 80 380742 1 82621 0 8136 0 0 2097152 0 0
SEP
MEM comp08 1604623684 2020/11/05 19:48:04 1 4096 65571052 45396427 14676365 80 380734 1 82621 0 8136 0 0 2097152 0 0
SEP
MEM comp08 1604623685 2020/11/05 19:48:05 1 4096 65571052 45396425 14676365 80 380736 1 82621 0 8136 0 0 2097152 0 0
SEP
MEM comp08 1604623686 2020/11/05 19:48:06 1 4096 65571052 45396440 14676365 80 380728 1 82621 0 8136 0 0 2097152 0 0
SEP
MEM comp08 1604623687 2020/11/05 19:48:07 1 4096 65571052 45396440 14676365 80 380728 1 82621 0 8136 0 0 2097152 0 0
SEP
MEM comp08 1604623688 2020/11/05 19:48:08 1 4096 65571052 45396428 14676365 80 380740 1 82621 0 8136 0 0 2097152 0 0
SEP
MEM comp08 1604623689 2020/11/05 19:48:09 1 4096 65571052 45396426 14676366 80 380742 2 82621 0 8136 0 0 2097152 0 0
SEP
MEM comp08 1604623690 2020/11/05 19:48:10 1 4096 65571052 45396428 14676366 80 380740 2 82621 0 8136 0 0 2097152 0 0
SEP
MEM comp08 1604623691 2020/11/05 19:48:11 1 4096 65571052 45396439 14676366 80 380722 2 82621 0 8136 0 0 2097152 0 0
SEP
MEM comp08 1604623692 2020/11/05 19:48:12 1 4096 65571052 45396441 14676366 80 380720 2 82621 0 8136 0 0 2097152 0 0
SEP
MEM comp08 1604623693 2020/11/05 19:48:13 1 4096 65571052 45396429 14676366 80 380746 2 82621 0 8136 0 0 2097152 0 0
SEP
MEM comp08 1604623694 2020/11/05 19:48:14 1 4096 65571052 45396421 14676366 80 380768 2 82621 0 8136 0 0 2097152 0 0
SEP
MEM comp08 1604623695 2020/11/05 19:48:15 1 4096 65571052 45396466 14676366 80 380730 2 82621 0 8136 0 0 2097152 0 0
SEP
MEM comp08 1604623696 2020/11/05 19:48:16 1 4096 65571052 45396450 14676366 80 380746 2 82621 0 8136 0 0 2097152 0 0
SEP
MEM comp08 1604623697 2020/11/05 19:48:17 1 4096 65571052 45396451 14676366 80 380752 2 82621 0 8136 0 0 2097152 0 0
SEP
MEM comp08 1604623698 2020/11/05 19:48:18 1 4096 65571052 45396449 14676366 80 380754 2 82621 0 8136 0 0 2097152 0 0
SEP
MEM comp08 1604623699 2020/11/05 19:48:19 1 4096 65571052 45396448 14676366 80 380752 2 82621 0 8136 0 0 2097152 0 0
SEP
MEM comp08 1604623700 2020/11/05 19:48:20 1 4096 65571052 45396462 14676366 80 380750 2 82621 0 8136 0 0 2097152 0 0
SEP
MEM comp08 1604623701 2020/11/05 19:48:21 1 4096 65571052 45396463 14676366 80 380756 2 82621 0 8136 0 0 2097152 0 0
SEP
MEM comp08 1604623702 2020/11/05 19:48:22 1 4096 65571052 45396475 14676366 80 380744 2 82621 0 8136 0 0 2097152 0 0
SEP
MEM comp08 1604623703 2020/11/05 19:48:23 1 4096 65571052 45396476 14676366 80 380750 2 82621 0 8136 0 0 2097152 0 0
SEP
MEM comp08 1604623704 2020/11/05 19:48:24 1 4096 65571052 45396481 14676366 80 380746 2 82621 0 8136 0 0 2097152 0 0
SEP
MEM comp08 1604623705 2020/11/05 19:48:25 1 4096 65571052 45396463 14676366 80 380764 3 82621 0 8136 0 0 2097152 0 0
SEP
MEM comp08 1604623706 2020/11/05 19:48:26 1 4096 65571052 45396479 14676366 80 380748 3 82621 0 8136 0 0 2097152 0 0
SEP
MEM comp08 1604623707 2020/11/05 19:48:27 1 4096 65571052 45396491 14676366 80 380736 3 82621 0 8136 0 0 2097152 0 0
SEP
MEM comp08 1604623708 2020/11/05 19:48:28 1 4096 65571052 45396482 14676366 80 380752 3 82621 0 8136 0 0 2097152 0 0
SEP
MEM comp08 1604623709 2020/11/05 19:48:29 1 4096 65571052 45396507 14676366 80 380734 3 82621 0 8136 0 0 2097152 0 0
SEP
MEM comp08 1604623710 2020/11/05 19:48:30 1 4096 65571052 45396488 14676366 80 380760 3 82621 0 8136 0 0 2097152 0 0
SEP
MEM comp08 1604623711 2020/11/05 19:48:31 1 4096 65571052 45396508 14676366 80 380740 3 82621 0 8136 0 0 2097152 0 0
SEP
MEM comp08 1604623712 2020/11/05 19:48:32 1 4096 65571052 45396490 14676366 80 380758 3 82621 0 8136 0 0 2097152 0 0
SEP
MEM comp08 1604623713 2020/11/05 19:48:33 1 4096 65571052 45396498 14676366 80 380750 3 82621 0 8136 0 0 2097152 0 0
SEP
MEM comp08 1604623714 2020/11/05 19:48:34 1 4096 65571052 45396510 14676366 80 380738 3 82621 0 8136 0 0 2097152 0 0
SEP
MEM comp08 1604623715 2020/11/05 19:48:35 1 4096 65571052 45396528 14676366 80 380720 3 82621 0 8136 0 0 2097152 0 0
SEP
MEM comp08 1604623716 2020/11/05 19:48:36 1 4096 65571052 45396500 14676366 80 380748 3 82621 0 8136 0 0 2097152 0 0
SEP
MEM comp08 1604623717 2020/11/05 19:48:37 1 4096 65571052 45396492 14676366 80 380756 3 82621 0 8136 0 0 2097152 0 0
SEP
MEM comp08 1604623718 2020/11/05 19:48:38 1 4096 65571052 45396498 14676366 80 380750 3 82621 0 8136 0 0 2097152 0 0
SEP
MEM comp08 1604623719 2020/11/05 19:48:39 1 4096 65571052 45396509 14676366 80 380746 3 82621 0 8136 0 0 2097152 0 0
SEP
MEM comp08 1604623720 2020/11/05 19:48:40 1 4096 65571052 45489631 14676366 80 287624 3 82621 0 8136 0 0 2097152 0 0
SEP
MEM comp08 1604623721 2020/11/05 19:48:41 1 4096 65571052 52744823 12377745 80 223295 3 77765 0 8136 0 0 2097152 0 0
SEP
MEM comp08 1604623722 2020/11/05 19:48:42 1 4096 65571052 54892431 10016166 80 217413 1 71909 0 8136 0 0 2097152 0 0
SEP
MEM comp08 1604623723 2020/11/05 19:48:43 1 4096 65571052 53998854 10461648 80 218544 2 73005 0 8136 0 0 2097152 0 0
SEP
MEM comp08 1604623724 2020/11/05 19:48:44 1 4096 65571052 53102139 10910962 80 219506 2 74045 0 8136 0 0 2097152 0 0
SEP
MEM comp08 1604623725 2020/11/05 19:48:45 1 4096 65571052 52220927 11348719 80 220654 2 75021 0 8136 0 0 2097152 0 0
SEP
MEM comp08 1604623726 2020/11/05 19:48:46 1 4096 65571052 51324086 11798001 80 221808 2 76029 0 8136 0 0 2097152 0 0
SEP
MEM comp08 1604623727 2020/11/05 19:48:47 1 4096 65571052 50447920 12233027 80 222248 2 76917 0 8136 0 0 2097152 0 0
SEP
MEM comp08 1604623728 2020/11/05 19:48:48 1 4096 65571052 49567740 12673455 80 224115 2 77925 0 8136 0 0 2097152 0 0
SEP
MEM comp08 1604623729 2020/11/05 19:48:49 1 4096 65571052 48692466 13111287 80 224790 2 79021 0 8136 0 0 2097152 0 0
SEP
MEM comp08 1604623730 2020/11/05 19:48:50 1 4096 65571052 47796625 13556779 80 226656 2 79933 0 8136 0 0 2097152 0 0
SEP
MEM comp08 1604623731 2020/11/05 19:48:51 1 4096 65571052 46898972 14002947 80 227494 2 81021 0 8136 0 0 2097152 0 0
SEP
MEM comp08 1604623732 2020/11/05 19:48:52 1 4096 65571052 46001509 14451483 80 228578 2 81949 0 8136 0 0 2097152 0 0
SEP
MEM comp08 1604623733 2020/11/05 19:48:53 1 4096 65571052 45549241 14676367 80 227793 2 82581 0 8136 0 0 2097152 0 0
SEP
MEM comp08 1604623734 2020/11/05 19:48:54 1 4096 65571052 45549239 14676367 80 227795 2 82581 0 8136 0 0 2097152 0 0
SEP
MEM comp08 1604623735 2020/11/05 19:48:55 1 4096 65571052 45549234 14676367 80 227807 2 82581 0 8136 0 0 2097152 0 0
SEP
MEM comp08 1604623736 2020/11/05 19:48:56 1 4096 65571052 45549224 14676367 80 227817 3 82581 0 8136 0 0 2097152 0 0
SEP
MEM comp08 1604623737 2020/11/05 19:48:57 1 4096 65571052 45549246 14676367 80 227795 3 82581 0 8136 0 0 2097152 0 0
SEP
MEM comp08 1604623738 2020/11/05 19:48:58 1 4096 65571052 45549250 14676367 80 227791 3 82581 0 8136 0 0 2097152 0 0
SEP
MEM comp08 1604623739 2020/11/05 19:48:59 1 4096 65571052 45549221 14676367 80 227799 3 82581 0 8136 0 0 2097152 0 0
SEP
MEM comp08 1604623740 2020/11/05 19:49:00 1 4096 65571052 45549203 14676367 80 227817 3 82581 0 8136 0 0 2097152 0 0
SEP
MEM comp08 1604623741 2020/11/05 19:49:01 1 4096 65571052 45549219 14676367 80 227801 3 82581 0 8136 0 0 2097152 0 0
SEP
MEM comp08 1604623742 2020/11/05 19:49:02 1 4096 65571052 45549199 14676367 80 227821 3 82581 0 8136 0 0 2097152 0 0
SEP
MEM comp08 1604623743 2020/11/05 19:49:03 1 4096 65571052 45549226 14676367 80 227801 3 82581 0 8136 0 0 2097152 0 0
SEP
MEM comp08 1604623744 2020/11/05 19:49:04 1 4096 65571052 45549237 14676367 80 227805 3 82581 0 8136 0 0 2097152 0 0
SEP
MEM comp08 1604623745 2020/11/05 19:49:05 1 4096 65571052 45549258 14676367 80 227791 3 82581 0 8136 0 0 2097152 0 0
SEP
MEM comp08 1604623746 2020/11/05 19:49:06 1 4096 65571052 45549240 14676367 80 227809 3 82581 0 8136 0 0 2097152 0 0
SEP
MEM comp08 1604623747 2020/11/05 19:49:07 1 4096 65571052 45549242 14676367 80 227807 3 82581 0 8136 0 0 2097152 0 0
SEP
MEM comp08 1604623748 2020/11/05 19:49:08 1 4096 65571052 45549236 14676367 80 227813 3 82581 0 8136 0 0 2097152 0 0
SEP
MEM comp08 1604623749 2020/11/05 19:49:09 1 4096 65571052 45549252 14676367 80 227797 3 82581 0 8136 0 0 2097152 0 0
SEP
MEM comp08 1604623750 2020/11/05 19:49:10 1 4096 65571052 45549255 14676367 80 227815 3 82581 0 8136 0 0 2097152 0 0
SEP
MEM comp08 1604623751 2020/11/05 19:49:11 1 4096 65571052 45549265 14676367 80 227819 3 82581 0 8136 0 0 2097152 0 0
SEP
MEM comp08 1604623752 2020/11/05 19:49:12 1 4096 65571052 45549275 14676367 80 227809 3 82581 0 8136 0 0 2097152 0 0
SEP
MEM comp08 1604623753 2020/11/05 19:49:13 1 4096 65571052 45549279 14676367 80 227805 3 82581 0 8136 0 0 2097152 0 0
SEP
MEM comp08 1604623754 2020/11/05 19:49:14 1 4096 65571052 45549279 14676367 80 227805 3 82581 0 8136 0 0 2097152 0 0
SEP
MEM comp08 1604623755 2020/11/05 19:49:15 1 4096 65571052 45549269 14676367 80 227815 3 82581 0 8136 0 0 2097152 0 0
SEP
MEM comp08 1604623756 2020/11/05 19:49:16 1 4096 65571052 45549277 14676368 80 227807 4 82581 0 8136 0 0 2097152 0 0
SEP
MEM comp08 1604623757 2020/11/05 19:49:17 1 4096 65571052 45549284 14676368 80 227807 4 82581 0 8136 0 0 2097152 0 0
SEP
MEM comp08 1604623758 2020/11/05 19:49:18 1 4096 65571052 45549286 14676368 80 227805 4 82581 0 8136 0 0 2097152 0 0
SEP
MEM comp08 1604623759 2020/11/05 19:49:19 1 4096 65571052 45549306 14676368 80 227799 4 82581 0 8136 0 0 2097152 0 0
SEP
MEM comp08 1604623760 2020/11/05 19:49:20 1 4096 65571052 45549307 14676368 80 227805 4 82581 0 8136 0 0 2097152 0 0
SEP
MEM comp08 1604623761 2020/11/05 19:49:21 1 4096 65571052 45549308 14676368 80 227811 4 82581 0 8136 0 0 2097152 0 0
SEP
MEM comp08 1604623762 2020/11/05 19:49:22 1 4096 65571052 45202221 15012253 80 239000 335742 83341 0 8136 0 0 2097152 0 0
SEP
MEM comp08 1604623763 2020/11/05 19:49:23 1 4096 65571052 44535881 15657024 80 260495 980555 84725 0 8136 0 0 2097152 0 0
SEP
MEM comp08 1604623764 2020/11/05 19:49:24 1 4096 65571052 43870075 16301255 80 282101 1624766 86221 0 8136 0 0 2097152 0 0
SEP
MEM comp08 1604623765 2020/11/05 19:49:25 1 4096 65571052 43204452 16945291 80 303713 2268781 87717 0 8136 0 0 2097152 0 0
SEP
MEM comp08 1604623766 2020/11/05 19:49:26 1 4096 65571052 42533542 17591940 80 325331 2910244 89221 0 8137 0 0 2097152 0 0
SEP
MEM comp08 1604623767 2020/11/05 19:49:27 1 4096 65571052 41905941 18199593 80 346373 3484471 91090 0 8137 0 0 2097152 0 0
SEP
MEM comp08 1604623768 2020/11/05 19:49:28 1 4096 65571052 41379161 18709852 80 363213 3883429 92312 0 8137 0 0 2097152 0 0
SEP
MEM comp08 1604623769 2020/11/05 19:49:29 1 4096 65571052 40748512 19324389 80 379303 4497981 93640 0 8137 0 0 2097152 0 0
SEP
MEM comp08 1604623770 2020/11/05 19:49:30 1 4096 65571052 40492617 19570089 80 388707 4149886 94264 0 8137 0 0 2097152 0 0
SEP
MEM comp08 1604623771 2020/11/05 19:49:31 1 4096 65571052 40490991 19570089 80 390333 3091098 94264 0 8137 0 0 2097152 0 0
SEP
MEM comp08 1604623772 2020/11/05 19:49:32 1 4096 65571052 40489310 19570089 80 392007 2038428 94264 0 8137 0 0 2097152 0 0
SEP
MEM comp08 1604623773 2020/11/05 19:49:33 1 4096 65571052 40487803 19570089 80 394214 1153341 94264 0 8137 0 0 2097152 0 0
SEP
MEM comp08 1604623774 2020/11/05 19:49:34 1 4096 65571052 40485085 19570089 80 396556 649678 94264 0 8137 0 0 2097152 0 0
SEP
MEM comp08 1604623775 2020/11/05 19:49:35 1 4096 65571052 40482534 19570089 80 398962 144058 94264 0 8137 0 0 2097152 0 0
SEP
MEM comp08 1604623776 2020/11/05 19:49:36 1 4096 65571052 40478884 19570089 80 400414 1 94264 0 8137 0 0 2097152 0 0
SEP
MEM comp08 1604623777 2020/11/05 19:49:37 1 4096 65571052 40481530 19570089 80 398920 1 94936 0 8137 0 0 2097152 0 0
SEP
MEM comp08 1604623778 2020/11/05 19:49:38 1 4096 65571052 40484253 19570089 80 396008 1 94946 0 8137 0 0 2097152 0 0
SEP
MEM comp08 1604623779 2020/11/05 19:49:39 1 4096 65571052 40486724 19570089 80 392954 1 94946 0 8137 0 0 2097152 0 0
SEP
MEM comp08 1604623780 2020/11/05 19:49:40 1 4096 65571052 40488227 19570089 80 390383 1 94946 0 8137 0 0 2097152 0 0
SEP
MEM comp08 1604623781 2020/11/05 19:49:41 1 4096 65571052 40488235 19570089 80 390377 1 94946 0 8137 0 0 2097152 0 0
SEP
MEM comp08 1604623782 2020/11/05 19:49:42 1 4096 65571052 40488225 19570089 80 390387 1 94946 0 8137 0 0 2097152 0 0
SEP
MEM comp08 1604623783 2020/11/05 19:49:43 1 4096 65571052 40488209 19570089 80 390403 1 94946 0 8137 0 0 2097152 0 0
SEP
MEM comp08 1604623784 2020/11/05 19:49:44 1 4096 65571052 40488225 19570089 80 390403 1 94946 0 8137 0 0 2097152 0 0
SEP
MEM comp08 1604623785 2020/11/05 19:49:45 1 4096 65571052 40488235 19570089 80 390393 1 94946 0 8137 0 0 2097152 0 0
SEP
MEM comp08 1604623786 2020/11/05 19:49:46 1 4096 65571052 40488227 19570089 80 390401 1 94946 0 8137 0 0 2097152 0 0
SEP
MEM comp08 1604623787 2020/11/05 19:49:47 1 4096 65571052 40488243 19570089 80 390385 1 94946 0 8137 0 0 2097152 0 0
SEP
MEM comp08 1604623788 2020/11/05 19:49:48 1 4096 65571052 40488278 19570089 80 390357 1 94946 0 8137 0 0 2097152 0 0
SEP
MEM comp08 1604623789 2020/11/05 19:49:49 1 4096 65571052 40488245 19570089 80 390383 1 94946 0 8137 0 0 2097152 0 0
SEP
MEM comp08 1604623790 2020/11/05 19:49:50 1 4096 65571052 40488236 19570090 80 390385 2 94946 0 8137 0 0 2097152 0 0
SEP
MEM comp08 1604623791 2020/11/05 19:49:51 1 4096 65571052 40488253 19570090 80 390375 2 94946 0 8137 0 0 2097152 0 0
SEP
MEM comp08 1604623792 2020/11/05 19:49:52 1 4096 65571052 40488267 19570090 80 390361 2 94946 0 8137 0 0 2097152 0 0
SEP
MEM comp08 1604623793 2020/11/05 19:49:53 1 4096 65571052 40488270 19570090 80 390365 2 94946 0 8137 0 0 2097152 0 0
SEP
MEM comp08 1604623794 2020/11/05 19:49:54 1 4096 65571052 40488250 19570090 80 390385 2 94946 0 8137 0 0 2097152 0 0
SEP
MEM comp08 1604623795 2020/11/05 19:49:55 1 4096 65571052 40488276 19570090 80 390359 2 94946 0 8137 0 0 2097152 0 0
SEP
MEM comp08 1604623796 2020/11/05 19:49:56 1 4096 65571052 40488251 19570090 80 390385 2 94946 0 8137 0 0 2097152 0 0
SEP
MEM comp08 1604623797 2020/11/05 19:49:57 1 4096 65571052 40488257 19570090 80 390379 3 94946 0 8137 0 0 2097152 0 0
SEP
MEM comp08 1604623798 2020/11/05 19:49:58 1 4096 65571052 40488251 19570090 80 390385 3 94946 0 8137 0 0 2097152 0 0
SEP
MEM comp08 1604623799 2020/11/05 19:49:59 1 4096 65571052 40488270 19570090 80 390373 3 94946 0 8137 0 0 2097152 0 0
SEP
MEM comp08 1604623800 2020/11/05 19:50:00 1 4096 65571052 40488266 19570090 80 390377 3 94946 0 8137 0 0 2097152 0 0
SEP
MEM comp08 1604623801 2020/11/05 19:50:01 1 4096 65571052 40488248 19570090 80 390395 3 94946 0 8137 0 0 2097152 0 0
SEP
MEM comp08 1604623802 2020/11/05 19:50:02 1 4096 65571052 40488272 19570090 80 390371 3 94946 0 8137 0 0 2097152 0 0
SEP
MEM comp08 1604623803 2020/11/05 19:50:03 1 4096 65571052 40488246 19570090 80 390397 3 94946 0 8137 0 0 2097152 0 0
SEP
MEM comp08 1604623804 2020/11/05 19:50:04 1 4096 65571052 40488266 19570090 80 390377 3 94946 0 8137 0 0 2097152 0 0
SEP
MEM comp08 1604623805 2020/11/05 19:50:05 1 4096 65571052 40488286 19570090 80 390371 3 94946 0 8137 0 0 2097152 0 0
SEP
MEM comp08 1604623806 2020/11/05 19:50:06 1 4096 65571052 40488260 19570090 80 390397 3 94946 0 8137 0 0 2097152 0 0
SEP
MEM comp08 1604623807 2020/11/05 19:50:07 1 4096 65571052 40488266 19570090 80 390391 3 94946 0 8137 0 0 2097152 0 0
SEP
MEM comp08 1604623808 2020/11/05 19:50:08 1 4096 65571052 40488280 19570090 80 390377 3 94946 0 8137 0 0 2097152 0 0
SEP
MEM comp08 1604623809 2020/11/05 19:50:09 1 4096 65571052 40488272 19570090 80 390385 3 94946 0 8137 0 0 2097152 0 0
SEP
MEM comp08 1604623810 2020/11/05 19:50:10 1 4096 65571052 40488270 19570090 80 390387 3 94946 0 8137 0 0 2097152 0 0
SEP
MEM comp08 1604623811 2020/11/05 19:50:11 1 4096 65571052 40488276 19570090 80 390381 3 94946 0 8137 0 0 2097152 0 0
SEP
MEM comp08 1604623812 2020/11/05 19:50:12 1 4096 65571052 40488264 19570090 80 390393 3 94946 0 8137 0 0 2097152 0 0
SEP
MEM comp08 1604623813 2020/11/05 19:50:13 1 4096 65571052 40488270 19570090 80 390387 3 94946 0 8137 0 0 2097152 0 0
SEP
MEM comp08 1604623814 2020/11/05 19:50:14 1 4096 65571052 40488282 19570090 80 390375 3 94946 0 8137 0 0 2097152 0 0
SEP
MEM comp08 1604623815 2020/11/05 19:50:15 1 4096 65571052 40488266 19570090 80 390391 3 94946 0 8137 0 0 2097152 0 0
SEP
MEM comp08 1604623816 2020/11/05 19:50:16 1 4096 65571052 40488268 19570090 80 390389 3 94946 0 8137 0 0 2097152 0 0
SEP
MEM comp08 1604623817 2020/11/05 19:50:17 1 4096 65571052 40488289 19570090 80 390375 3 94946 0 8137 0 0 2097152 0 0
SEP
MEM comp08 1604623818 2020/11/05 19:50:18 1 4096 65571052 40488273 19570090 80 390391 3 94946 0 8137 0 0 2097152 0 0
SEP
MEM comp08 1604623819 2020/11/05 19:50:19 1 4096 65571052 40488285 19570090 80 390379 3 94946 0 8137 0 0 2097152 0 0
SEP
MEM comp08 1604623820 2020/11/05 19:50:20 1 4096 65571052 40488283 19570090 80 390397 3 94946 0 8137 0 0 2097152 0 0
SEP
MEM comp08 1604623821 2020/11/05 19:50:21 1 4096 65571052 40488296 19570090 80 390391 3 94946 0 8137 0 0 2097152 0 0
SEP
MEM comp08 1604623822 2020/11/05 19:50:22 1 4096 65571052 40488298 19570090 80 390389 3 94946 0 8137 0 0 2097152 0 0
SEP
MEM comp08 1604623823 2020/11/05 19:50:23 1 4096 65571052 40488297 19570091 80 390383 4 94946 0 8137 0 0 2097152 0 0
SEP
MEM comp08 1604623824 2020/11/05 19:50:24 1 4096 65571052 40488290 19570091 80 390397 4 94946 0 8137 0 0 2097152 0 0
SEP
MEM comp08 1604623825 2020/11/05 19:50:25 1 4096 65571052 40488284 19570091 80 390403 4 94946 0 8137 0 0 2097152 0 0
SEP
MEM comp08 1604623826 2020/11/05 19:50:26 1 4096 65571052 40488266 19570091 80 390421 4 94946 0 8137 0 0 2097152 0 0
SEP
MEM comp08 1604623827 2020/11/05 19:50:27 1 4096 65571052 40488268 19570091 80 390427 4 94946 0 8137 0 0 2097152 0 0
SEP
MEM comp08 1604623828 2020/11/05 19:50:28 1 4096 65571052 40488299 19570091 80 390403 5 94946 0 8137 0 0 2097152 0 0
SEP
MEM comp08 1604623829 2020/11/05 19:50:29 1 4096 65571052 40488306 19570091 80 390417 5 94946 0 8137 0 0 2097152 0 0
SEP
MEM comp08 1604623830 2020/11/05 19:50:30 1 4096 65571052 40488304 19570091 80 390419 5 94946 0 8137 0 0 2097152 0 0
SEP
MEM comp08 1604623831 2020/11/05 19:50:31 1 4096 65571052 40521458 19570091 80 357265 5 94946 0 8137 0 0 2097152 0 0
SEP
MEM comp08 1604623832 2020/11/05 19:50:32 1 4096 65571052 45528929 19570091 80 242177 5 94946 0 8137 0 0 2097152 0 0
SEP
MEM comp08 1604623833 2020/11/05 19:50:33 1 4096 65571052 45535104 19570100 80 242177 2 94946 0 8138 0 0 2097152 0 0
SEP
MEM comp08 1604623834 2020/11/05 19:50:34 1 4096 65571052 45535109 19570100 80 242179 2 94946 0 8138 0 0 2097152 0 0
SEP
MEM comp08 1604623835 2020/11/05 19:50:35 1 4096 65571052 45535109 19570100 80 242179 2 94946 0 8138 0 0 2097152 0 0
SEP
MEM comp08 1604623836 2020/11/05 19:50:36 1 4096 65571052 45535103 19570100 80 242185 2 94946 0 8138 0 0 2097152 0 0
SEP
MEM comp08 1604623837 2020/11/05 19:50:37 1 4096 65571052 45535105 19570100 80 242183 2 94946 0 8138 0 0 2097152 0 0
SEP
MEM comp08 1604623838 2020/11/05 19:50:38 1 4096 65571052 45535132 19570100 80 242163 2 94946 0 8138 0 0 2097152 0 0
SEP
MEM comp08 1604623839 2020/11/05 19:50:39 1 4096 65571052 45535114 19570100 80 242180 2 94946 0 8138 0 0 2097152 0 0
SEP
MEM comp08 1604623840 2020/11/05 19:50:40 1 4096 65571052 45535126 19570100 80 242168 2 94946 0 8138 0 0 2097152 0 0
SEP
MEM comp08 1604623841 2020/11/05 19:50:41 1 4096 65571052 45535119 19570100 80 242182 2 94946 0 8138 0 0 2097152 0 0
SEP
MEM comp08 1604623842 2020/11/05 19:50:42 1 4096 65571052 45535127 19570100 80 242174 2 94946 0 8138 0 0 2097152 0 0
SEP
MEM comp08 1604623843 2020/11/05 19:50:43 1 4096 65571052 45535122 19570100 80 242186 2 94946 0 8138 0 0 2097152 0 0
SEP
MEM comp08 1604623844 2020/11/05 19:50:44 1 4096 65571052 45535130 19570100 80 242178 2 94946 0 8138 0 0 2097152 0 0
SEP
MEM comp08 1604623845 2020/11/05 19:50:45 1 4096 65571052 45535131 19570100 80 242184 2 94946 0 8138 0 0 2097152 0 0
SEP
MEM comp08 1604623846 2020/11/05 19:50:46 1 4096 65571052 45535153 19570100 80 242162 2 94946 0 8138 0 0 2097152 0 0
SEP
MEM comp08 1604623847 2020/11/05 19:50:47 1 4096 65571052 45535155 19570100 80 242160 2 94946 0 8138 0 0 2097152 0 0
SEP
MEM comp08 1604623848 2020/11/05 19:50:48 1 4096 65571052 45535164 19570100 80 242166 2 94946 0 8138 0 0 2097152 0 0
SEP
MEM comp08 1604623849 2020/11/05 19:50:49 1 4096 65571052 45535157 19570100 80 242180 2 94946 0 8138 0 0 2097152 0 0
SEP
MEM comp08 1604623850 2020/11/05 19:50:50 1 4096 65571052 45535151 19570100 80 242186 2 94946 0 8138 0 0 2097152 0 0
SEP
MEM comp08 1604623851 2020/11/05 19:50:51 1 4096 65571052 45535165 19570100 80 242172 2 94946 0 8138 0 0 2097152 0 0
SEP
MEM comp08 1604623852 2020/11/05 19:50:52 1 4096 65571052 45535155 19570100 80 242182 2 94946 0 8138 0 0 2097152 0 0
SEP
MEM comp08 1604623853 2020/11/05 19:50:53 1 4096 65571052 45535169 19570100 80 242168 2 94946 0 8138 0 0 2097152 0 0
SEP
MEM comp08 1604623854 2020/11/05 19:50:54 1 4096 65571052 45535173 19570100 80 242164 2 94946 0 8138 0 0 2097152 0 0
SEP
MEM comp08 1604623855 2020/11/05 19:50:55 1 4096 65571052 45535163 19570100 80 242174 2 94946 0 8138 0 0 2097152 0 0
SEP
MEM comp08 1604623856 2020/11/05 19:50:56 1 4096 65571052 45535175 19570100 80 242162 2 94946 0 8138 0 0 2097152 0 0
SEP
MEM comp08 1604623857 2020/11/05 19:50:57 1 4096 65571052 45535175 19570101 80 242162 3 94946 0 8138 0 0 2097152 0 0
SEP
MEM comp08 1604623858 2020/11/05 19:50:58 1 4096 65571052 45535156 19570101 80 242182 4 94946 0 8138 0 0 2097152 0 0
SEP
MEM comp08 1604623859 2020/11/05 19:50:59 1 4096 65571052 45535177 19570101 80 242168 4 94946 0 8138 0 0 2097152 0 0
SEP
MEM comp08 1604623860 2020/11/05 19:51:00 1 4096 65571052 45535178 19570101 80 242174 4 94946 0 8138 0 0 2097152 0 0
SEP
MEM comp08 1604623861 2020/11/05 19:51:01 1 4096 65571052 45535187 19570101 80 242172 4 94946 0 8138 0 0 2097152 0 0
SEP
MEM comp08 1604623862 2020/11/05 19:51:02 1 4096 65571052 45535168 19570101 80 242184 4 94946 0 8138 0 0 2097152 0 0
SEP
MEM comp08 1604623863 2020/11/05 19:51:03 1 4096 65571052 45535180 19570101 80 242172 4 94946 0 8138 0 0 2097152 0 0
SEP
MEM comp08 1604623864 2020/11/05 19:51:04 1 4096 65571052 45535168 19570101 80 242186 3 94946 0 8138 0 0 2097152 0 0
SEP
MEM comp08 1604623865 2020/11/05 19:51:05 1 4096 65571052 45535160 19570101 80 242194 3 94946 0 8138 0 0 2097152 0 0
SEP
MEM comp08 1604623866 2020/11/05 19:51:06 1 4096 65571052 45535151 19570101 80 242210 3 94946 0 8138 0 0 2097152 0 0
SEP
MEM comp08 1604623867 2020/11/05 19:51:07 1 4096 65571052 45535174 19570101 80 242194 3 94946 0 8138 0 0 2097152 0 0
SEP
MEM comp08 1604623868 2020/11/05 19:51:08 1 4096 65571052 45535172 19570101 80 242196 3 94946 0 8138 0 0 2097152 0 0
SEP
MEM comp08 1604623869 2020/11/05 19:51:09 1 4096 65571052 45535170 19570101 80 242198 3 94946 0 8138 0 0 2097152 0 0
SEP
MEM comp08 1604623870 2020/11/05 19:51:10 1 4096 65571052 45535164 19570101 80 242206 3 94946 0 8138 0 0 2097152 0 0
SEP
MEM comp08 1604623871 2020/11/05 19:51:11 1 4096 65571052 45535180 19570101 80 242190 3 94946 0 8138 0 0 2097152 0 0
SEP
MEM comp08 1604623872 2020/11/05 19:51:12 1 4096 65571052 45535182 19570101 80 242188 3 94946 0 8138 0 0 2097152 0 0
SEP
MEM comp08 1604623873 2020/11/05 19:51:13 1 4096 65571052 45535160 19570101 80 242210 3 94946 0 8138 0 0 2097152 0 0
SEP
MEM comp08 1604623874 2020/11/05 19:51:14 1 4096 65571052 45535158 19570101 80 242212 3 94946 0 8138 0 0 2097152 0 0
SEP
MEM comp08 1604623875 2020/11/05 19:51:15 1 4096 65571052 45535170 19570101 80 242200 3 94946 0 8138 0 0 2097152 0 0
SEP
MEM comp08 1604623876 2020/11/05 19:51:16 1 4096 65571052 45535165 19570101 80 242212 3 94946 0 8138 0 0 2097152 0 0
SEP
MEM comp08 1604623877 2020/11/05 19:51:17 1 4096 65571052 45535173 19570101 80 242204 3 94946 0 8138 0 0 2097152 0 0
SEP
MEM comp08 1604623878 2020/11/05 19:51:18 1 4096 65571052 45535171 19570101 80 242206 3 94946 0 8138 0 0 2097152 0 0
SEP
MEM comp08 1604623879 2020/11/05 19:51:19 1 4096 65571052 45535165 19570101 80 242212 3 94946 0 8138 0 0 2097152 0 0
SEP
MEM comp08 1604623880 2020/11/05 19:51:20 1 4096 65571052 45535184 19570101 80 242194 3 94946 0 8138 0 0 2097152 0 0
SEP
MEM comp08 1604623881 2020/11/05 19:51:21 1 4096 65571052 45535193 19570101 80 242186 3 94946 0 8138 0 0 2097152 0 0
SEP
MEM comp08 1604623882 2020/11/05 19:51:22 1 4096 65571052 45535169 19570101 80 242210 3 94946 0 8138 0 0 2097152 0 0
SEP
MEM comp08 1604623883 2020/11/05 19:51:23 1 4096 65571052 45535191 19570101 80 242188 3 94946 0 8138 0 0 2097152 0 0
SEP
MEM comp08 1604623884 2020/11/05 19:51:24 1 4096 65571052 45535183 19570101 80 242196 3 94946 0 8138 0 0 2097152 0 0
SEP
MEM comp08 1604623885 2020/11/05 19:51:25 1 4096 65571052 45535193 19570101 80 242192 3 94946 0 8138 0 0 2097152 0 0
SEP
MEM comp08 1604623886 2020/11/05 19:51:26 1 4096 65571052 45535189 19570101 80 242196 3 94946 0 8138 0 0 2097152 0 0
SEP
MEM comp08 1604623887 2020/11/05 19:51:27 1 4096 65571052 45535183 19570101 80 242202 3 94946 0 8138 0 0 2097152 0 0
SEP
MEM comp08 1604623888 2020/11/05 19:51:28 1 4096 65571052 45535190 19570101 80 242196 1 94946 0 8138 0 0 2097152 0 0
SEP
MEM comp08 1604623889 2020/11/05 19:51:29 1 4096 65571052 45535174 19570101 80 242212 2 94946 0 8138 0 0 2097152 0 0
SEP
MEM comp08 1604623890 2020/11/05 19:51:30 1 4096 65571052 45535194 19570101 80 242206 2 94946 0 8138 0 0 2097152 0 0
SEP
MEM comp08 1604623891 2020/11/05 19:51:31 1 4096 65571052 45535190 19570102 80 242210 3 94946 0 8138 0 0 2097152 0 0
SEP
MEM comp08 1604623892 2020/11/05 19:51:32 1 4096 65571052 45535208 19570102 80 242192 3 94946 0 8138 0 0 2097152 0 0
SEP
MEM comp08 1604623893 2020/11/05 19:51:33 1 4096 65571052 45535206 19570102 80 242194 3 94946 0 8138 0 0 2097152 0 0
SEP
MEM comp08 1604623894 2020/11/05 19:51:34 1 4096 65571052 45535190 19570102 80 242210 3 94946 0 8138 0 0 2097152 0 0
SEP
MEM comp08 1604623895 2020/11/05 19:51:35 1 4096 65571052 45535206 19570102 80 242194 3 94946 0 8138 0 0 2097152 0 0
SEP
MEM comp08 1604623896 2020/11/05 19:51:36 1 4096 65571052 45535198 19570102 80 242202 3 94946 0 8138 0 0 2097152 0 0
SEP
MEM comp08 1604623897 2020/11/05 19:51:37 1 4096 65571052 45535208 19570102 80 242192 3 94946 0 8138 0 0 2097152 0 0
SEP
MEM comp08 1604623898 2020/11/05 19:51:38 1 4096 65571052 45535196 19570102 80 242204 3 94946 0 8138 0 0 2097152 0 0
SEP
MEM comp08 1604623899 2020/11/05 19:51:39 1 4096 65571052 45535203 19570102 80 242204 3 94946 0 8138 0 0 2097152 0 0
SEP
MEM comp08 1604623900 2020/11/05 19:51:40 1 4096 65571052 45535221 19570102 80 242186 3 94946 0 8138 0 0 2097152 0 0
SEP
MEM comp08 1604623901 2020/11/05 19:51:41 1 4096 65571052 45535211 19570102 80 242196 3 94946 0 8138 0 0 2097152 0 0
SEP
MEM comp08 1604623902 2020/11/05 19:51:42 1 4096 65571052 45535195 19570102 80 242212 3 94946 0 8138 0 0 2097152 0 0
SEP
MEM comp08 1604623903 2020/11/05 19:51:43 1 4096 65571052 45535233 19570102 80 242168 3 94946 0 8138 0 0 2097152 0 0
SEP
MEM comp08 1604623904 2020/11/05 19:51:44 1 4096 65571052 45535213 19570102 80 242188 3 94946 0 8138 0 0 2097152 0 0
SEP
MEM comp08 1604623905 2020/11/05 19:51:45 1 4096 65571052 45535229 19570102 80 242172 3 94946 0 8138 0 0 2097152 0 0
SEP
MEM comp08 1604623906 2020/11/05 19:51:46 1 4096 65571052 45535229 19570102 80 242172 3 94946 0 8138 0 0 2097152 0 0
SEP
MEM comp08 1604623907 2020/11/05 19:51:47 1 4096 65571052 45535223 19570102 80 242178 3 94946 0 8138 0 0 2097152 0 0
SEP
MEM comp08 1604623908 2020/11/05 19:51:48 1 4096 65571052 45535217 19570102 80 242184 3 94946 0 8138 0 0 2097152 0 0
SEP
MEM comp08 1604623909 2020/11/05 19:51:49 1 4096 65571052 45535217 19570102 80 242184 3 94946 0 8138 0 0 2097152 0 0
SEP
MEM comp08 1604623910 2020/11/05 19:51:50 1 4096 65571052 45535211 19570102 80 242190 3 94946 0 8138 0 0 2097152 0 0
SEP
MEM comp08 1604623911 2020/11/05 19:51:51 1 4096 65571052 45535235 19570102 80 242166 3 94946 0 8138 0 0 2097152 0 0
SEP
MEM comp08 1604623912 2020/11/05 19:51:52 1 4096 65571052 45535231 19570102 80 242170 3 94946 0 8138 0 0 2097152 0 0
SEP
MEM comp08 1604623913 2020/11/05 19:51:53 1 4096 65571052 45535231 19570102 80 242170 3 94946 0 8138 0 0 2097152 0 0
SEP
MEM comp08 1604623914 2020/11/05 19:51:54 1 4096 65571052 45535235 19570102 80 242166 3 94946 0 8138 0 0 2097152 0 0
SEP
MEM comp08 1604623915 2020/11/05 19:51:55 1 4096 65571052 45535213 19570102 80 242188 3 94946 0 8138 0 0 2097152 0 0
SEP
MEM comp08 1604623916 2020/11/05 19:51:56 1 4096 65571052 45535231 19570102 80 242170 3 94946 0 8138 0 0 2097152 0 0
SEP
MEM comp08 1604623917 2020/11/05 19:51:57 1 4096 65571052 45535221 19570102 80 242180 3 94946 0 8138 0 0 2097152 0 0
SEP
MEM comp08 1604623918 2020/11/05 19:51:58 1 4096 65571052 45535213 19570102 80 242188 3 94946 0 8138 0 0 2097152 0 0
SEP
