RESET
MEM comp01 1587670491 2020/04/23 15:34:51 3644949 4096 65572099 63811421 1278990 55 196452 8 54031 0 1248704 0 0 2097152 0 0
SEP
MEM comp01 1587670492 2020/04/23 15:34:52 1 4096 65572099 63560076 1404164 55 197445 2 55123 0 1248704 0 0 2097152 0 0
SEP
MEM comp01 1587670493 2020/04/23 15:34:53 1 4096 65572099 63309309 1529092 55 197725 2 55403 0 1248704 0 0 2097152 0 0
SEP
MEM comp01 1587670494 2020/04/23 15:34:54 1 4096 65572099 63059446 1654020 55 198013 2 55683 0 1248704 0 0 2097152 0 0
SEP
MEM comp01 1587670495 2020/04/23 15:34:55 1 4096 65572099 62808550 1778948 55 198297 2 55971 0 1248704 0 0 2097152 0 0
SEP
MEM comp01 1587670496 2020/04/23 15:34:56 1 4096 65572099 62557696 1903876 55 198565 2 56219 0 1248704 0 0 2097152 0 0
SEP
MEM comp01 1587670497 2020/04/23 15:34:57 1 4096 65572099 62307381 2028804 55 198823 1 56491 0 1248704 0 0 2097152 0 0
SEP
MEM comp01 1587670498 2020/04/23 15:34:58 1 4096 65572099 62057527 2153732 55 199101 2 56771 0 1248704 0 0 2097152 0 0
SEP
MEM comp01 1587670499 2020/04/23 15:34:59 1 4096 65572099 61807140 2278660 55 199393 2 57059 0 1248704 0 0 2097152 0 0
SEP
MEM comp01 1587670500 2020/04/23 15:35:00 1 4096 65572099 61557268 2403588 55 199675 2 57339 0 1248704 0 0 2097152 0 0
SEP
MEM comp01 1587670501 2020/04/23 15:35:01 1 4096 65572099 61306893 2528516 55 199957 2 57627 0 1248704 0 0 2097152 0 0
SEP
MEM comp01 1587670502 2020/04/23 15:35:02 1 4096 65572099 61057539 2652420 55 200225 1 57907 0 1248704 0 0 2097152 0 0
SEP
MEM comp01 1587670503 2020/04/23 15:35:03 1 4096 65572099 60807679 2777348 55 200511 2 58187 0 1248704 0 0 2097152 0 0
SEP
MEM comp01 1587670504 2020/04/23 15:35:04 1 4096 65572099 60555787 2902840 55 200781 2 58467 0 1248704 0 0 2097152 0 0
SEP
MEM comp01 1587670505 2020/04/23 15:35:05 1 4096 65572099 60305383 3027580 55 201097 2 58755 0 1248704 0 0 2097152 0 0
SEP
MEM comp01 1587670506 2020/04/23 15:35:06 1 4096 65572099 60055019 3153072 55 201359 2 59035 0 1248704 0 0 2097152 0 0
SEP
MEM comp01 1587670507 2020/04/23 15:35:07 1 4096 65572099 59804606 3278084 55 201657 1 59323 0 1248704 0 0 2097152 0 0
SEP
MEM comp01 1587670508 2020/04/23 15:35:08 1 4096 65572099 59555261 3401988 55 201929 2 59603 0 1248704 0 0 2097152 0 0
SEP
MEM comp01 1587670509 2020/04/23 15:35:09 1 4096 65572099 59304861 3526916 55 202227 2 59883 0 1248704 0 0 2097152 0 0
SEP
MEM comp01 1587670510 2020/04/23 15:35:10 1 4096 65572099 59055519 3651839 55 202505 2 60171 0 1248704 0 0 2097152 0 0
SEP
MEM comp01 1587670511 2020/04/23 15:35:11 1 4096 65572099 58804620 3776767 55 202797 2 60451 0 1248704 0 0 2097152 0 0
SEP
MEM comp01 1587670512 2020/04/23 15:35:12 1 4096 65572099 58554254 3901695 55 203075 1 60731 0 1248704 0 0 2097152 0 0
SEP
MEM comp01 1587670513 2020/04/23 15:35:13 1 4096 65572099 58304372 4026623 55 203367 2 61019 0 1248704 0 0 2097152 0 0
SEP
MEM comp01 1587670514 2020/04/23 15:35:14 1 4096 65572099 58054006 4151551 55 203641 2 61299 0 1248704 0 0 2097152 0 0
SEP
MEM comp01 1587670515 2020/04/23 15:35:15 1 4096 65572099 57803626 4276479 55 203933 2 61587 0 1248704 0 0 2097152 0 0
SEP
MEM comp01 1587670516 2020/04/23 15:35:16 1 4096 65572099 57553270 4401323 55 204201 2 61867 0 1248704 0 0 2097152 0 0
SEP
MEM comp01 1587670517 2020/04/23 15:35:17 1 4096 65572099 57302870 4526335 55 204485 2 62147 0 1248704 0 0 2097152 0 0
SEP
MEM comp01 1587670518 2020/04/23 15:35:18 1 4096 65572099 57052506 4650803 55 204769 2 62427 0 1248704 0 0 2097152 0 0
SEP
MEM comp01 1587670519 2020/04/23 15:35:19 1 4096 65572099 56802739 4775167 55 205071 2 62715 0 1248704 0 0 2097152 0 0
SEP
MEM comp01 1587670520 2020/04/23 15:35:20 1 4096 65572099 56552731 4900095 55 205355 2 62995 0 1248704 0 0 2097152 0 0
SEP
MEM comp01 1587670521 2020/04/23 15:35:21 1 4096 65572099 56303373 5025023 55 205635 2 63283 0 1248704 0 0 2097152 0 0
SEP
MEM comp01 1587670522 2020/04/23 15:35:22 1 4096 65572099 56052483 5149951 55 205911 2 63563 0 1248704 0 0 2097152 0 0
SEP
MEM comp01 1587670523 2020/04/23 15:35:23 1 4096 65572099 55802061 5274879 55 206205 2 63843 0 1248704 0 0 2097152 0 0
SEP
MEM comp01 1587670524 2020/04/23 15:35:24 1 4096 65572099 55552202 5399807 55 206481 2 64131 0 1248704 0 0 2097152 0 0
SEP
MEM comp01 1587670525 2020/04/23 15:35:25 1 4096 65572099 55301814 5524736 55 206767 3 64411 0 1248704 0 0 2097152 0 0
SEP
MEM comp01 1587670526 2020/04/23 15:35:26 1 4096 65572099 55051428 5649664 55 207051 3 64699 0 1248704 0 0 2097152 0 0
SEP
MEM comp01 1587670527 2020/04/23 15:35:27 1 4096 65572099 54801048 5774592 55 207329 3 64979 0 1248704 0 0 2097152 0 0
SEP
MEM comp01 1587670528 2020/04/23 15:35:28 1 4096 65572099 54550673 5899520 55 207603 1 65259 0 1248704 0 0 2097152 0 0
SEP
MEM comp01 1587670529 2020/04/23 15:35:29 1 4096 65572099 54300271 6024448 55 207903 1 65547 0 1248704 0 0 2097152 0 0
SEP
MEM comp01 1587670530 2020/04/23 15:35:30 1 4096 65572099 54049899 6149376 55 208173 1 65827 0 1248704 0 0 2097152 0 0
SEP
MEM comp01 1587670531 2020/04/23 15:35:31 1 4096 65572099 53799518 6274304 55 208459 1 66115 0 1248704 0 0 2097152 0 0
SEP
MEM comp01 1587670532 2020/04/23 15:35:32 1 4096 65572099 53549126 6399232 55 208749 1 66395 0 1248704 0 0 2097152 0 0
SEP
MEM comp01 1587670533 2020/04/23 15:35:33 1 4096 65572099 53298763 6523700 55 209019 1 66675 0 1248704 0 0 2097152 0 0
SEP
MEM comp01 1587670534 2020/04/23 15:35:34 1 4096 65572099 53049901 6648064 55 209313 1 66963 0 1248704 0 0 2097152 0 0
SEP
MEM comp01 1587670535 2020/04/23 15:35:35 1 4096 65572099 52798995 6772992 55 209605 1 67243 0 1248704 0 0 2097152 0 0
SEP
MEM comp01 1587670536 2020/04/23 15:35:36 1 4096 65572099 52549121 6897920 55 209889 1 67523 0 1248704 0 0 2097152 0 0
SEP
MEM comp01 1587670537 2020/04/23 15:35:37 1 4096 65572099 52298747 7022848 55 210161 1 67811 0 1248704 0 0 2097152 0 0
SEP
MEM comp01 1587670538 2020/04/23 15:35:38 1 4096 65572099 52048874 7147776 55 210445 0 68091 0 1248704 0 0 2097152 0 0
SEP
MEM comp01 1587670539 2020/04/23 15:35:39 1 4096 65572099 51797970 7272704 55 210735 1 68379 0 1248704 0 0 2097152 0 0
SEP
MEM comp01 1587670540 2020/04/23 15:35:40 1 4096 65572099 51548111 7397632 55 211011 1 68659 0 1248704 0 0 2097152 0 0
SEP
MEM comp01 1587670541 2020/04/23 15:35:41 1 4096 65572099 51297724 7522560 55 211303 1 68947 0 1248704 0 0 2097152 0 0
SEP
MEM comp01 1587670542 2020/04/23 15:35:42 1 4096 65572099 51047348 7647488 55 211577 1 69227 0 1248704 0 0 2097152 0 0
SEP
MEM comp01 1587670543 2020/04/23 15:35:43 1 4096 65572099 50796960 7772416 55 211863 0 69515 0 1248704 0 0 2097152 0 0
SEP
MEM comp01 1587670544 2020/04/23 15:35:44 1 4096 65572099 50546580 7897344 55 212141 1 69795 0 1248704 0 0 2097152 0 0
SEP
MEM comp01 1587670545 2020/04/23 15:35:45 1 4096 65572099 50296184 8022272 55 212435 1 70075 0 1248704 0 0 2097152 0 0
SEP
MEM comp01 1587670546 2020/04/23 15:35:46 1 4096 65572099 50045819 8146928 55 212719 1 70363 0 1248704 0 0 2097152 0 0
SEP
MEM comp01 1587670547 2020/04/23 15:35:47 1 4096 65572099 49795418 8272128 55 212997 1 70643 0 1248704 0 0 2097152 0 0
SEP
MEM comp01 1587670548 2020/04/23 15:35:48 1 4096 65572099 49545063 8397056 55 213257 0 70923 0 1248704 0 0 2097152 0 0
SEP
MEM comp01 1587670549 2020/04/23 15:35:49 1 4096 65572099 49294675 8521524 55 213557 1 71211 0 1248704 0 0 2097152 0 0
SEP
MEM comp01 1587670550 2020/04/23 15:35:50 1 4096 65572099 49046340 8645888 55 213829 1 71491 0 1248704 0 0 2097152 0 0
SEP
MEM comp01 1587670551 2020/04/23 15:35:51 1 4096 65572099 48795428 8770816 55 214121 1 71771 0 1248704 0 0 2097152 0 0
SEP
MEM comp01 1587670552 2020/04/23 15:35:52 1 4096 65572099 48544020 8895744 55 214411 1 72059 0 1248704 0 0 2097152 0 0
SEP
MEM comp01 1587670553 2020/04/23 15:35:53 1 4096 65572099 48294650 9020672 55 214695 0 72339 0 1248704 0 0 2097152 0 0
SEP
MEM comp01 1587670554 2020/04/23 15:35:54 1 4096 65572099 48043755 9145600 55 214983 1 72627 0 1248704 0 0 2097152 0 0
SEP
MEM comp01 1587670555 2020/04/23 15:35:55 1 4096 65572099 47793914 9270528 55 215243 1 72907 0 1248704 0 0 2097152 0 0
SEP
MEM comp01 1587670556 2020/04/23 15:35:56 1 4096 65572099 47542976 9395457 55 215555 1 73187 0 1248704 0 0 2097152 0 0
SEP
MEM comp01 1587670557 2020/04/23 15:35:57 1 4096 65572099 47291594 9520761 55 215827 1 73475 0 1248704 0 0 2097152 0 0
SEP
MEM comp01 1587670558 2020/04/23 15:35:58 1 4096 65572099 47042728 9645314 55 216111 0 73755 0 1248704 0 0 2097152 0 0
SEP
MEM comp01 1587670559 2020/04/23 15:35:59 1 4096 65572099 46790827 9770430 55 216397 1 74043 0 1248704 0 0 2097152 0 0
SEP
MEM comp01 1587670560 2020/04/23 15:36:00 1 4096 65572099 46540432 9896194 55 216669 1 74323 0 1248704 0 0 2097152 0 0
SEP
MEM comp01 1587670561 2020/04/23 15:36:01 1 4096 65572099 46290064 10020098 55 216963 1 74603 0 1248704 0 0 2097152 0 0
SEP
MEM comp01 1587670562 2020/04/23 15:36:02 1 4096 65572099 46039672 10145214 55 217253 1 74891 0 1248704 0 0 2097152 0 0
SEP
MEM comp01 1587670563 2020/04/23 15:36:03 1 4096 65572099 45790308 10269954 55 217523 1 75171 0 1248704 0 0 2097152 0 0
SEP
MEM comp01 1587670564 2020/04/23 15:36:04 1 4096 65572099 45539920 10394882 55 217809 1 75459 0 1248704 0 0 2097152 0 0
SEP
MEM comp01 1587670565 2020/04/23 15:36:05 1 4096 65572099 45289549 10519810 55 218085 1 75739 0 1248704 0 0 2097152 0 0
SEP
MEM comp01 1587670566 2020/04/23 15:36:06 1 4096 65572099 45039669 10644738 55 218375 1 76019 0 1248704 0 0 2097152 0 0
SEP
MEM comp01 1587670567 2020/04/23 15:36:07 1 4096 65572099 44789799 10769666 55 218655 1 76307 0 1248704 0 0 2097152 0 0
SEP
MEM comp01 1587670568 2020/04/23 15:36:08 1 4096 65572099 44539416 10894594 55 218943 1 76587 0 1248704 0 0 2097152 0 0
SEP
MEM comp01 1587670569 2020/04/23 15:36:09 1 4096 65572099 44289044 11019522 55 219213 1 76867 0 1248704 0 0 2097152 0 0
SEP
MEM comp01 1587670570 2020/04/23 15:36:10 1 4096 65572099 44038655 11144450 55 219507 1 77155 0 1248704 0 0 2097152 0 0
SEP
MEM comp01 1587670571 2020/04/23 15:36:11 1 4096 65572099 43788289 11269378 55 219771 1 77435 0 1248704 0 0 2097152 0 0
SEP
MEM comp01 1587670572 2020/04/23 15:36:12 1 4096 65572099 43537893 11394306 55 220065 1 77723 0 1248704 0 0 2097152 0 0
SEP
MEM comp01 1587670573 2020/04/23 15:36:13 1 4096 65572099 43287518 11519234 55 220339 0 78003 0 1248704 0 0 2097152 0 0
SEP
MEM comp01 1587670574 2020/04/23 15:36:14 1 4096 65572099 43038169 11643138 55 220615 1 78283 0 1248704 0 0 2097152 0 0
SEP
MEM comp01 1587670575 2020/04/23 15:36:15 1 4096 65572099 42786757 11768254 55 220917 1 78571 0 1248704 0 0 2097152 0 0
SEP
MEM comp01 1587670576 2020/04/23 15:36:16 1 4096 65572099 42536381 11894018 55 221177 1 78851 0 1248704 0 0 2097152 0 0
SEP
MEM comp01 1587670577 2020/04/23 15:36:17 1 4096 65572099 42286017 12018674 55 221453 1 79131 0 1248704 0 0 2097152 0 0
SEP
MEM comp01 1587670578 2020/04/23 15:36:18 1 4096 65572099 42035596 12143874 55 221751 1 79419 0 1248704 0 0 2097152 0 0
SEP
MEM comp01 1587670579 2020/04/23 15:36:19 1 4096 65572099 41785206 12268802 55 222039 0 79707 0 1248704 0 0 2097152 0 0
SEP
MEM comp01 1587670580 2020/04/23 15:36:20 1 4096 65572099 41535849 12392706 55 222323 1 79987 0 1248704 0 0 2097152 0 0
SEP
MEM comp01 1587670581 2020/04/23 15:36:21 1 4096 65572099 41286498 12517634 55 222603 1 80267 0 1248704 0 0 2097152 0 0
SEP
MEM comp01 1587670582 2020/04/23 15:36:22 1 4096 65572099 41036122 12642562 55 222877 1 80555 0 1248704 0 0 2097152 0 0
SEP
MEM comp01 1587670583 2020/04/23 15:36:23 1 4096 65572099 40785736 12767490 55 223161 1 80835 0 1248704 0 0 2097152 0 0
SEP
MEM comp01 1587670584 2020/04/23 15:36:24 1 4096 65572099 40535345 12892418 55 223465 0 81115 0 1248704 0 0 2097152 0 0
SEP
MEM comp01 1587670585 2020/04/23 15:36:25 1 4096 65572099 40284945 13017346 55 223763 1 81403 0 1248704 0 0 2097152 0 0
SEP
MEM comp01 1587670586 2020/04/23 15:36:26 1 4096 65572099 40034565 13142274 55 224041 1 81683 0 1248704 0 0 2097152 0 0
SEP
MEM comp01 1587670587 2020/04/23 15:36:27 1 4096 65572099 39784183 13267202 55 224321 1 81971 0 1248704 0 0 2097152 0 0
SEP
MEM comp01 1587670588 2020/04/23 15:36:28 1 4096 65572099 39533810 13392130 55 224599 1 82251 0 1248704 0 0 2097152 0 0
SEP
MEM comp01 1587670589 2020/04/23 15:36:29 1 4096 65572099 39282907 13517058 55 224889 1 82531 0 1248704 0 0 2097152 0 0
SEP
MEM comp01 1587670590 2020/04/23 15:36:30 1 4096 65572099 39033013 13641986 55 225193 1 82819 0 1248704 0 0 2097152 0 0
SEP
MEM comp01 1587670591 2020/04/23 15:36:31 1 4096 65572099 38782643 13766915 55 225461 2 83099 0 1248704 0 0 2097152 0 0
SEP
MEM comp01 1587670592 2020/04/23 15:36:32 1 4096 65572099 38532255 13891843 55 225747 2 83387 0 1248704 0 0 2097152 0 0
SEP
MEM comp01 1587670593 2020/04/23 15:36:33 1 4096 65572099 38281879 14016771 55 226021 2 83667 0 1248704 0 0 2097152 0 0
SEP
MEM comp01 1587670594 2020/04/23 15:36:34 1 4096 65572099 38031489 14141699 55 226309 2 83947 0 1248704 0 0 2097152 0 0
SEP
MEM comp01 1587670595 2020/04/23 15:36:35 1 4096 65572099 37781113 14266627 55 226591 1 84235 0 1248704 0 0 2097152 0 0
SEP
MEM comp01 1587670596 2020/04/23 15:36:36 1 4096 65572099 37530732 14391555 55 226877 1 84515 0 1248704 0 0 2097152 0 0
SEP
MEM comp01 1587670597 2020/04/23 15:36:37 1 4096 65572099 37280390 14516503 55 227159 1 84795 0 1248704 0 0 2097152 0 0
SEP
MEM comp01 1587670598 2020/04/23 15:36:38 1 4096 65572099 37030101 14641411 55 227339 1 84987 0 1248704 0 0 2097152 0 0
SEP
MEM comp01 1587670599 2020/04/23 15:36:39 1 4096 65572099 36779700 14766339 55 227639 0 85275 0 1248704 0 0 2097152 0 0
SEP
MEM comp01 1587670600 2020/04/23 15:36:40 1 4096 65572099 36529368 14890807 55 227897 1 85555 0 1248704 0 0 2097152 0 0
SEP
MEM comp01 1587670601 2020/04/23 15:36:41 1 4096 65572099 36278961 15016195 55 228195 1 85843 0 1248704 0 0 2097152 0 0
SEP
MEM comp01 1587670602 2020/04/23 15:36:42 1 4096 65572099 36028559 15141123 55 228495 1 86123 0 1248704 0 0 2097152 0 0
SEP
MEM comp01 1587670603 2020/04/23 15:36:43 1 4096 65572099 35778202 15266051 55 228757 1 86411 0 1248704 0 0 2097152 0 0
SEP
MEM comp01 1587670604 2020/04/23 15:36:44 1 4096 65572099 35527819 15390979 55 229045 0 86691 0 1248704 0 0 2097152 0 0
SEP
MEM comp01 1587670605 2020/04/23 15:36:45 1 4096 65572099 35277451 15515907 55 229311 1 86971 0 1248704 0 0 2097152 0 0
SEP
MEM comp01 1587670606 2020/04/23 15:36:46 1 4096 65572099 35027051 15640835 55 229609 1 87259 0 1248704 0 0 2097152 0 0
SEP
MEM comp01 1587670607 2020/04/23 15:36:47 1 4096 65572099 34776693 15765763 55 229879 1 87539 0 1248704 0 0 2097152 0 0
SEP
MEM comp01 1587670608 2020/04/23 15:36:48 1 4096 65572099 34526299 15890688 55 230171 1 87827 0 1248704 0 0 2097152 0 0
SEP
MEM comp01 1587670609 2020/04/23 15:36:49 1 4096 65572099 34275924 16015616 55 230445 0 88107 0 1248704 0 0 2097152 0 0
SEP
MEM comp01 1587670610 2020/04/23 15:36:50 1 4096 65572099 34025556 16140544 55 230725 1 88387 0 1248704 0 0 2097152 0 0
SEP
MEM comp01 1587670611 2020/04/23 15:36:51 1 4096 65572099 33775178 16265472 55 231003 1 88675 0 1248704 0 0 2097152 0 0
SEP
MEM comp01 1587670612 2020/04/23 15:36:52 1 4096 65572099 33524799 16390400 55 231281 1 88955 0 1248704 0 0 2097152 0 0
SEP
MEM comp01 1587670613 2020/04/23 15:36:53 1 4096 65572099 33274387 16515328 55 231595 1 89243 0 1248704 0 0 2097152 0 0
SEP
MEM comp01 1587670614 2020/04/23 15:36:54 1 4096 65572099 33023522 16640256 55 231853 0 89523 0 1248704 0 0 2097152 0 0
SEP
MEM comp01 1587670615 2020/04/23 15:36:55 1 4096 65572099 32771567 16766208 55 232165 1 89811 0 1248704 0 0 2097152 0 0
SEP
MEM comp01 1587670616 2020/04/23 15:36:56 1 4096 65572099 32521202 16891136 55 232435 1 90091 0 1248704 0 0 2097152 0 0
SEP
MEM comp01 1587670617 2020/04/23 15:36:57 1 4096 65572099 32270800 17016064 55 232735 1 90379 0 1248704 0 0 2097152 0 0
SEP
MEM comp01 1587670618 2020/04/23 15:36:58 1 4096 65572099 32020448 17140992 55 232999 1 90659 0 1248704 0 0 2097152 0 0
SEP
MEM comp01 1587670619 2020/04/23 15:36:59 1 4096 65572099 31770036 17265920 55 233309 1 90939 0 1248704 0 0 2097152 0 0
SEP
MEM comp01 1587670620 2020/04/23 15:37:00 1 4096 65572099 31519638 17390848 55 233567 0 91219 0 1248704 0 0 2097152 0 0
SEP
MEM comp01 1587670621 2020/04/23 15:37:01 1 4096 65572099 31270783 17514752 55 233853 1 91507 0 1248704 0 0 2097152 0 0
SEP
MEM comp01 1587670622 2020/04/23 15:37:02 1 4096 65572099 31020288 17639680 55 234133 3 91787 0 1248704 0 0 2097152 0 0
SEP
MEM comp01 1587670623 2020/04/23 15:37:03 1 4096 65572099 30768724 17765632 55 234425 3 92075 0 1248704 0 0 2097152 0 0
SEP
MEM comp01 1587670624 2020/04/23 15:37:04 1 4096 65572099 30519732 17889537 55 234721 4 92355 0 1248704 0 0 2097152 0 0
SEP
MEM comp01 1587670625 2020/04/23 15:37:05 1 4096 65572099 30269607 18014465 55 234995 2 92635 0 1248704 0 0 2097152 0 0
SEP
MEM comp01 1587670626 2020/04/23 15:37:06 1 4096 65572099 30019611 18139393 55 235273 3 92923 0 1248704 0 0 2097152 0 0
SEP
MEM comp01 1587670627 2020/04/23 15:37:07 1 4096 65572099 29769226 18264321 55 235555 1 93203 0 1248704 0 0 2097152 0 0
SEP
MEM comp01 1587670628 2020/04/23 15:37:08 1 4096 65572099 29518839 18389249 55 235843 1 93483 0 1248704 0 0 2097152 0 0
SEP
MEM comp01 1587670629 2020/04/23 15:37:09 1 4096 65572099 29268468 18514177 55 236111 1 93771 0 1248704 0 0 2097152 0 0
SEP
MEM comp01 1587670630 2020/04/23 15:37:10 1 4096 65572099 29018399 18639105 55 236427 0 94059 0 1248704 0 0 2097152 0 0
SEP
MEM comp01 1587670631 2020/04/23 15:37:11 1 4096 65572099 28767684 18764033 55 236703 1 94339 0 1248704 0 0 2097152 0 0
SEP
MEM comp01 1587670632 2020/04/23 15:37:12 1 4096 65572099 28518738 18887937 55 236967 1 94619 0 1248704 0 0 2097152 0 0
SEP
MEM comp01 1587670633 2020/04/23 15:37:13 1 4096 65572099 28268095 19012865 55 237255 1 94907 0 1248704 0 0 2097152 0 0
SEP
MEM comp01 1587670634 2020/04/23 15:37:14 1 4096 65572099 28017972 19137793 55 237527 1 95187 0 1248704 0 0 2097152 0 0
SEP
MEM comp01 1587670635 2020/04/23 15:37:15 1 4096 65572099 27767832 19262721 55 237823 0 95475 0 1248704 0 0 2097152 0 0
SEP
MEM comp01 1587670636 2020/04/23 15:37:16 1 4096 65572099 27517189 19387649 55 238111 1 95755 0 1248704 0 0 2097152 0 0
SEP
MEM comp01 1587670637 2020/04/23 15:37:17 1 4096 65572099 27268988 19511553 55 238393 1 96035 0 1248704 0 0 2097152 0 0
SEP
MEM comp01 1587670638 2020/04/23 15:37:18 1 4096 65572099 27116776 19586707 55 238559 1 96203 0 1248704 0 0 2097152 0 0
SEP
MEM comp01 1587670639 2020/04/23 15:37:19 1 4096 65572099 27116776 19586707 55 238559 1 96203 0 1248704 0 0 2097152 0 0
SEP
MEM comp01 1587670640 2020/04/23 15:37:20 1 4096 65572099 27116772 19586707 55 238563 1 96203 0 1248704 0 0 2097152 0 0
SEP
MEM comp01 1587670641 2020/04/23 15:37:21 1 4096 65572099 27116786 19586707 55 238545 2 96203 0 1248704 0 0 2097152 0 0
SEP
MEM comp01 1587670642 2020/04/23 15:37:22 1 4096 65572099 27116786 19586707 55 238549 2 96203 0 1248704 0 0 2097152 0 0
SEP
MEM comp01 1587670643 2020/04/23 15:37:23 1 4096 65572099 27116772 19586707 55 238563 2 96203 0 1248704 0 0 2097152 0 0
SEP
MEM comp01 1587670644 2020/04/23 15:37:24 1 4096 65572099 27116781 19586707 55 238547 2 96203 0 1248704 0 0 2097152 0 0
SEP
MEM comp01 1587670645 2020/04/23 15:37:25 1 4096 65572099 27116768 19586707 55 238561 1 96203 0 1248704 0 0 2097152 0 0
SEP
MEM comp01 1587670646 2020/04/23 15:37:26 1 4096 65572099 27116796 19586707 55 238533 2 96203 0 1248704 0 0 2097152 0 0
SEP
MEM comp01 1587670647 2020/04/23 15:37:27 1 4096 65572099 27116773 19586707 55 238563 2 96203 0 1248704 0 0 2097152 0 0
SEP
MEM comp01 1587670648 2020/04/23 15:37:28 1 4096 65572099 27116785 19586707 55 238551 2 96203 0 1248704 0 0 2097152 0 0
SEP
MEM comp01 1587670649 2020/04/23 15:37:29 1 4096 65572099 27116799 19586707 55 238537 2 96203 0 1248704 0 0 2097152 0 0
SEP
MEM comp01 1587670650 2020/04/23 15:37:30 1 4096 65572099 27116798 19586707 55 238545 1 96203 0 1248704 0 0 2097152 0 0
SEP
MEM comp01 1587670651 2020/04/23 15:37:31 1 4096 65572099 27116794 19586707 55 238549 2 96203 0 1248704 0 0 2097152 0 0
SEP
MEM comp01 1587670652 2020/04/23 15:37:32 1 4096 65572099 27116780 19586707 55 238563 2 96203 0 1248704 0 0 2097152 0 0
SEP
MEM comp01 1587670653 2020/04/23 15:37:33 1 4096 65572099 27116792 19586707 55 238551 2 96203 0 1248704 0 0 2097152 0 0
SEP
MEM comp01 1587670654 2020/04/23 15:37:34 1 4096 65572099 27116786 19586707 55 238557 2 96203 0 1248704 0 0 2097152 0 0
SEP
MEM comp01 1587670655 2020/04/23 15:37:35 1 4096 65572099 27116789 19586707 55 238555 1 96203 0 1248704 0 0 2097152 0 0
SEP
MEM comp01 1587670656 2020/04/23 15:37:36 1 4096 65572099 27116787 19586707 55 238557 2 96203 0 1248704 0 0 2097152 0 0
SEP
MEM comp01 1587670657 2020/04/23 15:37:37 1 4096 65572099 27116825 19586708 55 238519 3 96203 0 1248704 0 0 2097152 0 0
SEP
MEM comp01 1587670658 2020/04/23 15:37:38 1 4096 65572099 27116817 19586708 55 238527 3 96203 0 1248704 0 0 2097152 0 0
SEP
MEM comp01 1587670659 2020/04/23 15:37:39 1 4096 65572099 27116803 19586708 55 238541 3 96203 0 1248704 0 0 2097152 0 0
SEP
MEM comp01 1587670660 2020/04/23 15:37:40 1 4096 65572099 27116825 19586708 55 238519 3 96203 0 1248704 0 0 2097152 0 0
SEP
MEM comp01 1587670661 2020/04/23 15:37:41 1 4096 65572099 27116806 19586708 55 238539 3 96203 0 1248704 0 0 2097152 0 0
SEP
MEM comp01 1587670662 2020/04/23 15:37:42 1 4096 65572099 27116804 19586708 55 238541 3 96203 0 1248704 0 0 2097152 0 0
SEP
MEM comp01 1587670663 2020/04/23 15:37:43 1 4096 65572099 27116804 19586708 55 238541 3 96203 0 1248704 0 0 2097152 0 0
SEP
MEM comp01 1587670664 2020/04/23 15:37:44 1 4096 65572099 27116808 19586708 55 238537 3 96203 0 1248704 0 0 2097152 0 0
SEP
MEM comp01 1587670665 2020/04/23 15:37:45 1 4096 65572099 27116794 19586708 55 238551 3 96203 0 1248704 0 0 2097152 0 0
SEP
MEM comp01 1587670666 2020/04/23 15:37:46 1 4096 65572099 27116794 19586708 55 238551 2 96203 0 1248704 0 0 2097152 0 0
SEP
MEM comp01 1587670667 2020/04/23 15:37:47 1 4096 65572099 27116796 19586708 55 238549 3 96203 0 1248704 0 0 2097152 0 0
SEP
MEM comp01 1587670668 2020/04/23 15:37:48 1 4096 65572099 27116812 19586708 55 238533 3 96203 0 1248704 0 0 2097152 0 0
SEP
MEM comp01 1587670669 2020/04/23 15:37:49 1 4096 65572099 27116804 19586708 55 238541 3 96203 0 1248704 0 0 2097152 0 0
SEP
MEM comp01 1587670670 2020/04/23 15:37:50 1 4096 65572099 27116813 19586708 55 238539 3 96203 0 1248704 0 0 2097152 0 0
SEP
MEM comp01 1587670671 2020/04/23 15:37:51 1 4096 65572099 27116808 19586708 55 238545 2 96203 0 1248704 0 0 2097152 0 0
SEP
MEM comp01 1587670672 2020/04/23 15:37:52 1 4096 65572099 27116809 19586708 55 238545 3 96203 0 1248704 0 0 2097152 0 0
SEP
MEM comp01 1587670673 2020/04/23 15:37:53 1 4096 65572099 27116825 19586708 55 238529 3 96203 0 1248704 0 0 2097152 0 0
SEP
MEM comp01 1587670674 2020/04/23 15:37:54 1 4096 65572099 27116824 19586708 55 238537 3 96203 0 1248704 0 0 2097152 0 0
SEP
MEM comp01 1587670675 2020/04/23 15:37:55 1 4096 65572099 27116822 19586708 55 238539 3 96203 0 1248704 0 0 2097152 0 0
SEP
MEM comp01 1587670676 2020/04/23 15:37:56 1 4096 65572099 27116827 19586708 55 238535 2 96203 0 1248704 0 0 2097152 0 0
SEP
MEM comp01 1587670677 2020/04/23 15:37:57 1 4096 65572099 27116822 19586708 55 238543 3 96203 0 1248704 0 0 2097152 0 0
SEP
MEM comp01 1587670678 2020/04/23 15:37:58 1 4096 65572099 27116840 19586708 55 238525 3 96203 0 1248704 0 0 2097152 0 0
SEP
MEM comp01 1587670679 2020/04/23 15:37:59 1 4096 65572099 27116812 19586708 55 238553 3 96203 0 1248704 0 0 2097152 0 0
SEP
MEM comp01 1587670680 2020/04/23 15:38:00 1 4096 65572099 27116818 19586708 55 238547 3 96203 0 1248704 0 0 2097152 0 0
SEP
MEM comp01 1587670681 2020/04/23 15:38:01 1 4096 65572099 27116822 19586708 55 238537 2 96203 0 1248704 0 0 2097152 0 0
SEP
MEM comp01 1587670682 2020/04/23 15:38:02 1 4096 65572099 27116800 19586708 55 238559 3 96203 0 1248704 0 0 2097152 0 0
SEP
MEM comp01 1587670683 2020/04/23 15:38:03 1 4096 65572099 27116800 19586708 55 238559 3 96203 0 1248704 0 0 2097152 0 0
SEP
MEM comp01 1587670684 2020/04/23 15:38:04 1 4096 65572099 27116800 19586708 55 238559 3 96203 0 1248704 0 0 2097152 0 0
SEP
MEM comp01 1587670685 2020/04/23 15:38:05 1 4096 65572099 27116814 19586708 55 238545 3 96203 0 1248704 0 0 2097152 0 0
SEP
MEM comp01 1587670686 2020/04/23 15:38:06 1 4096 65572099 27116822 19586708 55 238537 2 96203 0 1248704 0 0 2097152 0 0
SEP
MEM comp01 1587670687 2020/04/23 15:38:07 1 4096 65572099 27116838 19586708 55 238521 3 96203 0 1248704 0 0 2097152 0 0
SEP
MEM comp01 1587670688 2020/04/23 15:38:08 1 4096 65572099 27116806 19586708 55 238553 3 96203 0 1248704 0 0 2097152 0 0
SEP
MEM comp01 1587670689 2020/04/23 15:38:09 1 4096 65572099 27116812 19586708 55 238547 3 96203 0 1248704 0 0 2097152 0 0
SEP
MEM comp01 1587670690 2020/04/23 15:38:10 1 4096 65572099 27116820 19586709 55 238539 4 96203 0 1248704 0 0 2097152 0 0
SEP
MEM comp01 1587670691 2020/04/23 15:38:11 1 4096 65572099 27116829 19586709 55 238531 2 96203 0 1248704 0 0 2097152 0 0
SEP
MEM comp01 1587670692 2020/04/23 15:38:12 1 4096 65572099 27116831 19586709 55 238529 3 96203 0 1248704 0 0 2097152 0 0
SEP
MEM comp01 1587670693 2020/04/23 15:38:13 1 4096 65572099 27116833 19586709 55 238527 3 96203 0 1248704 0 0 2097152 0 0
SEP
MEM comp01 1587670694 2020/04/23 15:38:14 1 4096 65572099 27116837 19586709 55 238523 3 96203 0 1248704 0 0 2097152 0 0
SEP
MEM comp01 1587670695 2020/04/23 15:38:15 1 4096 65572099 27116817 19586709 55 238543 3 96203 0 1248704 0 0 2097152 0 0
SEP
MEM comp01 1587670696 2020/04/23 15:38:16 1 4096 65572099 27116815 19586709 55 238545 1 96203 0 1248704 0 0 2097152 0 0
SEP
MEM comp01 1587670697 2020/04/23 15:38:17 1 4096 65572099 27116811 19586709 55 238549 2 96203 0 1248704 0 0 2097152 0 0
SEP
MEM comp01 1587670698 2020/04/23 15:38:18 1 4096 65572099 27116835 19586709 55 238525 2 96203 0 1248704 0 0 2097152 0 0
SEP
MEM comp01 1587670699 2020/04/23 15:38:19 1 4096 65572099 27116823 19586709 55 238537 2 96203 0 1248704 0 0 2097152 0 0
SEP
MEM comp01 1587670700 2020/04/23 15:38:20 1 4096 65572099 27116827 19586709 55 238533 2 96203 0 1248704 0 0 2097152 0 0
SEP
MEM comp01 1587670701 2020/04/23 15:38:21 1 4096 65572099 27116833 19586709 55 238527 2 96203 0 1248704 0 0 2097152 0 0
SEP
MEM comp01 1587670702 2020/04/23 15:38:22 1 4096 65572099 27116850 19586709 55 238511 2 96203 0 1248704 0 0 2097152 0 0
SEP
MEM comp01 1587670703 2020/04/23 15:38:23 1 4096 65572099 27116838 19586709 55 238523 2 96203 0 1248704 0 0 2097152 0 0
SEP
MEM comp01 1587670704 2020/04/23 15:38:24 1 4096 65572099 27116836 19586709 55 238525 2 96203 0 1248704 0 0 2097152 0 0
SEP
MEM comp01 1587670705 2020/04/23 15:38:25 1 4096 65572099 27116840 19586709 55 238521 2 96203 0 1248704 0 0 2097152 0 0
SEP
MEM comp01 1587670706 2020/04/23 15:38:26 1 4096 65572099 27116832 19586709 55 238529 2 96203 0 1248704 0 0 2097152 0 0
SEP
MEM comp01 1587670707 2020/04/23 15:38:27 1 4096 65572099 27116849 19586709 55 238513 1 96203 0 1248704 0 0 2097152 0 0
SEP
MEM comp01 1587670708 2020/04/23 15:38:28 1 4096 65572099 27116839 19586709 55 238523 2 96203 0 1248704 0 0 2097152 0 0
SEP
MEM comp01 1587670709 2020/04/23 15:38:29 1 4096 65572099 27116845 19586709 55 238517 2 96203 0 1248704 0 0 2097152 0 0
SEP
MEM comp01 1587670710 2020/04/23 15:38:30 1 4096 65572099 27116847 19586709 55 238515 2 96203 0 1248704 0 0 2097152 0 0
SEP
MEM comp01 1587670711 2020/04/23 15:38:31 1 4096 65572099 27116829 19586709 55 238533 2 96203 0 1248704 0 0 2097152 0 0
SEP
MEM comp01 1587670712 2020/04/23 15:38:32 1 4096 65572099 27116856 19586709 55 238507 1 96203 0 1248704 0 0 2097152 0 0
SEP
MEM comp01 1587670713 2020/04/23 15:38:33 1 4096 65572099 27116854 19586709 55 238509 2 96203 0 1248704 0 0 2097152 0 0
SEP
MEM comp01 1587670714 2020/04/23 15:38:34 1 4096 65572099 27116728 19586709 55 238635 2 96203 0 1248704 0 0 2097152 0 0
SEP
MEM comp01 1587670715 2020/04/23 15:38:35 1 4096 65572099 27116852 19586709 55 238511 2 96203 0 1248704 0 0 2097152 0 0
SEP
MEM comp01 1587670716 2020/04/23 15:38:36 1 4096 65572099 27116856 19586709 55 238507 2 96203 0 1248704 0 0 2097152 0 0
SEP
MEM comp01 1587670717 2020/04/23 15:38:37 1 4096 65572099 27116854 19586709 55 238509 1 96203 0 1248704 0 0 2097152 0 0
SEP
MEM comp01 1587670718 2020/04/23 15:38:38 1 4096 65572099 27116855 19586709 55 238501 2 96203 0 1248704 0 0 2097152 0 0
SEP
MEM comp01 1587670719 2020/04/23 15:38:39 1 4096 65572099 27116871 19586709 55 238485 2 96203 0 1248704 0 0 2097152 0 0
SEP
MEM comp01 1587670720 2020/04/23 15:38:40 1 4096 65572099 27116851 19586709 55 238505 2 96203 0 1248704 0 0 2097152 0 0
SEP
MEM comp01 1587670721 2020/04/23 15:38:41 1 4096 65572099 27116839 19586709 55 238517 2 96203 0 1248704 0 0 2097152 0 0
SEP
MEM comp01 1587670722 2020/04/23 15:38:42 1 4096 65572099 27116861 19586709 55 238495 1 96203 0 1248704 0 0 2097152 0 0
SEP
MEM comp01 1587670723 2020/04/23 15:38:43 1 4096 65572099 27116849 19586710 55 238507 3 96203 0 1248704 0 0 2097152 0 0
SEP
MEM comp01 1587670724 2020/04/23 15:38:44 1 4096 65572099 27116845 19586710 55 238511 3 96203 0 1248704 0 0 2097152 0 0
SEP
MEM comp01 1587670725 2020/04/23 15:38:45 1 4096 65572099 27116849 19586710 55 238507 3 96203 0 1248704 0 0 2097152 0 0
SEP
MEM comp01 1587670726 2020/04/23 15:38:46 1 4096 65572099 27116845 19586710 55 238511 3 96203 0 1248704 0 0 2097152 0 0
SEP
MEM comp01 1587670727 2020/04/23 15:38:47 1 4096 65572099 27116870 19586710 55 238487 1 96203 0 1248704 0 0 2097152 0 0
SEP
MEM comp01 1587670728 2020/04/23 15:38:48 1 4096 65572099 27116844 19586710 55 238513 2 96203 0 1248704 0 0 2097152 0 0
SEP
MEM comp01 1587670729 2020/04/23 15:38:49 1 4096 65572099 27116860 19586710 55 238497 2 96203 0 1248704 0 0 2097152 0 0
SEP
MEM comp01 1587670730 2020/04/23 15:38:50 1 4096 65572099 27116868 19586710 55 238489 2 96203 0 1248704 0 0 2097152 0 0
SEP
MEM comp01 1587670731 2020/04/23 15:38:51 1 4096 65572099 27116825 19586710 55 238533 2 96203 0 1248704 0 0 2097152 0 0
SEP
MEM comp01 1587670732 2020/04/23 15:38:52 1 4096 65572099 27116818 19586710 55 238535 1 96203 0 1248704 0 0 2097152 0 0
SEP
MEM comp01 1587670733 2020/04/23 15:38:53 1 4096 65572099 27116840 19586710 55 238513 2 96203 0 1248704 0 0 2097152 0 0
SEP
MEM comp01 1587670734 2020/04/23 15:38:54 1 4096 65572099 27116843 19586710 55 238503 2 96203 0 1248704 0 0 2097152 0 0
SEP
MEM comp01 1587670735 2020/04/23 15:38:55 1 4096 65572099 27116688 19586710 55 238505 2 96203 0 1248704 0 0 2097152 0 0
SEP
MEM comp01 1587670736 2020/04/23 15:38:56 1 4096 65572099 27116819 19586710 55 238493 2 96203 0 1248704 0 0 2097152 0 0
SEP
MEM comp01 1587670737 2020/04/23 15:38:57 1 4096 65572099 27116787 19586710 55 238525 1 96203 0 1248704 0 0 2097152 0 0
SEP
MEM comp01 1587670738 2020/04/23 15:38:58 1 4096 65572099 27116815 19586710 55 238497 2 96203 0 1248704 0 0 2097152 0 0
SEP
MEM comp01 1587670739 2020/04/23 15:38:59 1 4096 65572099 27116805 19586710 55 238507 2 96203 0 1248704 0 0 2097152 0 0
SEP
MEM comp01 1587670740 2020/04/23 15:39:00 1 4096 65572099 27116813 19586710 55 238499 2 96203 0 1248704 0 0 2097152 0 0
SEP
MEM comp01 1587670741 2020/04/23 15:39:01 1 4096 65572099 27116793 19586710 55 238519 2 96203 0 1248704 0 0 2097152 0 0
SEP
MEM comp01 1587670742 2020/04/23 15:39:02 1 4096 65572099 27116795 19586710 55 238517 2 96203 0 1248704 0 0 2097152 0 0
SEP
MEM comp01 1587670743 2020/04/23 15:39:03 1 4096 65572099 27116803 19586710 55 238509 2 96203 0 1248704 0 0 2097152 0 0
SEP
MEM comp01 1587670744 2020/04/23 15:39:04 1 4096 65572099 27116789 19586710 55 238523 2 96203 0 1248704 0 0 2097152 0 0
SEP
MEM comp01 1587670745 2020/04/23 15:39:05 1 4096 65572099 27116823 19586710 55 238489 2 96203 0 1248704 0 0 2097152 0 0
SEP
MEM comp01 1587670746 2020/04/23 15:39:06 1 4096 65572099 27116791 19586710 55 238521 2 96203 0 1248704 0 0 2097152 0 0
SEP
MEM comp01 1587670747 2020/04/23 15:39:07 1 4096 65572099 27116813 19586710 55 238499 2 96203 0 1248704 0 0 2097152 0 0
SEP
MEM comp01 1587670748 2020/04/23 15:39:08 1 4096 65572099 27116799 19586710 55 238513 1 96203 0 1248704 0 0 2097152 0 0
SEP
MEM comp01 1587670749 2020/04/23 15:39:09 1 4096 65572099 27048624 19654766 55 238623 68042 96331 0 1248704 0 0 2097152 0 0
SEP
MEM comp01 1587670750 2020/04/23 15:39:10 1 4096 65572099 26549904 20152445 55 239667 565599 97371 0 1248704 0 0 2097152 0 0
SEP
MEM comp01 1587670751 2020/04/23 15:39:11 1 4096 65572099 26001742 20699364 55 240953 1112596 98659 0 1248704 0 0 2097152 0 0
SEP
MEM comp01 1587670752 2020/04/23 15:39:12 1 4096 65572099 25464816 21235021 55 242209 1648273 99915 0 1248704 0 0 2097152 0 0
SEP
MEM comp01 1587670753 2020/04/23 15:39:13 1 4096 65572099 24932100 21766575 55 243441 2179758 101147 0 1248704 0 0 2097152 0 0
SEP
MEM comp01 1587670754 2020/04/23 15:39:14 1 4096 65572099 24399179 22298215 55 244601 2711513 102307 0 1248704 0 0 2097152 0 0
SEP
MEM comp01 1587670755 2020/04/23 15:39:15 1 4096 65572099 23885578 22810682 55 245793 3123069 103395 0 1248704 0 0 2097152 0 0
SEP
MEM comp01 1587670756 2020/04/23 15:39:16 1 4096 65572099 23360728 23334388 55 246889 3614560 104587 0 1248704 0 0 2097152 0 0
SEP
MEM comp01 1587670757 2020/04/23 15:39:17 1 4096 65572099 22827191 23866655 55 248172 4146815 105875 0 1248704 0 0 2097152 0 0
SEP
MEM comp01 1587670758 2020/04/23 15:39:18 1 4096 65572099 22299504 24392836 55 249528 4631109 107107 0 1248704 0 0 2097152 0 0
SEP
MEM comp01 1587670759 2020/04/23 15:39:19 1 4096 65572099 21792589 24898636 55 250612 5011886 108219 0 1248704 0 0 2097152 0 0
SEP
MEM comp01 1587670760 2020/04/23 15:39:20 1 4096 65572099 21285036 25405056 55 251746 5391834 109395 0 1248704 0 0 2097152 0 0
SEP
MEM comp01 1587670761 2020/04/23 15:39:21 1 4096 65572099 20777914 25911157 55 252770 5772501 110443 0 1248704 0 0 2097152 0 0
SEP
MEM comp01 1587670762 2020/04/23 15:39:22 1 4096 65572099 20270066 26417861 55 253988 6152689 111667 0 1248704 0 0 2097152 0 0
SEP
MEM comp01 1587670763 2020/04/23 15:39:23 1 4096 65572099 19764695 26922021 55 255146 6530463 112843 0 1248704 0 0 2097152 0 0
SEP
MEM comp01 1587670764 2020/04/23 15:39:24 1 4096 65572099 19255669 27429726 55 256392 6912623 113883 0 1248704 0 0 2097152 0 0
SEP
MEM comp01 1587670765 2020/04/23 15:39:25 1 4096 65572099 18749719 27934600 55 257604 7291009 115115 0 1248704 0 0 2097152 0 0
SEP
MEM comp01 1587670766 2020/04/23 15:39:26 1 4096 65572099 18244822 28438327 55 258594 7668608 116155 0 1248704 0 0 2097152 0 0
SEP
MEM comp01 1587670767 2020/04/23 15:39:27 1 4096 65572099 17741670 28940408 55 259814 8044941 117379 0 1248704 0 0 2097152 0 0
SEP
MEM comp01 1587670768 2020/04/23 15:39:28 1 4096 65572099 17239282 29441600 55 260958 8419755 118547 0 1248704 0 0 2097152 0 0
SEP
MEM comp01 1587670769 2020/04/23 15:39:29 1 4096 65572099 16733973 29945796 55 261946 8799022 119587 0 1248704 0 0 2097152 0 0
SEP
MEM comp01 1587670770 2020/04/23 15:39:30 1 4096 65572099 16228728 30450038 55 263152 9176710 120811 0 1248704 0 0 2097152 0 0
SEP
MEM comp01 1587670771 2020/04/23 15:39:31 1 4096 65572099 15723287 30954328 55 264302 9554656 121979 0 1248704 0 0 2097152 0 0
SEP
MEM comp01 1587670772 2020/04/23 15:39:32 1 4096 65572099 15217646 31458833 55 265322 9933631 123027 0 1248704 0 0 2097152 0 0
SEP
MEM comp01 1587670773 2020/04/23 15:39:33 1 4096 65572099 14716712 31958730 55 266498 10307109 124203 0 1248704 0 0 2097152 0 0
SEP
MEM comp01 1587670774 2020/04/23 15:39:34 1 4096 65572099 14197174 32476929 55 267862 10699327 125331 0 1248704 0 0 2097152 0 0
SEP
MEM comp01 1587670775 2020/04/23 15:39:35 1 4096 65572099 13668472 33004457 55 269124 11100795 126611 0 1248704 0 0 2097152 0 0
SEP
MEM comp01 1587670776 2020/04/23 15:39:36 1 4096 65572099 13151653 33519983 55 270258 11489987 127763 0 1248704 0 0 2097152 0 0
SEP
MEM comp01 1587670777 2020/04/23 15:39:37 1 4096 65572099 12774114 33895691 55 271446 11926136 129035 0 1243549 0 0 2097152 0 0
SEP
MEM comp01 1587670778 2020/04/23 15:39:38 1 4096 65572099 12646686 34019767 55 272746 12468954 130363 0 1227308 0 0 2097152 0 0
SEP
MEM comp01 1587670779 2020/04/23 15:39:39 1 4096 65572099 12538556 34128473 55 274158 13004495 131859 0 1212921 0 0 2097152 0 0
SEP
MEM comp01 1587670780 2020/04/23 15:39:40 1 4096 65572099 12527277 34136533 55 275752 13422063 133035 0 1197242 0 0 2097152 0 0
SEP
MEM comp01 1587670781 2020/04/23 15:39:41 1 4096 65572099 12483733 34180137 55 276154 13584450 133603 0 1190685 0 0 2097152 0 0
SEP
MEM comp01 1587670782 2020/04/23 15:39:42 1 4096 65572099 12404918 34257035 55 277222 13775978 134371 0 1183391 0 0 2097152 0 0
SEP
MEM comp01 1587670783 2020/04/23 15:39:43 1 4096 65572099 12424651 34237911 55 277592 13933446 135051 0 1175668 0 0 2097152 0 0
SEP
MEM comp01 1587670784 2020/04/23 15:39:44 1 4096 65572099 12479522 34182270 55 278146 14106160 135579 0 1165721 0 0 2097152 0 0
SEP
MEM comp01 1587670785 2020/04/23 15:39:45 1 4096 65572099 12352827 34309210 55 278744 14284879 136371 0 1161030 0 0 2097152 0 0
SEP
MEM comp01 1587670786 2020/04/23 15:39:46 1 4096 65572099 12403771 34257418 55 279296 14456361 137027 0 1151239 0 0 2097152 0 0
SEP
MEM comp01 1587670787 2020/04/23 15:39:47 1 4096 65572099 14042645 34338818 55 279876 14584654 137539 0 1146093 0 0 2097152 0 0
SEP
MEM comp01 1587670788 2020/04/23 15:39:48 1 4096 65572099 30145110 34338804 55 280002 14459351 137659 0 1146093 0 0 2097152 0 0
SEP
MEM comp01 1587670789 2020/04/23 15:39:49 1 4096 65572099 29353032 34338804 55 280004 14332942 137659 0 1146093 0 0 2097152 0 0
SEP
MEM comp01 1587670790 2020/04/23 15:39:50 1 4096 65572099 28553741 34338852 55 279996 14208404 137659 0 1146093 0 0 2097152 0 0
SEP
MEM comp01 1587670791 2020/04/23 15:39:51 1 4096 65572099 27754443 34338852 55 280036 14081948 137659 0 1146093 0 0 2097152 0 0
SEP
MEM comp01 1587670792 2020/04/23 15:39:52 1 4096 65572099 26954675 34338852 55 280036 13955476 137659 0 1146093 0 0 2097152 0 0
SEP
MEM comp01 1587670793 2020/04/23 15:39:53 1 4096 65572099 26155922 34338852 55 280044 13830044 137659 0 1146093 0 0 2097152 0 0
SEP
MEM comp01 1587670794 2020/04/23 15:39:54 1 4096 65572099 25356129 34338852 55 280068 13703571 137659 0 1146093 0 0 2097152 0 0
SEP
MEM comp01 1587670795 2020/04/23 15:39:55 1 4096 65572099 24556345 34338852 55 280076 13577636 137659 0 1146093 0 0 2097152 0 0
SEP
MEM comp01 1587670796 2020/04/23 15:39:56 1 4096 65572099 23758125 34338852 55 280070 13452204 137659 0 1146093 0 0 2097152 0 0
SEP
MEM comp01 1587670797 2020/04/23 15:39:57 1 4096 65572099 22958813 34338852 55 280114 13325731 137659 0 1146093 0 0 2097152 0 0
SEP
MEM comp01 1587670798 2020/04/23 15:39:58 1 4096 65572099 22159562 34338852 55 280108 13200803 137659 0 1146093 0 0 2097152 0 0
SEP
MEM comp01 1587670799 2020/04/23 15:39:59 1 4096 65572099 21360299 34338852 55 280122 13074330 137659 0 1146093 0 0 2097152 0 0
SEP
MEM comp01 1587670800 2020/04/23 15:40:00 1 4096 65572099 20560552 34338852 55 280100 12947867 137659 0 1146093 0 0 2097152 0 0
SEP
MEM comp01 1587670801 2020/04/23 15:40:01 1 4096 65572099 19760258 34338852 55 280106 12822435 137659 0 1146093 0 0 2097152 0 0
SEP
MEM comp01 1587670802 2020/04/23 15:40:02 1 4096 65572099 18959975 34338852 55 280108 12695963 137659 0 1146093 0 0 2097152 0 0
SEP
MEM comp01 1587670803 2020/04/23 15:40:03 1 4096 65572099 18161224 34338852 55 280114 12570027 137659 0 1146093 0 0 2097152 0 0
SEP
MEM comp01 1587670804 2020/04/23 15:40:04 1 4096 65572099 17381226 34338852 55 280118 12444058 137659 0 1146093 0 0 2097152 0 0
SEP
MEM comp01 1587670805 2020/04/23 15:40:05 1 4096 65572099 16893246 34338852 55 280128 12317587 137659 0 1146093 0 0 2097152 0 0
SEP
MEM comp01 1587670806 2020/04/23 15:40:06 1 4096 65572099 16496719 34338852 55 280126 12192659 137659 0 1146093 0 0 2097152 0 0
SEP
MEM comp01 1587670807 2020/04/23 15:40:07 1 4096 65572099 16115964 34338852 55 280130 12066219 137659 0 1146093 0 0 2097152 0 0
SEP
MEM comp01 1587670808 2020/04/23 15:40:08 1 4096 65572099 15741250 34338852 55 280134 11939747 137659 0 1146093 0 0 2097152 0 0
SEP
MEM comp01 1587670809 2020/04/23 15:40:09 1 4096 65572099 15366256 34338852 55 280138 11814314 137659 0 1146093 0 0 2097152 0 0
SEP
MEM comp01 1587670810 2020/04/23 15:40:10 1 4096 65572099 14995462 34338852 55 280142 11687843 137659 0 1146093 0 0 2097152 0 0
SEP
MEM comp01 1587670811 2020/04/23 15:40:11 1 4096 65572099 14625634 34338852 55 280146 11562411 137659 0 1146093 0 0 2097152 0 0
SEP
MEM comp01 1587670812 2020/04/23 15:40:12 1 4096 65572099 14256341 34338852 55 280126 11435939 137659 0 1146093 0 0 2097152 0 0
SEP
MEM comp01 1587670813 2020/04/23 15:40:13 1 4096 65572099 13871546 34338852 55 280138 11309467 137659 0 1146093 0 0 2097152 0 0
SEP
MEM comp01 1587670814 2020/04/23 15:40:14 1 4096 65572099 13495888 34338852 55 280134 11184034 137659 0 1146093 0 0 2097152 0 0
SEP
MEM comp01 1587670815 2020/04/23 15:40:15 1 4096 65572099 13108772 34338852 55 280122 11057563 137659 0 1146093 0 0 2097152 0 0
SEP
MEM comp01 1587670816 2020/04/23 15:40:16 1 4096 65572099 12717845 34338852 55 280092 10931645 137659 0 1146093 0 0 2097152 0 0
SEP
MEM comp01 1587670817 2020/04/23 15:40:17 1 4096 65572099 12331785 34338852 55 280130 10806171 137659 0 1146093 0 0 2097152 0 0
SEP
MEM comp01 1587670818 2020/04/23 15:40:18 1 4096 65572099 12321063 34338853 55 280058 10679772 137659 0 1146093 0 0 2097152 0 0
SEP
MEM comp01 1587670819 2020/04/23 15:40:19 1 4096 65572099 12321020 34338853 55 280096 10554276 137659 0 1146093 0 0 2097152 0 0
SEP
MEM comp01 1587670820 2020/04/23 15:40:20 1 4096 65572099 12321002 34338853 55 280114 10428307 137659 0 1146093 0 0 2097152 0 0
SEP
MEM comp01 1587670821 2020/04/23 15:40:21 1 4096 65572099 12321044 34338853 55 280086 10301867 137659 0 1146093 0 0 2097152 0 0
SEP
MEM comp01 1587670822 2020/04/23 15:40:22 1 4096 65572099 12321044 34338853 55 280086 10176403 137659 0 1146093 0 0 2097152 0 0
SEP
MEM comp01 1587670823 2020/04/23 15:40:23 1 4096 65572099 12321040 34338853 55 280090 10049963 137659 0 1146093 0 0 2097152 0 0
SEP
MEM comp01 1587670824 2020/04/23 15:40:24 1 4096 65572099 12321044 34338853 55 280086 9923995 137659 0 1146093 0 0 2097152 0 0
SEP
MEM comp01 1587670825 2020/04/23 15:40:25 1 4096 65572099 12321043 34338853 55 280088 9798059 137659 0 1146093 0 0 2097152 0 0
SEP
MEM comp01 1587670826 2020/04/23 15:40:26 1 4096 65572099 12321049 34338853 55 280082 9671587 137659 0 1146093 0 0 2097152 0 0
SEP
MEM comp01 1587670827 2020/04/23 15:40:27 1 4096 65572099 12321067 34338853 55 280064 9545619 137659 0 1146093 0 0 2097152 0 0
SEP
MEM comp01 1587670828 2020/04/23 15:40:28 1 4096 65572099 12321073 34338853 55 280058 9419179 137659 0 1146093 0 0 2097152 0 0
SEP
MEM comp01 1587670829 2020/04/23 15:40:29 1 4096 65572099 12321045 34338853 55 280086 9292707 137659 0 1146093 0 0 2097152 0 0
SEP
MEM comp01 1587670830 2020/04/23 15:40:30 1 4096 65572099 12321090 34338853 55 280042 9167779 137659 0 1146093 0 0 2097152 0 0
SEP
MEM comp01 1587670831 2020/04/23 15:40:31 1 4096 65572099 12321072 34338853 55 280060 9041307 137659 0 1146093 0 0 2097152 0 0
SEP
MEM comp01 1587670832 2020/04/23 15:40:32 1 4096 65572099 12321060 34338853 55 280072 8916379 137659 0 1146093 0 0 2097152 0 0
SEP
MEM comp01 1587670833 2020/04/23 15:40:33 1 4096 65572099 12321070 34338853 55 280062 8789915 137659 0 1146093 0 0 2097152 0 0
SEP
MEM comp01 1587670834 2020/04/23 15:40:34 1 4096 65572099 12321070 34338853 55 280062 8663443 137659 0 1146093 0 0 2097152 0 0
SEP
MEM comp01 1587670835 2020/04/23 15:40:35 1 4096 65572099 12321083 34338853 55 280056 8538514 137659 0 1146093 0 0 2097152 0 0
SEP
MEM comp01 1587670836 2020/04/23 15:40:36 1 4096 65572099 12321109 34338853 55 280030 8412201 137659 0 1146093 0 0 2097152 0 0
SEP
MEM comp01 1587670837 2020/04/23 15:40:37 1 4096 65572099 12321083 34338853 55 280056 8286107 137659 0 1146093 0 0 2097152 0 0
SEP
MEM comp01 1587670838 2020/04/23 15:40:38 1 4096 65572099 12321087 34338853 55 280052 8160675 137659 0 1146093 0 0 2097152 0 0
SEP
MEM comp01 1587670839 2020/04/23 15:40:39 1 4096 65572099 12321121 34338853 55 280018 8034203 137659 0 1146093 0 0 2097152 0 0
SEP
MEM comp01 1587670840 2020/04/23 15:40:40 1 4096 65572099 12321121 34338853 55 280012 7908770 137659 0 1146093 0 0 2097152 0 0
SEP
MEM comp01 1587670841 2020/04/23 15:40:41 1 4096 65572099 12321099 34338853 55 280034 7782299 137659 0 1146093 0 0 2097152 0 0
SEP
MEM comp01 1587670842 2020/04/23 15:40:42 1 4096 65572099 12321117 34338853 55 280016 7655985 137659 0 1146093 0 0 2097152 0 0
SEP
MEM comp01 1587670843 2020/04/23 15:40:43 1 4096 65572099 12321119 34338853 55 280014 7530647 137659 0 1146093 0 0 2097152 0 0
SEP
MEM comp01 1587670844 2020/04/23 15:40:44 1 4096 65572099 12321131 34338853 55 280002 7404459 137659 0 1146093 0 0 2097152 0 0
SEP
MEM comp01 1587670845 2020/04/23 15:40:45 1 4096 65572099 12321128 34338853 55 280012 7278490 137659 0 1146093 0 0 2097152 0 0
SEP
MEM comp01 1587670846 2020/04/23 15:40:46 1 4096 65572099 12321158 34338853 55 279982 7152653 137659 0 1146093 0 0 2097152 0 0
SEP
MEM comp01 1587670847 2020/04/23 15:40:47 1 4096 65572099 12321122 34338853 55 280018 7026181 137659 0 1146093 0 0 2097152 0 0
SEP
MEM comp01 1587670848 2020/04/23 15:40:48 1 4096 65572099 12321116 34338853 55 280024 6901275 137659 0 1146093 0 0 2097152 0 0
SEP
MEM comp01 1587670849 2020/04/23 15:40:49 1 4096 65572099 12321138 34338854 55 280002 6774773 137659 0 1146093 0 0 2097152 0 0
SEP
MEM comp01 1587670850 2020/04/23 15:40:50 1 4096 65572099 12321138 34338854 55 280002 6648284 137659 0 1146093 0 0 2097152 0 0
SEP
MEM comp01 1587670851 2020/04/23 15:40:51 1 4096 65572099 12321141 34338854 55 280000 6522797 137659 0 1146093 0 0 2097152 0 0
SEP
MEM comp01 1587670852 2020/04/23 15:40:52 1 4096 65572099 12321140 34338854 55 280008 6396325 137659 0 1146093 0 0 2097152 0 0
SEP
MEM comp01 1587670853 2020/04/23 15:40:53 1 4096 65572099 12321130 34338854 55 280018 6270885 137659 0 1146093 0 0 2097152 0 0
SEP
MEM comp01 1587670854 2020/04/23 15:40:54 1 4096 65572099 12321130 34338854 55 280018 6144515 137659 0 1146093 0 0 2097152 0 0
SEP
MEM comp01 1587670855 2020/04/23 15:40:55 1 4096 65572099 12321158 34338854 55 279998 6018042 137659 0 1146093 0 0 2097152 0 0
SEP
MEM comp01 1587670856 2020/04/23 15:40:56 1 4096 65572099 12321133 34338855 55 280016 5893107 137659 0 1146093 0 0 2097152 0 0
SEP
MEM comp01 1587670857 2020/04/23 15:40:57 1 4096 65572099 12321138 34338855 55 280018 5766863 137659 0 1146093 0 0 2097152 0 0
SEP
MEM comp01 1587670858 2020/04/23 15:40:58 1 4096 65572099 12321158 34338855 55 279998 5640643 137659 0 1146093 0 0 2097152 0 0
SEP
MEM comp01 1587670859 2020/04/23 15:40:59 1 4096 65572099 12321070 34338855 55 280086 5515069 137659 0 1146093 0 0 2097152 0 0
SEP
MEM comp01 1587670860 2020/04/23 15:41:00 1 4096 65572099 12320960 34338855 55 280196 5388706 137659 0 1146093 0 0 2097152 0 0
SEP
MEM comp01 1587670861 2020/04/23 15:41:01 1 4096 65572099 12320958 34338855 55 280202 5263771 137659 0 1146093 0 0 2097152 0 0
SEP
MEM comp01 1587670862 2020/04/23 15:41:02 1 4096 65572099 12320956 34338855 55 280204 5136795 137659 0 1146093 0 0 2097152 0 0
SEP
MEM comp01 1587670863 2020/04/23 15:41:03 1 4096 65572099 12320972 34338855 55 280188 5010323 137659 0 1146093 0 0 2097152 0 0
SEP
MEM comp01 1587670864 2020/04/23 15:41:04 1 4096 65572099 12320976 34338855 55 280184 4885403 137659 0 1146093 0 0 2097152 0 0
SEP
MEM comp01 1587670865 2020/04/23 15:41:05 1 4096 65572099 12320981 34338855 55 280180 4758930 137659 0 1146093 0 0 2097152 0 0
SEP
MEM comp01 1587670866 2020/04/23 15:41:06 1 4096 65572099 12321040 34338855 55 280128 4632525 137659 0 1146093 0 0 2097152 0 0
SEP
MEM comp01 1587670867 2020/04/23 15:41:07 1 4096 65572099 12321002 34338855 55 280166 4507035 137659 0 1146093 0 0 2097152 0 0
SEP
MEM comp01 1587670868 2020/04/23 15:41:08 1 4096 65572099 12321196 34338855 55 279972 4502932 137659 0 1146093 0 0 2097152 0 0
SEP
MEM comp01 1587670869 2020/04/23 15:41:09 1 4096 65572099 12321192 34338855 55 279976 4502932 137659 0 1146093 0 0 2097152 0 0
SEP
MEM comp01 1587670870 2020/04/23 15:41:10 1 4096 65572099 12321178 34338855 55 279990 4502932 137659 0 1146093 0 0 2097152 0 0
SEP
MEM comp01 1587670871 2020/04/23 15:41:11 1 4096 65572099 12321191 34338855 55 279978 4502932 137659 0 1146093 0 0 2097152 0 0
SEP
MEM comp01 1587670872 2020/04/23 15:41:12 1 4096 65572099 12321167 34338855 55 280002 4502932 137659 0 1146093 0 0 2097152 0 0
SEP
MEM comp01 1587670873 2020/04/23 15:41:13 1 4096 65572099 12321107 34338855 55 280062 4435631 137659 0 1146093 0 0 2097152 0 0
SEP
MEM comp01 1587670874 2020/04/23 15:41:14 1 4096 65572099 12320969 34338855 55 280200 4309411 137659 0 1146093 0 0 2097152 0 0
SEP
MEM comp01 1587670875 2020/04/23 15:41:15 1 4096 65572099 12320969 34338855 55 280200 4183971 137659 0 1146093 0 0 2097152 0 0
SEP
MEM comp01 1587670876 2020/04/23 15:41:16 1 4096 65572099 12320968 34338855 55 280202 4057498 137659 0 1146093 0 0 2097152 0 0
SEP
MEM comp01 1587670877 2020/04/23 15:41:17 1 4096 65572099 12321018 34338855 55 280152 3933611 137659 0 1146093 0 0 2097152 0 0
SEP
MEM comp01 1587670878 2020/04/23 15:41:18 1 4096 65572099 12320970 34338855 55 280200 3807147 137659 0 1146093 0 0 2097152 0 0
SEP
MEM comp01 1587670879 2020/04/23 15:41:19 1 4096 65572099 12321014 34338855 55 280156 3680659 137659 0 1146093 0 0 2097152 0 0
SEP
MEM comp01 1587670880 2020/04/23 15:41:20 1 4096 65572099 12321012 34338855 55 280158 3555747 137659 0 1146093 0 0 2097152 0 0
SEP
MEM comp01 1587670881 2020/04/23 15:41:21 1 4096 65572099 12321003 34338856 55 280168 3429778 137659 0 1146093 0 0 2097152 0 0
SEP
MEM comp01 1587670882 2020/04/23 15:41:22 1 4096 65572099 12321001 34338856 55 280170 3303843 137659 0 1146093 0 0 2097152 0 0
SEP
MEM comp01 1587670883 2020/04/23 15:41:23 1 4096 65572099 12321013 34338856 55 280158 3177371 137659 0 1146093 0 0 2097152 0 0
SEP
MEM comp01 1587670884 2020/04/23 15:41:24 1 4096 65572099 12321035 34338856 55 280136 3050923 137659 0 1146093 0 0 2097152 0 0
SEP
MEM comp01 1587670885 2020/04/23 15:41:25 1 4096 65572099 12321029 34338856 55 280142 2925491 137659 0 1146093 0 0 2097152 0 0
SEP
MEM comp01 1587670886 2020/04/23 15:41:26 1 4096 65572099 12321028 34338856 55 280144 2798994 137659 0 1146093 0 0 2097152 0 0
SEP
MEM comp01 1587670887 2020/04/23 15:41:27 1 4096 65572099 12321048 34338856 55 280124 2672925 137659 0 1146093 0 0 2097152 0 0
SEP
MEM comp01 1587670888 2020/04/23 15:41:28 1 4096 65572099 12319362 34339184 55 280137 2556359 137742 0 1146094 0 0 2097152 0 0
SEP
MEM comp01 1587670889 2020/04/23 15:41:29 1 4096 65572099 12312316 34344416 55 280275 2449812 137862 0 1146094 0 0 2097152 0 0
SEP
MEM comp01 1587670890 2020/04/23 15:41:30 1 4096 65572099 12310249 34345265 55 280335 2333118 137919 0 1146094 0 0 2097152 0 0
SEP
MEM comp01 1587670891 2020/04/23 15:41:31 1 4096 65572099 12307918 34346147 55 280513 2217444 137997 0 1146094 0 0 2097152 0 0
SEP
MEM comp01 1587670892 2020/04/23 15:41:32 1 4096 65572099 12304992 34347774 55 280703 2100190 138125 0 1146094 0 0 2097152 0 0
SEP
MEM comp01 1587670893 2020/04/23 15:41:33 1 4096 65572099 12308440 34349640 55 280778 1987989 138211 0 1146093 0 0 2097152 0 0
SEP
MEM comp01 1587670894 2020/04/23 15:41:34 1 4096 65572099 12308224 34349640 55 280809 1861014 138211 0 1146093 0 0 2097152 0 0
SEP
MEM comp01 1587670895 2020/04/23 15:41:35 1 4096 65572099 12308350 34349640 55 280692 1734598 138203 0 1146093 0 0 2097152 0 0
SEP
MEM comp01 1587670896 2020/04/23 15:41:36 1 4096 65572099 12308368 34349640 55 280674 1609669 138203 0 1146093 0 0 2097152 0 0
SEP
MEM comp01 1587670897 2020/04/23 15:41:37 1 4096 65572099 12308322 34349640 55 280720 1483198 138203 0 1146093 0 0 2097152 0 0
SEP
MEM comp01 1587670898 2020/04/23 15:41:38 1 4096 65572099 12308341 34349640 55 280708 1357750 138203 0 1146093 0 0 2097152 0 0
SEP
MEM comp01 1587670899 2020/04/23 15:41:39 1 4096 65572099 12308307 34349640 55 280742 1231766 138203 0 1146093 0 0 2097152 0 0
SEP
MEM comp01 1587670900 2020/04/23 15:41:40 1 4096 65572099 12308497 34349640 55 280552 1105350 138203 0 1146093 0 0 2097152 0 0
SEP
MEM comp01 1587670901 2020/04/23 15:41:41 1 4096 65572099 12308492 34349640 55 280558 980450 138203 0 1146093 0 0 2097152 0 0
SEP
MEM comp01 1587670902 2020/04/23 15:41:42 1 4096 65572099 12308486 34349640 55 280564 855019 138203 0 1146093 0 0 2097152 0 0
SEP
MEM comp01 1587670903 2020/04/23 15:41:43 1 4096 65572099 12308480 34349640 55 280570 727445 138203 0 1146093 0 0 2097152 0 0
SEP
MEM comp01 1587670904 2020/04/23 15:41:44 1 4096 65572099 12308504 34349640 55 280560 604131 138203 0 1146093 0 0 2097152 0 0
SEP
MEM comp01 1587670905 2020/04/23 15:41:45 1 4096 65572099 12308514 34349640 55 280550 478135 138203 0 1146093 0 0 2097152 0 0
SEP
MEM comp01 1587670906 2020/04/23 15:41:46 1 4096 65572099 12308518 34349640 55 280546 352668 138203 0 1146093 0 0 2097152 0 0
SEP
MEM comp01 1587670907 2020/04/23 15:41:47 1 4096 65572099 12308574 34349640 55 280490 226701 138203 0 1146093 0 0 2097152 0 0
SEP
MEM comp01 1587670908 2020/04/23 15:41:48 1 4096 65572099 12308516 34349640 55 280548 100829 138203 0 1146093 0 0 2097152 0 0
SEP
MEM comp01 1587670909 2020/04/23 15:41:49 1 4096 65572099 12308510 34349640 55 280554 33 138203 0 1146093 0 0 2097152 0 0
SEP
MEM comp01 1587670910 2020/04/23 15:41:50 1 4096 65572099 12308506 34349640 55 280560 1 138203 0 1146093 0 0 2097152 0 0
SEP
MEM comp01 1587670911 2020/04/23 15:41:51 1 4096 65572099 12308521 34349640 55 280548 0 138203 0 1146093 0 0 2097152 0 0
SEP
MEM comp01 1587670912 2020/04/23 15:41:52 1 4096 65572099 12308509 34349641 55 280560 2 138203 0 1146093 0 0 2097152 0 0
SEP
MEM comp01 1587670913 2020/04/23 15:41:53 1 4096 65572099 12308513 34349641 55 280556 2 138203 0 1146093 0 0 2097152 0 0
SEP
MEM comp01 1587670914 2020/04/23 15:41:54 1 4096 65572099 12308511 34349641 55 280558 2 138203 0 1146093 0 0 2097152 0 0
SEP
MEM comp01 1587670915 2020/04/23 15:41:55 1 4096 65572099 12308513 34349641 55 280556 2 138203 0 1146093 0 0 2097152 0 0
SEP
MEM comp01 1587670916 2020/04/23 15:41:56 1 4096 65572099 12308502 34349641 55 280568 2 138203 0 1146093 0 0 2097152 0 0
SEP
MEM comp01 1587670917 2020/04/23 15:41:57 1 4096 65572099 12308498 34349641 55 280572 3 138203 0 1146093 0 0 2097152 0 0
SEP
MEM comp01 1587670918 2020/04/23 15:41:58 1 4096 65572099 12308524 34349641 55 280546 1 138203 0 1146093 0 0 2097152 0 0
SEP
MEM comp01 1587670919 2020/04/23 15:41:59 1 4096 65572099 12308513 34349641 55 280564 1 138203 0 1146093 0 0 2097152 0 0
SEP
MEM comp01 1587670920 2020/04/23 15:42:00 1 4096 65572099 12308533 34349641 55 280544 1 138203 0 1146093 0 0 2097152 0 0
SEP
MEM comp01 1587670921 2020/04/23 15:42:01 1 4096 65572099 12308505 34349641 55 280572 1 138203 0 1146093 0 0 2097152 0 0
SEP
MEM comp01 1587670922 2020/04/23 15:42:02 1 4096 65572099 12308539 34349641 55 280546 1 138203 0 1146093 0 0 2097152 0 0
SEP
MEM comp01 1587670923 2020/04/23 15:42:03 1 4096 65572099 12308543 34349641 55 280542 2 138203 0 1146093 0 0 2097152 0 0
SEP
MEM comp01 1587670924 2020/04/23 15:42:04 1 4096 65572099 12308539 34349641 55 280546 2 138203 0 1146093 0 0 2097152 0 0
SEP
MEM comp01 1587670925 2020/04/23 15:42:05 1 4096 65572099 12308525 34349641 55 280560 2 138203 0 1146093 0 0 2097152 0 0
SEP
MEM comp01 1587670926 2020/04/23 15:42:06 1 4096 65572099 12308518 34349641 55 280560 2 138203 0 1146093 0 0 2097152 0 0
SEP
MEM comp01 1587670927 2020/04/23 15:42:07 1 4096 65572099 12308518 34349641 55 280554 1 138203 0 1146093 0 0 2097152 0 0
SEP
MEM comp01 1587670928 2020/04/23 15:42:08 1 4096 65572099 12308497 34349641 55 280568 2 138203 0 1146093 0 0 2097152 0 0
SEP
MEM comp01 1587670929 2020/04/23 15:42:09 1 4096 65572099 12308485 34349641 55 280580 2 138203 0 1146093 0 0 2097152 0 0
SEP
MEM comp01 1587670930 2020/04/23 15:42:10 1 4096 65572099 12308503 34349641 55 280562 2 138203 0 1146093 0 0 2097152 0 0
SEP
MEM comp01 1587670931 2020/04/23 15:42:11 1 4096 65572099 12263967 34394197 55 280568 44392 138211 0 1146093 0 0 2097152 0 0
SEP
MEM comp01 1587670932 2020/04/23 15:42:12 1 4096 65572099 11595617 35060845 55 282100 711183 139747 0 1146093 0 0 2097152 0 0
SEP
MEM comp01 1587670933 2020/04/23 15:42:13 1 4096 65572099 10915214 35739914 55 283620 1390187 141267 0 1146093 0 0 2097152 0 0
SEP
MEM comp01 1587670934 2020/04/23 15:42:14 1 4096 65572099 10230903 36422639 55 285220 2072916 142867 0 1146093 0 0 2097152 0 0
SEP
MEM comp01 1587670935 2020/04/23 15:42:15 1 4096 65572099 9559609 37092474 55 286772 2742795 144419 0 1146093 0 0 2097152 0 0
SEP
MEM comp01 1587670936 2020/04/23 15:42:16 1 4096 65572099 8883939 37766457 55 288244 3416856 145891 0 1146093 0 0 2097152 0 0
SEP
MEM comp01 1587670937 2020/04/23 15:42:17 1 4096 65572099 8297608 38351440 55 289596 4001880 147243 0 1146093 0 0 2097152 0 0
SEP
MEM comp01 1587670938 2020/04/23 15:42:18 1 4096 65572099 7758049 38889872 55 290748 4533097 148395 0 1146093 0 0 2097152 0 0
SEP
MEM comp01 1587670939 2020/04/23 15:42:19 1 4096 65572099 7246740 39400044 55 291964 4916320 149635 0 1146093 0 0 2097152 0 0
SEP
MEM comp01 1587670940 2020/04/23 15:42:20 1 4096 65572099 6735054 39910418 55 293092 5301428 150747 0 1146093 0 0 2097152 0 0
SEP
MEM comp01 1587670941 2020/04/23 15:42:21 1 4096 65572099 6209422 40434890 55 294292 5700308 151947 0 1146093 0 0 2097152 0 0
SEP
MEM comp01 1587670942 2020/04/23 15:42:22 1 4096 65572099 5691151 40952190 55 295436 6090991 153091 0 1146093 0 0 2097152 0 0
SEP
MEM comp01 1587670943 2020/04/23 15:42:23 1 4096 65572099 5179663 41462436 55 296620 6476370 154275 0 1146093 0 0 2097152 0 0
SEP
MEM comp01 1587670944 2020/04/23 15:42:24 1 4096 65572099 4666915 41973880 55 297804 6861498 155459 0 1146093 0 0 2097152 0 0
SEP
MEM comp01 1587670945 2020/04/23 15:42:25 1 4096 65572099 4141731 42498030 55 298932 7259108 156587 0 1146093 0 0 2097152 0 0
SEP
MEM comp01 1587670946 2020/04/23 15:42:26 1 4096 65572099 3616632 43021876 55 300156 7658058 157811 0 1146093 0 0 2097152 0 0
SEP
MEM comp01 1587670947 2020/04/23 15:42:27 1 4096 65572099 3104347 43533043 55 301348 8042696 159003 0 1146093 0 0 2097152 0 0
SEP
MEM comp01 1587670948 2020/04/23 15:42:28 1 4096 65572099 2593644 44042523 55 302460 8426319 160115 0 1146093 0 0 2097152 0 0
SEP
MEM comp01 1587670949 2020/04/23 15:42:29 1 4096 65572099 2079782 44555262 55 303644 8813028 161299 0 1146093 0 0 2097152 0 0
SEP
MEM comp01 1587670950 2020/04/23 15:42:30 1 4096 65572099 1566824 45067050 55 304764 9198396 162419 0 1146093 0 0 2097152 0 0
SEP
MEM comp01 1587670951 2020/04/23 15:42:31 1 4096 65572099 1054041 45578719 55 305948 9585041 163603 0 1146093 0 0 2097152 0 0
SEP
MEM comp01 1587670952 2020/04/23 15:42:32 1 4096 65572099 541699 46089948 55 307132 9969720 164787 0 1146093 0 0 2097152 0 0
SEP
MEM comp01 1587670953 2020/04/23 15:42:33 1 4096 65572099 246390 46385679 55 307956 10389630 165593 0 1145459 0 0 2097152 0 0
SEP
MEM comp01 1587670954 2020/04/23 15:42:34 1 4096 65572099 220129 46410375 55 308731 10904257 166217 0 1143032 0 0 2097152 0 0
SEP
MEM comp01 1587670955 2020/04/23 15:42:35 1 4096 65572099 281027 46348460 55 310249 11307909 167757 0 1140261 0 0 2097152 0 0
SEP
MEM comp01 1587670956 2020/04/23 15:42:36 1 4096 65572099 230776 46397577 55 311015 11599463 168559 0 1138662 0 0 2097152 0 0
SEP
MEM comp01 1587670957 2020/04/23 15:42:37 1 4096 65572099 222742 46404655 55 312361 11847069 169873 0 1137160 0 0 2097152 0 0
SEP
MEM comp01 1587670958 2020/04/23 15:42:38 1 4096 65572099 253818 46373238 55 313151 12104697 170765 0 1135645 0 0 2097152 0 0
SEP
MEM comp01 1587670959 2020/04/23 15:42:39 1 4096 65572099 293828 46331702 55 314065 12369643 171677 0 1133380 0 0 2097152 0 0
SEP
MEM comp01 1587670960 2020/04/23 15:42:40 1 4096 65572099 276987 46347781 55 314867 12640338 172575 0 1131837 0 0 2097152 0 0
SEP
MEM comp01 1587670961 2020/04/23 15:42:41 1 4096 65572099 310850 46313042 55 315779 12903611 173431 0 1130241 0 0 2097152 0 0
SEP
MEM comp01 1587670962 2020/04/23 15:42:42 1 4096 65572099 288887 46333976 55 316549 13163570 174207 0 1128756 0 0 2097152 0 0
SEP
MEM comp01 1587670963 2020/04/23 15:42:43 1 4096 65572099 270266 46352479 55 317519 13419133 175087 0 1127246 0 0 2097152 0 0
SEP
MEM comp01 1587670964 2020/04/23 15:42:44 1 4096 65572099 236283 46384971 55 318363 13689537 176031 0 1125733 0 0 2097152 0 0
SEP
MEM comp01 1587670965 2020/04/23 15:42:45 1 4096 65572099 315929 46304908 55 319301 13924430 176959 0 1123687 0 0 2097152 0 0
SEP
MEM comp01 1587670966 2020/04/23 15:42:46 1 4096 65572099 317449 46302931 55 319861 14024840 177479 0 1122290 0 0 2097152 0 0
SEP
MEM comp01 1587670967 2020/04/23 15:42:47 1 4096 65572099 321028 46298877 55 320307 14125314 177983 0 1120871 0 0 2097152 0 0
SEP
MEM comp01 1587670968 2020/04/23 15:42:48 1 4096 65572099 243766 46375459 55 320717 14191275 178415 0 1120034 0 0 2097152 0 0
SEP
MEM comp01 1587670969 2020/04/23 15:42:49 1 4096 65572099 284009 46334781 55 321179 14253946 178839 0 1118636 0 0 2097152 0 0
SEP
MEM comp01 1587670970 2020/04/23 15:42:50 1 4096 65572099 331523 46292244 55 321623 14314286 179255 0 1117242 0 0 2097152 0 0
SEP
MEM comp01 1587670971 2020/04/23 15:42:51 1 4096 65572099 18490557 46292937 55 321607 14191162 179255 0 1117242 0 0 2097152 0 0
SEP
MEM comp01 1587670972 2020/04/23 15:42:52 1 4096 65572099 17819088 46292937 55 321567 14066686 179255 0 1117242 0 0 2097152 0 0
SEP
MEM comp01 1587670973 2020/04/23 15:42:53 1 4096 65572099 17129609 46292937 55 321567 13940119 179255 0 1117242 0 0 2097152 0 0
SEP
MEM comp01 1587670974 2020/04/23 15:42:54 1 4096 65572099 16440654 46292937 55 321567 13813680 179255 0 1117242 0 0 2097152 0 0
SEP
MEM comp01 1587670975 2020/04/23 15:42:55 1 4096 65572099 15755804 46292937 55 321567 13688752 179255 0 1117242 0 0 2097152 0 0
SEP
MEM comp01 1587670976 2020/04/23 15:42:56 1 4096 65572099 15072645 46293289 55 321567 13563833 179255 0 1117242 0 0 2097152 0 0
SEP
MEM comp01 1587670977 2020/04/23 15:42:57 1 4096 65572099 14387276 46293289 55 321567 13437385 179255 0 1117242 0 0 2097152 0 0
SEP
MEM comp01 1587670978 2020/04/23 15:42:58 1 4096 65572099 13702420 46293289 55 321567 13311952 179255 0 1117242 0 0 2097152 0 0
SEP
MEM comp01 1587670979 2020/04/23 15:42:59 1 4096 65572099 13017043 46293289 55 321575 13185445 179255 0 1117242 0 0 2097152 0 0
SEP
MEM comp01 1587670980 2020/04/23 15:43:00 1 4096 65572099 12322466 46293289 55 321551 13060606 179255 0 1117242 0 0 2097152 0 0
SEP
MEM comp01 1587670981 2020/04/23 15:43:01 1 4096 65572099 11638089 46293289 55 321583 12934045 179255 0 1117242 0 0 2097152 0 0
SEP
MEM comp01 1587670982 2020/04/23 15:43:02 1 4096 65572099 10952200 46293289 55 321591 12807573 179255 0 1117242 0 0 2097152 0 0
SEP
MEM comp01 1587670983 2020/04/23 15:43:03 1 4096 65572099 10258130 46293289 55 321567 12682531 179255 0 1117242 0 0 2097152 0 0
SEP
MEM comp01 1587670984 2020/04/23 15:43:04 1 4096 65572099 9569146 46293289 55 321591 12556204 179255 0 1117242 0 0 2097152 0 0
SEP
MEM comp01 1587670985 2020/04/23 15:43:05 1 4096 65572099 8884281 46293289 55 321599 12430740 179255 0 1117242 0 0 2097152 0 0
SEP
MEM comp01 1587670986 2020/04/23 15:43:06 1 4096 65572099 8209174 46293289 55 321591 12304300 179255 0 1117242 0 0 2097152 0 0
SEP
MEM comp01 1587670987 2020/04/23 15:43:07 1 4096 65572099 7545351 46293289 55 321591 12177828 179255 0 1117242 0 0 2097152 0 0
SEP
MEM comp01 1587670988 2020/04/23 15:43:08 1 4096 65572099 6882047 46293311 55 321567 12053781 179255 0 1117242 0 0 2097152 0 0
SEP
MEM comp01 1587670989 2020/04/23 15:43:09 1 4096 65572099 6177699 46293311 55 321567 11927544 179255 0 1117242 0 0 2097152 0 0
SEP
MEM comp01 1587670990 2020/04/23 15:43:10 1 4096 65572099 5442041 46293311 55 321575 11800996 179255 0 1117242 0 0 2097152 0 0
SEP
MEM comp01 1587670991 2020/04/23 15:43:11 1 4096 65572099 4900331 46293311 55 321567 11675608 179255 0 1117242 0 0 2097152 0 0
SEP
MEM comp01 1587670992 2020/04/23 15:43:12 1 4096 65572099 4433823 46293311 55 321567 11549568 179255 0 1117242 0 0 2097152 0 0
SEP
MEM comp01 1587670993 2020/04/23 15:43:13 1 4096 65572099 4053568 46293311 55 321569 11424166 179255 0 1117242 0 0 2097152 0 0
SEP
MEM comp01 1587670994 2020/04/23 15:43:14 1 4096 65572099 3670696 46293311 55 321569 11298081 179255 0 1117242 0 0 2097152 0 0
SEP
MEM comp01 1587670995 2020/04/23 15:43:15 1 4096 65572099 3280691 46293311 55 321569 11171731 179255 0 1117242 0 0 2097152 0 0
SEP
MEM comp01 1587670996 2020/04/23 15:43:16 1 4096 65572099 2891199 46293726 55 321553 11046901 179255 0 1117242 0 0 2097152 0 0
SEP
MEM comp01 1587670997 2020/04/23 15:43:17 1 4096 65572099 2500117 46293726 55 321545 10920405 179255 0 1117242 0 0 2097152 0 0
SEP
MEM comp01 1587670998 2020/04/23 15:43:18 1 4096 65572099 2110095 46293726 55 321569 10794452 179255 0 1117242 0 0 2097152 0 0
SEP
MEM comp01 1587670999 2020/04/23 15:43:19 1 4096 65572099 1725018 46293726 55 321569 10668997 179255 0 1117242 0 0 2097152 0 0
SEP
MEM comp01 1587671000 2020/04/23 15:43:20 1 4096 65572099 1335062 46293726 55 321569 10542499 179255 0 1117242 0 0 2097152 0 0
SEP
MEM comp01 1587671001 2020/04/23 15:43:21 1 4096 65572099 946471 46293726 55 321569 10417439 179255 0 1117242 0 0 2097152 0 0
SEP
MEM comp01 1587671002 2020/04/23 15:43:22 1 4096 65572099 561373 46293726 55 321569 10291093 179255 0 1117242 0 0 2097152 0 0
SEP
MEM comp01 1587671003 2020/04/23 15:43:23 1 4096 65572099 324528 46293726 55 321569 10164747 179255 0 1117242 0 0 2097152 0 0
SEP
MEM comp01 1587671004 2020/04/23 15:43:24 1 4096 65572099 324532 46293726 55 321565 10039284 179255 0 1117242 0 0 2097152 0 0
SEP
MEM comp01 1587671005 2020/04/23 15:43:25 1 4096 65572099 324534 46293726 55 321563 9912812 179255 0 1117242 0 0 2097152 0 0
SEP
MEM comp01 1587671006 2020/04/23 15:43:26 1 4096 65572099 324528 46293726 55 321569 9787348 179255 0 1117242 0 0 2097152 0 0
SEP
MEM comp01 1587671007 2020/04/23 15:43:27 1 4096 65572099 324533 46293727 55 321557 9661381 179255 0 1117242 0 0 2097152 0 0
SEP
MEM comp01 1587671008 2020/04/23 15:43:28 1 4096 65572099 324498 46293727 55 321599 9534925 179255 0 1117242 0 0 2097152 0 0
SEP
MEM comp01 1587671009 2020/04/23 15:43:29 1 4096 65572099 324381 46293727 55 321717 9409964 179255 0 1117242 0 0 2097152 0 0
SEP
MEM comp01 1587671010 2020/04/23 15:43:30 1 4096 65572099 324371 46293727 55 321727 9283493 179255 0 1117242 0 0 2097152 0 0
SEP
MEM comp01 1587671011 2020/04/23 15:43:31 1 4096 65572099 324369 46293727 55 321729 9156895 179255 0 1117242 0 0 2097152 0 0
SEP
MEM comp01 1587671012 2020/04/23 15:43:32 1 4096 65572099 324377 46293727 55 321721 9031597 179255 0 1117242 0 0 2097152 0 0
SEP
MEM comp01 1587671013 2020/04/23 15:43:33 1 4096 65572099 324383 46293727 55 321715 8905125 179255 0 1117242 0 0 2097152 0 0
SEP
MEM comp01 1587671014 2020/04/23 15:43:34 1 4096 65572099 324398 46293727 55 321701 8780194 179255 0 1117242 0 0 2097152 0 0
SEP
MEM comp01 1587671015 2020/04/23 15:43:35 1 4096 65572099 324382 46293727 55 321717 8653723 179255 0 1117242 0 0 2097152 0 0
SEP
MEM comp01 1587671016 2020/04/23 15:43:36 1 4096 65572099 324378 46293727 55 321721 8527251 179255 0 1117242 0 0 2097152 0 0
SEP
MEM comp01 1587671017 2020/04/23 15:43:37 1 4096 65572099 324394 46293727 55 321705 8402323 179255 0 1117242 0 0 2097152 0 0
SEP
MEM comp01 1587671018 2020/04/23 15:43:38 1 4096 65572099 324410 46293727 55 321689 8275883 179255 0 1117242 0 0 2097152 0 0
SEP
MEM comp01 1587671019 2020/04/23 15:43:39 1 4096 65572099 324396 46293727 55 321703 8149663 179255 0 1117242 0 0 2097152 0 0
SEP
MEM comp01 1587671020 2020/04/23 15:43:40 1 4096 65572099 324404 46293727 55 321695 8024484 179255 0 1117242 0 0 2097152 0 0
SEP
MEM comp01 1587671021 2020/04/23 15:43:41 1 4096 65572099 324424 46293727 55 321675 7898012 179255 0 1117242 0 0 2097152 0 0
SEP
MEM comp01 1587671022 2020/04/23 15:43:42 1 4096 65572099 324406 46293727 55 321693 7773084 179255 0 1117242 0 0 2097152 0 0
SEP
MEM comp01 1587671023 2020/04/23 15:43:43 1 4096 65572099 324416 46293727 55 321683 7646108 179255 0 1117242 0 0 2097152 0 0
SEP
MEM comp01 1587671024 2020/04/23 15:43:44 1 4096 65572099 324425 46293727 55 321679 7519634 179255 0 1117242 0 0 2097152 0 0
SEP
MEM comp01 1587671025 2020/04/23 15:43:45 1 4096 65572099 324419 46293727 55 321685 7394707 179255 0 1117242 0 0 2097152 0 0
SEP
MEM comp01 1587671026 2020/04/23 15:43:46 1 4096 65572099 324441 46293727 55 321663 7268267 179255 0 1117242 0 0 2097152 0 0
SEP
MEM comp01 1587671027 2020/04/23 15:43:47 1 4096 65572099 324429 46293727 55 321675 7142425 179255 0 1117242 0 0 2097152 0 0
SEP
MEM comp01 1587671028 2020/04/23 15:43:48 1 4096 65572099 324437 46293727 55 321667 7017875 179255 0 1117242 0 0 2097152 0 0
SEP
MEM comp01 1587671029 2020/04/23 15:43:49 1 4096 65572099 324459 46293727 55 321639 6891435 179255 0 1117242 0 0 2097152 0 0
SEP
MEM comp01 1587671030 2020/04/23 15:43:50 1 4096 65572099 324531 46293727 55 321567 6766637 179255 0 1117242 0 0 2097152 0 0
SEP
MEM comp01 1587671031 2020/04/23 15:43:51 1 4096 65572099 324467 46293727 55 321633 6640036 179255 0 1117242 0 0 2097152 0 0
SEP
MEM comp01 1587671032 2020/04/23 15:43:52 1 4096 65572099 324459 46293727 55 321641 6514068 179255 0 1117242 0 0 2097152 0 0
SEP
MEM comp01 1587671033 2020/04/23 15:43:53 1 4096 65572099 324454 46293727 55 321647 6388636 179255 0 1117242 0 0 2097152 0 0
SEP
MEM comp01 1587671034 2020/04/23 15:43:54 1 4096 65572099 324469 46293727 55 321633 6262162 179255 0 1117242 0 0 2097152 0 0
SEP
MEM comp01 1587671035 2020/04/23 15:43:55 1 4096 65572099 324483 46293727 55 321619 6137109 179255 0 1117242 0 0 2097152 0 0
SEP
MEM comp01 1587671036 2020/04/23 15:43:56 1 4096 65572099 324491 46293727 55 321611 6010795 179255 0 1117242 0 0 2097152 0 0
SEP
MEM comp01 1587671037 2020/04/23 15:43:57 1 4096 65572099 324476 46293727 55 321619 5884323 179255 0 1117242 0 0 2097152 0 0
SEP
MEM comp01 1587671038 2020/04/23 15:43:58 1 4096 65572099 324476 46293727 55 321619 5758891 179255 0 1117242 0 0 2097152 0 0
SEP
MEM comp01 1587671039 2020/04/23 15:43:59 1 4096 65572099 324481 46293728 55 321615 5632418 179255 0 1117242 0 0 2097152 0 0
SEP
MEM comp01 1587671040 2020/04/23 15:44:00 1 4096 65572099 324469 46293728 55 321627 5506451 179255 0 1117242 0 0 2097152 0 0
SEP
MEM comp01 1587671041 2020/04/23 15:44:01 1 4096 65572099 324486 46293728 55 321603 5380499 179255 0 1117242 0 0 2097152 0 0
SEP
MEM comp01 1587671042 2020/04/23 15:44:02 1 4096 65572099 324491 46293728 55 321605 5254421 179255 0 1117242 0 0 2097152 0 0
SEP
MEM comp01 1587671043 2020/04/23 15:44:03 1 4096 65572099 324493 46293728 55 321605 5129115 179255 0 1117242 0 0 2097152 0 0
SEP
MEM comp01 1587671044 2020/04/23 15:44:04 1 4096 65572099 324492 46293728 55 321611 5002643 179255 0 1117242 0 0 2097152 0 0
SEP
MEM comp01 1587671045 2020/04/23 15:44:05 1 4096 65572099 324497 46293728 55 321607 4876203 179255 0 1117242 0 0 2097152 0 0
SEP
MEM comp01 1587671046 2020/04/23 15:44:06 1 4096 65572099 324516 46293728 55 321595 4750771 179255 0 1117242 0 0 2097152 0 0
SEP
MEM comp01 1587671047 2020/04/23 15:44:07 1 4096 65572099 324541 46293728 55 321577 4624803 179255 0 1117242 0 0 2097152 0 0
SEP
MEM comp01 1587671048 2020/04/23 15:44:08 1 4096 65572099 324531 46293728 55 321593 4499119 179255 0 1117242 0 0 2097152 0 0
SEP
MEM comp01 1587671049 2020/04/23 15:44:09 1 4096 65572099 324545 46293728 55 321579 4459924 179255 0 1117242 0 0 2097152 0 0
SEP
MEM comp01 1587671050 2020/04/23 15:44:10 1 4096 65572099 324551 46293728 55 321567 4459923 179255 0 1117242 0 0 2097152 0 0
SEP
MEM comp01 1587671051 2020/04/23 15:44:11 1 4096 65572099 324537 46293728 55 321581 4459924 179255 0 1117242 0 0 2097152 0 0
SEP
MEM comp01 1587671052 2020/04/23 15:44:12 1 4096 65572099 324551 46293728 55 321567 4459924 179255 0 1117242 0 0 2097152 0 0
SEP
MEM comp01 1587671053 2020/04/23 15:44:13 1 4096 65572099 324574 46293728 55 321551 4459924 179255 0 1117242 0 0 2097152 0 0
SEP
MEM comp01 1587671054 2020/04/23 15:44:14 1 4096 65572099 324468 46293728 55 321657 4422555 179255 0 1117242 0 0 2097152 0 0
SEP
MEM comp01 1587671055 2020/04/23 15:44:15 1 4096 65572099 324488 46293728 55 321637 4296082 179255 0 1117242 0 0 2097152 0 0
SEP
MEM comp01 1587671056 2020/04/23 15:44:16 1 4096 65572099 324528 46293728 55 321597 4171179 179255 0 1117242 0 0 2097152 0 0
SEP
MEM comp01 1587671057 2020/04/23 15:44:17 1 4096 65572099 324492 46293728 55 321633 4045219 179255 0 1117242 0 0 2097152 0 0
SEP
MEM comp01 1587671058 2020/04/23 15:44:18 1 4096 65572099 324488 46293728 55 321637 3917715 179255 0 1117242 0 0 2097152 0 0
SEP
MEM comp01 1587671059 2020/04/23 15:44:19 1 4096 65572099 324510 46293728 55 321617 3792559 179255 0 1117242 0 0 2097152 0 0
SEP
MEM comp01 1587671060 2020/04/23 15:44:20 1 4096 65572099 324514 46293728 55 321613 3666338 179255 0 1117242 0 0 2097152 0 0
SEP
MEM comp01 1587671061 2020/04/23 15:44:21 1 4096 65572099 324518 46293728 55 321609 3539867 179255 0 1117242 0 0 2097152 0 0
SEP
MEM comp01 1587671062 2020/04/23 15:44:22 1 4096 65572099 324522 46293728 55 321605 3415955 179255 0 1117242 0 0 2097152 0 0
SEP
MEM comp01 1587671063 2020/04/23 15:44:23 1 4096 65572099 324522 46293728 55 321605 3289515 179255 0 1117242 0 0 2097152 0 0
SEP
MEM comp01 1587671064 2020/04/23 15:44:24 1 4096 65572099 324558 46293728 55 321569 3164327 179255 0 1117242 0 0 2097152 0 0
SEP
MEM comp01 1587671065 2020/04/23 15:44:25 1 4096 65572099 324524 46293728 55 321603 3038106 179255 0 1117242 0 0 2097152 0 0
SEP
MEM comp01 1587671066 2020/04/23 15:44:26 1 4096 65572099 324538 46293728 55 321589 2911635 179255 0 1117242 0 0 2097152 0 0
SEP
MEM comp01 1587671067 2020/04/23 15:44:27 1 4096 65572099 324540 46293728 55 321587 2786203 179255 0 1117242 0 0 2097152 0 0
SEP
MEM comp01 1587671068 2020/04/23 15:44:28 1 4096 65572099 324546 46293728 55 321581 2659731 179255 0 1117242 0 0 2097152 0 0
SEP
MEM comp01 1587671069 2020/04/23 15:44:29 1 4096 65572099 324552 46293728 55 321575 2534803 179255 0 1117242 0 0 2097152 0 0
SEP
MEM comp01 1587671070 2020/04/23 15:44:30 1 4096 65572099 324561 46293729 55 321567 2407870 179255 0 1117242 0 0 2097152 0 0
SEP
MEM comp01 1587671071 2020/04/23 15:44:31 1 4096 65572099 324579 46293729 55 321549 2281375 179255 0 1117242 0 0 2097152 0 0
SEP
MEM comp01 1587671072 2020/04/23 15:44:32 1 4096 65572099 324571 46293729 55 321557 2156037 179255 0 1117242 0 0 2097152 0 0
SEP
MEM comp01 1587671073 2020/04/23 15:44:33 1 4096 65572099 324559 46293729 55 321569 2029581 179255 0 1117242 0 0 2097152 0 0
SEP
MEM comp01 1587671074 2020/04/23 15:44:34 1 4096 65572099 324573 46293729 55 321555 1903109 179255 0 1117242 0 0 2097152 0 0
SEP
MEM comp01 1587671075 2020/04/23 15:44:35 1 4096 65572099 324587 46293729 55 321541 1778146 179255 0 1117242 0 0 2097152 0 0
SEP
MEM comp01 1587671076 2020/04/23 15:44:36 1 4096 65572099 324577 46293729 55 321551 1652677 179255 0 1117242 0 0 2097152 0 0
SEP
MEM comp01 1587671077 2020/04/23 15:44:37 1 4096 65572099 324567 46293729 55 321561 1526851 179255 0 1117242 0 0 2097152 0 0
SEP
MEM comp01 1587671078 2020/04/23 15:44:38 1 4096 65572099 324563 46293729 55 321565 1400253 179255 0 1117242 0 0 2097152 0 0
SEP
MEM comp01 1587671079 2020/04/23 15:44:39 1 4096 65572099 324557 46293729 55 321571 1273773 179255 0 1117242 0 0 2097152 0 0
SEP
MEM comp01 1587671080 2020/04/23 15:44:40 1 4096 65572099 324603 46293729 55 321525 1148640 179255 0 1117242 0 0 2097152 0 0
SEP
MEM comp01 1587671081 2020/04/23 15:44:41 1 4096 65572099 324607 46293729 55 321521 1022475 179255 0 1117242 0 0 2097152 0 0
SEP
MEM comp01 1587671082 2020/04/23 15:44:42 1 4096 65572099 324603 46293729 55 321525 896075 179255 0 1117242 0 0 2097152 0 0
SEP
MEM comp01 1587671083 2020/04/23 15:44:43 1 4096 65572099 324599 46293729 55 321529 770603 179255 0 1117242 0 0 2097152 0 0
SEP
MEM comp01 1587671084 2020/04/23 15:44:44 1 4096 65572099 324595 46293729 55 321533 644139 179255 0 1117242 0 0 2097152 0 0
SEP
MEM comp01 1587671085 2020/04/23 15:44:45 1 4096 65572099 324579 46293729 55 321549 518667 179255 0 1117242 0 0 2097152 0 0
SEP
MEM comp01 1587671086 2020/04/23 15:44:46 1 4096 65572099 324579 46293729 55 321549 392195 179255 0 1117242 0 0 2097152 0 0
SEP
MEM comp01 1587671087 2020/04/23 15:44:47 1 4096 65572099 324551 46293729 55 321577 265747 179255 0 1117242 0 0 2097152 0 0
SEP
MEM comp01 1587671088 2020/04/23 15:44:48 1 4096 65572099 324433 46293729 55 321695 141795 179255 0 1117242 0 0 2097152 0 0
SEP
MEM comp01 1587671089 2020/04/23 15:44:49 1 4096 65572099 324427 46293729 55 321701 15251 179255 0 1117242 0 0 2097152 0 0
SEP
MEM comp01 1587671090 2020/04/23 15:44:50 1 4096 65572099 324608 46293729 55 321513 1 179255 0 1117242 0 0 2097152 0 0
SEP
MEM comp01 1587671091 2020/04/23 15:44:51 1 4096 65572099 324614 46293729 55 321509 0 179255 0 1117242 0 0 2097152 0 0
SEP
MEM comp01 1587671092 2020/04/23 15:44:52 1 4096 65572099 324595 46293729 55 321529 1 179255 0 1117242 0 0 2097152 0 0
SEP
MEM comp01 1587671093 2020/04/23 15:44:53 1 4096 65572099 324611 46293729 55 321513 1 179255 0 1117242 0 0 2097152 0 0
SEP
MEM comp01 1587671094 2020/04/23 15:44:54 1 4096 65572099 324615 46293729 55 321509 1 179255 0 1117242 0 0 2097152 0 0
SEP
MEM comp01 1587671095 2020/04/23 15:44:55 1 4096 65572099 324594 46293729 55 321533 1 179255 0 1117242 0 0 2097152 0 0
SEP
MEM comp01 1587671096 2020/04/23 15:44:56 1 4096 65572099 324614 46293729 55 321513 0 179255 0 1117242 0 0 2097152 0 0
SEP
MEM comp01 1587671097 2020/04/23 15:44:57 1 4096 65572099 324592 46293729 55 321535 1 179255 0 1117242 0 0 2097152 0 0
SEP
MEM comp01 1587671098 2020/04/23 15:44:58 1 4096 65572099 324614 46293729 55 321513 1 179255 0 1117242 0 0 2097152 0 0
SEP
MEM comp01 1587671099 2020/04/23 15:44:59 1 4096 65572099 324598 46293729 55 321529 1 179255 0 1117242 0 0 2097152 0 0
SEP
MEM comp01 1587671100 2020/04/23 15:45:00 1 4096 65572099 324614 46293729 55 321513 1 179255 0 1117242 0 0 2097152 0 0
SEP
MEM comp01 1587671101 2020/04/23 15:45:01 1 4096 65572099 324614 46293729 55 321513 0 179255 0 1117242 0 0 2097152 0 0
SEP
MEM comp01 1587671102 2020/04/23 15:45:02 1 4096 65572099 324604 46293729 55 321523 1 179255 0 1117242 0 0 2097152 0 0
SEP
MEM comp01 1587671103 2020/04/23 15:45:03 1 4096 65572099 324603 46293730 55 321517 2 179255 0 1117242 0 0 2097152 0 0
SEP
MEM comp01 1587671104 2020/04/23 15:45:04 1 4096 65572099 324609 46293730 55 321511 2 179255 0 1117242 0 0 2097152 0 0
SEP
MEM comp01 1587671105 2020/04/23 15:45:05 1 4096 65572099 324597 46293730 55 321523 2 179255 0 1117242 0 0 2097152 0 0
SEP
MEM comp01 1587671106 2020/04/23 15:45:06 1 4096 65572099 324598 46293730 55 321523 0 179255 0 1117242 0 0 2097152 0 0
SEP
MEM comp01 1587671107 2020/04/23 15:45:07 1 4096 65572099 324618 46293730 55 321503 1 179255 0 1117242 0 0 2097152 0 0
SEP
MEM comp01 1587671108 2020/04/23 15:45:08 1 4096 65572099 324608 46293730 55 321513 1 179255 0 1117242 0 0 2097152 0 0
SEP
MEM comp01 1587671109 2020/04/23 15:45:09 1 4096 65572099 324608 46293730 55 321513 1 179255 0 1117242 0 0 2097152 0 0
SEP
MEM comp01 1587671110 2020/04/23 15:45:10 1 4096 65572099 324606 46293730 55 321515 1 179255 0 1117242 0 0 2097152 0 0
SEP
MEM comp01 1587671111 2020/04/23 15:45:11 1 4096 65572099 324608 46293730 55 321513 0 179255 0 1117242 0 0 2097152 0 0
SEP
MEM comp01 1587671112 2020/04/23 15:45:12 1 4096 65572099 324610 46293730 55 321511 1 179255 0 1117242 0 0 2097152 0 0
SEP
MEM comp01 1587671113 2020/04/23 15:45:13 1 4096 65572099 324602 46293730 55 321519 1 179255 0 1117242 0 0 2097152 0 0
SEP
MEM comp01 1587671114 2020/04/23 15:45:14 1 4096 65572099 324606 46293730 55 321515 1 179255 0 1117242 0 0 2097152 0 0
SEP
MEM comp01 1587671115 2020/04/23 15:45:15 1 4096 65572099 324622 46293730 55 321499 1 179255 0 1117242 0 0 2097152 0 0
SEP
MEM comp01 1587671116 2020/04/23 15:45:16 1 4096 65572099 324622 46293730 55 321499 0 179255 0 1117242 0 0 2097152 0 0
SEP
MEM comp01 1587671117 2020/04/23 15:45:17 1 4096 65572099 219585 46398463 55 322159 318543 179975 0 1115228 0 0 2097152 0 0
SEP
MEM comp01 1587671118 2020/04/23 15:45:18 1 4096 65572099 270243 46346371 55 323375 908475 181127 0 1108537 0 0 2097152 0 0
SEP
MEM comp01 1587671119 2020/04/23 15:45:19 1 4096 65572099 309859 46305495 55 324879 1490153 182623 0 1102575 0 0 2097152 0 0
SEP
MEM comp01 1587671120 2020/04/23 15:45:20 1 4096 65572099 346092 46267580 55 326035 2067043 183839 0 1096118 0 0 2097152 0 0
SEP
MEM comp01 1587671121 2020/04/23 15:45:21 1 4096 65572099 343503 46269263 55 327239 2642846 185095 0 1091487 0 0 2097152 0 0
SEP
MEM comp01 1587671122 2020/04/23 15:45:22 1 4096 65572099 237603 46373897 55 328751 3243284 186543 0 1085832 0 0 2097152 0 0
SEP
MEM comp01 1587671123 2020/04/23 15:45:23 1 4096 65572099 306211 46304221 55 330095 3888026 187951 0 1082336 0 0 2097152 0 0
SEP
MEM comp01 1587671124 2020/04/23 15:45:24 1 4096 65572099 256996 46352012 55 331595 4531763 189455 0 1079477 0 0 2097152 0 0
SEP
MEM comp01 1587671125 2020/04/23 15:45:25 1 4096 65572099 253585 46353677 55 333285 5023759 190799 0 1076774 0 0 2097152 0 0
SEP
MEM comp01 1587671126 2020/04/23 15:45:26 1 4096 65572099 309750 46295531 55 334535 5510205 192135 0 1073145 0 0 2097152 0 0
SEP
MEM comp01 1587671127 2020/04/23 15:45:27 1 4096 65572099 285203 46318561 55 335879 6006783 193559 0 1070295 0 0 2097152 0 0
SEP
MEM comp01 1587671128 2020/04/23 15:45:28 1 4096 65572099 273273 46329484 55 337357 6495641 194975 0 1067643 0 0 2097152 0 0
SEP
MEM comp01 1587671129 2020/04/23 15:45:29 1 4096 65572099 297126 46303949 55 338775 6986976 196439 0 1064994 0 0 2097152 0 0
SEP
MEM comp01 1587671130 2020/04/23 15:45:30 1 4096 65572099 235887 46364302 55 340153 7484417 197759 0 1063157 0 0 2097152 0 0
SEP
MEM comp01 1587671131 2020/04/23 15:45:31 1 4096 65572099 235427 46363107 55 341563 7974247 199183 0 1059975 0 0 2097152 0 0
SEP
MEM comp01 1587671132 2020/04/23 15:45:32 1 4096 65572099 295021 46302529 55 342851 8464485 200535 0 1057117 0 0 2097152 0 0
SEP
MEM comp01 1587671133 2020/04/23 15:45:33 1 4096 65572099 226442 46369001 55 344331 8962444 201967 0 1054731 0 0 2097152 0 0
SEP
MEM comp01 1587671134 2020/04/23 15:45:34 1 4096 65572099 268275 46325851 55 345641 9456831 203391 0 1051920 0 0 2097152 0 0
SEP
MEM comp01 1587671135 2020/04/23 15:45:35 1 4096 65572099 221836 46371324 55 347101 9952377 204759 0 1049896 0 0 2097152 0 0
SEP
MEM comp01 1587671136 2020/04/23 15:45:36 1 4096 65572099 271382 46320451 55 348531 10452833 206303 0 1046948 0 0 2097152 0 0
SEP
MEM comp01 1587671137 2020/04/23 15:45:37 1 4096 65572099 256208 46334228 55 349811 10943459 207535 0 1044400 0 0 2097152 0 0
SEP
MEM comp01 1587671138 2020/04/23 15:45:38 1 4096 65572099 263309 46325332 55 351121 11427406 208959 0 1041096 0 0 2097152 0 0
SEP
MEM comp01 1587671139 2020/04/23 15:45:39 1 4096 65572099 242134 46345435 55 352127 11744745 209863 0 1035988 0 0 2097152 0 0
SEP
MEM comp01 1587671140 2020/04/23 15:45:40 1 4096 65572099 298532 46288730 55 353205 12025778 210887 0 1030665 0 0 2097152 0 0
SEP
MEM comp01 1587671141 2020/04/23 15:45:41 1 4096 65572099 264631 46321457 55 354017 12272701 211783 0 1027050 0 0 2097152 0 0
SEP
MEM comp01 1587671142 2020/04/23 15:45:42 1 4096 65572099 293513 46291916 55 354875 12507219 212559 0 1022890 0 0 2097152 0 0
SEP
MEM comp01 1587671143 2020/04/23 15:45:43 1 4096 65572099 278421 46305733 55 355603 12749140 213407 0 1018968 0 0 2097152 0 0
SEP
MEM comp01 1587671144 2020/04/23 15:45:44 1 4096 65572099 301791 46282223 55 356401 12996973 214247 0 1015165 0 0 2097152 0 0
SEP
MEM comp01 1587671145 2020/04/23 15:45:45 1 4096 65572099 290807 46291777 55 357309 13246249 215055 0 1010748 0 0 2097152 0 0
SEP
MEM comp01 1587671146 2020/04/23 15:45:46 1 4096 65572099 280361 46301703 55 358099 13506514 215951 0 1007070 0 0 2097152 0 0
SEP
MEM comp01 1587671147 2020/04/23 15:45:47 1 4096 65572099 288176 46292943 55 359173 13701244 216719 0 1003153 0 0 2097152 0 0
SEP
MEM comp01 1587671148 2020/04/23 15:45:48 1 4096 65572099 314234 46265807 55 359813 13834277 217311 0 1000212 0 0 2097152 0 0
SEP
MEM comp01 1587671149 2020/04/23 15:45:49 1 4096 65572099 278629 46301979 55 360257 13937955 217823 0 998489 0 0 2097152 0 0
SEP
MEM comp01 1587671150 2020/04/23 15:45:50 1 4096 65572099 298065 46281058 55 360715 14040720 218335 0 995556 0 0 2097152 0 0
SEP
MEM comp01 1587671151 2020/04/23 15:45:51 1 4096 65572099 301629 46277783 55 361213 14121543 218799 0 994182 0 0 2097152 0 0
SEP
MEM comp01 1587671152 2020/04/23 15:45:52 1 4096 65572099 292838 46286142 55 361655 14185215 219223 0 992814 0 0 2097152 0 0
SEP
MEM comp01 1587671153 2020/04/23 15:45:53 1 4096 65572099 238368 46339721 55 362071 14247482 219655 0 991781 0 0 2097152 0 0
SEP
MEM comp01 1587671154 2020/04/23 15:45:54 1 4096 65572099 293376 46284567 55 362475 14306672 220063 0 990207 0 0 2097152 0 0
SEP
MEM comp01 1587671155 2020/04/23 15:45:55 1 4096 65572099 265997 46311404 55 362771 14346153 220439 0 989215 0 0 2097152 0 0
SEP
MEM comp01 1587671156 2020/04/23 15:45:56 1 4096 65572099 8687378 46307633 55 363139 14371761 220783 0 988237 0 0 2097152 0 0
SEP
MEM comp01 1587671157 2020/04/23 15:45:57 1 4096 65572099 18616139 46307661 55 363143 14246306 220783 0 988237 0 0 2097152 0 0
SEP
MEM comp01 1587671158 2020/04/23 15:45:58 1 4096 65572099 18622166 46307689 55 363119 14124948 220783 0 988237 0 0 2097152 0 0
SEP
MEM comp01 1587671159 2020/04/23 15:45:59 1 4096 65572099 18622220 46307689 55 363065 14000028 220783 0 988237 0 0 2097152 0 0
SEP
MEM comp01 1587671160 2020/04/23 15:46:00 1 4096 65572099 18622210 46307689 55 363075 13874596 220783 0 988237 0 0 2097152 0 0
SEP
MEM comp01 1587671161 2020/04/23 15:46:01 1 4096 65572099 18622190 46307689 55 363095 13749164 220783 0 988237 0 0 2097152 0 0
SEP
MEM comp01 1587671162 2020/04/23 15:46:02 1 4096 65572099 18622196 46307689 55 363089 13624990 220783 0 988237 0 0 2097152 0 0
SEP
MEM comp01 1587671163 2020/04/23 15:46:03 1 4096 65572099 18622200 46307689 55 363085 13499283 220783 0 988237 0 0 2097152 0 0
SEP
MEM comp01 1587671164 2020/04/23 15:46:04 1 4096 65572099 18622201 46307689 55 363085 13373859 220783 0 988237 0 0 2097152 0 0
SEP
MEM comp01 1587671165 2020/04/23 15:46:05 1 4096 65572099 18622199 46307689 55 363087 13248939 220783 0 988237 0 0 2097152 0 0
SEP
MEM comp01 1587671166 2020/04/23 15:46:06 1 4096 65572099 18622209 46307689 55 363077 13122995 220783 0 988237 0 0 2097152 0 0
SEP
MEM comp01 1587671167 2020/04/23 15:46:07 1 4096 65572099 18622195 46307690 55 363091 12998580 220783 0 988237 0 0 2097152 0 0
SEP
MEM comp01 1587671168 2020/04/23 15:46:08 1 4096 65572099 18622195 46307690 55 363091 12873139 220783 0 988237 0 0 2097152 0 0
SEP
MEM comp01 1587671169 2020/04/23 15:46:09 1 4096 65572099 18622205 46307690 55 363081 12748219 220783 0 988237 0 0 2097152 0 0
SEP
MEM comp01 1587671170 2020/04/23 15:46:10 1 4096 65572099 18622189 46307690 55 363097 12623283 220783 0 988237 0 0 2097152 0 0
SEP
MEM comp01 1587671171 2020/04/23 15:46:11 1 4096 65572099 18622337 46307690 55 362949 12497355 220783 0 988237 0 0 2097152 0 0
SEP
MEM comp01 1587671172 2020/04/23 15:46:12 1 4096 65572099 18622227 46307690 55 363059 12372923 220783 0 988237 0 0 2097152 0 0
SEP
MEM comp01 1587671173 2020/04/23 15:46:13 1 4096 65572099 18622383 46307690 55 362903 12247483 220783 0 988237 0 0 2097152 0 0
SEP
MEM comp01 1587671174 2020/04/23 15:46:14 1 4096 65572099 18622387 46307690 55 362903 12122043 220783 0 988237 0 0 2097152 0 0
SEP
MEM comp01 1587671175 2020/04/23 15:46:15 1 4096 65572099 18622347 46307690 55 362943 11998021 220783 0 988237 0 0 2097152 0 0
SEP
MEM comp01 1587671176 2020/04/23 15:46:16 1 4096 65572099 18622405 46307690 55 362885 11872691 220783 0 988237 0 0 2097152 0 0
SEP
MEM comp01 1587671177 2020/04/23 15:46:17 1 4096 65572099 18622385 46307690 55 362905 11746755 220783 0 988237 0 0 2097152 0 0
SEP
MEM comp01 1587671178 2020/04/23 15:46:18 1 4096 65572099 18622437 46307690 55 362875 11622338 220783 0 988237 0 0 2097152 0 0
SEP
MEM comp01 1587671179 2020/04/23 15:46:19 1 4096 65572099 18622435 46307690 55 362877 11496899 220783 0 988237 0 0 2097152 0 0
SEP
MEM comp01 1587671180 2020/04/23 15:46:20 1 4096 65572099 18622439 46307690 55 362873 11372483 220783 0 988237 0 0 2097152 0 0
SEP
MEM comp01 1587671181 2020/04/23 15:46:21 1 4096 65572099 18622433 46307690 55 362879 11246539 220783 0 988237 0 0 2097152 0 0
SEP
MEM comp01 1587671182 2020/04/23 15:46:22 1 4096 65572099 18622441 46307690 55 362871 11121367 220783 0 988237 0 0 2097152 0 0
SEP
MEM comp01 1587671183 2020/04/23 15:46:23 1 4096 65572099 18622421 46307690 55 362891 10997186 220783 0 988237 0 0 2097152 0 0
SEP
MEM comp01 1587671184 2020/04/23 15:46:24 1 4096 65572099 18622431 46307690 55 362881 10871251 220783 0 988237 0 0 2097152 0 0
SEP
MEM comp01 1587671185 2020/04/23 15:46:25 1 4096 65572099 18622455 46307690 55 362857 10745827 220783 0 988237 0 0 2097152 0 0
SEP
MEM comp01 1587671186 2020/04/23 15:46:26 1 4096 65572099 18622449 46307690 55 362863 10621379 220783 0 988237 0 0 2097152 0 0
SEP
MEM comp01 1587671187 2020/04/23 15:46:27 1 4096 65572099 18622451 46307690 55 362861 10494963 220783 0 988237 0 0 2097152 0 0
SEP
MEM comp01 1587671188 2020/04/23 15:46:28 1 4096 65572099 18622449 46307690 55 362865 10370710 220783 0 988237 0 0 2097152 0 0
SEP
MEM comp01 1587671189 2020/04/23 15:46:29 1 4096 65572099 18622441 46307690 55 362873 10245603 220783 0 988237 0 0 2097152 0 0
SEP
MEM comp01 1587671190 2020/04/23 15:46:30 1 4096 65572099 18622437 46307690 55 362877 10119691 220783 0 988237 0 0 2097152 0 0
SEP
MEM comp01 1587671191 2020/04/23 15:46:31 1 4096 65572099 18622445 46307690 55 362869 9995203 220783 0 988237 0 0 2097152 0 0
SEP
MEM comp01 1587671192 2020/04/23 15:46:32 1 4096 65572099 18622449 46307690 55 362865 9869819 220783 0 988237 0 0 2097152 0 0
SEP
MEM comp01 1587671193 2020/04/23 15:46:33 1 4096 65572099 18622438 46307690 55 362877 9744882 220783 0 988237 0 0 2097152 0 0
SEP
MEM comp01 1587671194 2020/04/23 15:46:34 1 4096 65572099 18622446 46307690 55 362869 9619971 220783 0 988237 0 0 2097152 0 0
SEP
MEM comp01 1587671195 2020/04/23 15:46:35 1 4096 65572099 18622452 46307690 55 362863 9493955 220783 0 988237 0 0 2097152 0 0
SEP
MEM comp01 1587671196 2020/04/23 15:46:36 1 4096 65572099 18622445 46307690 55 362863 9370099 220783 0 988237 0 0 2097152 0 0
SEP
MEM comp01 1587671197 2020/04/23 15:46:37 1 4096 65572099 18622425 46307690 55 362883 9244675 220783 0 988237 0 0 2097152 0 0
SEP
MEM comp01 1587671198 2020/04/23 15:46:38 1 4096 65572099 18622443 46307691 55 362865 9119234 220783 0 988237 0 0 2097152 0 0
SEP
MEM comp01 1587671199 2020/04/23 15:46:39 1 4096 65572099 18622429 46307691 55 362879 8998347 220783 0 988237 0 0 2097152 0 0
SEP
MEM comp01 1587671200 2020/04/23 15:46:40 1 4096 65572099 18622435 46307691 55 362873 8873382 220783 0 988237 0 0 2097152 0 0
SEP
MEM comp01 1587671201 2020/04/23 15:46:41 1 4096 65572099 18622443 46307691 55 362865 8748483 220783 0 988237 0 0 2097152 0 0
SEP
MEM comp01 1587671202 2020/04/23 15:46:42 1 4096 65572099 18622259 46307691 55 363049 8625091 220783 0 988237 0 0 2097152 0 0
SEP
MEM comp01 1587671203 2020/04/23 15:46:43 1 4096 65572099 18622270 46307691 55 363039 8500154 220783 0 988237 0 0 2097152 0 0
SEP
MEM comp01 1587671204 2020/04/23 15:46:44 1 4096 65572099 18622290 46307691 55 363023 8377755 220783 0 988237 0 0 2097152 0 0
SEP
MEM comp01 1587671205 2020/04/23 15:46:45 1 4096 65572099 18622272 46307691 55 363041 8251811 220783 0 988237 0 0 2097152 0 0
SEP
MEM comp01 1587671206 2020/04/23 15:46:46 1 4096 65572099 18622286 46307691 55 363027 8126513 220783 0 988237 0 0 2097152 0 0
SEP
MEM comp01 1587671207 2020/04/23 15:46:47 1 4096 65572099 18622292 46307691 55 363021 8003736 220783 0 988237 0 0 2097152 0 0
SEP
MEM comp01 1587671208 2020/04/23 15:46:48 1 4096 65572099 18622301 46307691 55 363027 7878042 220783 0 988237 0 0 2097152 0 0
SEP
MEM comp01 1587671209 2020/04/23 15:46:49 1 4096 65572099 18622299 46307691 55 363029 7754667 220783 0 988237 0 0 2097152 0 0
SEP
MEM comp01 1587671210 2020/04/23 15:46:50 1 4096 65572099 18622313 46307691 55 363015 7633299 220783 0 988237 0 0 2097152 0 0
SEP
MEM comp01 1587671211 2020/04/23 15:46:51 1 4096 65572099 18622297 46307691 55 363025 7508371 220783 0 988237 0 0 2097152 0 0
SEP
MEM comp01 1587671212 2020/04/23 15:46:52 1 4096 65572099 18622328 46307691 55 362997 7387539 220783 0 988237 0 0 2097152 0 0
SEP
MEM comp01 1587671213 2020/04/23 15:46:53 1 4096 65572099 18622317 46307691 55 363009 7262610 220783 0 988237 0 0 2097152 0 0
SEP
MEM comp01 1587671214 2020/04/23 15:46:54 1 4096 65572099 18622327 46307691 55 362999 7137683 220783 0 988237 0 0 2097152 0 0
SEP
MEM comp01 1587671215 2020/04/23 15:46:55 1 4096 65572099 18622343 46307691 55 362983 7016851 220783 0 988237 0 0 2097152 0 0
SEP
MEM comp01 1587671216 2020/04/23 15:46:56 1 4096 65572099 18622333 46307691 55 362993 6892459 220783 0 988237 0 0 2097152 0 0
SEP
MEM comp01 1587671217 2020/04/23 15:46:57 1 4096 65572099 18622423 46307691 55 362903 6768156 220783 0 988237 0 0 2097152 0 0
SEP
MEM comp01 1587671218 2020/04/23 15:46:58 1 4096 65572099 18622327 46307691 55 362999 6645659 220783 0 988237 0 0 2097152 0 0
SEP
MEM comp01 1587671219 2020/04/23 15:46:59 1 4096 65572099 18622333 46307691 55 362993 6520226 220783 0 988237 0 0 2097152 0 0
SEP
MEM comp01 1587671220 2020/04/23 15:47:00 1 4096 65572099 18622347 46307691 55 362979 6396843 220783 0 988237 0 0 2097152 0 0
SEP
MEM comp01 1587671221 2020/04/23 15:47:01 1 4096 65572099 18622443 46307691 55 362883 6317460 220783 0 988237 0 0 2097152 0 0
SEP
MEM comp01 1587671222 2020/04/23 15:47:02 1 4096 65572099 18622425 46307691 55 362901 6317460 220783 0 988237 0 0 2097152 0 0
SEP
MEM comp01 1587671223 2020/04/23 15:47:03 1 4096 65572099 18622437 46307692 55 362889 6317461 220783 0 988238 0 0 2097152 0 0
SEP
MEM comp01 1587671224 2020/04/23 15:47:04 1 4096 65572099 18622433 46307692 55 362901 6317460 220783 0 988238 0 0 2097152 0 0
SEP
MEM comp01 1587671225 2020/04/23 15:47:05 1 4096 65572099 18622433 46307692 55 362895 6317461 220783 0 988238 0 0 2097152 0 0
SEP
MEM comp01 1587671226 2020/04/23 15:47:06 1 4096 65572099 18622403 46307692 55 362925 6282148 220783 0 988238 0 0 2097152 0 0
SEP
MEM comp01 1587671227 2020/04/23 15:47:07 1 4096 65572099 18622463 46307692 55 362865 6156758 220783 0 988238 0 0 2097152 0 0
SEP
MEM comp01 1587671228 2020/04/23 15:47:08 1 4096 65572099 18622435 46307692 55 362893 6032291 220783 0 988238 0 0 2097152 0 0
SEP
MEM comp01 1587671229 2020/04/23 15:47:09 1 4096 65572099 18622414 46307692 55 362915 5906330 220783 0 988238 0 0 2097152 0 0
SEP
MEM comp01 1587671230 2020/04/23 15:47:10 1 4096 65572099 18622402 46307693 55 362927 5781404 220783 0 988238 0 0 2097152 0 0
SEP
MEM comp01 1587671231 2020/04/23 15:47:11 1 4096 65572099 18622418 46307693 55 362911 5656500 220783 0 988238 0 0 2097152 0 0
SEP
MEM comp01 1587671232 2020/04/23 15:47:12 1 4096 65572099 18622422 46307693 55 362907 5531044 220783 0 988238 0 0 2097152 0 0
SEP
MEM comp01 1587671233 2020/04/23 15:47:13 1 4096 65572099 18622408 46307693 55 362921 5407124 220783 0 988238 0 0 2097152 0 0
SEP
MEM comp01 1587671234 2020/04/23 15:47:14 1 4096 65572099 18622408 46307693 55 362921 5281690 220783 0 988238 0 0 2097152 0 0
SEP
MEM comp01 1587671235 2020/04/23 15:47:15 1 4096 65572099 18622414 46307693 55 362915 5156857 220783 0 988238 0 0 2097152 0 0
SEP
MEM comp01 1587671236 2020/04/23 15:47:16 1 4096 65572099 18622438 46307693 55 362891 5037979 220783 0 988238 0 0 2097152 0 0
SEP
MEM comp01 1587671237 2020/04/23 15:47:17 1 4096 65572099 18622466 46307693 55 362863 4917147 220783 0 988238 0 0 2097152 0 0
SEP
MEM comp01 1587671238 2020/04/23 15:47:18 1 4096 65572099 18622482 46307693 55 362847 4796341 220783 0 988238 0 0 2097152 0 0
SEP
MEM comp01 1587671239 2020/04/23 15:47:19 1 4096 65572099 18622513 46307693 55 362817 4671988 220783 0 988238 0 0 2097152 0 0
SEP
MEM comp01 1587671240 2020/04/23 15:47:20 1 4096 65572099 18622497 46307693 55 362833 4551803 220783 0 988238 0 0 2097152 0 0
SEP
