RESET
MEM comp01 1587667466 2020/04/23 14:44:26 3641924 4096 65572099 63815120 1279977 55 194631 6 51968 0 1248707 0 0 2097152 0 0
SEP
MEM comp01 1587667467 2020/04/23 14:44:27 1 4096 65572099 63569892 1402628 55 195085 7 52841 0 1248704 0 0 2097152 0 0
SEP
MEM comp01 1587667468 2020/04/23 14:44:28 1 4096 65572099 63314550 1527861 55 195304 7 53097 0 1248704 0 0 2097152 0 0
SEP
MEM comp01 1587667469 2020/04/23 14:44:29 1 4096 65572099 63063530 1652134 55 196854 7 54687 0 1248704 0 0 2097152 0 0
SEP
MEM comp01 1587667470 2020/04/23 14:44:30 1 4096 65572099 62813482 1776873 55 197108 1 54975 0 1248704 0 0 2097152 0 0
SEP
MEM comp01 1587667471 2020/04/23 14:44:31 1 4096 65572099 62563582 1901801 55 197382 1 55255 0 1248704 0 0 2097152 0 0
SEP
MEM comp01 1587667472 2020/04/23 14:44:32 1 4096 65572099 62312202 2026917 55 197668 0 55543 0 1248704 0 0 2097152 0 0
SEP
MEM comp01 1587667473 2020/04/23 14:44:33 1 4096 65572099 62063339 2151657 55 197942 1 55823 0 1248704 0 0 2097152 0 0
SEP
MEM comp01 1587667474 2020/04/23 14:44:34 1 4096 65572099 61813533 2276569 55 198144 1 56039 0 1248704 0 0 2097152 0 0
SEP
MEM comp01 1587667475 2020/04/23 14:44:35 1 4096 65572099 61563140 2401513 55 198486 1 56383 0 1248704 0 0 2097152 0 0
SEP
MEM comp01 1587667476 2020/04/23 14:44:36 1 4096 65572099 61312746 2526441 55 198778 1 56663 0 1248704 0 0 2097152 0 0
SEP
MEM comp01 1587667477 2020/04/23 14:44:37 1 4096 65572099 61062399 2650909 55 199044 1 56943 0 1248704 0 0 2097152 0 0
SEP
MEM comp01 1587667478 2020/04/23 14:44:38 1 4096 65572099 60813011 2775273 55 199330 1 57231 0 1248704 0 0 2097152 0 0
SEP
MEM comp01 1587667479 2020/04/23 14:44:39 1 4096 65572099 60563131 2900201 55 199632 1 57511 0 1248704 0 0 2097152 0 0
SEP
MEM comp01 1587667480 2020/04/23 14:44:40 1 4096 65572099 60312765 3025129 55 199896 1 57791 0 1248704 0 0 2097152 0 0
SEP
MEM comp01 1587667481 2020/04/23 14:44:41 1 4096 65572099 60062877 3150057 55 200194 1 58079 0 1248704 0 0 2097152 0 0
SEP
MEM comp01 1587667482 2020/04/23 14:44:42 1 4096 65572099 59812500 3274985 55 200478 0 58359 0 1248704 0 0 2097152 0 0
SEP
MEM comp01 1587667483 2020/04/23 14:44:43 1 4096 65572099 59562125 3399913 55 200758 1 58647 0 1248704 0 0 2097152 0 0
SEP
MEM comp01 1587667484 2020/04/23 14:44:44 1 4096 65572099 59311740 3524841 55 201048 1 58927 0 1248704 0 0 2097152 0 0
SEP
MEM comp01 1587667485 2020/04/23 14:44:45 1 4096 65572099 59061400 3649685 55 201316 1 59207 0 1248704 0 0 2097152 0 0
SEP
MEM comp01 1587667486 2020/04/23 14:44:46 1 4096 65572099 58812018 3773673 55 201604 1 59495 0 1248704 0 0 2097152 0 0
SEP
MEM comp01 1587667487 2020/04/23 14:44:47 1 4096 65572099 58561633 3898601 55 201880 1 59775 0 1248704 0 0 2097152 0 0
SEP
MEM comp01 1587667488 2020/04/23 14:44:48 1 4096 65572099 58311252 4023529 55 202166 1 60055 0 1248704 0 0 2097152 0 0
SEP
MEM comp01 1587667489 2020/04/23 14:44:49 1 4096 65572099 58060860 4148457 55 202456 1 60343 0 1248704 0 0 2097152 0 0
SEP
MEM comp01 1587667490 2020/04/23 14:44:50 1 4096 65572099 57811008 4273385 55 202720 1 60623 0 1248704 0 0 2097152 0 0
SEP
MEM comp01 1587667491 2020/04/23 14:44:51 1 4096 65572099 57561132 4398313 55 203006 1 60911 0 1248704 0 0 2097152 0 0
SEP
MEM comp01 1587667492 2020/04/23 14:44:52 1 4096 65572099 57310728 4523241 55 203308 1 61191 0 1248704 0 0 2097152 0 0
SEP
MEM comp01 1587667493 2020/04/23 14:44:53 1 4096 65572099 57056204 4650217 55 203596 2 61479 0 1248704 0 0 2097152 0 0
SEP
MEM comp01 1587667494 2020/04/23 14:44:54 1 4096 65572099 56809426 4773097 55 203868 2 61759 0 1248704 0 0 2097152 0 0
SEP
MEM comp01 1587667495 2020/04/23 14:44:55 1 4096 65572099 56559557 4898025 55 204154 2 62039 0 1248704 0 0 2097152 0 0
SEP
MEM comp01 1587667496 2020/04/23 14:44:56 1 4096 65572099 56309154 5022953 55 204448 2 62327 0 1248704 0 0 2097152 0 0
SEP
MEM comp01 1587667497 2020/04/23 14:44:57 1 4096 65572099 56058799 5147881 55 204708 2 62607 0 1248704 0 0 2097152 0 0
SEP
MEM comp01 1587667498 2020/04/23 14:44:58 1 4096 65572099 55808413 5272809 55 204992 2 62895 0 1248704 0 0 2097152 0 0
SEP
MEM comp01 1587667499 2020/04/23 14:44:59 1 4096 65572099 55558030 5397737 55 205274 2 63175 0 1248704 0 0 2097152 0 0
SEP
MEM comp01 1587667500 2020/04/23 14:45:00 1 4096 65572099 55307636 5522666 55 205566 3 63455 0 1248704 0 0 2097152 0 0
SEP
MEM comp01 1587667501 2020/04/23 14:45:01 1 4096 65572099 55057259 5647594 55 205848 3 63743 0 1248704 0 0 2097152 0 0
SEP
MEM comp01 1587667502 2020/04/23 14:45:02 1 4096 65572099 54806866 5772522 55 206146 3 64023 0 1248704 0 0 2097152 0 0
SEP
MEM comp01 1587667503 2020/04/23 14:45:03 1 4096 65572099 54556486 5897450 55 206424 3 64311 0 1248704 0 0 2097152 0 0
SEP
MEM comp01 1587667504 2020/04/23 14:45:04 1 4096 65572099 54306112 6022378 55 206704 2 64591 0 1248704 0 0 2097152 0 0
SEP
MEM comp01 1587667505 2020/04/23 14:45:05 1 4096 65572099 54059828 6145258 55 206992 2 64871 0 1248704 0 0 2097152 0 0
SEP
MEM comp01 1587667506 2020/04/23 14:45:06 1 4096 65572099 54030383 6158950 55 207000 2 64903 0 1248704 0 0 2097152 0 0
SEP
MEM comp01 1587667507 2020/04/23 14:45:07 1 4096 65572099 54030379 6158950 55 207012 2 64903 0 1248704 0 0 2097152 0 0
SEP
MEM comp01 1587667508 2020/04/23 14:45:08 1 4096 65572099 54030369 6158950 55 207022 2 64903 0 1248704 0 0 2097152 0 0
SEP
MEM comp01 1587667509 2020/04/23 14:45:09 1 4096 65572099 54030384 6158950 55 207000 2 64903 0 1248704 0 0 2097152 0 0
SEP
MEM comp01 1587667510 2020/04/23 14:45:10 1 4096 65572099 54030371 6158950 55 207020 2 64903 0 1248704 0 0 2097152 0 0
SEP
MEM comp01 1587667511 2020/04/23 14:45:11 1 4096 65572099 54030379 6158950 55 207012 2 64903 0 1248704 0 0 2097152 0 0
SEP
MEM comp01 1587667512 2020/04/23 14:45:12 1 4096 65572099 54030387 6158950 55 207004 2 64903 0 1248704 0 0 2097152 0 0
SEP
MEM comp01 1587667513 2020/04/23 14:45:13 1 4096 65572099 54030396 6158950 55 207002 1 64903 0 1248704 0 0 2097152 0 0
SEP
MEM comp01 1587667514 2020/04/23 14:45:14 1 4096 65572099 54030384 6158950 55 207014 1 64903 0 1248704 0 0 2097152 0 0
SEP
MEM comp01 1587667515 2020/04/23 14:45:15 1 4096 65572099 54030394 6158950 55 207004 1 64903 0 1248704 0 0 2097152 0 0
SEP
MEM comp01 1587667516 2020/04/23 14:45:16 1 4096 65572099 54030390 6158950 55 207008 1 64903 0 1248704 0 0 2097152 0 0
SEP
MEM comp01 1587667517 2020/04/23 14:45:17 1 4096 65572099 54030398 6158950 55 207000 1 64903 0 1248704 0 0 2097152 0 0
SEP
MEM comp01 1587667518 2020/04/23 14:45:18 1 4096 65572099 54030386 6158950 55 207012 1 64903 0 1248704 0 0 2097152 0 0
SEP
MEM comp01 1587667519 2020/04/23 14:45:19 1 4096 65572099 54030392 6158950 55 207014 2 64903 0 1248704 0 0 2097152 0 0
SEP
MEM comp01 1587667520 2020/04/23 14:45:20 1 4096 65572099 54030388 6158950 55 207018 2 64903 0 1248704 0 0 2097152 0 0
SEP
MEM comp01 1587667521 2020/04/23 14:45:21 1 4096 65572099 54030405 6158950 55 207002 2 64903 0 1248704 0 0 2097152 0 0
SEP
MEM comp01 1587667522 2020/04/23 14:45:22 1 4096 65572099 54030411 6158950 55 206996 2 64903 0 1248704 0 0 2097152 0 0
SEP
MEM comp01 1587667523 2020/04/23 14:45:23 1 4096 65572099 54030395 6158950 55 207012 2 64903 0 1248704 0 0 2097152 0 0
SEP
MEM comp01 1587667524 2020/04/23 14:45:24 1 4096 65572099 54030409 6158950 55 206998 2 64903 0 1248704 0 0 2097152 0 0
SEP
MEM comp01 1587667525 2020/04/23 14:45:25 1 4096 65572099 54030387 6158950 55 207020 2 64903 0 1248704 0 0 2097152 0 0
SEP
MEM comp01 1587667526 2020/04/23 14:45:26 1 4096 65572099 54030403 6158950 55 207004 2 64903 0 1248704 0 0 2097152 0 0
SEP
MEM comp01 1587667527 2020/04/23 14:45:27 1 4096 65572099 54030393 6158950 55 207014 2 64903 0 1248704 0 0 2097152 0 0
SEP
MEM comp01 1587667528 2020/04/23 14:45:28 1 4096 65572099 54030408 6158950 55 207006 2 64903 0 1248704 0 0 2097152 0 0
SEP
MEM comp01 1587667529 2020/04/23 14:45:29 1 4096 65572099 54030400 6158950 55 207008 2 64903 0 1248704 0 0 2097152 0 0
SEP
MEM comp01 1587667530 2020/04/23 14:45:30 1 4096 65572099 54030406 6158950 55 207002 2 64903 0 1248704 0 0 2097152 0 0
SEP
MEM comp01 1587667531 2020/04/23 14:45:31 1 4096 65572099 54030388 6158950 55 207020 2 64903 0 1248704 0 0 2097152 0 0
SEP
MEM comp01 1587667532 2020/04/23 14:45:32 1 4096 65572099 54030387 6158950 55 207014 2 64903 0 1248704 0 0 2097152 0 0
SEP
MEM comp01 1587667533 2020/04/23 14:45:33 1 4096 65572099 54030389 6158951 55 207012 3 64903 0 1248704 0 0 2097152 0 0
SEP
MEM comp01 1587667534 2020/04/23 14:45:34 1 4096 65572099 54030380 6158951 55 207022 3 64903 0 1248704 0 0 2097152 0 0
SEP
MEM comp01 1587667535 2020/04/23 14:45:35 1 4096 65572099 53375139 6812815 55 208412 653817 66311 0 1248704 0 0 2097152 0 0
SEP
MEM comp01 1587667536 2020/04/23 14:45:36 1 4096 65572099 52614042 7572063 55 210090 1413127 67991 0 1248704 0 0 2097152 0 0
SEP
MEM comp01 1587667537 2020/04/23 14:45:37 1 4096 65572099 51853373 8331004 55 211852 2172034 69751 0 1248704 0 0 2097152 0 0
SEP
MEM comp01 1587667538 2020/04/23 14:45:38 1 4096 65572099 51094640 9087955 55 213610 2929013 71511 0 1248704 0 0 2097152 0 0
SEP
MEM comp01 1587667539 2020/04/23 14:45:39 1 4096 65572099 50340455 9840580 55 215252 3681550 73151 0 1248704 0 0 2097152 0 0
SEP
MEM comp01 1587667540 2020/04/23 14:45:40 1 4096 65572099 49603768 10575464 55 217098 4362246 74863 0 1248704 0 0 2097152 0 0
SEP
MEM comp01 1587667541 2020/04/23 14:45:41 1 4096 65572099 53791058 11041765 55 218068 4755839 75975 0 1248704 0 0 2097152 0 0
SEP
MEM comp01 1587667542 2020/04/23 14:45:42 1 4096 65572099 52976902 11041765 55 218068 4755839 75975 0 1248704 0 0 2097152 0 0
SEP
MEM comp01 1587667543 2020/04/23 14:45:43 1 4096 65572099 52164256 11041765 55 218070 4755839 75975 0 1248704 0 0 2097152 0 0
SEP
MEM comp01 1587667544 2020/04/23 14:45:44 1 4096 65572099 51353716 11041765 55 218068 4755838 75975 0 1248704 0 0 2097152 0 0
SEP
MEM comp01 1587667545 2020/04/23 14:45:45 1 4096 65572099 50542660 11041765 55 218070 4755838 75975 0 1248704 0 0 2097152 0 0
SEP
MEM comp01 1587667546 2020/04/23 14:45:46 1 4096 65572099 49732113 11041765 55 218068 4719550 75975 0 1248704 0 0 2097152 0 0
SEP
MEM comp01 1587667547 2020/04/23 14:45:47 1 4096 65572099 49136341 11041765 55 218246 4594171 75975 0 1248704 0 0 2097152 0 0
SEP
MEM comp01 1587667548 2020/04/23 14:45:48 1 4096 65572099 49136158 11041765 55 218142 4467589 75975 0 1248704 0 0 2097152 0 0
SEP
MEM comp01 1587667549 2020/04/23 14:45:49 1 4096 65572099 49136180 11041765 55 218120 4341653 75975 0 1248704 0 0 2097152 0 0
SEP
MEM comp01 1587667550 2020/04/23 14:45:50 1 4096 65572099 49136177 11041765 55 218130 4216190 75975 0 1248704 0 0 2097152 0 0
SEP
MEM comp01 1587667551 2020/04/23 14:45:51 1 4096 65572099 49136177 11041765 55 218130 4089750 75975 0 1248704 0 0 2097152 0 0
SEP
MEM comp01 1587667552 2020/04/23 14:45:52 1 4096 65572099 49136199 11041765 55 218108 3964294 75975 0 1248704 0 0 2097152 0 0
SEP
MEM comp01 1587667553 2020/04/23 14:45:53 1 4096 65572099 49136224 11041765 55 218082 3838162 75975 0 1248704 0 0 2097152 0 0
SEP
MEM comp01 1587667554 2020/04/23 14:45:54 1 4096 65572099 49136195 11041765 55 218118 3711870 75975 0 1248704 0 0 2097152 0 0
SEP
MEM comp01 1587667555 2020/04/23 14:45:55 1 4096 65572099 49136219 11041765 55 218089 3586948 75975 0 1248704 0 0 2097152 0 0
SEP
MEM comp01 1587667556 2020/04/23 14:45:56 1 4096 65572099 49136745 11041765 55 218109 3461014 75975 0 1248704 0 0 2097152 0 0
SEP
MEM comp01 1587667557 2020/04/23 14:45:57 1 4096 65572099 49136280 11041766 55 218231 3335156 75975 0 1248704 0 0 2097152 0 0
SEP
MEM comp01 1587667558 2020/04/23 14:45:58 1 4096 65572099 49136424 11041766 55 218087 3209142 75975 0 1248704 0 0 2097152 0 0
SEP
MEM comp01 1587667559 2020/04/23 14:45:59 1 4096 65572099 49136411 11041766 55 218101 3082690 75975 0 1248704 0 0 2097152 0 0
SEP
MEM comp01 1587667560 2020/04/23 14:46:00 1 4096 65572099 49136430 11041766 55 218083 2957940 75975 0 1248704 0 0 2097152 0 0
SEP
MEM comp01 1587667561 2020/04/23 14:46:01 1 4096 65572099 49136441 11041766 55 218079 2831664 75975 0 1248704 0 0 2097152 0 0
SEP
MEM comp01 1587667562 2020/04/23 14:46:02 1 4096 65572099 49136423 11041766 55 218097 2705406 75975 0 1248704 0 0 2097152 0 0
SEP
MEM comp01 1587667563 2020/04/23 14:46:03 1 4096 65572099 49136413 11041766 55 218107 2580462 75975 0 1248704 0 0 2097152 0 0
SEP
MEM comp01 1587667564 2020/04/23 14:46:04 1 4096 65572099 49136382 11041766 55 218131 2454002 75975 0 1248704 0 0 2097152 0 0
SEP
MEM comp01 1587667565 2020/04/23 14:46:05 1 4096 65572099 49136411 11041767 55 218109 2328465 75975 0 1248704 0 0 2097152 0 0
SEP
MEM comp01 1587667566 2020/04/23 14:46:06 1 4096 65572099 49136413 11041767 55 218107 2202087 75975 0 1248704 0 0 2097152 0 0
SEP
MEM comp01 1587667567 2020/04/23 14:46:07 1 4096 65572099 49136423 11041767 55 218097 2075559 75975 0 1248704 0 0 2097152 0 0
SEP
MEM comp01 1587667568 2020/04/23 14:46:08 1 4096 65572099 49136429 11041767 55 218091 1950593 75975 0 1248704 0 0 2097152 0 0
SEP
MEM comp01 1587667569 2020/04/23 14:46:09 1 4096 65572099 49136435 11041767 55 218085 1824173 75975 0 1248704 0 0 2097152 0 0
SEP
MEM comp01 1587667570 2020/04/23 14:46:10 1 4096 65572099 49136397 11041767 55 218117 1698183 75975 0 1248704 0 0 2097152 0 0
SEP
MEM comp01 1587667571 2020/04/23 14:46:11 1 4096 65572099 49136419 11041767 55 218095 1572821 75975 0 1248704 0 0 2097152 0 0
SEP
MEM comp01 1587667572 2020/04/23 14:46:12 1 4096 65572099 49136429 11041767 55 218085 1446333 75975 0 1248704 0 0 2097152 0 0
SEP
MEM comp01 1587667573 2020/04/23 14:46:13 1 4096 65572099 49136432 11041767 55 218089 1320845 75975 0 1248704 0 0 2097152 0 0
SEP
MEM comp01 1587667574 2020/04/23 14:46:14 1 4096 65572099 49136428 11041767 55 218093 1194429 75975 0 1248704 0 0 2097152 0 0
SEP
MEM comp01 1587667575 2020/04/23 14:46:15 1 4096 65572099 49136446 11041767 55 218075 1068462 75975 0 1248704 0 0 2097152 0 0
SEP
MEM comp01 1587667576 2020/04/23 14:46:16 1 4096 65572099 49074631 11103243 55 218387 1004502 76103 0 1248704 0 0 2097152 0 0
SEP
MEM comp01 1587667577 2020/04/23 14:46:17 1 4096 65572099 48327260 11848963 55 220007 1623761 77743 0 1248704 0 0 2097152 0 0
SEP
MEM comp01 1587667578 2020/04/23 14:46:18 1 4096 65572099 47582712 12591843 55 221717 2241174 79447 0 1248704 0 0 2097152 0 0
SEP
MEM comp01 1587667579 2020/04/23 14:46:19 1 4096 65572099 46835460 13337451 55 223375 2860756 81111 0 1248704 0 0 2097152 0 0
SEP
MEM comp01 1587667580 2020/04/23 14:46:20 1 4096 65572099 46084717 14086354 55 225077 3483264 82815 0 1248704 0 0 2097152 0 0
SEP
MEM comp01 1587667581 2020/04/23 14:46:21 1 4096 65572099 45331906 14837467 55 226815 4109304 84559 0 1248704 0 0 2097152 0 0
SEP
MEM comp01 1587667582 2020/04/23 14:46:22 1 4096 65572099 44577608 15590219 55 228453 4735778 86223 0 1248704 0 0 2097152 0 0
SEP
MEM comp01 1587667583 2020/04/23 14:46:23 1 4096 65572099 48718669 15924580 55 229303 4943611 87047 0 1248704 0 0 2097152 0 0
SEP
MEM comp01 1587667584 2020/04/23 14:46:24 1 4096 65572099 47908764 15924580 55 229143 4882815 87047 0 1248704 0 0 2097152 0 0
SEP
MEM comp01 1587667585 2020/04/23 14:46:25 1 4096 65572099 47087959 15924580 55 229145 4882814 87047 0 1248704 0 0 2097152 0 0
SEP
MEM comp01 1587667586 2020/04/23 14:46:26 1 4096 65572099 46273309 15924580 55 229143 4882814 87047 0 1248704 0 0 2097152 0 0
SEP
MEM comp01 1587667587 2020/04/23 14:46:27 1 4096 65572099 45459174 15924580 55 229145 4882814 87047 0 1248704 0 0 2097152 0 0
SEP
MEM comp01 1587667588 2020/04/23 14:46:28 1 4096 65572099 44644019 15924580 55 229143 4882814 87047 0 1248704 0 0 2097152 0 0
SEP
MEM comp01 1587667589 2020/04/23 14:46:29 1 4096 65572099 44242550 15924580 55 229145 4882814 87047 0 1248704 0 0 2097152 0 0
SEP
MEM comp01 1587667590 2020/04/23 14:46:30 1 4096 65572099 44242544 15924580 55 229151 4882814 87047 0 1248704 0 0 2097152 0 0
SEP
MEM comp01 1587667591 2020/04/23 14:46:31 1 4096 65572099 44242553 15924580 55 229143 4882815 87047 0 1248704 0 0 2097152 0 0
SEP
MEM comp01 1587667592 2020/04/23 14:46:32 1 4096 65572099 44242557 15924580 55 229139 4882815 87047 0 1248704 0 0 2097152 0 0
SEP
MEM comp01 1587667593 2020/04/23 14:46:33 1 4096 65572099 44242533 15924580 55 229163 4882816 87047 0 1248704 0 0 2097152 0 0
SEP
MEM comp01 1587667594 2020/04/23 14:46:34 1 4096 65572099 44242532 15924580 55 229157 4882816 87047 0 1248704 0 0 2097152 0 0
SEP
MEM comp01 1587667595 2020/04/23 14:46:35 1 4096 65572099 44242540 15924580 55 229149 4882816 87047 0 1248704 0 0 2097152 0 0
SEP
MEM comp01 1587667596 2020/04/23 14:46:36 1 4096 65572099 44242538 15924581 55 229151 4882817 87047 0 1248704 0 0 2097152 0 0
SEP
MEM comp01 1587667597 2020/04/23 14:46:37 1 4096 65572099 44242540 15924581 55 229145 4882817 87047 0 1248704 0 0 2097152 0 0
SEP
MEM comp01 1587667598 2020/04/23 14:46:38 1 4096 65572099 44242544 15924581 55 229141 4882816 87047 0 1248704 0 0 2097152 0 0
SEP
MEM comp01 1587667599 2020/04/23 14:46:39 1 4096 65572099 44242542 15924581 55 229143 4882816 87047 0 1248704 0 0 2097152 0 0
SEP
MEM comp01 1587667600 2020/04/23 14:46:40 1 4096 65572099 44242546 15924581 55 229139 4882816 87047 0 1248704 0 0 2097152 0 0
SEP
MEM comp01 1587667601 2020/04/23 14:46:41 1 4096 65572099 44242543 15924581 55 229143 4882816 87047 0 1248704 0 0 2097152 0 0
SEP
MEM comp01 1587667602 2020/04/23 14:46:42 1 4096 65572099 44242531 15924581 55 229155 4882816 87047 0 1248704 0 0 2097152 0 0
SEP
MEM comp01 1587667603 2020/04/23 14:46:43 1 4096 65572099 44242535 15924581 55 229151 4882816 87047 0 1248704 0 0 2097152 0 0
SEP
MEM comp01 1587667604 2020/04/23 14:46:44 1 4096 65572099 44242535 15924581 55 229151 4882816 87047 0 1248704 0 0 2097152 0 0
SEP
MEM comp01 1587667605 2020/04/23 14:46:45 1 4096 65572099 44242545 15924581 55 229141 4882816 87047 0 1248704 0 0 2097152 0 0
SEP
MEM comp01 1587667606 2020/04/23 14:46:46 1 4096 65572099 44242529 15924581 55 229157 4882816 87047 0 1248704 0 0 2097152 0 0
SEP
MEM comp01 1587667607 2020/04/23 14:46:47 1 4096 65572099 44242538 15924581 55 229151 4882816 87047 0 1248704 0 0 2097152 0 0
SEP
MEM comp01 1587667608 2020/04/23 14:46:48 1 4096 65572099 44242538 15924581 55 229151 4882816 87047 0 1248704 0 0 2097152 0 0
SEP
MEM comp01 1587667609 2020/04/23 14:46:49 1 4096 65572099 44242534 15924581 55 229155 4882816 87047 0 1248704 0 0 2097152 0 0
SEP
MEM comp01 1587667610 2020/04/23 14:46:50 1 4096 65572099 44242421 15924581 55 229275 4781008 87047 0 1248704 0 0 2097152 0 0
SEP
MEM comp01 1587667611 2020/04/23 14:46:51 1 4096 65572099 44242479 15924581 55 229221 4654461 87047 0 1248704 0 0 2097152 0 0
SEP
MEM comp01 1587667612 2020/04/23 14:46:52 1 4096 65572099 44242487 15924581 55 229213 4529533 87047 0 1248704 0 0 2097152 0 0
SEP
MEM comp01 1587667613 2020/04/23 14:46:53 1 4096 65572099 44242485 15924581 55 229215 4403093 87047 0 1248704 0 0 2097152 0 0
SEP
MEM comp01 1587667614 2020/04/23 14:46:54 1 4096 65572099 44242503 15924581 55 229197 4276621 87047 0 1248704 0 0 2097152 0 0
SEP
MEM comp01 1587667615 2020/04/23 14:46:55 1 4096 65572099 44242499 15924581 55 229201 4151189 87047 0 1248704 0 0 2097152 0 0
SEP
MEM comp01 1587667616 2020/04/23 14:46:56 1 4096 65572099 44242491 15924581 55 229203 4024843 87047 0 1248704 0 0 2097152 0 0
SEP
MEM comp01 1587667617 2020/04/23 14:46:57 1 4096 65572099 44242493 15924581 55 229201 3899789 87047 0 1248704 0 0 2097152 0 0
SEP
MEM comp01 1587667618 2020/04/23 14:46:58 1 4096 65572099 43902961 16263357 55 229961 4112131 87815 0 1248704 0 0 2097152 0 0
SEP
MEM comp01 1587667619 2020/04/23 14:46:59 1 4096 65572099 43150231 17014447 55 231559 4736723 89423 0 1248704 0 0 2097152 0 0
SEP
MEM comp01 1587667620 2020/04/23 14:47:00 1 4096 65572099 42395759 17767215 55 233305 5364529 91175 0 1248704 0 0 2097152 0 0
SEP
MEM comp01 1587667621 2020/04/23 14:47:01 1 4096 65572099 41642231 18519049 55 235039 5989999 92919 0 1248704 0 0 2097152 0 0
SEP
MEM comp01 1587667622 2020/04/23 14:47:02 1 4096 65572099 40892975 19266699 55 236665 6611541 94543 0 1248704 0 0 2097152 0 0
SEP
MEM comp01 1587667623 2020/04/23 14:47:03 1 4096 65572099 40144901 20012964 55 238391 7231962 96279 0 1248704 0 0 2097152 0 0
SEP
MEM comp01 1587667624 2020/04/23 14:47:04 1 4096 65572099 39402381 20753890 55 240001 7846262 97887 0 1248704 0 0 2097152 0 0
SEP
MEM comp01 1587667625 2020/04/23 14:47:05 1 4096 65572099 44246965 20807400 55 240231 7774986 98119 0 1248704 0 0 2097152 0 0
SEP
MEM comp01 1587667626 2020/04/23 14:47:06 1 4096 65572099 44247046 20807400 55 240231 7648190 98119 0 1248704 0 0 2097152 0 0
SEP
MEM comp01 1587667627 2020/04/23 14:47:07 1 4096 65572099 44247036 20807400 55 240241 7522044 98119 0 1248704 0 0 2097152 0 0
SEP
MEM comp01 1587667628 2020/04/23 14:47:08 1 4096 65572099 44247041 20807401 55 240243 7396685 98119 0 1248704 0 0 2097152 0 0
SEP
MEM comp01 1587667629 2020/04/23 14:47:09 1 4096 65572099 44247027 20807401 55 240257 7270285 98119 0 1248704 0 0 2097152 0 0
SEP
MEM comp01 1587667630 2020/04/23 14:47:10 1 4096 65572099 44247023 20807401 55 240261 7144299 98119 0 1248704 0 0 2097152 0 0
SEP
MEM comp01 1587667631 2020/04/23 14:47:11 1 4096 65572099 44247062 20807401 55 240237 7018820 98119 0 1248704 0 0 2097152 0 0
SEP
MEM comp01 1587667632 2020/04/23 14:47:12 1 4096 65572099 44247058 20807401 55 240241 6892418 98119 0 1248704 0 0 2097152 0 0
SEP
MEM comp01 1587667633 2020/04/23 14:47:13 1 4096 65572099 44247046 20807401 55 240253 6767418 98119 0 1248704 0 0 2097152 0 0
SEP
MEM comp01 1587667634 2020/04/23 14:47:14 1 4096 65572099 44247048 20807401 55 240251 6640940 98119 0 1248704 0 0 2097152 0 0
SEP
MEM comp01 1587667635 2020/04/23 14:47:15 1 4096 65572099 44247037 20807401 55 240269 6514538 98119 0 1248704 0 0 2097152 0 0
SEP
MEM comp01 1587667636 2020/04/23 14:47:16 1 4096 65572099 44247046 20807401 55 240261 6389516 98119 0 1248704 0 0 2097152 0 0
SEP
MEM comp01 1587667637 2020/04/23 14:47:17 1 4096 65572099 44247050 20807401 55 240257 6263154 98119 0 1248704 0 0 2097152 0 0
SEP
MEM comp01 1587667638 2020/04/23 14:47:18 1 4096 65572099 44247085 20807401 55 240237 6137698 98119 0 1248704 0 0 2097152 0 0
SEP
MEM comp01 1587667639 2020/04/23 14:47:19 1 4096 65572099 44247077 20807401 55 240245 6011494 98119 0 1248704 0 0 2097152 0 0
SEP
MEM comp01 1587667640 2020/04/23 14:47:20 1 4096 65572099 44247067 20807401 55 240255 5885368 98119 0 1248704 0 0 2097152 0 0
SEP
MEM comp01 1587667641 2020/04/23 14:47:21 1 4096 65572099 44247097 20807401 55 240263 5759847 98119 0 1248704 0 0 2097152 0 0
SEP
MEM comp01 1587667642 2020/04/23 14:47:22 1 4096 65572099 44247122 20807401 55 240245 5633441 98119 0 1248704 0 0 2097152 0 0
SEP
MEM comp01 1587667643 2020/04/23 14:47:23 1 4096 65572099 44247118 20807401 55 240249 5507363 98119 0 1248704 0 0 2097152 0 0
SEP
MEM comp01 1587667644 2020/04/23 14:47:24 1 4096 65572099 44246953 20807401 55 240421 5381907 98119 0 1248704 0 0 2097152 0 0
SEP
MEM comp01 1587667645 2020/04/23 14:47:25 1 4096 65572099 44246947 20807401 55 240427 5255435 98119 0 1248704 0 0 2097152 0 0
SEP
MEM comp01 1587667646 2020/04/23 14:47:26 1 4096 65572099 44246973 20807401 55 240401 5130489 98119 0 1248704 0 0 2097152 0 0
SEP
MEM comp01 1587667647 2020/04/23 14:47:27 1 4096 65572099 44246961 20807401 55 240413 5004027 98119 0 1248704 0 0 2097152 0 0
SEP
MEM comp01 1587667648 2020/04/23 14:47:28 1 4096 65572099 44247119 20807401 55 240255 4877733 98119 0 1248704 0 0 2097152 0 0
SEP
MEM comp01 1587667649 2020/04/23 14:47:29 1 4096 65572099 44247129 20807401 55 240245 4849022 98119 0 1248704 0 0 2097152 0 0
SEP
MEM comp01 1587667650 2020/04/23 14:47:30 1 4096 65572099 44247131 20807401 55 240243 4849022 98119 0 1248704 0 0 2097152 0 0
SEP
MEM comp01 1587667651 2020/04/23 14:47:31 1 4096 65572099 44247137 20807401 55 240237 4849022 98119 0 1248704 0 0 2097152 0 0
SEP
MEM comp01 1587667652 2020/04/23 14:47:32 1 4096 65572099 44247147 20807401 55 240227 4849022 98119 0 1248704 0 0 2097152 0 0
SEP
MEM comp01 1587667653 2020/04/23 14:47:33 1 4096 65572099 44247135 20807401 55 240239 4849022 98119 0 1248704 0 0 2097152 0 0
SEP
MEM comp01 1587667654 2020/04/23 14:47:34 1 4096 65572099 44246969 20807401 55 240405 4751750 98119 0 1248704 0 0 2097152 0 0
SEP
MEM comp01 1587667655 2020/04/23 14:47:35 1 4096 65572099 44247081 20807401 55 240293 4625411 98119 0 1248704 0 0 2097152 0 0
SEP
MEM comp01 1587667656 2020/04/23 14:47:36 1 4096 65572099 44247086 20807401 55 240295 4499333 98119 0 1248704 0 0 2097152 0 0
SEP
MEM comp01 1587667657 2020/04/23 14:47:37 1 4096 65572099 44247108 20807401 55 240273 4373397 98119 0 1248704 0 0 2097152 0 0
SEP
MEM comp01 1587667658 2020/04/23 14:47:38 1 4096 65572099 44247102 20807401 55 240279 4247303 98119 0 1248704 0 0 2097152 0 0
SEP
MEM comp01 1587667659 2020/04/23 14:47:39 1 4096 65572099 44247098 20807402 55 240283 4121998 98119 0 1248704 0 0 2097152 0 0
SEP
MEM comp01 1587667660 2020/04/23 14:47:40 1 4096 65572099 44247116 20807402 55 240265 3995526 98119 0 1248704 0 0 2097152 0 0
SEP
MEM comp01 1587667661 2020/04/23 14:47:41 1 4096 65572099 44247106 20807402 55 240275 3869054 98119 0 1248704 0 0 2097152 0 0
SEP
MEM comp01 1587667662 2020/04/23 14:47:42 1 4096 65572099 44247108 20807402 55 240273 3744127 98119 0 1248704 0 0 2097152 0 0
SEP
MEM comp01 1587667663 2020/04/23 14:47:43 1 4096 65572099 44247112 20807402 55 240269 3617687 98119 0 1248704 0 0 2097152 0 0
SEP
MEM comp01 1587667664 2020/04/23 14:47:44 1 4096 65572099 44247134 20807402 55 240247 3491719 98119 0 1248704 0 0 2097152 0 0
SEP
MEM comp01 1587667665 2020/04/23 14:47:45 1 4096 65572099 44247120 20807402 55 240261 3365801 98119 0 1248704 0 0 2097152 0 0
SEP
MEM comp01 1587667666 2020/04/23 14:47:46 1 4096 65572099 44247137 20807402 55 240251 3239353 98119 0 1248704 0 0 2097152 0 0
SEP
MEM comp01 1587667667 2020/04/23 14:47:47 1 4096 65572099 44247153 20807402 55 240243 3114369 98119 0 1248704 0 0 2097152 0 0
SEP
MEM comp01 1587667668 2020/04/23 14:47:48 1 4096 65572099 44247147 20807402 55 240249 2987991 98119 0 1248704 0 0 2097152 0 0
SEP
MEM comp01 1587667669 2020/04/23 14:47:49 1 4096 65572099 44247133 20807402 55 240263 2861457 98119 0 1248704 0 0 2097152 0 0
SEP
MEM comp01 1587667670 2020/04/23 14:47:50 1 4096 65572099 44247165 20807402 55 240231 2736623 98119 0 1248704 0 0 2097152 0 0
SEP
MEM comp01 1587667671 2020/04/23 14:47:51 1 4096 65572099 44247167 20807402 55 240229 2610119 98119 0 1248704 0 0 2097152 0 0
SEP
MEM comp01 1587667672 2020/04/23 14:47:52 1 4096 65572099 44247142 20807402 55 240256 2484687 98119 0 1248704 0 0 2097152 0 0
SEP
MEM comp01 1587667673 2020/04/23 14:47:53 1 4096 65572099 44247170 20807402 55 240228 2358223 98119 0 1248704 0 0 2097152 0 0
SEP
MEM comp01 1587667674 2020/04/23 14:47:54 1 4096 65572099 44247136 20807402 55 240262 2231861 98119 0 1248704 0 0 2097152 0 0
SEP
MEM comp01 1587667675 2020/04/23 14:47:55 1 4096 65572099 44247135 20807402 55 240258 2106783 98119 0 1248704 0 0 2097152 0 0
SEP
MEM comp01 1587667676 2020/04/23 14:47:56 1 4096 65572099 44247109 20807402 55 240285 1980840 98119 0 1248704 0 0 2097152 0 0
SEP
MEM comp01 1587667677 2020/04/23 14:47:57 1 4096 65572099 44247137 20807402 55 240257 1854344 98119 0 1248704 0 0 2097152 0 0
SEP
MEM comp01 1587667678 2020/04/23 14:47:58 1 4096 65572099 44247135 20807402 55 240259 1729148 98119 0 1248704 0 0 2097152 0 0
SEP
MEM comp01 1587667679 2020/04/23 14:47:59 1 4096 65572099 44247167 20807402 55 240227 1603046 98119 0 1248704 0 0 2097152 0 0
SEP
MEM comp01 1587667680 2020/04/23 14:48:00 1 4096 65572099 44247149 20807402 55 240245 1477616 98119 0 1248704 0 0 2097152 0 0
SEP
MEM comp01 1587667681 2020/04/23 14:48:01 1 4096 65572099 44247143 20807402 55 240251 1351109 98119 0 1248704 0 0 2097152 0 0
SEP
MEM comp01 1587667682 2020/04/23 14:48:02 1 4096 65572099 44247007 20807402 55 240387 1224748 98119 0 1248704 0 0 2097152 0 0
SEP
MEM comp01 1587667683 2020/04/23 14:48:03 1 4096 65572099 44246971 20807402 55 240423 1099686 98119 0 1248704 0 0 2097152 0 0
SEP
MEM comp01 1587667684 2020/04/23 14:48:04 1 4096 65572099 44246977 20807402 55 240417 973214 98119 0 1248704 0 0 2097152 0 0
SEP
MEM comp01 1587667685 2020/04/23 14:48:05 1 4096 65572099 44246973 20807402 55 240421 847246 98119 0 1248704 0 0 2097152 0 0
SEP
MEM comp01 1587667686 2020/04/23 14:48:06 1 4096 65572099 44246973 20807402 55 240421 721900 98119 0 1248704 0 0 2097152 0 0
SEP
MEM comp01 1587667687 2020/04/23 14:48:07 1 4096 65572099 44246891 20807402 55 240503 595523 98119 0 1248704 0 0 2097152 0 0
SEP
MEM comp01 1587667688 2020/04/23 14:48:08 1 4096 65572099 44246983 20807402 55 240411 470415 98119 0 1248704 0 0 2097152 0 0
SEP
MEM comp01 1587667689 2020/04/23 14:48:09 1 4096 65572099 44246975 20807402 55 240419 343943 98119 0 1248704 0 0 2097152 0 0
SEP
MEM comp01 1587667690 2020/04/23 14:48:10 1 4096 65572099 44246967 20807402 55 240427 217613 98119 0 1248704 0 0 2097152 0 0
SEP
MEM comp01 1587667691 2020/04/23 14:48:11 1 4096 65572099 44246975 20807403 55 240419 92040 98119 0 1248704 0 0 2097152 0 0
SEP
MEM comp01 1587667692 2020/04/23 14:48:12 1 4096 65572099 44247136 20807403 55 240259 1 98119 0 1248704 0 0 2097152 0 0
SEP
MEM comp01 1587667693 2020/04/23 14:48:13 1 4096 65572099 44247150 20807403 55 240245 2 98119 0 1248704 0 0 2097152 0 0
SEP
MEM comp01 1587667694 2020/04/23 14:48:14 1 4096 65572099 44247152 20807403 55 240243 2 98119 0 1248704 0 0 2097152 0 0
SEP
MEM comp01 1587667695 2020/04/23 14:48:15 1 4096 65572099 44247138 20807403 55 240257 2 98119 0 1248704 0 0 2097152 0 0
SEP
MEM comp01 1587667696 2020/04/23 14:48:16 1 4096 65572099 44247132 20807403 55 240265 2 98119 0 1248704 0 0 2097152 0 0
SEP
MEM comp01 1587667697 2020/04/23 14:48:17 1 4096 65572099 44247142 20807403 55 240255 2 98119 0 1248704 0 0 2097152 0 0
SEP
MEM comp01 1587667698 2020/04/23 14:48:18 1 4096 65572099 44247143 20807403 55 240255 2 98119 0 1248704 0 0 2097152 0 0
SEP
MEM comp01 1587667699 2020/04/23 14:48:19 1 4096 65572099 44247151 20807403 55 240247 2 98119 0 1248704 0 0 2097152 0 0
SEP
MEM comp01 1587667700 2020/04/23 14:48:20 1 4096 65572099 44247137 20807403 55 240261 2 98119 0 1248704 0 0 2097152 0 0
SEP
MEM comp01 1587667701 2020/04/23 14:48:21 1 4096 65572099 44247141 20807403 55 240257 2 98119 0 1248704 0 0 2097152 0 0
SEP
MEM comp01 1587667702 2020/04/23 14:48:22 1 4096 65572099 44247133 20807403 55 240265 2 98119 0 1248704 0 0 2097152 0 0
SEP
MEM comp01 1587667703 2020/04/23 14:48:23 1 4096 65572099 44247137 20807403 55 240261 2 98119 0 1248704 0 0 2097152 0 0
SEP
MEM comp01 1587667704 2020/04/23 14:48:24 1 4096 65572099 44247153 20807403 55 240253 2 98119 0 1248704 0 0 2097152 0 0
SEP
MEM comp01 1587667705 2020/04/23 14:48:25 1 4096 65572099 44247155 20807403 55 240251 2 98119 0 1248704 0 0 2097152 0 0
SEP
MEM comp01 1587667706 2020/04/23 14:48:26 1 4096 65572099 44247151 20807403 55 240255 2 98119 0 1248704 0 0 2097152 0 0
SEP
MEM comp01 1587667707 2020/04/23 14:48:27 1 4096 65572099 44247150 20807403 55 240263 2 98119 0 1248704 0 0 2097152 0 0
SEP
MEM comp01 1587667708 2020/04/23 14:48:28 1 4096 65572099 44247151 20807403 55 240263 3 98119 0 1248704 0 0 2097152 0 0
SEP
MEM comp01 1587667709 2020/04/23 14:48:29 1 4096 65572099 44247165 20807403 55 240249 3 98119 0 1248704 0 0 2097152 0 0
SEP
MEM comp01 1587667710 2020/04/23 14:48:30 1 4096 65572099 44247153 20807403 55 240261 3 98119 0 1248704 0 0 2097152 0 0
SEP
MEM comp01 1587667711 2020/04/23 14:48:31 1 4096 65572099 44247158 20807403 55 240263 3 98119 0 1248704 0 0 2097152 0 0
SEP
MEM comp01 1587667712 2020/04/23 14:48:32 1 4096 65572099 44247158 20807403 55 240263 3 98119 0 1248704 0 0 2097152 0 0
SEP
MEM comp01 1587667713 2020/04/23 14:48:33 1 4096 65572099 44247172 20807403 55 240249 2 98119 0 1248704 0 0 2097152 0 0
SEP
MEM comp01 1587667714 2020/04/23 14:48:34 1 4096 65572099 44247178 20807403 55 240243 2 98119 0 1248704 0 0 2097152 0 0
SEP
MEM comp01 1587667715 2020/04/23 14:48:35 1 4096 65572099 44247174 20807403 55 240247 2 98119 0 1248704 0 0 2097152 0 0
SEP
MEM comp01 1587667716 2020/04/23 14:48:36 1 4096 65572099 44247178 20807403 55 240243 2 98119 0 1248704 0 0 2097152 0 0
SEP
MEM comp01 1587667717 2020/04/23 14:48:37 1 4096 65572099 44247160 20807403 55 240261 2 98119 0 1248704 0 0 2097152 0 0
SEP
MEM comp01 1587667718 2020/04/23 14:48:38 1 4096 65572099 44247178 20807403 55 240251 2 98119 0 1248704 0 0 2097152 0 0
SEP
MEM comp01 1587667719 2020/04/23 14:48:39 1 4096 65572099 44247174 20807403 55 240255 2 98119 0 1248704 0 0 2097152 0 0
SEP
MEM comp01 1587667720 2020/04/23 14:48:40 1 4096 65572099 44247182 20807403 55 240247 2 98119 0 1248704 0 0 2097152 0 0
SEP
MEM comp01 1587667721 2020/04/23 14:48:41 1 4096 65572099 44247160 20807403 55 240269 2 98119 0 1248704 0 0 2097152 0 0
SEP
MEM comp01 1587667722 2020/04/23 14:48:42 1 4096 65572099 44247187 20807403 55 240243 2 98119 0 1248704 0 0 2097152 0 0
SEP
MEM comp01 1587667723 2020/04/23 14:48:43 1 4096 65572099 44247181 20807403 55 240249 2 98119 0 1248704 0 0 2097152 0 0
SEP
MEM comp01 1587667724 2020/04/23 14:48:44 1 4096 65572099 44247169 20807404 55 240263 3 98119 0 1248704 0 0 2097152 0 0
SEP
MEM comp01 1587667725 2020/04/23 14:48:45 1 4096 65572099 44247165 20807404 55 240268 3 98119 0 1248704 0 0 2097152 0 0
SEP
MEM comp01 1587667726 2020/04/23 14:48:46 1 4096 65572099 44247151 20807404 55 240282 3 98119 0 1248704 0 0 2097152 0 0
SEP
MEM comp01 1587667727 2020/04/23 14:48:47 1 4096 65572099 44247165 20807404 55 240270 3 98119 0 1248704 0 0 2097152 0 0
SEP
MEM comp01 1587667728 2020/04/23 14:48:48 1 4096 65572099 44247157 20807404 55 240274 2 98119 0 1248704 0 0 2097152 0 0
SEP
MEM comp01 1587667729 2020/04/23 14:48:49 1 4096 65572099 44247157 20807404 55 240276 2 98119 0 1248704 0 0 2097152 0 0
SEP
MEM comp01 1587667730 2020/04/23 14:48:50 1 4096 65572099 44247166 20807404 55 240274 2 98119 0 1248704 0 0 2097152 0 0
SEP
MEM comp01 1587667731 2020/04/23 14:48:51 1 4096 65572099 44247142 20807404 55 240298 2 98119 0 1248704 0 0 2097152 0 0
SEP
MEM comp01 1587667732 2020/04/23 14:48:52 1 4096 65572099 44247136 20807404 55 240304 2 98119 0 1248704 0 0 2097152 0 0
SEP
MEM comp01 1587667733 2020/04/23 14:48:53 1 4096 65572099 44247175 20807404 55 240266 1 98119 0 1248704 0 0 2097152 0 0
SEP
MEM comp01 1587667734 2020/04/23 14:48:54 1 4096 65572099 44247171 20807404 55 240270 2 98119 0 1248704 0 0 2097152 0 0
SEP
MEM comp01 1587667735 2020/04/23 14:48:55 1 4096 65572099 44247171 20807404 55 240270 2 98119 0 1248704 0 0 2097152 0 0
SEP
MEM comp01 1587667736 2020/04/23 14:48:56 1 4096 65572099 44247183 20807404 55 240258 2 98119 0 1248704 0 0 2097152 0 0
SEP
MEM comp01 1587667737 2020/04/23 14:48:57 1 4096 65572099 44247163 20807404 55 240278 2 98119 0 1248704 0 0 2097152 0 0
SEP
MEM comp01 1587667738 2020/04/23 14:48:58 1 4096 65572099 44247174 20807404 55 240268 2 98119 0 1248704 0 0 2097152 0 0
SEP
MEM comp01 1587667739 2020/04/23 14:48:59 1 4096 65572099 44247160 20807404 55 240282 2 98119 0 1248704 0 0 2097152 0 0
SEP
MEM comp01 1587667740 2020/04/23 14:49:00 1 4096 65572099 44247178 20807404 55 240264 2 98119 0 1248704 0 0 2097152 0 0
SEP
MEM comp01 1587667741 2020/04/23 14:49:01 1 4096 65572099 44247158 20807404 55 240284 2 98119 0 1248704 0 0 2097152 0 0
SEP
MEM comp01 1587667742 2020/04/23 14:49:02 1 4096 65572099 44247164 20807404 55 240278 2 98119 0 1248704 0 0 2097152 0 0
SEP
MEM comp01 1587667743 2020/04/23 14:49:03 1 4096 65572099 44247174 20807404 55 240268 2 98119 0 1248704 0 0 2097152 0 0
SEP
MEM comp01 1587667744 2020/04/23 14:49:04 1 4096 65572099 44247160 20807404 55 240282 2 98119 0 1248704 0 0 2097152 0 0
SEP
MEM comp01 1587667745 2020/04/23 14:49:05 1 4096 65572099 44247180 20807404 55 240262 2 98119 0 1248704 0 0 2097152 0 0
SEP
MEM comp01 1587667746 2020/04/23 14:49:06 1 4096 65572099 44247162 20807404 55 240280 2 98119 0 1248704 0 0 2097152 0 0
SEP
MEM comp01 1587667747 2020/04/23 14:49:07 1 4096 65572099 44247182 20807404 55 240260 2 98119 0 1248704 0 0 2097152 0 0
SEP
MEM comp01 1587667748 2020/04/23 14:49:08 1 4096 65572099 44247182 20807404 55 240260 2 98119 0 1248704 0 0 2097152 0 0
SEP
MEM comp01 1587667749 2020/04/23 14:49:09 1 4096 65572099 44247183 20807404 55 240260 2 98119 0 1248704 0 0 2097152 0 0
SEP
MEM comp01 1587667750 2020/04/23 14:49:10 1 4096 65572099 44247161 20807404 55 240282 2 98119 0 1248704 0 0 2097152 0 0
SEP
MEM comp01 1587667751 2020/04/23 14:49:11 1 4096 65572099 44247181 20807404 55 240262 2 98119 0 1248704 0 0 2097152 0 0
SEP
MEM comp01 1587667752 2020/04/23 14:49:12 1 4096 65572099 44247185 20807404 55 240258 2 98119 0 1248704 0 0 2097152 0 0
SEP
MEM comp01 1587667753 2020/04/23 14:49:13 1 4096 65572099 44247173 20807404 55 240270 2 98119 0 1248704 0 0 2097152 0 0
SEP
MEM comp01 1587667754 2020/04/23 14:49:14 1 4096 65572099 44247164 20807404 55 240280 2 98119 0 1248704 0 0 2097152 0 0
SEP
MEM comp01 1587667755 2020/04/23 14:49:15 1 4096 65572099 44247170 20807404 55 240274 2 98119 0 1248704 0 0 2097152 0 0
SEP
MEM comp01 1587667756 2020/04/23 14:49:16 1 4096 65572099 44247186 20807404 55 240258 2 98119 0 1248704 0 0 2097152 0 0
SEP
MEM comp01 1587667757 2020/04/23 14:49:17 1 4096 65572099 44247162 20807405 55 240282 3 98119 0 1248704 0 0 2097152 0 0
SEP
MEM comp01 1587667758 2020/04/23 14:49:18 1 4096 65572099 44247184 20807405 55 240260 3 98119 0 1248704 0 0 2097152 0 0
SEP
MEM comp01 1587667759 2020/04/23 14:49:19 1 4096 65572099 44247177 20807405 55 240268 3 98119 0 1248704 0 0 2097152 0 0
SEP
MEM comp01 1587667760 2020/04/23 14:49:20 1 4096 65572099 44247165 20807405 55 240280 3 98119 0 1248704 0 0 2097152 0 0
SEP
MEM comp01 1587667761 2020/04/23 14:49:21 1 4096 65572099 44247165 20807405 55 240280 3 98119 0 1248704 0 0 2097152 0 0
SEP
MEM comp01 1587667762 2020/04/23 14:49:22 1 4096 65572099 44247177 20807405 55 240268 3 98119 0 1248704 0 0 2097152 0 0
SEP
MEM comp01 1587667763 2020/04/23 14:49:23 1 4096 65572099 44247183 20807405 55 240262 3 98119 0 1248704 0 0 2097152 0 0
SEP
MEM comp01 1587667764 2020/04/23 14:49:24 1 4096 65572099 44247179 20807405 55 240266 3 98119 0 1248704 0 0 2097152 0 0
SEP
MEM comp01 1587667765 2020/04/23 14:49:25 1 4096 65572099 44247169 20807405 55 240276 3 98119 0 1248704 0 0 2097152 0 0
SEP
MEM comp01 1587667766 2020/04/23 14:49:26 1 4096 65572099 44247165 20807405 55 240280 3 98119 0 1248704 0 0 2097152 0 0
SEP
MEM comp01 1587667767 2020/04/23 14:49:27 1 4096 65572099 44247176 20807405 55 240264 3 98119 0 1248704 0 0 2097152 0 0
SEP
MEM comp01 1587667768 2020/04/23 14:49:28 1 4096 65572099 44247180 20807405 55 240260 3 98119 0 1248704 0 0 2097152 0 0
SEP
MEM comp01 1587667769 2020/04/23 14:49:29 1 4096 65572099 44247181 20807405 55 240266 2 98119 0 1248704 0 0 2097152 0 0
SEP
MEM comp01 1587667770 2020/04/23 14:49:30 1 4096 65572099 44247166 20807405 55 240282 2 98119 0 1248704 0 0 2097152 0 0
SEP
MEM comp01 1587667771 2020/04/23 14:49:31 1 4096 65572099 44247176 20807405 55 240272 2 98119 0 1248704 0 0 2097152 0 0
SEP
MEM comp01 1587667772 2020/04/23 14:49:32 1 4096 65572099 44247188 20807405 55 240260 2 98119 0 1248704 0 0 2097152 0 0
SEP
MEM comp01 1587667773 2020/04/23 14:49:33 1 4096 65572099 44247188 20807405 55 240260 2 98119 0 1248704 0 0 2097152 0 0
SEP
MEM comp01 1587667774 2020/04/23 14:49:34 1 4096 65572099 44247178 20807405 55 240270 1 98119 0 1248704 0 0 2097152 0 0
SEP
MEM comp01 1587667775 2020/04/23 14:49:35 1 4096 65572099 44247180 20807405 55 240268 2 98119 0 1248704 0 0 2097152 0 0
SEP
MEM comp01 1587667776 2020/04/23 14:49:36 1 4096 65572099 44247174 20807405 55 240274 2 98119 0 1248704 0 0 2097152 0 0
SEP
MEM comp01 1587667777 2020/04/23 14:49:37 1 4096 65572099 44247168 20807405 55 240280 2 98119 0 1248704 0 0 2097152 0 0
SEP
MEM comp01 1587667778 2020/04/23 14:49:38 1 4096 65572099 44247174 20807405 55 240274 2 98119 0 1248704 0 0 2097152 0 0
SEP
MEM comp01 1587667779 2020/04/23 14:49:39 1 4096 65572099 44247187 20807405 55 240262 2 98119 0 1248704 0 0 2097152 0 0
SEP
MEM comp01 1587667780 2020/04/23 14:49:40 1 4096 65572099 44247189 20807405 55 240260 2 98119 0 1248704 0 0 2097152 0 0
SEP
MEM comp01 1587667781 2020/04/23 14:49:41 1 4096 65572099 44247187 20807405 55 240262 2 98119 0 1248704 0 0 2097152 0 0
SEP
MEM comp01 1587667782 2020/04/23 14:49:42 1 4096 65572099 44247187 20807405 55 240270 2 98119 0 1248704 0 0 2097152 0 0
SEP
MEM comp01 1587667783 2020/04/23 14:49:43 1 4096 65572099 44247197 20807405 55 240260 2 98119 0 1248704 0 0 2097152 0 0
SEP
MEM comp01 1587667784 2020/04/23 14:49:44 1 4096 65572099 44247181 20807405 55 240276 2 98119 0 1248704 0 0 2097152 0 0
SEP
MEM comp01 1587667785 2020/04/23 14:49:45 1 4096 65572099 44247175 20807405 55 240282 2 98119 0 1248704 0 0 2097152 0 0
SEP
MEM comp01 1587667786 2020/04/23 14:49:46 1 4096 65572099 44247175 20807405 55 240282 2 98119 0 1248704 0 0 2097152 0 0
SEP
MEM comp01 1587667787 2020/04/23 14:49:47 1 4096 65572099 44247195 20807405 55 240262 2 98119 0 1248704 0 0 2097152 0 0
SEP
MEM comp01 1587667788 2020/04/23 14:49:48 1 4096 65572099 44247183 20807405 55 240274 2 98119 0 1248704 0 0 2097152 0 0
SEP
MEM comp01 1587667789 2020/04/23 14:49:49 1 4096 65572099 44247204 20807405 55 240260 2 98119 0 1248704 0 0 2097152 0 0
SEP
MEM comp01 1587667790 2020/04/23 14:49:50 1 4096 65572099 44247205 20807406 55 240260 3 98119 0 1248704 0 0 2097152 0 0
SEP
MEM comp01 1587667791 2020/04/23 14:49:51 1 4096 65572099 44247183 20807406 55 240282 3 98119 0 1248704 0 0 2097152 0 0
SEP
MEM comp01 1587667792 2020/04/23 14:49:52 1 4096 65572099 44247205 20807406 55 240260 3 98119 0 1248704 0 0 2097152 0 0
SEP
MEM comp01 1587667793 2020/04/23 14:49:53 1 4096 65572099 44247187 20807406 55 240278 3 98119 0 1248704 0 0 2097152 0 0
SEP
MEM comp01 1587667794 2020/04/23 14:49:54 1 4096 65572099 44247181 20807406 55 240284 3 98119 0 1248704 0 0 2097152 0 0
SEP
MEM comp01 1587667795 2020/04/23 14:49:55 1 4096 65572099 44247181 20807406 55 240284 2 98119 0 1248704 0 0 2097152 0 0
SEP
MEM comp01 1587667796 2020/04/23 14:49:56 1 4096 65572099 44247203 20807406 55 240262 2 98119 0 1248704 0 0 2097152 0 0
SEP
MEM comp01 1587667797 2020/04/23 14:49:57 1 4096 65572099 44247181 20807406 55 240284 2 98119 0 1248704 0 0 2097152 0 0
SEP
MEM comp01 1587667798 2020/04/23 14:49:58 1 4096 65572099 44247184 20807406 55 240274 2 98119 0 1248704 0 0 2097152 0 0
SEP
MEM comp01 1587667799 2020/04/23 14:49:59 1 4096 65572099 44247190 20807406 55 240276 2 98119 0 1248704 0 0 2097152 0 0
SEP
MEM comp01 1587667800 2020/04/23 14:50:00 1 4096 65572099 44247186 20807406 55 240280 2 98119 0 1248704 0 0 2097152 0 0
SEP
MEM comp01 1587667801 2020/04/23 14:50:01 1 4096 65572099 44247206 20807406 55 240260 2 98119 0 1248704 0 0 2097152 0 0
SEP
MEM comp01 1587667802 2020/04/23 14:50:02 1 4096 65572099 44247184 20807406 55 240282 2 98119 0 1248704 0 0 2097152 0 0
SEP
MEM comp01 1587667803 2020/04/23 14:50:03 1 4096 65572099 44247186 20807406 55 240280 2 98119 0 1248704 0 0 2097152 0 0
SEP
MEM comp01 1587667804 2020/04/23 14:50:04 1 4096 65572099 44247198 20807406 55 240268 2 98119 0 1248704 0 0 2097152 0 0
SEP
MEM comp01 1587667805 2020/04/23 14:50:05 1 4096 65572099 44247192 20807406 55 240274 3 98119 0 1248704 0 0 2097152 0 0
SEP
MEM comp01 1587667806 2020/04/23 14:50:06 1 4096 65572099 44247194 20807406 55 240272 2 98119 0 1248704 0 0 2097152 0 0
SEP
MEM comp01 1587667807 2020/04/23 14:50:07 1 4096 65572099 44247198 20807406 55 240268 2 98119 0 1248704 0 0 2097152 0 0
SEP
MEM comp01 1587667808 2020/04/23 14:50:08 1 4096 65572099 44247198 20807406 55 240268 2 98119 0 1248704 0 0 2097152 0 0
SEP
MEM comp01 1587667809 2020/04/23 14:50:09 1 4096 65572099 44247200 20807406 55 240266 2 98119 0 1248704 0 0 2097152 0 0
SEP
MEM comp01 1587667810 2020/04/23 14:50:10 1 4096 65572099 44247180 20807406 55 240286 2 98119 0 1248704 0 0 2097152 0 0
SEP
MEM comp01 1587667811 2020/04/23 14:50:11 1 4096 65572099 44247196 20807406 55 240270 2 98119 0 1248704 0 0 2097152 0 0
SEP
MEM comp01 1587667812 2020/04/23 14:50:12 1 4096 65572099 44247184 20807406 55 240282 2 98119 0 1248704 0 0 2097152 0 0
SEP
MEM comp01 1587667813 2020/04/23 14:50:13 1 4096 65572099 44247188 20807406 55 240278 2 98119 0 1248704 0 0 2097152 0 0
SEP
MEM comp01 1587667814 2020/04/23 14:50:14 1 4096 65572099 44247204 20807406 55 240262 1 98119 0 1248704 0 0 2097152 0 0
SEP
MEM comp01 1587667815 2020/04/23 14:50:15 1 4096 65572099 44247186 20807406 55 240280 2 98119 0 1248704 0 0 2097152 0 0
SEP
MEM comp01 1587667816 2020/04/23 14:50:16 1 4096 65572099 44247182 20807406 55 240284 2 98119 0 1248704 0 0 2097152 0 0
SEP
MEM comp01 1587667817 2020/04/23 14:50:17 1 4096 65572099 44247180 20807406 55 240286 2 98119 0 1248704 0 0 2097152 0 0
SEP
MEM comp01 1587667818 2020/04/23 14:50:18 1 4096 65572099 44247202 20807406 55 240264 2 98119 0 1248704 0 0 2097152 0 0
SEP
MEM comp01 1587667819 2020/04/23 14:50:19 1 4096 65572099 44247184 20807406 55 240282 2 98119 0 1248704 0 0 2097152 0 0
SEP
MEM comp01 1587667820 2020/04/23 14:50:20 1 4096 65572099 44247182 20807406 55 240284 2 98119 0 1248704 0 0 2097152 0 0
SEP
MEM comp01 1587667821 2020/04/23 14:50:21 1 4096 65572099 44247204 20807406 55 240270 2 98119 0 1248704 0 0 2097152 0 0
SEP
MEM comp01 1587667822 2020/04/23 14:50:22 1 4096 65572099 44247206 20807406 55 240268 2 98119 0 1248704 0 0 2097152 0 0
SEP
MEM comp01 1587667823 2020/04/23 14:50:23 1 4096 65572099 44247194 20807407 55 240280 3 98119 0 1248704 0 0 2097152 0 0
SEP
MEM comp01 1587667824 2020/04/23 14:50:24 1 4096 65572099 44247221 20807407 55 240260 3 98119 0 1248704 0 0 2097152 0 0
SEP
MEM comp01 1587667825 2020/04/23 14:50:25 1 4096 65572099 44247203 20807407 55 240278 3 98119 0 1248704 0 0 2097152 0 0
SEP
MEM comp01 1587667826 2020/04/23 14:50:26 1 4096 65572099 44247211 20807407 55 240278 3 98119 0 1248704 0 0 2097152 0 0
SEP
MEM comp01 1587667827 2020/04/23 14:50:27 1 4096 65572099 44247233 20807407 55 240258 3 98119 0 1248704 0 0 2097152 0 0
SEP
MEM comp01 1587667828 2020/04/23 14:50:28 1 4096 65572099 44247209 20807407 55 240282 3 98119 0 1248704 0 0 2097152 0 0
SEP
MEM comp01 1587667829 2020/04/23 14:50:29 1 4096 65572099 44247233 20807407 55 240258 3 98119 0 1248704 0 0 2097152 0 0
SEP
MEM comp01 1587667830 2020/04/23 14:50:30 1 4096 65572099 44247228 20807407 55 240264 3 98119 0 1248704 0 0 2097152 0 0
SEP
MEM comp01 1587667831 2020/04/23 14:50:31 1 4096 65572099 44247228 20807407 55 240264 2 98119 0 1248704 0 0 2097152 0 0
SEP
MEM comp01 1587667832 2020/04/23 14:50:32 1 4096 65572099 44247210 20807407 55 240282 2 98119 0 1248704 0 0 2097152 0 0
SEP
MEM comp01 1587667833 2020/04/23 14:50:33 1 4096 65572099 44247208 20807407 55 240284 2 98119 0 1248704 0 0 2097152 0 0
SEP
MEM comp01 1587667834 2020/04/23 14:50:34 1 4096 65572099 44247228 20807407 55 240264 2 98119 0 1248704 0 0 2097152 0 0
SEP
MEM comp01 1587667835 2020/04/23 14:50:35 1 4096 65572099 44247229 20807407 55 240270 2 98119 0 1248704 0 0 2097152 0 0
SEP
MEM comp01 1587667836 2020/04/23 14:50:36 1 4096 65572099 44247240 20807407 55 240260 2 98119 0 1248704 0 0 2097152 0 0
SEP
MEM comp01 1587667837 2020/04/23 14:50:37 1 4096 65572099 44247258 20807407 55 240242 2 98119 0 1248704 0 0 2097152 0 0
SEP
MEM comp01 1587667838 2020/04/23 14:50:38 1 4096 65572099 44247272 20807407 55 240228 2 98119 0 1248704 0 0 2097152 0 0
SEP
MEM comp01 1587667839 2020/04/23 14:50:39 1 4096 65572099 44247254 20807407 55 240246 2 98119 0 1248704 0 0 2097152 0 0
SEP
MEM comp01 1587667840 2020/04/23 14:50:40 1 4096 65572099 44247259 20807407 55 240248 2 98119 0 1248704 0 0 2097152 0 0
SEP
MEM comp01 1587667841 2020/04/23 14:50:41 1 4096 65572099 44247269 20807407 55 240232 3 98119 0 1248704 0 0 2097152 0 0
SEP
MEM comp01 1587667842 2020/04/23 14:50:42 1 4096 65572099 44247277 20807407 55 240224 3 98119 0 1248704 0 0 2097152 0 0
SEP
MEM comp01 1587667843 2020/04/23 14:50:43 1 4096 65572099 44247267 20807407 55 240234 3 98119 0 1248704 0 0 2097152 0 0
SEP
MEM comp01 1587667844 2020/04/23 14:50:44 1 4096 65572099 44247277 20807407 55 240224 3 98119 0 1248704 0 0 2097152 0 0
SEP
MEM comp01 1587667845 2020/04/23 14:50:45 1 4096 65572099 44247259 20807407 55 240242 3 98119 0 1248704 0 0 2097152 0 0
SEP
MEM comp01 1587667846 2020/04/23 14:50:46 1 4096 65572099 44247262 20807407 55 240246 1 98119 0 1248704 0 0 2097152 0 0
SEP
MEM comp01 1587667847 2020/04/23 14:50:47 1 4096 65572099 44247274 20807407 55 240234 1 98119 0 1248704 0 0 2097152 0 0
SEP
MEM comp01 1587667848 2020/04/23 14:50:48 1 4096 65572099 44247282 20807407 55 240226 1 98119 0 1248704 0 0 2097152 0 0
SEP
MEM comp01 1587667849 2020/04/23 14:50:49 1 4096 65572099 44247264 20807407 55 240244 1 98119 0 1248704 0 0 2097152 0 0
SEP
MEM comp01 1587667850 2020/04/23 14:50:50 1 4096 65572099 44247264 20807407 55 240244 1 98119 0 1248704 0 0 2097152 0 0
SEP
MEM comp01 1587667851 2020/04/23 14:50:51 1 4096 65572099 44247329 20807409 55 240196 0 98119 0 1248704 0 0 2097152 0 0
SEP
MEM comp01 1587667852 2020/04/23 14:50:52 1 4096 65572099 44247335 20807409 55 240200 3 98119 0 1248704 0 0 2097152 0 0
SEP
MEM comp01 1587667853 2020/04/23 14:50:53 1 4096 65572099 44247337 20807409 55 240198 3 98119 0 1248704 0 0 2097152 0 0
SEP
MEM comp01 1587667854 2020/04/23 14:50:54 1 4096 65572099 44247349 20807409 55 240186 3 98119 0 1248704 0 0 2097152 0 0
SEP
MEM comp01 1587667855 2020/04/23 14:50:55 1 4096 65572099 44247346 20807409 55 240194 2 98119 0 1248704 0 0 2097152 0 0
SEP
MEM comp01 1587667856 2020/04/23 14:50:56 1 4096 65572099 44247359 20807410 55 240182 2 98119 0 1248704 0 0 2097152 0 0
SEP
MEM comp01 1587667857 2020/04/23 14:50:57 1 4096 65572099 44247349 20807410 55 240192 2 98119 0 1248704 0 0 2097152 0 0
SEP
MEM comp01 1587667858 2020/04/23 14:50:58 1 4096 65572099 44247367 20807410 55 240174 2 98119 0 1248704 0 0 2097152 0 0
SEP
MEM comp01 1587667859 2020/04/23 14:50:59 1 4096 65572099 44247345 20807410 55 240196 2 98119 0 1248704 0 0 2097152 0 0
SEP
MEM comp01 1587667860 2020/04/23 14:51:00 1 4096 65572099 44247355 20807410 55 240186 2 98119 0 1248704 0 0 2097152 0 0
SEP
MEM comp01 1587667861 2020/04/23 14:51:01 1 4096 65572099 44247352 20807410 55 240196 0 98119 0 1248704 0 0 2097152 0 0
SEP
MEM comp01 1587667862 2020/04/23 14:51:02 1 4096 65572099 44247354 20807410 55 240194 1 98119 0 1248704 0 0 2097152 0 0
SEP
MEM comp01 1587667863 2020/04/23 14:51:03 1 4096 65572099 44247350 20807410 55 240198 1 98119 0 1248704 0 0 2097152 0 0
SEP
MEM comp01 1587667864 2020/04/23 14:51:04 1 4096 65572099 44247350 20807410 55 240198 1 98119 0 1248704 0 0 2097152 0 0
SEP
MEM comp01 1587667865 2020/04/23 14:51:05 1 4096 65572099 44247364 20807410 55 240184 1 98119 0 1248704 0 0 2097152 0 0
SEP
MEM comp01 1587667866 2020/04/23 14:51:06 1 4096 65572099 44247364 20807410 55 240184 0 98119 0 1248704 0 0 2097152 0 0
SEP
MEM comp01 1587667867 2020/04/23 14:51:07 1 4096 65572099 44247362 20807410 55 240186 1 98119 0 1248704 0 0 2097152 0 0
SEP
MEM comp01 1587667868 2020/04/23 14:51:08 1 4096 65572099 44247348 20807410 55 240200 1 98119 0 1248704 0 0 2097152 0 0
SEP
MEM comp01 1587667869 2020/04/23 14:51:09 1 4096 65572099 44247354 20807410 55 240194 1 98119 0 1248704 0 0 2097152 0 0
SEP
MEM comp01 1587667870 2020/04/23 14:51:10 1 4096 65572099 44247356 20807410 55 240192 1 98119 0 1248704 0 0 2097152 0 0
SEP
MEM comp01 1587667871 2020/04/23 14:51:11 1 4096 65572099 44247350 20807410 55 240198 1 98119 0 1248704 0 0 2097152 0 0
SEP
MEM comp01 1587667872 2020/04/23 14:51:12 1 4096 65572099 44247356 20807410 55 240192 2 98119 0 1248704 0 0 2097152 0 0
SEP
MEM comp01 1587667873 2020/04/23 14:51:13 1 4096 65572099 44247368 20807410 55 240180 2 98119 0 1248704 0 0 2097152 0 0
SEP
MEM comp01 1587667874 2020/04/23 14:51:14 1 4096 65572099 44247354 20807410 55 240194 2 98119 0 1248704 0 0 2097152 0 0
SEP
MEM comp01 1587667875 2020/04/23 14:51:15 1 4096 65572099 44247372 20807410 55 240176 2 98119 0 1248704 0 0 2097152 0 0
SEP
MEM comp01 1587667876 2020/04/23 14:51:16 1 4096 65572099 44247340 20807410 55 240208 2 98119 0 1248704 0 0 2097152 0 0
SEP
MEM comp01 1587667877 2020/04/23 14:51:17 1 4096 65572099 44247367 20807410 55 240182 2 98119 0 1248704 0 0 2097152 0 0
SEP
MEM comp01 1587667878 2020/04/23 14:51:18 1 4096 65572099 44247349 20807410 55 240200 2 98119 0 1248704 0 0 2097152 0 0
SEP
MEM comp01 1587667879 2020/04/23 14:51:19 1 4096 65572099 44247353 20807410 55 240196 2 98119 0 1248704 0 0 2097152 0 0
SEP
MEM comp01 1587667880 2020/04/23 14:51:20 1 4096 65572099 44247365 20807410 55 240184 2 98119 0 1248704 0 0 2097152 0 0
SEP
MEM comp01 1587667881 2020/04/23 14:51:21 1 4096 65572099 44247365 20807410 55 240184 2 98119 0 1248704 0 0 2097152 0 0
SEP
MEM comp01 1587667882 2020/04/23 14:51:22 1 4096 65572099 44247341 20807410 55 240208 1 98119 0 1248704 0 0 2097152 0 0
SEP
MEM comp01 1587667883 2020/04/23 14:51:23 1 4096 65572099 44247367 20807410 55 240182 1 98119 0 1248704 0 0 2097152 0 0
SEP
MEM comp01 1587667884 2020/04/23 14:51:24 1 4096 65572099 44247345 20807410 55 240204 1 98119 0 1248704 0 0 2097152 0 0
SEP
MEM comp01 1587667885 2020/04/23 14:51:25 1 4096 65572099 44247351 20807410 55 240198 1 98119 0 1248704 0 0 2097152 0 0
SEP
MEM comp01 1587667886 2020/04/23 14:51:26 1 4096 65572099 44247359 20807410 55 240190 1 98119 0 1248704 0 0 2097152 0 0
SEP
MEM comp01 1587667887 2020/04/23 14:51:27 1 4096 65572099 44247357 20807410 55 240196 2 98119 0 1248704 0 0 2097152 0 0
SEP
MEM comp01 1587667888 2020/04/23 14:51:28 1 4096 65572099 44247351 20807410 55 240202 2 98119 0 1248704 0 0 2097152 0 0
SEP
MEM comp01 1587667889 2020/04/23 14:51:29 1 4096 65572099 44247365 20807411 55 240188 3 98119 0 1248704 0 0 2097152 0 0
SEP
MEM comp01 1587667890 2020/04/23 14:51:30 1 4096 65572099 44247373 20807411 55 240180 3 98119 0 1248704 0 0 2097152 0 0
SEP
MEM comp01 1587667891 2020/04/23 14:51:31 1 4096 65572099 44247347 20807411 55 240206 3 98119 0 1248704 0 0 2097152 0 0
SEP
MEM comp01 1587667892 2020/04/23 14:51:32 1 4096 65572099 44247359 20807411 55 240194 3 98119 0 1248704 0 0 2097152 0 0
SEP
MEM comp01 1587667893 2020/04/23 14:51:33 1 4096 65572099 44247355 20807411 55 240198 3 98119 0 1248704 0 0 2097152 0 0
SEP
MEM comp01 1587667894 2020/04/23 14:51:34 1 4096 65572099 44247353 20807411 55 240200 3 98119 0 1248704 0 0 2097152 0 0
SEP
MEM comp01 1587667895 2020/04/23 14:51:35 1 4096 65572099 44247351 20807411 55 240202 3 98119 0 1248704 0 0 2097152 0 0
SEP
MEM comp01 1587667896 2020/04/23 14:51:36 1 4096 65572099 44247355 20807411 55 240198 3 98119 0 1248704 0 0 2097152 0 0
SEP
MEM comp01 1587667897 2020/04/23 14:51:37 1 4096 65572099 44247372 20807411 55 240182 2 98119 0 1248704 0 0 2097152 0 0
SEP
MEM comp01 1587667898 2020/04/23 14:51:38 1 4096 65572099 44247358 20807411 55 240196 2 98119 0 1248704 0 0 2097152 0 0
SEP
MEM comp01 1587667899 2020/04/23 14:51:39 1 4096 65572099 44247366 20807411 55 240188 2 98119 0 1248704 0 0 2097152 0 0
SEP
MEM comp01 1587667900 2020/04/23 14:51:40 1 4096 65572099 44247356 20807411 55 240198 2 98119 0 1248704 0 0 2097152 0 0
SEP
MEM comp01 1587667901 2020/04/23 14:51:41 1 4096 65572099 44247358 20807411 55 240196 2 98119 0 1248704 0 0 2097152 0 0
SEP
MEM comp01 1587667902 2020/04/23 14:51:42 1 4096 65572099 44247354 20807411 55 240200 2 98119 0 1248704 0 0 2097152 0 0
SEP
MEM comp01 1587667903 2020/04/23 14:51:43 1 4096 65572099 44247362 20807411 55 240192 2 98119 0 1248704 0 0 2097152 0 0
SEP
MEM comp01 1587667904 2020/04/23 14:51:44 1 4096 65572099 44247372 20807411 55 240182 2 98119 0 1248704 0 0 2097152 0 0
SEP
MEM comp01 1587667905 2020/04/23 14:51:45 1 4096 65572099 44247360 20807411 55 240194 2 98119 0 1248704 0 0 2097152 0 0
SEP
MEM comp01 1587667906 2020/04/23 14:51:46 1 4096 65572099 44247358 20807411 55 240196 2 98119 0 1248704 0 0 2097152 0 0
SEP
MEM comp01 1587667907 2020/04/23 14:51:47 1 4096 65572099 44247358 20807411 55 240196 1 98119 0 1248704 0 0 2097152 0 0
SEP
MEM comp01 1587667908 2020/04/23 14:51:48 1 4096 65572099 44247352 20807411 55 240202 2 98119 0 1248704 0 0 2097152 0 0
SEP
MEM comp01 1587667909 2020/04/23 14:51:49 1 4096 65572099 44247352 20807411 55 240202 2 98119 0 1248704 0 0 2097152 0 0
SEP
MEM comp01 1587667910 2020/04/23 14:51:50 1 4096 65572099 44247370 20807411 55 240184 2 98119 0 1248704 0 0 2097152 0 0
SEP
MEM comp01 1587667911 2020/04/23 14:51:51 1 4096 65572099 44247341 20807411 55 240206 2 98119 0 1248704 0 0 2097152 0 0
SEP
MEM comp01 1587667912 2020/04/23 14:51:52 1 4096 65572099 44247330 20807411 55 240218 2 98119 0 1248704 0 0 2097152 0 0
SEP
MEM comp01 1587667913 2020/04/23 14:51:53 1 4096 65572099 44247334 20807411 55 240214 2 98119 0 1248704 0 0 2097152 0 0
SEP
MEM comp01 1587667914 2020/04/23 14:51:54 1 4096 65572099 44247322 20807411 55 240226 2 98119 0 1248704 0 0 2097152 0 0
SEP
MEM comp01 1587667915 2020/04/23 14:51:55 1 4096 65572099 44247342 20807411 55 240206 2 98119 0 1248704 0 0 2097152 0 0
SEP
MEM comp01 1587667916 2020/04/23 14:51:56 1 4096 65572099 44247342 20807411 55 240206 2 98119 0 1248704 0 0 2097152 0 0
SEP
MEM comp01 1587667917 2020/04/23 14:51:57 1 4096 65572099 44247334 20807411 55 240214 2 98119 0 1248704 0 0 2097152 0 0
SEP
MEM comp01 1587667918 2020/04/23 14:51:58 1 4096 65572099 44247336 20807411 55 240212 2 98119 0 1248704 0 0 2097152 0 0
SEP
MEM comp01 1587667919 2020/04/23 14:51:59 1 4096 65572099 44247332 20807411 55 240216 2 98119 0 1248704 0 0 2097152 0 0
SEP
MEM comp01 1587667920 2020/04/23 14:52:00 1 4096 65572099 44247320 20807411 55 240228 2 98119 0 1248704 0 0 2097152 0 0
SEP
MEM comp01 1587667921 2020/04/23 14:52:01 1 4096 65572099 44247340 20807411 55 240208 2 98119 0 1248704 0 0 2097152 0 0
SEP
MEM comp01 1587667922 2020/04/23 14:52:02 1 4096 65572099 44247334 20807412 55 240214 3 98119 0 1248704 0 0 2097152 0 0
SEP
MEM comp01 1587667923 2020/04/23 14:52:03 1 4096 65572099 44247319 20807412 55 240230 1 98119 0 1248704 0 0 2097152 0 0
SEP
MEM comp01 1587667924 2020/04/23 14:52:04 1 4096 65572099 44247345 20807412 55 240204 1 98119 0 1248704 0 0 2097152 0 0
SEP
MEM comp01 1587667925 2020/04/23 14:52:05 1 4096 65572099 44247335 20807412 55 240214 1 98119 0 1248704 0 0 2097152 0 0
SEP
MEM comp01 1587667926 2020/04/23 14:52:06 1 4096 65572099 44247329 20807412 55 240220 1 98119 0 1248704 0 0 2097152 0 0
SEP
MEM comp01 1587667927 2020/04/23 14:52:07 1 4096 65572099 44247319 20807412 55 240230 1 98119 0 1248704 0 0 2097152 0 0
SEP
MEM comp01 1587667928 2020/04/23 14:52:08 1 4096 65572099 44247332 20807412 55 240218 1 98119 0 1248704 0 0 2097152 0 0
SEP
MEM comp01 1587667929 2020/04/23 14:52:09 1 4096 65572099 44247336 20807412 55 240214 1 98119 0 1248704 0 0 2097152 0 0
SEP
MEM comp01 1587667930 2020/04/23 14:52:10 1 4096 65572099 44247320 20807412 55 240230 1 98119 0 1248704 0 0 2097152 0 0
SEP
MEM comp01 1587667931 2020/04/23 14:52:11 1 4096 65572099 44247324 20807412 55 240226 1 98119 0 1248704 0 0 2097152 0 0
SEP
MEM comp01 1587667932 2020/04/23 14:52:12 1 4096 65572099 44247324 20807412 55 240226 1 98119 0 1248704 0 0 2097152 0 0
SEP
MEM comp01 1587667933 2020/04/23 14:52:13 1 4096 65572099 44247328 20807412 55 240222 2 98119 0 1248704 0 0 2097152 0 0
SEP
MEM comp01 1587667934 2020/04/23 14:52:14 1 4096 65572099 44247344 20807412 55 240206 2 98119 0 1248704 0 0 2097152 0 0
SEP
MEM comp01 1587667935 2020/04/23 14:52:15 1 4096 65572099 44247346 20807412 55 240204 2 98119 0 1248704 0 0 2097152 0 0
SEP
MEM comp01 1587667936 2020/04/23 14:52:16 1 4096 65572099 44247342 20807412 55 240208 2 98119 0 1248704 0 0 2097152 0 0
SEP
MEM comp01 1587667937 2020/04/23 14:52:17 1 4096 65572099 44247330 20807412 55 240220 2 98119 0 1248704 0 0 2097152 0 0
SEP
MEM comp01 1587667938 2020/04/23 14:52:18 1 4096 65572099 44247346 20807412 55 240204 2 98119 0 1248704 0 0 2097152 0 0
SEP
MEM comp01 1587667939 2020/04/23 14:52:19 1 4096 65572099 44247330 20807412 55 240220 2 98119 0 1248704 0 0 2097152 0 0
SEP
MEM comp01 1587667940 2020/04/23 14:52:20 1 4096 65572099 44247340 20807412 55 240210 2 98119 0 1248704 0 0 2097152 0 0
SEP
MEM comp01 1587667941 2020/04/23 14:52:21 1 4096 65572099 44247338 20807412 55 240212 2 98119 0 1248704 0 0 2097152 0 0
SEP
MEM comp01 1587667942 2020/04/23 14:52:22 1 4096 65572099 44247330 20807412 55 240220 2 98119 0 1248704 0 0 2097152 0 0
SEP
MEM comp01 1587667943 2020/04/23 14:52:23 1 4096 65572099 44247326 20807412 55 240224 2 98119 0 1248704 0 0 2097152 0 0
SEP
MEM comp01 1587667944 2020/04/23 14:52:24 1 4096 65572099 44247330 20807412 55 240220 2 98119 0 1248704 0 0 2097152 0 0
SEP
MEM comp01 1587667945 2020/04/23 14:52:25 1 4096 65572099 44247336 20807412 55 240214 2 98119 0 1248704 0 0 2097152 0 0
SEP
MEM comp01 1587667946 2020/04/23 14:52:26 1 4096 65572099 44247340 20807412 55 240210 2 98119 0 1248704 0 0 2097152 0 0
SEP
MEM comp01 1587667947 2020/04/23 14:52:27 1 4096 65572099 44247338 20807412 55 240212 2 98119 0 1248704 0 0 2097152 0 0
SEP
MEM comp01 1587667948 2020/04/23 14:52:28 1 4096 65572099 44247340 20807412 55 240210 1 98119 0 1248704 0 0 2097152 0 0
SEP
MEM comp01 1587667949 2020/04/23 14:52:29 1 4096 65572099 44247324 20807412 55 240226 2 98119 0 1248704 0 0 2097152 0 0
SEP
MEM comp01 1587667950 2020/04/23 14:52:30 1 4096 65572099 44247338 20807412 55 240212 2 98119 0 1248704 0 0 2097152 0 0
SEP
MEM comp01 1587667951 2020/04/23 14:52:31 1 4096 65572099 44247348 20807412 55 240202 2 98119 0 1248704 0 0 2097152 0 0
SEP
MEM comp01 1587667952 2020/04/23 14:52:32 1 4096 65572099 44247340 20807412 55 240210 2 98119 0 1248704 0 0 2097152 0 0
SEP
MEM comp01 1587667953 2020/04/23 14:52:33 1 4096 65572099 44247355 20807412 55 240196 1 98119 0 1248704 0 0 2097152 0 0
SEP
MEM comp01 1587667954 2020/04/23 14:52:34 1 4096 65572099 44247229 20807412 55 240323 1 98119 0 1248704 0 0 2097152 0 0
SEP
MEM comp01 1587667955 2020/04/23 14:52:35 1 4096 65572099 44247357 20807413 55 240195 3 98119 0 1248704 0 0 2097152 0 0
SEP
MEM comp01 1587667956 2020/04/23 14:52:36 1 4096 65572099 44247353 20807413 55 240199 3 98119 0 1248704 0 0 2097152 0 0
SEP
MEM comp01 1587667957 2020/04/23 14:52:37 1 4096 65572099 44247345 20807413 55 240207 3 98119 0 1248704 0 0 2097152 0 0
SEP
MEM comp01 1587667958 2020/04/23 14:52:38 1 4096 65572099 44247344 20807413 55 240225 1 98119 0 1248704 0 0 2097152 0 0
SEP
MEM comp01 1587667959 2020/04/23 14:52:39 1 4096 65572099 44247370 20807413 55 240199 2 98119 0 1248704 0 0 2097152 0 0
SEP
MEM comp01 1587667960 2020/04/23 14:52:40 1 4096 65572099 44247366 20807413 55 240203 2 98119 0 1248704 0 0 2097152 0 0
SEP
MEM comp01 1587667961 2020/04/23 14:52:41 1 4096 65572099 44247356 20807413 55 240213 2 98119 0 1248704 0 0 2097152 0 0
SEP
MEM comp01 1587667962 2020/04/23 14:52:42 1 4096 65572099 44247368 20807413 55 240201 2 98119 0 1248704 0 0 2097152 0 0
SEP
MEM comp01 1587667963 2020/04/23 14:52:43 1 4096 65572099 44247352 20807413 55 240217 2 98119 0 1248704 0 0 2097152 0 0
SEP
MEM comp01 1587667964 2020/04/23 14:52:44 1 4096 65572099 44247352 20807413 55 240217 3 98119 0 1248704 0 0 2097152 0 0
SEP
MEM comp01 1587667965 2020/04/23 14:52:45 1 4096 65572099 44247362 20807413 55 240207 3 98119 0 1248704 0 0 2097152 0 0
SEP
MEM comp01 1587667966 2020/04/23 14:52:46 1 4096 65572099 44247346 20807413 55 240223 3 98119 0 1248704 0 0 2097152 0 0
SEP
MEM comp01 1587667967 2020/04/23 14:52:47 1 4096 65572099 44247366 20807413 55 240203 3 98119 0 1248704 0 0 2097152 0 0
SEP
MEM comp01 1587667968 2020/04/23 14:52:48 1 4096 65572099 44247354 20807413 55 240215 3 98119 0 1248704 0 0 2097152 0 0
SEP
MEM comp01 1587667969 2020/04/23 14:52:49 1 4096 65572099 44247358 20807413 55 240211 1 98119 0 1248704 0 0 2097152 0 0
SEP
MEM comp01 1587667970 2020/04/23 14:52:50 1 4096 65572099 44247368 20807413 55 240201 1 98119 0 1248704 0 0 2097152 0 0
SEP
MEM comp01 1587667971 2020/04/23 14:52:51 1 4096 65572099 44247360 20807413 55 240209 1 98119 0 1248704 0 0 2097152 0 0
SEP
MEM comp01 1587667972 2020/04/23 14:52:52 1 4096 65572099 44247334 20807413 55 240235 1 98119 0 1248704 0 0 2097152 0 0
SEP
MEM comp01 1587667973 2020/04/23 14:52:53 1 4096 65572099 44247351 20807413 55 240225 1 98119 0 1248704 0 0 2097152 0 0
SEP
MEM comp01 1587667974 2020/04/23 14:52:54 1 4096 65572099 44247346 20807413 55 240231 1 98119 0 1248704 0 0 2097152 0 0
SEP
MEM comp01 1587667975 2020/04/23 14:52:55 1 4096 65572099 44247362 20807413 55 240215 1 98119 0 1248704 0 0 2097152 0 0
SEP
MEM comp01 1587667976 2020/04/23 14:52:56 1 4096 65572099 44247360 20807413 55 240217 1 98119 0 1248704 0 0 2097152 0 0
SEP
MEM comp01 1587667977 2020/04/23 14:52:57 1 4096 65572099 44247340 20807413 55 240237 1 98119 0 1248704 0 0 2097152 0 0
SEP
MEM comp01 1587667978 2020/04/23 14:52:58 1 4096 65572099 44247350 20807413 55 240227 1 98119 0 1248704 0 0 2097152 0 0
SEP
MEM comp01 1587667979 2020/04/23 14:52:59 1 4096 65572099 44247338 20807413 55 240239 1 98119 0 1248704 0 0 2097152 0 0
SEP
MEM comp01 1587667980 2020/04/23 14:53:00 1 4096 65572099 44247340 20807413 55 240237 1 98119 0 1248704 0 0 2097152 0 0
SEP
MEM comp01 1587667981 2020/04/23 14:53:01 1 4096 65572099 44247334 20807413 55 240243 1 98119 0 1248704 0 0 2097152 0 0
SEP
MEM comp01 1587667982 2020/04/23 14:53:02 1 4096 65572099 44247340 20807413 55 240237 1 98119 0 1248704 0 0 2097152 0 0
SEP
MEM comp01 1587667983 2020/04/23 14:53:03 1 4096 65572099 44247362 20807413 55 240215 1 98119 0 1248704 0 0 2097152 0 0
SEP
MEM comp01 1587667984 2020/04/23 14:53:04 1 4096 65572099 44247355 20807413 55 240229 2 98119 0 1248704 0 0 2097152 0 0
SEP
MEM comp01 1587667985 2020/04/23 14:53:05 1 4096 65572099 44247361 20807413 55 240223 2 98119 0 1248704 0 0 2097152 0 0
SEP
MEM comp01 1587667986 2020/04/23 14:53:06 1 4096 65572099 44247359 20807413 55 240225 2 98119 0 1248704 0 0 2097152 0 0
SEP
MEM comp01 1587667987 2020/04/23 14:53:07 1 4096 65572099 44247367 20807413 55 240217 2 98119 0 1248704 0 0 2097152 0 0
SEP
MEM comp01 1587667988 2020/04/23 14:53:08 1 4096 65572099 44247351 20807414 55 240233 3 98119 0 1248704 0 0 2097152 0 0
SEP
MEM comp01 1587667989 2020/04/23 14:53:09 1 4096 65572099 44247368 20807414 55 240217 0 98119 0 1248704 0 0 2097152 0 0
SEP
MEM comp01 1587667990 2020/04/23 14:53:10 1 4096 65572099 44247358 20807414 55 240227 1 98119 0 1248704 0 0 2097152 0 0
SEP
MEM comp01 1587667991 2020/04/23 14:53:11 1 4096 65572099 44247356 20807414 55 240229 1 98119 0 1248704 0 0 2097152 0 0
SEP
MEM comp01 1587667992 2020/04/23 14:53:12 1 4096 65572099 44247362 20807414 55 240223 1 98119 0 1248704 0 0 2097152 0 0
SEP
MEM comp01 1587667993 2020/04/23 14:53:13 1 4096 65572099 44247350 20807414 55 240235 1 98119 0 1248704 0 0 2097152 0 0
SEP
MEM comp01 1587667994 2020/04/23 14:53:14 1 4096 65572099 44247368 20807414 55 240217 1 98119 0 1248704 0 0 2097152 0 0
SEP
MEM comp01 1587667995 2020/04/23 14:53:15 1 4096 65572099 44247352 20807414 55 240227 1 98119 0 1248704 0 0 2097152 0 0
SEP
MEM comp01 1587667996 2020/04/23 14:53:16 1 4096 65572099 44247352 20807414 55 240227 1 98119 0 1248704 0 0 2097152 0 0
SEP
MEM comp01 1587667997 2020/04/23 14:53:17 1 4096 65572099 44247342 20807414 55 240237 1 98119 0 1248704 0 0 2097152 0 0
SEP
MEM comp01 1587667998 2020/04/23 14:53:18 1 4096 65572099 44247345 20807414 55 240241 1 98119 0 1248704 0 0 2097152 0 0
SEP
MEM comp01 1587667999 2020/04/23 14:53:19 1 4096 65572099 44247350 20807414 55 240237 1 98119 0 1248704 0 0 2097152 0 0
SEP
MEM comp01 1587668000 2020/04/23 14:53:20 1 4096 65572099 44247356 20807414 55 240231 1 98119 0 1248704 0 0 2097152 0 0
SEP
MEM comp01 1587668001 2020/04/23 14:53:21 1 4096 65572099 44247364 20807414 55 240223 1 98119 0 1248704 0 0 2097152 0 0
SEP
MEM comp01 1587668002 2020/04/23 14:53:22 1 4096 65572099 44247348 20807414 55 240239 1 98119 0 1248704 0 0 2097152 0 0
SEP
MEM comp01 1587668003 2020/04/23 14:53:23 1 4096 65572099 44247348 20807414 55 240239 1 98119 0 1248704 0 0 2097152 0 0
SEP
MEM comp01 1587668004 2020/04/23 14:53:24 1 4096 65572099 44247368 20807414 55 240219 1 98119 0 1248704 0 0 2097152 0 0
SEP
MEM comp01 1587668005 2020/04/23 14:53:25 1 4096 65572099 44247370 20807414 55 240217 1 98119 0 1248704 0 0 2097152 0 0
SEP
MEM comp01 1587668006 2020/04/23 14:53:26 1 4096 65572099 44247358 20807414 55 240229 1 98119 0 1248704 0 0 2097152 0 0
SEP
MEM comp01 1587668007 2020/04/23 14:53:27 1 4096 65572099 44247354 20807414 55 240233 1 98119 0 1248704 0 0 2097152 0 0
SEP
MEM comp01 1587668008 2020/04/23 14:53:28 1 4096 65572099 44247370 20807414 55 240217 1 98119 0 1248704 0 0 2097152 0 0
SEP
MEM comp01 1587668009 2020/04/23 14:53:29 1 4096 65572099 44247358 20807414 55 240229 1 98119 0 1248704 0 0 2097152 0 0
SEP
MEM comp01 1587668010 2020/04/23 14:53:30 1 4096 65572099 44247354 20807414 55 240233 1 98119 0 1248704 0 0 2097152 0 0
SEP
MEM comp01 1587668011 2020/04/23 14:53:31 1 4096 65572099 44247372 20807414 55 240215 1 98119 0 1248704 0 0 2097152 0 0
SEP
MEM comp01 1587668012 2020/04/23 14:53:32 1 4096 65572099 44247368 20807414 55 240219 1 98119 0 1248704 0 0 2097152 0 0
SEP
MEM comp01 1587668013 2020/04/23 14:53:33 1 4096 65572099 44247360 20807414 55 240227 1 98119 0 1248704 0 0 2097152 0 0
SEP
MEM comp01 1587668014 2020/04/23 14:53:34 1 4096 65572099 44247362 20807414 55 240225 1 98119 0 1248704 0 0 2097152 0 0
SEP
MEM comp01 1587668015 2020/04/23 14:53:35 1 4096 65572099 44247383 20807414 55 240205 1 98119 0 1248704 0 0 2097152 0 0
SEP
MEM comp01 1587668016 2020/04/23 14:53:36 1 4096 65572099 44247361 20807414 55 240227 1 98119 0 1248704 0 0 2097152 0 0
SEP
MEM comp01 1587668017 2020/04/23 14:53:37 1 4096 65572099 44247363 20807414 55 240225 1 98119 0 1248704 0 0 2097152 0 0
SEP
MEM comp01 1587668018 2020/04/23 14:53:38 1 4096 65572099 44247347 20807414 55 240241 1 98119 0 1248704 0 0 2097152 0 0
SEP
MEM comp01 1587668019 2020/04/23 14:53:39 1 4096 65572099 44247351 20807414 55 240237 1 98119 0 1248704 0 0 2097152 0 0
SEP
MEM comp01 1587668020 2020/04/23 14:53:40 1 4096 65572099 44247368 20807414 55 240221 1 98119 0 1248704 0 0 2097152 0 0
SEP
MEM comp01 1587668021 2020/04/23 14:53:41 1 4096 65572099 44247378 20807415 55 240211 2 98119 0 1248704 0 0 2097152 0 0
SEP
MEM comp01 1587668022 2020/04/23 14:53:42 1 4096 65572099 44247364 20807415 55 240225 2 98119 0 1248704 0 0 2097152 0 0
SEP
MEM comp01 1587668023 2020/04/23 14:53:43 1 4096 65572099 44247352 20807415 55 240237 2 98119 0 1248704 0 0 2097152 0 0
SEP
