RESET
MEM comp01 1587668780 2020/04/23 15:06:20 3643238 4096 65572099 63812875 1279090 55 195634 6 53384 0 1248704 0 0 2097152 0 0
SEP
MEM comp01 1587668781 2020/04/23 15:06:21 1 4096 65572099 63561615 1403489 55 196773 7 54520 0 1248704 0 0 2097152 0 0
SEP
MEM comp01 1587668782 2020/04/23 15:06:22 1 4096 65572099 63312873 1528041 55 197053 1 54800 0 1248704 0 0 2097152 0 0
SEP
MEM comp01 1587668783 2020/04/23 15:06:23 1 4096 65572099 63062729 1652885 55 197147 1 55041 0 1248704 0 0 2097152 0 0
SEP
MEM comp01 1587668784 2020/04/23 15:06:24 1 4096 65572099 62814496 1776921 55 197351 1 55241 0 1248704 0 0 2097152 0 0
SEP
MEM comp01 1587668785 2020/04/23 15:06:25 1 4096 65572099 62564148 1900777 55 197611 1 55489 0 1248704 0 0 2097152 0 0
SEP
MEM comp01 1587668786 2020/04/23 15:06:26 1 4096 65572099 62315810 2025705 55 197887 0 55777 0 1248704 0 0 2097152 0 0
SEP
MEM comp01 1587668787 2020/04/23 15:06:27 1 4096 65572099 62065463 2150173 55 198181 1 56049 0 1248704 0 0 2097152 0 0
SEP
MEM comp01 1587668788 2020/04/23 15:06:28 1 4096 65572099 61816613 2274537 55 198463 1 56337 0 1248704 0 0 2097152 0 0
SEP
MEM comp01 1587668789 2020/04/23 15:06:29 1 4096 65572099 61566771 2399465 55 198715 1 56617 0 1248704 0 0 2097152 0 0
SEP
MEM comp01 1587668790 2020/04/23 15:06:30 1 4096 65572099 61316373 2524309 55 199027 1 56897 0 1248704 0 0 2097152 0 0
SEP
MEM comp01 1587668791 2020/04/23 15:06:31 1 4096 65572099 61067543 2648297 55 199281 0 57153 0 1248704 0 0 2097152 0 0
SEP
MEM comp01 1587668792 2020/04/23 15:06:32 1 4096 65572099 60817698 2773225 55 199557 1 57441 0 1248704 0 0 2097152 0 0
SEP
MEM comp01 1587668793 2020/04/23 15:06:33 1 4096 65572099 60567312 2898153 55 199841 1 57721 0 1248704 0 0 2097152 0 0
SEP
MEM comp01 1587668794 2020/04/23 15:06:34 1 4096 65572099 60316410 3023082 55 200129 3 58009 0 1248704 0 0 2097152 0 0
SEP
MEM comp01 1587668795 2020/04/23 15:06:35 1 4096 65572099 60066564 3148010 55 200399 3 58289 0 1248704 0 0 2097152 0 0
SEP
MEM comp01 1587668796 2020/04/23 15:06:36 1 4096 65572099 59816161 3272938 55 200699 2 58577 0 1248704 0 0 2097152 0 0
SEP
MEM comp01 1587668797 2020/04/23 15:06:37 1 4096 65572099 59565799 3397866 55 200959 3 58857 0 1248704 0 0 2097152 0 0
SEP
MEM comp01 1587668798 2020/04/23 15:06:38 1 4096 65572099 59314893 3522794 55 201251 3 59137 0 1248704 0 0 2097152 0 0
SEP
MEM comp01 1587668799 2020/04/23 15:06:39 1 4096 65572099 59063984 3647722 55 201539 1 59425 0 1248704 0 0 2097152 0 0
SEP
MEM comp01 1587668800 2020/04/23 15:06:40 1 4096 65572099 58814138 3772650 55 201807 1 59705 0 1248704 0 0 2097152 0 0
SEP
MEM comp01 1587668801 2020/04/23 15:06:41 1 4096 65572099 58562226 3897578 55 202099 0 59993 0 1248704 0 0 2097152 0 0
SEP
MEM comp01 1587668802 2020/04/23 15:06:42 1 4096 65572099 58311854 4023446 55 202369 1 60273 0 1248704 0 0 2097152 0 0
SEP
MEM comp01 1587668803 2020/04/23 15:06:43 1 4096 65572099 58062427 4147434 55 202667 1 60553 0 1248704 0 0 2097152 0 0
SEP
MEM comp01 1587668804 2020/04/23 15:06:44 1 4096 65572099 57811911 4272362 55 203081 1 60841 0 1248704 0 0 2097152 0 0
SEP
MEM comp01 1587668805 2020/04/23 15:06:45 1 4096 65572099 57562169 4397290 55 203233 1 61097 0 1248704 0 0 2097152 0 0
SEP
MEM comp01 1587668806 2020/04/23 15:06:46 1 4096 65572099 57311826 4522218 55 203477 0 61361 0 1248704 0 0 2097152 0 0
SEP
MEM comp01 1587668807 2020/04/23 15:06:47 1 4096 65572099 57061472 4647146 55 203759 1 61633 0 1248704 0 0 2097152 0 0
SEP
MEM comp01 1587668808 2020/04/23 15:06:48 1 4096 65572099 56811618 4772074 55 204037 1 61921 0 1248704 0 0 2097152 0 0
SEP
MEM comp01 1587668809 2020/04/23 15:06:49 1 4096 65572099 56561242 4897002 55 204311 1 62201 0 1248704 0 0 2097152 0 0
SEP
MEM comp01 1587668810 2020/04/23 15:06:50 1 4096 65572099 56310824 5021930 55 204627 1 62489 0 1248704 0 0 2097152 0 0
SEP
MEM comp01 1587668811 2020/04/23 15:06:51 1 4096 65572099 56060478 5146858 55 204881 1 62769 0 1248704 0 0 2097152 0 0
SEP
MEM comp01 1587668812 2020/04/23 15:06:52 1 4096 65572099 55810103 5271786 55 205161 1 63049 0 1248704 0 0 2097152 0 0
SEP
MEM comp01 1587668813 2020/04/23 15:06:53 1 4096 65572099 55559695 5396714 55 205471 1 63337 0 1248704 0 0 2097152 0 0
SEP
MEM comp01 1587668814 2020/04/23 15:06:54 1 4096 65572099 55309395 5521671 55 205661 2 63545 0 1248704 0 0 2097152 0 0
SEP
MEM comp01 1587668815 2020/04/23 15:06:55 1 4096 65572099 55058984 5646571 55 206013 2 63897 0 1248704 0 0 2097152 0 0
SEP
MEM comp01 1587668816 2020/04/23 15:06:56 1 4096 65572099 54808620 5770663 55 206303 2 64177 0 1248704 0 0 2097152 0 0
SEP
MEM comp01 1587668817 2020/04/23 15:06:57 1 4096 65572099 54558208 5896427 55 206599 1 64465 0 1248704 0 0 2097152 0 0
SEP
MEM comp01 1587668818 2020/04/23 15:06:58 1 4096 65572099 54307847 6021355 55 206865 1 64745 0 1248704 0 0 2097152 0 0
SEP
MEM comp01 1587668819 2020/04/23 15:06:59 1 4096 65572099 54057486 6145823 55 207145 1 65025 0 1248704 0 0 2097152 0 0
SEP
MEM comp01 1587668820 2020/04/23 15:07:00 1 4096 65572099 53807098 6271127 55 207431 1 65313 0 1248704 0 0 2097152 0 0
SEP
MEM comp01 1587668821 2020/04/23 15:07:01 1 4096 65572099 53558254 6395115 55 207713 1 65593 0 1248704 0 0 2097152 0 0
SEP
MEM comp01 1587668822 2020/04/23 15:07:02 1 4096 65572099 53307365 6520043 55 208003 1 65873 0 1248704 0 0 2097152 0 0
SEP
MEM comp01 1587668823 2020/04/23 15:07:03 1 4096 65572099 53055951 6645535 55 208307 1 66161 0 1248704 0 0 2097152 0 0
SEP
MEM comp01 1587668824 2020/04/23 15:07:04 1 4096 65572099 52807094 6769899 55 208575 1 66449 0 1248704 0 0 2097152 0 0
SEP
MEM comp01 1587668825 2020/04/23 15:07:05 1 4096 65572099 52556708 6894827 55 208859 1 66729 0 1248704 0 0 2097152 0 0
SEP
MEM comp01 1587668826 2020/04/23 15:07:06 1 4096 65572099 52306309 7019755 55 209163 1 67017 0 1248704 0 0 2097152 0 0
SEP
MEM comp01 1587668827 2020/04/23 15:07:07 1 4096 65572099 52056479 7144683 55 209411 1 67289 0 1248704 0 0 2097152 0 0
SEP
MEM comp01 1587668828 2020/04/23 15:07:08 1 4096 65572099 51805567 7269611 55 209710 1 67577 0 1248704 0 0 2097152 0 0
SEP
MEM comp01 1587668829 2020/04/23 15:07:09 1 4096 65572099 51555684 7394539 55 209996 1 67857 0 1248704 0 0 2097152 0 0
SEP
MEM comp01 1587668830 2020/04/23 15:07:10 1 4096 65572099 51305291 7519467 55 210303 1 68145 0 1248704 0 0 2097152 0 0
SEP
MEM comp01 1587668831 2020/04/23 15:07:11 1 4096 65572099 51054909 7644395 55 210583 1 68425 0 1248704 0 0 2097152 0 0
SEP
MEM comp01 1587668832 2020/04/23 15:07:12 1 4096 65572099 50804531 7769323 55 210867 0 68705 0 1248704 0 0 2097152 0 0
SEP
MEM comp01 1587668833 2020/04/23 15:07:13 1 4096 65572099 50554159 7894251 55 211137 1 68993 0 1248704 0 0 2097152 0 0
SEP
MEM comp01 1587668834 2020/04/23 15:07:14 1 4096 65572099 50303781 8019179 55 211413 1 69273 0 1248704 0 0 2097152 0 0
SEP
MEM comp01 1587668835 2020/04/23 15:07:15 1 4096 65572099 50053403 8144107 55 211703 1 69561 0 1248704 0 0 2097152 0 0
SEP
MEM comp01 1587668836 2020/04/23 15:07:16 1 4096 65572099 49803021 8269035 55 211983 1 69841 0 1248704 0 0 2097152 0 0
SEP
MEM comp01 1587668837 2020/04/23 15:07:17 1 4096 65572099 49552665 8393503 55 212259 1 70121 0 1248704 0 0 2097152 0 0
SEP
MEM comp01 1587668838 2020/04/23 15:07:18 1 4096 65572099 49302273 8518619 55 212549 1 70409 0 1248704 0 0 2097152 0 0
SEP
MEM comp01 1587668839 2020/04/23 15:07:19 1 4096 65572099 49051881 8643819 55 212825 1 70689 0 1248704 0 0 2097152 0 0
SEP
MEM comp01 1587668840 2020/04/23 15:07:20 1 4096 65572099 48803015 8767723 55 213123 1 70969 0 1248704 0 0 2097152 0 0
SEP
MEM comp01 1587668841 2020/04/23 15:07:21 1 4096 65572099 48552119 8892651 55 213405 1 71257 0 1248704 0 0 2097152 0 0
SEP
MEM comp01 1587668842 2020/04/23 15:07:22 1 4096 65572099 48302248 9017579 55 213693 1 71537 0 1248704 0 0 2097152 0 0
SEP
MEM comp01 1587668843 2020/04/23 15:07:23 1 4096 65572099 48051361 9142507 55 213967 1 71825 0 1248704 0 0 2097152 0 0
SEP
MEM comp01 1587668844 2020/04/23 15:07:24 1 4096 65572099 47799969 9267811 55 214249 1 72105 0 1248704 0 0 2097152 0 0
SEP
MEM comp01 1587668845 2020/04/23 15:07:25 1 4096 65572099 47551108 9392363 55 214535 1 72385 0 1248704 0 0 2097152 0 0
SEP
MEM comp01 1587668846 2020/04/23 15:07:26 1 4096 65572099 47300713 9517319 55 214749 1 72601 0 1248704 0 0 2097152 0 0
SEP
MEM comp01 1587668847 2020/04/23 15:07:27 1 4096 65572099 47049806 9642220 55 215121 2 72961 0 1248704 0 0 2097152 0 0
SEP
MEM comp01 1587668848 2020/04/23 15:07:28 1 4096 65572099 46799445 9767148 55 215387 1 73241 0 1248704 0 0 2097152 0 0
SEP
MEM comp01 1587668849 2020/04/23 15:07:29 1 4096 65572099 46548014 9893100 55 215687 1 73529 0 1248704 0 0 2097152 0 0
SEP
MEM comp01 1587668850 2020/04/23 15:07:30 1 4096 65572099 46298657 10017004 55 215971 1 73809 0 1248704 0 0 2097152 0 0
SEP
MEM comp01 1587668851 2020/04/23 15:07:31 1 4096 65572099 46048291 10141932 55 216235 1 74089 0 1248704 0 0 2097152 0 0
SEP
MEM comp01 1587668852 2020/04/23 15:07:32 1 4096 65572099 45796865 10267884 55 216537 1 74377 0 1248704 0 0 2097152 0 0
SEP
MEM comp01 1587668853 2020/04/23 15:07:33 1 4096 65572099 45546471 10392812 55 216823 1 74665 0 1248704 0 0 2097152 0 0
SEP
MEM comp01 1587668854 2020/04/23 15:07:34 1 4096 65572099 45296095 10517740 55 217097 1 74945 0 1248704 0 0 2097152 0 0
SEP
MEM comp01 1587668855 2020/04/23 15:07:35 1 4096 65572099 45045707 10642668 55 217383 1 75225 0 1248704 0 0 2097152 0 0
SEP
MEM comp01 1587668856 2020/04/23 15:07:36 1 4096 65572099 44795324 10767596 55 217671 1 75513 0 1248704 0 0 2097152 0 0
SEP
MEM comp01 1587668857 2020/04/23 15:07:37 1 4096 65572099 44544955 10892524 55 217945 1 75793 0 1248704 0 0 2097152 0 0
SEP
MEM comp01 1587668858 2020/04/23 15:07:38 1 4096 65572099 44294551 11017452 55 218247 1 76081 0 1248704 0 0 2097152 0 0
SEP
MEM comp01 1587668859 2020/04/23 15:07:39 1 4096 65572099 44044191 11142380 55 218505 1 76361 0 1248704 0 0 2097152 0 0
SEP
MEM comp01 1587668860 2020/04/23 15:07:40 1 4096 65572099 43793809 11267308 55 218785 1 76641 0 1248704 0 0 2097152 0 0
SEP
MEM comp01 1587668861 2020/04/23 15:07:41 1 4096 65572099 43543421 11392236 55 219071 1 76929 0 1248704 0 0 2097152 0 0
SEP
MEM comp01 1587668862 2020/04/23 15:07:42 1 4096 65572099 43293044 11516704 55 219367 1 77209 0 1248704 0 0 2097152 0 0
SEP
MEM comp01 1587668863 2020/04/23 15:07:43 1 4096 65572099 43042674 11642008 55 219635 1 77489 0 1248704 0 0 2097152 0 0
SEP
MEM comp01 1587668864 2020/04/23 15:07:44 1 4096 65572099 42792292 11766936 55 219915 1 77777 0 1248704 0 0 2097152 0 0
SEP
MEM comp01 1587668865 2020/04/23 15:07:45 1 4096 65572099 42541884 11891948 55 220207 1 78057 0 1248704 0 0 2097152 0 0
SEP
MEM comp01 1587668866 2020/04/23 15:07:46 1 4096 65572099 42291488 12016876 55 220501 1 78345 0 1248704 0 0 2097152 0 0
SEP
MEM comp01 1587668867 2020/04/23 15:07:47 1 4096 65572099 42041102 12141804 55 220785 1 78625 0 1248704 0 0 2097152 0 0
SEP
MEM comp01 1587668868 2020/04/23 15:07:48 1 4096 65572099 41790733 12266732 55 221059 1 78913 0 1248704 0 0 2097152 0 0
SEP
MEM comp01 1587668869 2020/04/23 15:07:49 1 4096 65572099 41541382 12390636 55 221337 1 79193 0 1248704 0 0 2097152 0 0
SEP
MEM comp01 1587668870 2020/04/23 15:07:50 1 4096 65572099 41289974 12516588 55 221621 1 79481 0 1248704 0 0 2097152 0 0
SEP
MEM comp01 1587668871 2020/04/23 15:07:51 1 4096 65572099 41039576 12641516 55 221917 1 79761 0 1248704 0 0 2097152 0 0
SEP
MEM comp01 1587668872 2020/04/23 15:07:52 1 4096 65572099 40789186 12766444 55 222205 1 80041 0 1248704 0 0 2097152 0 0
SEP
MEM comp01 1587668873 2020/04/23 15:07:53 1 4096 65572099 40538807 12891372 55 222483 0 80329 0 1248704 0 0 2097152 0 0
SEP
MEM comp01 1587668874 2020/04/23 15:07:54 1 4096 65572099 40289075 13015276 55 222757 1 80609 0 1248704 0 0 2097152 0 0
SEP
MEM comp01 1587668875 2020/04/23 15:07:55 1 4096 65572099 40038067 13141144 55 223039 1 80889 0 1248704 0 0 2097152 0 0
SEP
MEM comp01 1587668876 2020/04/23 15:07:56 1 4096 65572099 39787644 13266156 55 223339 1 81177 0 1248704 0 0 2097152 0 0
SEP
MEM comp01 1587668877 2020/04/23 15:07:57 1 4096 65572099 39540855 13389004 55 223557 1 81401 0 1248704 0 0 2097152 0 0
SEP
MEM comp01 1587668878 2020/04/23 15:07:58 1 4096 65572099 39351009 13483171 55 223833 1 81673 0 1248704 0 0 2097152 0 0
SEP
MEM comp01 1587668879 2020/04/23 15:07:59 1 4096 65572099 39350999 13483171 55 223843 1 81673 0 1248704 0 0 2097152 0 0
SEP
MEM comp01 1587668880 2020/04/23 15:08:00 1 4096 65572099 39351013 13483172 55 223829 2 81673 0 1248704 0 0 2097152 0 0
SEP
MEM comp01 1587668881 2020/04/23 15:08:01 1 4096 65572099 39351027 13483172 55 223815 2 81673 0 1248704 0 0 2097152 0 0
SEP
MEM comp01 1587668882 2020/04/23 15:08:02 1 4096 65572099 39350499 13483172 55 223831 2 81673 0 1248704 0 0 2097152 0 0
SEP
MEM comp01 1587668883 2020/04/23 15:08:03 1 4096 65572099 39350999 13483172 55 223843 2 81673 0 1248704 0 0 2097152 0 0
SEP
MEM comp01 1587668884 2020/04/23 15:08:04 1 4096 65572099 39351026 13483172 55 223817 1 81673 0 1248704 0 0 2097152 0 0
SEP
MEM comp01 1587668885 2020/04/23 15:08:05 1 4096 65572099 39351016 13483172 55 223827 1 81673 0 1248704 0 0 2097152 0 0
SEP
MEM comp01 1587668886 2020/04/23 15:08:06 1 4096 65572099 39351020 13483172 55 223823 1 81673 0 1248704 0 0 2097152 0 0
SEP
MEM comp01 1587668887 2020/04/23 15:08:07 1 4096 65572099 39351026 13483172 55 223817 1 81673 0 1248704 0 0 2097152 0 0
SEP
MEM comp01 1587668888 2020/04/23 15:08:08 1 4096 65572099 39351017 13483172 55 223827 1 81673 0 1248704 0 0 2097152 0 0
SEP
MEM comp01 1587668889 2020/04/23 15:08:09 1 4096 65572099 39351029 13483172 55 223815 1 81673 0 1248704 0 0 2097152 0 0
SEP
MEM comp01 1587668890 2020/04/23 15:08:10 1 4096 65572099 39351025 13483172 55 223819 1 81673 0 1248704 0 0 2097152 0 0
SEP
MEM comp01 1587668891 2020/04/23 15:08:11 1 4096 65572099 39351019 13483172 55 223825 1 81673 0 1248704 0 0 2097152 0 0
SEP
MEM comp01 1587668892 2020/04/23 15:08:12 1 4096 65572099 39351023 13483172 55 223821 1 81673 0 1248704 0 0 2097152 0 0
SEP
MEM comp01 1587668893 2020/04/23 15:08:13 1 4096 65572099 39350506 13483172 55 223827 1 81673 0 1248704 0 0 2097152 0 0
SEP
MEM comp01 1587668894 2020/04/23 15:08:14 1 4096 65572099 39351024 13483172 55 223821 1 81673 0 1248704 0 0 2097152 0 0
SEP
MEM comp01 1587668895 2020/04/23 15:08:15 1 4096 65572099 39351027 13483172 55 223825 1 81673 0 1248704 0 0 2097152 0 0
SEP
MEM comp01 1587668896 2020/04/23 15:08:16 1 4096 65572099 39351013 13483172 55 223839 1 81673 0 1248704 0 0 2097152 0 0
SEP
MEM comp01 1587668897 2020/04/23 15:08:17 1 4096 65572099 39351015 13483172 55 223837 1 81673 0 1248704 0 0 2097152 0 0
SEP
MEM comp01 1587668898 2020/04/23 15:08:18 1 4096 65572099 39351029 13483172 55 223823 1 81673 0 1248704 0 0 2097152 0 0
SEP
MEM comp01 1587668899 2020/04/23 15:08:19 1 4096 65572099 39351032 13483172 55 223821 1 81673 0 1248704 0 0 2097152 0 0
SEP
MEM comp01 1587668900 2020/04/23 15:08:20 1 4096 65572099 39351019 13483172 55 223829 1 81673 0 1248704 0 0 2097152 0 0
SEP
MEM comp01 1587668901 2020/04/23 15:08:21 1 4096 65572099 39351032 13483172 55 223817 1 81673 0 1248704 0 0 2097152 0 0
SEP
MEM comp01 1587668902 2020/04/23 15:08:22 1 4096 65572099 39351050 13483172 55 223799 1 81673 0 1248704 0 0 2097152 0 0
SEP
MEM comp01 1587668903 2020/04/23 15:08:23 1 4096 65572099 39351035 13483172 55 223815 1 81673 0 1248704 0 0 2097152 0 0
SEP
MEM comp01 1587668904 2020/04/23 15:08:24 1 4096 65572099 39351035 13483172 55 223815 1 81673 0 1248704 0 0 2097152 0 0
SEP
MEM comp01 1587668905 2020/04/23 15:08:25 1 4096 65572099 39351029 13483172 55 223821 1 81673 0 1248704 0 0 2097152 0 0
SEP
MEM comp01 1587668906 2020/04/23 15:08:26 1 4096 65572099 39351027 13483172 55 223823 1 81673 0 1248704 0 0 2097152 0 0
SEP
MEM comp01 1587668907 2020/04/23 15:08:27 1 4096 65572099 39351002 13483172 55 223841 1 81673 0 1248704 0 0 2097152 0 0
SEP
MEM comp01 1587668908 2020/04/23 15:08:28 1 4096 65572099 39351006 13483172 55 223837 1 81673 0 1248704 0 0 2097152 0 0
SEP
MEM comp01 1587668909 2020/04/23 15:08:29 1 4096 65572099 39351004 13483172 55 223839 2 81673 0 1248704 0 0 2097152 0 0
SEP
MEM comp01 1587668910 2020/04/23 15:08:30 1 4096 65572099 39351013 13483172 55 223831 1 81673 0 1248704 0 0 2097152 0 0
SEP
MEM comp01 1587668911 2020/04/23 15:08:31 1 4096 65572099 39351041 13483172 55 223803 1 81673 0 1248704 0 0 2097152 0 0
SEP
MEM comp01 1587668912 2020/04/23 15:08:32 1 4096 65572099 39351039 13483172 55 223805 1 81673 0 1248704 0 0 2097152 0 0
SEP
MEM comp01 1587668913 2020/04/23 15:08:33 1 4096 65572099 39351032 13483173 55 223819 2 81673 0 1248704 0 0 2097152 0 0
SEP
MEM comp01 1587668914 2020/04/23 15:08:34 1 4096 65572099 39351048 13483173 55 223803 0 81673 0 1248704 0 0 2097152 0 0
SEP
MEM comp01 1587668915 2020/04/23 15:08:35 1 4096 65572099 39351044 13483173 55 223807 1 81673 0 1248704 0 0 2097152 0 0
SEP
MEM comp01 1587668916 2020/04/23 15:08:36 1 4096 65572099 39351034 13483173 55 223817 1 81673 0 1248704 0 0 2097152 0 0
SEP
MEM comp01 1587668917 2020/04/23 15:08:37 1 4096 65572099 39351034 13483173 55 223817 1 81673 0 1248704 0 0 2097152 0 0
SEP
MEM comp01 1587668918 2020/04/23 15:08:38 1 4096 65572099 39351030 13483173 55 223821 1 81673 0 1248704 0 0 2097152 0 0
SEP
MEM comp01 1587668919 2020/04/23 15:08:39 1 4096 65572099 39351024 13483173 55 223827 1 81673 0 1248704 0 0 2097152 0 0
SEP
MEM comp01 1587668920 2020/04/23 15:08:40 1 4096 65572099 39351035 13483173 55 223809 1 81673 0 1248704 0 0 2097152 0 0
SEP
MEM comp01 1587668921 2020/04/23 15:08:41 1 4096 65572099 39351012 13483173 55 223839 1 81673 0 1248704 0 0 2097152 0 0
SEP
MEM comp01 1587668922 2020/04/23 15:08:42 1 4096 65572099 39351022 13483173 55 223829 1 81673 0 1248704 0 0 2097152 0 0
SEP
MEM comp01 1587668923 2020/04/23 15:08:43 1 4096 65572099 39351014 13483173 55 223837 1 81673 0 1248704 0 0 2097152 0 0
SEP
MEM comp01 1587668924 2020/04/23 15:08:44 1 4096 65572099 39351014 13483173 55 223837 1 81673 0 1248704 0 0 2097152 0 0
SEP
MEM comp01 1587668925 2020/04/23 15:08:45 1 4096 65572099 39351029 13483173 55 223819 1 81673 0 1248704 0 0 2097152 0 0
SEP
MEM comp01 1587668926 2020/04/23 15:08:46 1 4096 65572099 39351028 13483173 55 223831 1 81673 0 1248704 0 0 2097152 0 0
SEP
MEM comp01 1587668927 2020/04/23 15:08:47 1 4096 65572099 39351038 13483173 55 223821 1 81673 0 1248704 0 0 2097152 0 0
SEP
MEM comp01 1587668928 2020/04/23 15:08:48 1 4096 65572099 39351032 13483173 55 223827 1 81673 0 1248704 0 0 2097152 0 0
SEP
MEM comp01 1587668929 2020/04/23 15:08:49 1 4096 65572099 39351025 13483173 55 223835 1 81673 0 1248704 0 0 2097152 0 0
SEP
MEM comp01 1587668930 2020/04/23 15:08:50 1 4096 65572099 39351027 13483173 55 223833 1 81673 0 1248704 0 0 2097152 0 0
SEP
MEM comp01 1587668931 2020/04/23 15:08:51 1 4096 65572099 39351025 13483173 55 223835 1 81673 0 1248704 0 0 2097152 0 0
SEP
MEM comp01 1587668932 2020/04/23 15:08:52 1 4096 65572099 39351017 13483173 55 223843 1 81673 0 1248704 0 0 2097152 0 0
SEP
MEM comp01 1587668933 2020/04/23 15:08:53 1 4096 65572099 39351019 13483173 55 223841 1 81673 0 1248704 0 0 2097152 0 0
SEP
MEM comp01 1587668934 2020/04/23 15:08:54 1 4096 65572099 39351023 13483173 55 223837 1 81673 0 1248704 0 0 2097152 0 0
SEP
MEM comp01 1587668935 2020/04/23 15:08:55 1 4096 65572099 39350999 13483173 55 223855 1 81673 0 1248704 0 0 2097152 0 0
SEP
MEM comp01 1587668936 2020/04/23 15:08:56 1 4096 65572099 39351019 13483173 55 223835 1 81673 0 1248704 0 0 2097152 0 0
SEP
MEM comp01 1587668937 2020/04/23 15:08:57 1 4096 65572099 39351011 13483173 55 223843 1 81673 0 1248704 0 0 2097152 0 0
SEP
MEM comp01 1587668938 2020/04/23 15:08:58 1 4096 65572099 39351013 13483173 55 223841 1 81673 0 1248704 0 0 2097152 0 0
SEP
MEM comp01 1587668939 2020/04/23 15:08:59 1 4096 65572099 39350997 13483173 55 223857 0 81673 0 1248704 0 0 2097152 0 0
SEP
MEM comp01 1587668940 2020/04/23 15:09:00 1 4096 65572099 39351011 13483173 55 223843 1 81673 0 1248704 0 0 2097152 0 0
SEP
MEM comp01 1587668941 2020/04/23 15:09:01 1 4096 65572099 39351016 13483173 55 223831 1 81673 0 1248704 0 0 2097152 0 0
SEP
MEM comp01 1587668942 2020/04/23 15:09:02 1 4096 65572099 39351004 13483173 55 223843 1 81673 0 1248704 0 0 2097152 0 0
SEP
MEM comp01 1587668943 2020/04/23 15:09:03 1 4096 65572099 39351011 13483173 55 223843 1 81673 0 1248704 0 0 2097152 0 0
SEP
MEM comp01 1587668944 2020/04/23 15:09:04 1 4096 65572099 39351009 13483173 55 223845 0 81673 0 1248704 0 0 2097152 0 0
SEP
MEM comp01 1587668945 2020/04/23 15:09:05 1 4096 65572099 39350999 13483173 55 223855 1 81673 0 1248704 0 0 2097152 0 0
SEP
MEM comp01 1587668946 2020/04/23 15:09:06 1 4096 65572099 39351014 13483174 55 223833 2 81673 0 1248704 0 0 2097152 0 0
SEP
MEM comp01 1587668947 2020/04/23 15:09:07 1 4096 65572099 39351006 13483174 55 223841 2 81673 0 1248704 0 0 2097152 0 0
SEP
MEM comp01 1587668948 2020/04/23 15:09:08 1 4096 65572099 39350996 13483174 55 223851 2 81673 0 1248704 0 0 2097152 0 0
SEP
MEM comp01 1587668949 2020/04/23 15:09:09 1 4096 65572099 39351022 13483174 55 223825 0 81673 0 1248704 0 0 2097152 0 0
SEP
MEM comp01 1587668950 2020/04/23 15:09:10 1 4096 65572099 39351014 13483174 55 223833 0 81673 0 1248704 0 0 2097152 0 0
SEP
MEM comp01 1587668951 2020/04/23 15:09:11 1 4096 65572099 39351013 13483174 55 223827 1 81673 0 1248704 0 0 2097152 0 0
SEP
MEM comp01 1587668952 2020/04/23 15:09:12 1 4096 65572099 39351019 13483174 55 223821 1 81673 0 1248704 0 0 2097152 0 0
SEP
MEM comp01 1587668953 2020/04/23 15:09:13 1 4096 65572099 39351012 13483174 55 223835 1 81673 0 1248704 0 0 2097152 0 0
SEP
MEM comp01 1587668954 2020/04/23 15:09:14 1 4096 65572099 38650467 14182177 55 225355 698850 83217 0 1248704 0 0 2097152 0 0
SEP
MEM comp01 1587668955 2020/04/23 15:09:15 1 4096 65572099 37896508 14934365 55 227033 1451196 84881 0 1248704 0 0 2097152 0 0
SEP
MEM comp01 1587668956 2020/04/23 15:09:16 1 4096 65572099 37142335 15686762 55 228775 2203639 86625 0 1248704 0 0 2097152 0 0
SEP
MEM comp01 1587668957 2020/04/23 15:09:17 1 4096 65572099 36388753 16438728 55 230415 2955451 88265 0 1248704 0 0 2097152 0 0
SEP
MEM comp01 1587668958 2020/04/23 15:09:18 1 4096 65572099 35634871 17190845 55 232159 3707598 90009 0 1248704 0 0 2097152 0 0
SEP
MEM comp01 1587668959 2020/04/23 15:09:19 1 4096 65572099 34932893 17891247 55 233821 4303689 91585 0 1248704 0 0 2097152 0 0
SEP
MEM comp01 1587668960 2020/04/23 15:09:20 1 4096 65572099 34197602 18624925 55 235407 5008619 93233 0 1248704 0 0 2097152 0 0
SEP
MEM comp01 1587668961 2020/04/23 15:09:21 1 4096 65572099 33496379 19324499 55 237171 5603137 94897 0 1248704 0 0 2097152 0 0
SEP
MEM comp01 1587668962 2020/04/23 15:09:22 1 4096 65572099 32801953 20017187 55 238653 6170013 96409 0 1248704 0 0 2097152 0 0
SEP
MEM comp01 1587668963 2020/04/23 15:09:23 1 4096 65572099 32114891 20702911 55 240225 6729671 98009 0 1248704 0 0 2097152 0 0
SEP
MEM comp01 1587668964 2020/04/23 15:09:24 1 4096 65572099 31427014 21389177 55 241805 7294167 99601 0 1248704 0 0 2097152 0 0
SEP
MEM comp01 1587668965 2020/04/23 15:09:25 1 4096 65572099 30824841 21989974 55 243137 7770129 100881 0 1248704 0 0 2097152 0 0
SEP
MEM comp01 1587668966 2020/04/23 15:09:26 1 4096 65572099 30271658 22541902 55 244513 8198492 102153 0 1248704 0 0 2097152 0 0
SEP
MEM comp01 1587668967 2020/04/23 15:09:27 1 4096 65572099 29723408 23088907 55 245657 8621713 103345 0 1248704 0 0 2097152 0 0
SEP
MEM comp01 1587668968 2020/04/23 15:09:28 1 4096 65572099 29181134 23629899 55 246921 9036747 104601 0 1248704 0 0 2097152 0 0
SEP
MEM comp01 1587668969 2020/04/23 15:09:29 1 4096 65572099 28636026 24173840 55 248113 9459578 105841 0 1248704 0 0 2097152 0 0
SEP
MEM comp01 1587668970 2020/04/23 15:09:30 1 4096 65572099 28091795 24716797 55 249265 9877972 107025 0 1248704 0 0 2097152 0 0
SEP
MEM comp01 1587668971 2020/04/23 15:09:31 1 4096 65572099 27547911 25259556 55 250513 10294164 108281 0 1248704 0 0 2097152 0 0
SEP
MEM comp01 1587668972 2020/04/23 15:09:32 1 4096 65572099 39278771 25690176 55 251481 10602990 109289 0 1248704 0 0 2097152 0 0
SEP
MEM comp01 1587668973 2020/04/23 15:09:33 1 4096 65572099 38586723 25690207 55 251553 10478082 109353 0 1248704 0 0 2097152 0 0
SEP
MEM comp01 1587668974 2020/04/23 15:09:34 1 4096 65572099 37894676 25690207 55 251561 10355232 109353 0 1248704 0 0 2097152 0 0
SEP
MEM comp01 1587668975 2020/04/23 15:09:35 1 4096 65572099 37201637 25690207 55 251537 10231263 109353 0 1248704 0 0 2097152 0 0
SEP
MEM comp01 1587668976 2020/04/23 15:09:36 1 4096 65572099 36502759 25690207 55 251537 10105824 109353 0 1248704 0 0 2097152 0 0
SEP
MEM comp01 1587668977 2020/04/23 15:09:37 1 4096 65572099 35801471 25690207 55 251703 9984456 109353 0 1248704 0 0 2097152 0 0
SEP
MEM comp01 1587668978 2020/04/23 15:09:38 1 4096 65572099 35104327 25690208 55 251695 9859529 109353 0 1248704 0 0 2097152 0 0
SEP
MEM comp01 1587668979 2020/04/23 15:09:39 1 4096 65572099 34411769 25690208 55 251695 9733435 109353 0 1248704 0 0 2097152 0 0
SEP
MEM comp01 1587668980 2020/04/23 15:09:40 1 4096 65572099 33719243 25690208 55 251671 9612223 109353 0 1248704 0 0 2097152 0 0
SEP
MEM comp01 1587668981 2020/04/23 15:09:41 1 4096 65572099 33026724 25690208 55 251639 9486888 109353 0 1248704 0 0 2097152 0 0
SEP
MEM comp01 1587668982 2020/04/23 15:09:42 1 4096 65572099 32332632 25690208 55 251637 9363944 109353 0 1248704 0 0 2097152 0 0
SEP
MEM comp01 1587668983 2020/04/23 15:09:43 1 4096 65572099 31631369 25690208 55 251631 9240528 109353 0 1248704 0 0 2097152 0 0
SEP
MEM comp01 1587668984 2020/04/23 15:09:44 1 4096 65572099 30905040 25690208 55 251547 9114612 109353 0 1248704 0 0 2097152 0 0
SEP
MEM comp01 1587668985 2020/04/23 15:09:45 1 4096 65572099 30126805 25690208 55 251559 8993725 109353 0 1248704 0 0 2097152 0 0
SEP
MEM comp01 1587668986 2020/04/23 15:09:46 1 4096 65572099 29347555 25690208 55 251555 8868616 109353 0 1248704 0 0 2097152 0 0
SEP
MEM comp01 1587668987 2020/04/23 15:09:47 1 4096 65572099 28572409 25690208 55 251557 8742358 109353 0 1248704 0 0 2097152 0 0
SEP
MEM comp01 1587668988 2020/04/23 15:09:48 1 4096 65572099 27803903 25690208 55 251589 8621504 109353 0 1248704 0 0 2097152 0 0
SEP
MEM comp01 1587668989 2020/04/23 15:09:49 1 4096 65572099 27116236 25690208 55 251581 8496072 109353 0 1248704 0 0 2097152 0 0
SEP
MEM comp01 1587668990 2020/04/23 15:09:50 1 4096 65572099 27116136 25690208 55 251591 8372152 109353 0 1248704 0 0 2097152 0 0
SEP
MEM comp01 1587668991 2020/04/23 15:09:51 1 4096 65572099 27116148 25690208 55 251579 8246217 109353 0 1248704 0 0 2097152 0 0
SEP
MEM comp01 1587668992 2020/04/23 15:09:52 1 4096 65572099 27116155 25690208 55 251565 8119997 109353 0 1248704 0 0 2097152 0 0
SEP
MEM comp01 1587668993 2020/04/23 15:09:53 1 4096 65572099 27116175 25690208 55 251545 7994845 109353 0 1248704 0 0 2097152 0 0
SEP
MEM comp01 1587668994 2020/04/23 15:09:54 1 4096 65572099 27116147 25690208 55 251573 7868373 109353 0 1248704 0 0 2097152 0 0
SEP
MEM comp01 1587668995 2020/04/23 15:09:55 1 4096 65572099 27116167 25690208 55 251553 7741901 109353 0 1248704 0 0 2097152 0 0
SEP
MEM comp01 1587668996 2020/04/23 15:09:56 1 4096 65572099 27116152 25690208 55 251563 7616688 109353 0 1248704 0 0 2097152 0 0
SEP
MEM comp01 1587668997 2020/04/23 15:09:57 1 4096 65572099 27116140 25690208 55 251575 7490595 109353 0 1248704 0 0 2097152 0 0
SEP
MEM comp01 1587668998 2020/04/23 15:09:58 1 4096 65572099 27116150 25690208 55 251565 7365131 109353 0 1248704 0 0 2097152 0 0
SEP
MEM comp01 1587668999 2020/04/23 15:09:59 1 4096 65572099 27116158 25690208 55 251557 7238659 109353 0 1248704 0 0 2097152 0 0
SEP
MEM comp01 1587669000 2020/04/23 15:10:00 1 4096 65572099 27116150 25690208 55 251565 7112187 109353 0 1248704 0 0 2097152 0 0
SEP
MEM comp01 1587669001 2020/04/23 15:10:01 1 4096 65572099 27116148 25690208 55 251567 6986722 109353 0 1248704 0 0 2097152 0 0
SEP
MEM comp01 1587669002 2020/04/23 15:10:02 1 4096 65572099 27116162 25690208 55 251553 6860235 109353 0 1248704 0 0 2097152 0 0
SEP
MEM comp01 1587669003 2020/04/23 15:10:03 1 4096 65572099 27116158 25690208 55 251557 6734305 109353 0 1248704 0 0 2097152 0 0
SEP
MEM comp01 1587669004 2020/04/23 15:10:04 1 4096 65572099 27116160 25690208 55 251555 6608677 109353 0 1248704 0 0 2097152 0 0
SEP
MEM comp01 1587669005 2020/04/23 15:10:05 1 4096 65572099 27116160 25690208 55 251555 6482457 109353 0 1248704 0 0 2097152 0 0
SEP
MEM comp01 1587669006 2020/04/23 15:10:06 1 4096 65572099 27116164 25690208 55 251551 6356992 109353 0 1248704 0 0 2097152 0 0
SEP
MEM comp01 1587669007 2020/04/23 15:10:07 1 4096 65572099 27116248 25690208 55 251467 6230557 109353 0 1248704 0 0 2097152 0 0
SEP
MEM comp01 1587669008 2020/04/23 15:10:08 1 4096 65572099 27116160 25690208 55 251555 6104553 109353 0 1248704 0 0 2097152 0 0
SEP
MEM comp01 1587669009 2020/04/23 15:10:09 1 4096 65572099 27115980 25690209 55 251735 5979090 109353 0 1248704 0 0 2097152 0 0
SEP
MEM comp01 1587669010 2020/04/23 15:10:10 1 4096 65572099 27115990 25690209 55 251725 5852618 109353 0 1248704 0 0 2097152 0 0
SEP
MEM comp01 1587669011 2020/04/23 15:10:11 1 4096 65572099 27115980 25690209 55 251735 5726270 109353 0 1248704 0 0 2097152 0 0
SEP
MEM comp01 1587669012 2020/04/23 15:10:12 1 4096 65572099 27115980 25690209 55 251735 5600697 109353 0 1248704 0 0 2097152 0 0
SEP
MEM comp01 1587669013 2020/04/23 15:10:13 1 4096 65572099 27115970 25690209 55 251745 5474234 109353 0 1248704 0 0 2097152 0 0
SEP
MEM comp01 1587669014 2020/04/23 15:10:14 1 4096 65572099 27115986 25690209 55 251729 5348809 109353 0 1248704 0 0 2097152 0 0
SEP
MEM comp01 1587669015 2020/04/23 15:10:15 1 4096 65572099 27116002 25690209 55 251713 5222337 109353 0 1248704 0 0 2097152 0 0
SEP
MEM comp01 1587669016 2020/04/23 15:10:16 1 4096 65572099 27115976 25690209 55 251733 5095864 109353 0 1248704 0 0 2097152 0 0
SEP
MEM comp01 1587669017 2020/04/23 15:10:17 1 4096 65572099 27116172 25690209 55 251537 5093306 109353 0 1248704 0 0 2097152 0 0
SEP
MEM comp01 1587669018 2020/04/23 15:10:18 1 4096 65572099 27116176 25690209 55 251533 5093306 109353 0 1248704 0 0 2097152 0 0
SEP
MEM comp01 1587669019 2020/04/23 15:10:19 1 4096 65572099 27116160 25690209 55 251549 5093306 109353 0 1248704 0 0 2097152 0 0
SEP
MEM comp01 1587669020 2020/04/23 15:10:20 1 4096 65572099 27116157 25690209 55 251553 5093306 109353 0 1248704 0 0 2097152 0 0
SEP
MEM comp01 1587669021 2020/04/23 15:10:21 1 4096 65572099 27116182 25690209 55 251529 5093305 109353 0 1248704 0 0 2097152 0 0
SEP
MEM comp01 1587669022 2020/04/23 15:10:22 1 4096 65572099 27116050 25690209 55 251661 4985784 109353 0 1248704 0 0 2097152 0 0
SEP
MEM comp01 1587669023 2020/04/23 15:10:23 1 4096 65572099 27116158 25690209 55 251553 4859426 109353 0 1248704 0 0 2097152 0 0
SEP
MEM comp01 1587669024 2020/04/23 15:10:24 1 4096 65572099 27116064 25690209 55 251647 4733368 109353 0 1248704 0 0 2097152 0 0
SEP
MEM comp01 1587669025 2020/04/23 15:10:25 1 4096 65572099 27116078 25690209 55 251633 4607936 109353 0 1248704 0 0 2097152 0 0
SEP
MEM comp01 1587669026 2020/04/23 15:10:26 1 4096 65572099 27116081 25690209 55 251631 4481211 109353 0 1248704 0 0 2097152 0 0
SEP
MEM comp01 1587669027 2020/04/23 15:10:27 1 4096 65572099 27116077 25690209 55 251635 4356032 109353 0 1248704 0 0 2097152 0 0
SEP
MEM comp01 1587669028 2020/04/23 15:10:28 1 4096 65572099 27116095 25690209 55 251617 4229560 109353 0 1248704 0 0 2097152 0 0
SEP
MEM comp01 1587669029 2020/04/23 15:10:29 1 4096 65572099 27116067 25690209 55 251645 4103120 109353 0 1248704 0 0 2097152 0 0
SEP
MEM comp01 1587669030 2020/04/23 15:10:30 1 4096 65572099 27116107 25690209 55 251605 3978192 109353 0 1248704 0 0 2097152 0 0
SEP
MEM comp01 1587669031 2020/04/23 15:10:31 1 4096 65572099 27116096 25690209 55 251617 3851719 109353 0 1248704 0 0 2097152 0 0
SEP
MEM comp01 1587669032 2020/04/23 15:10:32 1 4096 65572099 27116100 25690209 55 251613 3726288 109353 0 1248704 0 0 2097152 0 0
SEP
MEM comp01 1587669033 2020/04/23 15:10:33 1 4096 65572099 27116096 25690209 55 251617 3600320 109353 0 1248704 0 0 2097152 0 0
SEP
MEM comp01 1587669034 2020/04/23 15:10:34 1 4096 65572099 27116112 25690209 55 251601 3473344 109353 0 1248704 0 0 2097152 0 0
SEP
MEM comp01 1587669035 2020/04/23 15:10:35 1 4096 65572099 27116110 25690209 55 251603 3348416 109353 0 1248704 0 0 2097152 0 0
SEP
MEM comp01 1587669036 2020/04/23 15:10:36 1 4096 65572099 27116110 25690209 55 251603 3221944 109353 0 1248704 0 0 2097152 0 0
SEP
MEM comp01 1587669037 2020/04/23 15:10:37 1 4096 65572099 27116146 25690209 55 251567 3095504 109353 0 1248704 0 0 2097152 0 0
SEP
MEM comp01 1587669038 2020/04/23 15:10:38 1 4096 65572099 27116124 25690209 55 251589 2971584 109353 0 1248704 0 0 2097152 0 0
SEP
MEM comp01 1587669039 2020/04/23 15:10:39 1 4096 65572099 27116128 25690209 55 251585 2845112 109353 0 1248704 0 0 2097152 0 0
SEP
MEM comp01 1587669040 2020/04/23 15:10:40 1 4096 65572099 27116126 25690210 55 251587 2721217 109353 0 1248704 0 0 2097152 0 0
SEP
MEM comp01 1587669041 2020/04/23 15:10:41 1 4096 65572099 27116156 25690210 55 251557 2594745 109353 0 1248704 0 0 2097152 0 0
SEP
MEM comp01 1587669042 2020/04/23 15:10:42 1 4096 65572099 27116158 25690210 55 251555 2468807 109353 0 1248704 0 0 2097152 0 0
SEP
MEM comp01 1587669043 2020/04/23 15:10:43 1 4096 65572099 27116146 25690210 55 251567 2344384 109353 0 1248704 0 0 2097152 0 0
SEP
MEM comp01 1587669044 2020/04/23 15:10:44 1 4096 65572099 27116168 25690210 55 251545 2217912 109353 0 1248704 0 0 2097152 0 0
SEP
MEM comp01 1587669045 2020/04/23 15:10:45 1 4096 65572099 27116190 25690210 55 251523 2094232 109353 0 1248704 0 0 2097152 0 0
SEP
MEM comp01 1587669046 2020/04/23 15:10:46 1 4096 65572099 27116178 25690210 55 251535 1967626 109353 0 1248704 0 0 2097152 0 0
SEP
MEM comp01 1587669047 2020/04/23 15:10:47 1 4096 65572099 27116187 25690210 55 251527 1841665 109353 0 1248704 0 0 2097152 0 0
SEP
MEM comp01 1587669048 2020/04/23 15:10:48 1 4096 65572099 27116179 25690210 55 251535 1717210 109353 0 1248704 0 0 2097152 0 0
SEP
MEM comp01 1587669049 2020/04/23 15:10:49 1 4096 65572099 27116169 25690210 55 251545 1590738 109353 0 1248704 0 0 2097152 0 0
SEP
MEM comp01 1587669050 2020/04/23 15:10:50 1 4096 65572099 27116165 25690210 55 251549 1467416 109353 0 1248704 0 0 2097152 0 0
SEP
MEM comp01 1587669051 2020/04/23 15:10:51 1 4096 65572099 27116205 25690210 55 251509 1340944 109353 0 1248704 0 0 2097152 0 0
SEP
MEM comp01 1587669052 2020/04/23 15:10:52 1 4096 65572099 27116151 25690210 55 251563 1214976 109353 0 1248704 0 0 2097152 0 0
SEP
MEM comp01 1587669053 2020/04/23 15:10:53 1 4096 65572099 27115977 25690210 55 251737 1090898 109353 0 1248704 0 0 2097152 0 0
SEP
MEM comp01 1587669054 2020/04/23 15:10:54 1 4096 65572099 27115965 25690210 55 251749 964552 109353 0 1248704 0 0 2097152 0 0
SEP
MEM comp01 1587669055 2020/04/23 15:10:55 1 4096 65572099 27115983 25690210 55 251731 840506 109353 0 1248704 0 0 2097152 0 0
SEP
MEM comp01 1587669056 2020/04/23 15:10:56 1 4096 65572099 27116001 25690210 55 251713 714720 109353 0 1248704 0 0 2097152 0 0
SEP
MEM comp01 1587669057 2020/04/23 15:10:57 1 4096 65572099 27115999 25690211 55 251715 588735 109353 0 1248704 0 0 2097152 0 0
SEP
MEM comp01 1587669058 2020/04/23 15:10:58 1 4096 65572099 27116023 25690211 55 251691 464848 109353 0 1248704 0 0 2097152 0 0
SEP
MEM comp01 1587669059 2020/04/23 15:10:59 1 4096 65572099 27116035 25690211 55 251679 338376 109353 0 1248704 0 0 2097152 0 0
SEP
MEM comp01 1587669060 2020/04/23 15:11:00 1 4096 65572099 27116035 25690211 55 251679 214992 109353 0 1248704 0 0 2097152 0 0
SEP
MEM comp01 1587669061 2020/04/23 15:11:01 1 4096 65572099 27116049 25690211 55 251665 88016 109353 0 1248704 0 0 2097152 0 0
SEP
MEM comp01 1587669062 2020/04/23 15:11:02 1 4096 65572099 26819035 25986705 55 252165 296496 110017 0 1248704 0 0 2097152 0 0
SEP
MEM comp01 1587669063 2020/04/23 15:11:03 1 4096 65572099 26066604 26737484 55 253819 1047254 111673 0 1248704 0 0 2097152 0 0
SEP
MEM comp01 1587669064 2020/04/23 15:11:04 1 4096 65572099 25319087 27483182 55 255547 1793050 113401 0 1248704 0 0 2097152 0 0
SEP
MEM comp01 1587669065 2020/04/23 15:11:05 1 4096 65572099 24570134 28230600 55 257171 2540246 115025 0 1248704 0 0 2097152 0 0
SEP
MEM comp01 1587669066 2020/04/23 15:11:06 1 4096 65572099 23821615 28977352 55 258907 3287156 116761 0 1248704 0 0 2097152 0 0
SEP
MEM comp01 1587669067 2020/04/23 15:11:07 1 4096 65572099 23074666 29722548 55 260643 4032379 118497 0 1248704 0 0 2097152 0 0
SEP
MEM comp01 1587669068 2020/04/23 15:11:08 1 4096 65572099 22327562 30468180 55 262259 4777858 120113 0 1248704 0 0 2097152 0 0
SEP
MEM comp01 1587669069 2020/04/23 15:11:09 1 4096 65572099 21607113 31186892 55 263963 5429301 121809 0 1248704 0 0 2097152 0 0
SEP
MEM comp01 1587669070 2020/04/23 15:11:10 1 4096 65572099 20902516 31889731 55 265667 6005870 123329 0 1248704 0 0 2097152 0 0
SEP
MEM comp01 1587669071 2020/04/23 15:11:11 1 4096 65572099 20197189 32593458 55 267297 6583341 124961 0 1248704 0 0 2097152 0 0
SEP
MEM comp01 1587669072 2020/04/23 15:11:12 1 4096 65572099 19492029 33296948 55 268921 7162845 126593 0 1248704 0 0 2097152 0 0
SEP
MEM comp01 1587669073 2020/04/23 15:11:13 1 4096 65572099 18789611 33997802 55 270449 7737256 128121 0 1248704 0 0 2097152 0 0
SEP
MEM comp01 1587669074 2020/04/23 15:11:14 1 4096 65572099 18177565 34608603 55 271817 8224047 129497 0 1248704 0 0 2097152 0 0
SEP
MEM comp01 1587669075 2020/04/23 15:11:15 1 4096 65572099 17633404 35151392 55 273065 8640626 130753 0 1248704 0 0 2097152 0 0
SEP
MEM comp01 1587669076 2020/04/23 15:11:16 1 4096 65572099 17088215 35695537 55 274249 9058051 131937 0 1248704 0 0 2097152 0 0
SEP
MEM comp01 1587669077 2020/04/23 15:11:17 1 4096 65572099 16542954 36239484 55 275505 9478136 133201 0 1248704 0 0 2097152 0 0
SEP
MEM comp01 1587669078 2020/04/23 15:11:18 1 4096 65572099 15997429 36783716 55 276809 9895915 134513 0 1248704 0 0 2097152 0 0
SEP
MEM comp01 1587669079 2020/04/23 15:11:19 1 4096 65572099 15455174 37324733 55 277929 10313636 135641 0 1248704 0 0 2097152 0 0
SEP
MEM comp01 1587669080 2020/04/23 15:11:20 1 4096 65572099 14910355 37868423 55 279185 10730760 136905 0 1248704 0 0 2097152 0 0
SEP
MEM comp01 1587669081 2020/04/23 15:11:21 1 4096 65572099 26433829 37897244 55 279313 10633271 137033 0 1248704 0 0 2097152 0 0
SEP
MEM comp01 1587669082 2020/04/23 15:11:22 1 4096 65572099 25632329 37897244 55 279307 10508233 137033 0 1248704 0 0 2097152 0 0
SEP
MEM comp01 1587669083 2020/04/23 15:11:23 1 4096 65572099 24836158 37897244 55 279307 10381760 137033 0 1248704 0 0 2097152 0 0
SEP
MEM comp01 1587669084 2020/04/23 15:11:24 1 4096 65572099 24033878 37897244 55 279251 10255891 137033 0 1248704 0 0 2097152 0 0
SEP
MEM comp01 1587669085 2020/04/23 15:11:25 1 4096 65572099 23226368 37897244 55 279291 10130393 137033 0 1248704 0 0 2097152 0 0
SEP
MEM comp01 1587669086 2020/04/23 15:11:26 1 4096 65572099 22418889 37897244 55 279307 10004425 137033 0 1248704 0 0 2097152 0 0
SEP
MEM comp01 1587669087 2020/04/23 15:11:27 1 4096 65572099 21607843 37897244 55 279299 9878993 137033 0 1248704 0 0 2097152 0 0
SEP
MEM comp01 1587669088 2020/04/23 15:11:28 1 4096 65572099 20803459 37897244 55 279299 9752520 137033 0 1248704 0 0 2097152 0 0
SEP
MEM comp01 1587669089 2020/04/23 15:11:29 1 4096 65572099 20006769 37897244 55 279299 9626049 137033 0 1248704 0 0 2097152 0 0
SEP
MEM comp01 1587669090 2020/04/23 15:11:30 1 4096 65572099 19207008 37897244 55 279291 9500617 137033 0 1248704 0 0 2097152 0 0
SEP
MEM comp01 1587669091 2020/04/23 15:11:31 1 4096 65572099 18416469 37897244 55 279291 9374145 137033 0 1248704 0 0 2097152 0 0
SEP
MEM comp01 1587669092 2020/04/23 15:11:32 1 4096 65572099 17704435 37897244 55 279283 9248713 137033 0 1248704 0 0 2097152 0 0
SEP
MEM comp01 1587669093 2020/04/23 15:11:33 1 4096 65572099 16990331 37897244 55 279283 9122744 137033 0 1248704 0 0 2097152 0 0
SEP
MEM comp01 1587669094 2020/04/23 15:11:34 1 4096 65572099 16284456 37897244 55 279267 8996305 137033 0 1248704 0 0 2097152 0 0
SEP
MEM comp01 1587669095 2020/04/23 15:11:35 1 4096 65572099 15570351 37897244 55 279275 8870841 137033 0 1248704 0 0 2097152 0 0
SEP
MEM comp01 1587669096 2020/04/23 15:11:36 1 4096 65572099 14881273 37897244 55 279267 8744511 137033 0 1248704 0 0 2097152 0 0
SEP
MEM comp01 1587669097 2020/04/23 15:11:37 1 4096 65572099 14881253 37897244 55 279259 8618433 137033 0 1248704 0 0 2097152 0 0
SEP
MEM comp01 1587669098 2020/04/23 15:11:38 1 4096 65572099 14881261 37897244 55 279251 8493000 137033 0 1248704 0 0 2097152 0 0
SEP
MEM comp01 1587669099 2020/04/23 15:11:39 1 4096 65572099 14881261 37897244 55 279251 8366529 137033 0 1248704 0 0 2097152 0 0
SEP
MEM comp01 1587669100 2020/04/23 15:11:40 1 4096 65572099 14881259 37897244 55 279253 8241601 137033 0 1248704 0 0 2097152 0 0
SEP
MEM comp01 1587669101 2020/04/23 15:11:41 1 4096 65572099 14881267 37897244 55 279245 8115287 137033 0 1248704 0 0 2097152 0 0
SEP
MEM comp01 1587669102 2020/04/23 15:11:42 1 4096 65572099 14881269 37897244 55 279243 7988689 137033 0 1248704 0 0 2097152 0 0
SEP
MEM comp01 1587669103 2020/04/23 15:11:43 1 4096 65572099 14881270 37897245 55 279243 7863255 137033 0 1248704 0 0 2097152 0 0
SEP
MEM comp01 1587669104 2020/04/23 15:11:44 1 4096 65572099 14881282 37897245 55 279231 7736784 137033 0 1248704 0 0 2097152 0 0
SEP
MEM comp01 1587669105 2020/04/23 15:11:45 1 4096 65572099 14881288 37897245 55 279225 7610816 137033 0 1248704 0 0 2097152 0 0
SEP
MEM comp01 1587669106 2020/04/23 15:11:46 1 4096 65572099 14881296 37897245 55 279217 7485384 137033 0 1248704 0 0 2097152 0 0
SEP
MEM comp01 1587669107 2020/04/23 15:11:47 1 4096 65572099 14881279 37897245 55 279241 7358912 137033 0 1248704 0 0 2097152 0 0
SEP
MEM comp01 1587669108 2020/04/23 15:11:48 1 4096 65572099 14881291 37897245 55 279229 7234098 137033 0 1248704 0 0 2097152 0 0
SEP
MEM comp01 1587669109 2020/04/23 15:11:49 1 4096 65572099 14881301 37897245 55 279219 7107595 137033 0 1248704 0 0 2097152 0 0
SEP
MEM comp01 1587669110 2020/04/23 15:11:50 1 4096 65572099 14881315 37897245 55 279205 6981077 137033 0 1248704 0 0 2097152 0 0
SEP
MEM comp01 1587669111 2020/04/23 15:11:51 1 4096 65572099 14881315 37897245 55 279205 6855609 137033 0 1248704 0 0 2097152 0 0
SEP
MEM comp01 1587669112 2020/04/23 15:11:52 1 4096 65572099 14881282 37897245 55 279245 6729267 137033 0 1248704 0 0 2097152 0 0
SEP
MEM comp01 1587669113 2020/04/23 15:11:53 1 4096 65572099 14881272 37897245 55 279255 6603306 137033 0 1248704 0 0 2097152 0 0
SEP
MEM comp01 1587669114 2020/04/23 15:11:54 1 4096 65572099 14881286 37897245 55 279241 6477283 137033 0 1248704 0 0 2097152 0 0
SEP
MEM comp01 1587669115 2020/04/23 15:11:55 1 4096 65572099 14881299 37897245 55 279235 6350867 137033 0 1248704 0 0 2097152 0 0
SEP
MEM comp01 1587669116 2020/04/23 15:11:56 1 4096 65572099 14881259 37897245 55 279275 6225857 137033 0 1248704 0 0 2097152 0 0
SEP
MEM comp01 1587669117 2020/04/23 15:11:57 1 4096 65572099 14881257 37897245 55 279277 6099427 137033 0 1248704 0 0 2097152 0 0
SEP
MEM comp01 1587669118 2020/04/23 15:11:58 1 4096 65572099 14881261 37897245 55 279273 5972923 137033 0 1248704 0 0 2097152 0 0
SEP
MEM comp01 1587669119 2020/04/23 15:11:59 1 4096 65572099 14881271 37897245 55 279263 5847498 137033 0 1248704 0 0 2097152 0 0
SEP
MEM comp01 1587669120 2020/04/23 15:12:00 1 4096 65572099 14881287 37897245 55 279247 5721120 137033 0 1248704 0 0 2097152 0 0
SEP
MEM comp01 1587669121 2020/04/23 15:12:01 1 4096 65572099 14881265 37897245 55 279269 5595302 137033 0 1248704 0 0 2097152 0 0
SEP
MEM comp01 1587669122 2020/04/23 15:12:02 1 4096 65572099 14881265 37897245 55 279269 5469208 137033 0 1248704 0 0 2097152 0 0
SEP
MEM comp01 1587669123 2020/04/23 15:12:03 1 4096 65572099 14881283 37897245 55 279251 5342736 137033 0 1248704 0 0 2097152 0 0
SEP
MEM comp01 1587669124 2020/04/23 15:12:04 1 4096 65572099 14881283 37897245 55 279251 5217272 137033 0 1248704 0 0 2097152 0 0
SEP
MEM comp01 1587669125 2020/04/23 15:12:05 1 4096 65572099 14881285 37897245 55 279249 5096378 137033 0 1248704 0 0 2097152 0 0
SEP
MEM comp01 1587669126 2020/04/23 15:12:06 1 4096 65572099 14881291 37897245 55 279243 5096378 137033 0 1248704 0 0 2097152 0 0
SEP
MEM comp01 1587669127 2020/04/23 15:12:07 1 4096 65572099 14881279 37897245 55 279255 5096378 137033 0 1248704 0 0 2097152 0 0
SEP
MEM comp01 1587669128 2020/04/23 15:12:08 1 4096 65572099 14881273 37897245 55 279261 5096378 137033 0 1248704 0 0 2097152 0 0
SEP
MEM comp01 1587669129 2020/04/23 15:12:09 1 4096 65572099 14881279 37897245 55 279255 5096377 137033 0 1248704 0 0 2097152 0 0
SEP
MEM comp01 1587669130 2020/04/23 15:12:10 1 4096 65572099 14881279 37897245 55 279255 5096378 137033 0 1248704 0 0 2097152 0 0
SEP
MEM comp01 1587669131 2020/04/23 15:12:11 1 4096 65572099 14881213 37897245 55 279321 4993977 137033 0 1248704 0 0 2097152 0 0
SEP
MEM comp01 1587669132 2020/04/23 15:12:12 1 4096 65572099 14881206 37897245 55 279321 4869049 137033 0 1248704 0 0 2097152 0 0
SEP
MEM comp01 1587669133 2020/04/23 15:12:13 1 4096 65572099 14881270 37897245 55 279257 4742649 137033 0 1248704 0 0 2097152 0 0
SEP
MEM comp01 1587669134 2020/04/23 15:12:14 1 4096 65572099 14881211 37897246 55 279317 4616639 137033 0 1248704 0 0 2097152 0 0
SEP
MEM comp01 1587669135 2020/04/23 15:12:15 1 4096 65572099 14881229 37897246 55 279299 4490704 137033 0 1248704 0 0 2097152 0 0
SEP
MEM comp01 1587669136 2020/04/23 15:12:16 1 4096 65572099 14881211 37897246 55 279317 4364232 137033 0 1248704 0 0 2097152 0 0
SEP
MEM comp01 1587669137 2020/04/23 15:12:17 1 4096 65572099 14881109 37897246 55 279419 4238910 137033 0 1248704 0 0 2097152 0 0
SEP
MEM comp01 1587669138 2020/04/23 15:12:18 1 4096 65572099 14881207 37897246 55 279321 4112328 137033 0 1248704 0 0 2097152 0 0
SEP
MEM comp01 1587669139 2020/04/23 15:12:19 1 4096 65572099 14881232 37897246 55 279297 3985856 137033 0 1248704 0 0 2097152 0 0
SEP
MEM comp01 1587669140 2020/04/23 15:12:20 1 4096 65572099 14881250 37897246 55 279273 3860975 137033 0 1248704 0 0 2097152 0 0
SEP
MEM comp01 1587669141 2020/04/23 15:12:21 1 4096 65572099 14881222 37897246 55 279301 3734457 137033 0 1248704 0 0 2097152 0 0
SEP
MEM comp01 1587669142 2020/04/23 15:12:22 1 4096 65572099 14881236 37897246 55 279287 3609151 137033 0 1248704 0 0 2097152 0 0
SEP
MEM comp01 1587669143 2020/04/23 15:12:23 1 4096 65572099 14881238 37897246 55 279285 3483089 137033 0 1248704 0 0 2097152 0 0
SEP
MEM comp01 1587669144 2020/04/23 15:12:24 1 4096 65572099 14881236 37897246 55 279287 3356617 137033 0 1248704 0 0 2097152 0 0
SEP
MEM comp01 1587669145 2020/04/23 15:12:25 1 4096 65572099 14881233 37897246 55 279291 3230806 137033 0 1248704 0 0 2097152 0 0
SEP
MEM comp01 1587669146 2020/04/23 15:12:26 1 4096 65572099 14881251 37897246 55 279273 3104586 137033 0 1248704 0 0 2097152 0 0
SEP
MEM comp01 1587669147 2020/04/23 15:12:27 1 4096 65572099 14881241 37897246 55 279283 2978240 137033 0 1248704 0 0 2097152 0 0
SEP
MEM comp01 1587669148 2020/04/23 15:12:28 1 4096 65572099 14881235 37897246 55 279289 2853348 137033 0 1248704 0 0 2097152 0 0
SEP
MEM comp01 1587669149 2020/04/23 15:12:29 1 4096 65572099 14881265 37897246 55 279259 2726840 137033 0 1248704 0 0 2097152 0 0
SEP
MEM comp01 1587669150 2020/04/23 15:12:30 1 4096 65572099 14881265 37897246 55 279259 2601420 137033 0 1248704 0 0 2097152 0 0
SEP
MEM comp01 1587669151 2020/04/23 15:12:31 1 4096 65572099 14881253 37897246 55 279271 2474938 137033 0 1248704 0 0 2097152 0 0
SEP
MEM comp01 1587669152 2020/04/23 15:12:32 1 4096 65572099 14881249 37897246 55 279275 2349106 137033 0 1248704 0 0 2097152 0 0
SEP
MEM comp01 1587669153 2020/04/23 15:12:33 1 4096 65572099 14881245 37897246 55 279279 2223122 137033 0 1248704 0 0 2097152 0 0
SEP
MEM comp01 1587669154 2020/04/23 15:12:34 1 4096 65572099 14881245 37897246 55 279279 2096776 137033 0 1248704 0 0 2097152 0 0
SEP
MEM comp01 1587669155 2020/04/23 15:12:35 1 4096 65572099 14881243 37897246 55 279281 1971178 137033 0 1248704 0 0 2097152 0 0
SEP
MEM comp01 1587669156 2020/04/23 15:12:36 1 4096 65572099 14881231 37897246 55 279293 1845226 137033 0 1248704 0 0 2097152 0 0
SEP
MEM comp01 1587669157 2020/04/23 15:12:37 1 4096 65572099 14881255 37897246 55 279269 1718762 137033 0 1248704 0 0 2097152 0 0
SEP
MEM comp01 1587669158 2020/04/23 15:12:38 1 4096 65572099 14881225 37897246 55 279299 1593418 137033 0 1248704 0 0 2097152 0 0
SEP
MEM comp01 1587669159 2020/04/23 15:12:39 1 4096 65572099 14881255 37897246 55 279269 1466994 137033 0 1248704 0 0 2097152 0 0
SEP
MEM comp01 1587669160 2020/04/23 15:12:40 1 4096 65572099 14881248 37897246 55 279277 1340417 137033 0 1248704 0 0 2097152 0 0
SEP
MEM comp01 1587669161 2020/04/23 15:12:41 1 4096 65572099 14881252 37897246 55 279273 1215521 137033 0 1248704 0 0 2097152 0 0
SEP
MEM comp01 1587669162 2020/04/23 15:12:42 1 4096 65572099 14881248 37897246 55 279277 1089033 137033 0 1248704 0 0 2097152 0 0
SEP
MEM comp01 1587669163 2020/04/23 15:12:43 1 4096 65572099 14881244 37897246 55 279281 963585 137033 0 1248704 0 0 2097152 0 0
SEP
MEM comp01 1587669164 2020/04/23 15:12:44 1 4096 65572099 14881257 37897246 55 279269 837097 137033 0 1248704 0 0 2097152 0 0
SEP
MEM comp01 1587669165 2020/04/23 15:12:45 1 4096 65572099 14881129 37897246 55 279397 710763 137033 0 1248704 0 0 2097152 0 0
SEP
MEM comp01 1587669166 2020/04/23 15:12:46 1 4096 65572099 14881091 37897247 55 279435 585698 137033 0 1248704 0 0 2097152 0 0
SEP
MEM comp01 1587669167 2020/04/23 15:12:47 1 4096 65572099 14881071 37897247 55 279455 459218 137033 0 1248704 0 0 2097152 0 0
SEP
MEM comp01 1587669168 2020/04/23 15:12:48 1 4096 65572099 14881065 37897247 55 279461 332746 137033 0 1248704 0 0 2097152 0 0
SEP
MEM comp01 1587669169 2020/04/23 15:12:49 1 4096 65572099 14881079 37897247 55 279447 207299 137033 0 1248704 0 0 2097152 0 0
SEP
MEM comp01 1587669170 2020/04/23 15:12:50 1 4096 65572099 14170282 38606463 55 280973 790075 138561 0 1248704 0 0 2097152 0 0
SEP
MEM comp01 1587669171 2020/04/23 15:12:51 1 4096 65572099 13429261 39345931 55 282441 1448644 140209 0 1248704 0 0 2097152 0 0
SEP
MEM comp01 1587669172 2020/04/23 15:12:52 1 4096 65572099 12682443 40091128 55 284169 2193867 141937 0 1248704 0 0 2097152 0 0
SEP
MEM comp01 1587669173 2020/04/23 15:12:53 1 4096 65572099 11935031 40836934 55 285921 2939645 143689 0 1248704 0 0 2097152 0 0
SEP
MEM comp01 1587669174 2020/04/23 15:12:54 1 4096 65572099 11188354 41581792 55 287521 3684599 145289 0 1248704 0 0 2097152 0 0
SEP
MEM comp01 1587669175 2020/04/23 15:12:55 1 4096 65572099 10439997 42328514 55 289257 4431224 147025 0 1248704 0 0 2097152 0 0
SEP
MEM comp01 1587669176 2020/04/23 15:12:56 1 4096 65572099 9905480 42861679 55 290417 4964456 148185 0 1248704 0 0 2097152 0 0
SEP
MEM comp01 1587669177 2020/04/23 15:12:57 1 4096 65572099 9377848 43388172 55 291681 5399814 149409 0 1248704 0 0 2097152 0 0
SEP
MEM comp01 1587669178 2020/04/23 15:12:58 1 4096 65572099 8865996 43898939 55 292809 5784065 150537 0 1248704 0 0 2097152 0 0
SEP
MEM comp01 1587669179 2020/04/23 15:12:59 1 4096 65572099 8359348 44404427 55 293977 6163615 151713 0 1248704 0 0 2097152 0 0
SEP
MEM comp01 1587669180 2020/04/23 15:13:00 1 4096 65572099 7852937 44909677 55 295145 6542893 152881 0 1248704 0 0 2097152 0 0
SEP
MEM comp01 1587669181 2020/04/23 15:13:01 1 4096 65572099 7337885 45423599 55 296257 6930349 153993 0 1248704 0 0 2097152 0 0
SEP
MEM comp01 1587669182 2020/04/23 15:13:02 1 4096 65572099 6819145 45941168 55 297449 7322550 155201 0 1248704 0 0 2097152 0 0
SEP
MEM comp01 1587669183 2020/04/23 15:13:03 1 4096 65572099 6312698 46446321 55 298633 7701263 156377 0 1248704 0 0 2097152 0 0
SEP
MEM comp01 1587669184 2020/04/23 15:13:04 1 4096 65572099 5808437 46949508 55 299721 8078026 157473 0 1248704 0 0 2097152 0 0
SEP
MEM comp01 1587669185 2020/04/23 15:13:05 1 4096 65572099 5302978 47453859 55 300897 8456857 158649 0 1248704 0 0 2097152 0 0
SEP
MEM comp01 1587669186 2020/04/23 15:13:06 1 4096 65572099 4797050 47958635 55 301993 8835211 159745 0 1248704 0 0 2097152 0 0
SEP
MEM comp01 1587669187 2020/04/23 15:13:07 1 4096 65572099 4290164 48464308 55 303153 9214838 160913 0 1248704 0 0 2097152 0 0
SEP
MEM comp01 1587669188 2020/04/23 15:13:08 1 4096 65572099 3783836 48969579 55 304337 9593643 162089 0 1248704 0 0 2097152 0 0
SEP
MEM comp01 1587669189 2020/04/23 15:13:09 1 4096 65572099 3277145 49475117 55 305433 9972883 163185 0 1248704 0 0 2097152 0 0
SEP
MEM comp01 1587669190 2020/04/23 15:13:10 1 4096 65572099 2769207 49981951 55 306609 10354189 164361 0 1248704 0 0 2097152 0 0
SEP
MEM comp01 1587669191 2020/04/23 15:13:11 1 4096 65572099 14883522 50104289 55 306955 10350100 164713 0 1248704 0 0 2097152 0 0
SEP
MEM comp01 1587669192 2020/04/23 15:13:12 1 4096 65572099 14883520 50104289 55 306959 10224140 164713 0 1248704 0 0 2097152 0 0
SEP
MEM comp01 1587669193 2020/04/23 15:13:13 1 4096 65572099 14883530 50104289 55 306949 10098788 164713 0 1248704 0 0 2097152 0 0
SEP
MEM comp01 1587669194 2020/04/23 15:13:14 1 4096 65572099 14883526 50104289 55 306963 9972178 164713 0 1248704 0 0 2097152 0 0
SEP
MEM comp01 1587669195 2020/04/23 15:13:15 1 4096 65572099 14883525 50104289 55 306971 9846731 164713 0 1248704 0 0 2097152 0 0
SEP
MEM comp01 1587669196 2020/04/23 15:13:16 1 4096 65572099 14883523 50104289 55 306973 9720258 164713 0 1248704 0 0 2097152 0 0
SEP
MEM comp01 1587669197 2020/04/23 15:13:17 1 4096 65572099 14883533 50104290 55 306963 9593787 164713 0 1248704 0 0 2097152 0 0
SEP
MEM comp01 1587669198 2020/04/23 15:13:18 1 4096 65572099 14883511 50104290 55 306985 9468953 164713 0 1248704 0 0 2097152 0 0
SEP
MEM comp01 1587669199 2020/04/23 15:13:19 1 4096 65572099 14883529 50104290 55 306967 9342481 164713 0 1248704 0 0 2097152 0 0
SEP
MEM comp01 1587669200 2020/04/23 15:13:20 1 4096 65572099 14883538 50104290 55 306959 9216521 164713 0 1248704 0 0 2097152 0 0
SEP
MEM comp01 1587669201 2020/04/23 15:13:21 1 4096 65572099 14883514 50104290 55 306983 9091058 164713 0 1248704 0 0 2097152 0 0
SEP
MEM comp01 1587669202 2020/04/23 15:13:22 1 4096 65572099 14883527 50104290 55 306963 8964578 164713 0 1248704 0 0 2097152 0 0
SEP
MEM comp01 1587669203 2020/04/23 15:13:23 1 4096 65572099 14883363 50104290 55 307127 8839130 164713 0 1248704 0 0 2097152 0 0
SEP
MEM comp01 1587669204 2020/04/23 15:13:24 1 4096 65572099 14883367 50104290 55 307123 8712658 164713 0 1248704 0 0 2097152 0 0
SEP
MEM comp01 1587669205 2020/04/23 15:13:25 1 4096 65572099 14883355 50104290 55 307135 8586186 164713 0 1248704 0 0 2097152 0 0
SEP
MEM comp01 1587669206 2020/04/23 15:13:26 1 4096 65572099 14883367 50104290 55 307123 8461242 164713 0 1248704 0 0 2097152 0 0
SEP
MEM comp01 1587669207 2020/04/23 15:13:27 1 4096 65572099 14883347 50104290 55 307143 8334801 164713 0 1248704 0 0 2097152 0 0
SEP
MEM comp01 1587669208 2020/04/23 15:13:28 1 4096 65572099 14883367 50104290 55 307123 8208833 164713 0 1248704 0 0 2097152 0 0
SEP
MEM comp01 1587669209 2020/04/23 15:13:29 1 4096 65572099 14883359 50104290 55 307131 8082897 164713 0 1248704 0 0 2097152 0 0
SEP
MEM comp01 1587669210 2020/04/23 15:13:30 1 4096 65572099 14883356 50104290 55 307127 7956425 164713 0 1248704 0 0 2097152 0 0
SEP
MEM comp01 1587669211 2020/04/23 15:13:31 1 4096 65572099 14883873 50104290 55 307107 7831497 164713 0 1248704 0 0 2097152 0 0
SEP
MEM comp01 1587669212 2020/04/23 15:13:32 1 4096 65572099 14883535 50104290 55 307103 7706065 164713 0 1248704 0 0 2097152 0 0
SEP
MEM comp01 1587669213 2020/04/23 15:13:33 1 4096 65572099 14883533 50104290 55 307105 7582145 164713 0 1248704 0 0 2097152 0 0
SEP
MEM comp01 1587669214 2020/04/23 15:13:34 1 4096 65572099 14883543 50104290 55 307095 7458761 164713 0 1248704 0 0 2097152 0 0
SEP
MEM comp01 1587669215 2020/04/23 15:13:35 1 4096 65572099 14883559 50104290 55 307079 7334841 164713 0 1248704 0 0 2097152 0 0
SEP
MEM comp01 1587669216 2020/04/23 15:13:36 1 4096 65572099 14883582 50104290 55 307057 7210952 164713 0 1248704 0 0 2097152 0 0
SEP
MEM comp01 1587669217 2020/04/23 15:13:37 1 4096 65572099 14883598 50104290 55 307041 7087569 164713 0 1248704 0 0 2097152 0 0
SEP
MEM comp01 1587669218 2020/04/23 15:13:38 1 4096 65572099 14883613 50104290 55 307033 6963658 164713 0 1248704 0 0 2097152 0 0
SEP
MEM comp01 1587669219 2020/04/23 15:13:39 1 4096 65572099 14883619 50104290 55 307027 6840265 164713 0 1248704 0 0 2097152 0 0
SEP
MEM comp01 1587669220 2020/04/23 15:13:40 1 4096 65572099 14883617 50104290 55 307029 6716345 164713 0 1248704 0 0 2097152 0 0
SEP
MEM comp01 1587669221 2020/04/23 15:13:41 1 4096 65572099 14883621 50104290 55 307025 6592457 164713 0 1248704 0 0 2097152 0 0
SEP
MEM comp01 1587669222 2020/04/23 15:13:42 1 4096 65572099 14883619 50104290 55 307027 6469073 164713 0 1248704 0 0 2097152 0 0
SEP
MEM comp01 1587669223 2020/04/23 15:13:43 1 4096 65572099 14883635 50104290 55 307011 6345153 164713 0 1248704 0 0 2097152 0 0
SEP
MEM comp01 1587669224 2020/04/23 15:13:44 1 4096 65572099 14883691 50104290 55 306955 6313914 164713 0 1248704 0 0 2097152 0 0
SEP
MEM comp01 1587669225 2020/04/23 15:13:45 1 4096 65572099 14883695 50104290 55 306951 6313914 164713 0 1248704 0 0 2097152 0 0
SEP
MEM comp01 1587669226 2020/04/23 15:13:46 1 4096 65572099 14883570 50104290 55 307077 6313914 164713 0 1248704 0 0 2097152 0 0
SEP
MEM comp01 1587669227 2020/04/23 15:13:47 1 4096 65572099 14883668 50104290 55 306979 6313914 164713 0 1248704 0 0 2097152 0 0
SEP
MEM comp01 1587669228 2020/04/23 15:13:48 1 4096 65572099 14883668 50104291 55 306979 6313915 164713 0 1248704 0 0 2097152 0 0
SEP
MEM comp01 1587669229 2020/04/23 15:13:49 1 4096 65572099 14883496 50104291 55 307151 6250426 164713 0 1248704 0 0 2097152 0 0
SEP
MEM comp01 1587669230 2020/04/23 15:13:50 1 4096 65572099 14883526 50104291 55 307121 6127042 164713 0 1248704 0 0 2097152 0 0
SEP
MEM comp01 1587669231 2020/04/23 15:13:51 1 4096 65572099 14883534 50104291 55 307113 6003154 164713 0 1248704 0 0 2097152 0 0
SEP
MEM comp01 1587669232 2020/04/23 15:13:52 1 4096 65572099 14883532 50104291 55 307115 5879738 164713 0 1248704 0 0 2097152 0 0
SEP
MEM comp01 1587669233 2020/04/23 15:13:53 1 4096 65572099 14883540 50104291 55 307107 5755850 164713 0 1248704 0 0 2097152 0 0
SEP
MEM comp01 1587669234 2020/04/23 15:13:54 1 4096 65572099 14883518 50104291 55 307129 5631930 164713 0 1248704 0 0 2097152 0 0
SEP
MEM comp01 1587669235 2020/04/23 15:13:55 1 4096 65572099 14883542 50104291 55 307105 5508546 164713 0 1248704 0 0 2097152 0 0
SEP
MEM comp01 1587669236 2020/04/23 15:13:56 1 4096 65572099 14883638 50104291 55 307009 5384758 164713 0 1248704 0 0 2097152 0 0
SEP
MEM comp01 1587669237 2020/04/23 15:13:57 1 4096 65572099 14883548 50104291 55 307101 5260737 164713 0 1248704 0 0 2097152 0 0
SEP
MEM comp01 1587669238 2020/04/23 15:13:58 1 4096 65572099 14883558 50104291 55 307091 5137353 164713 0 1248704 0 0 2097152 0 0
SEP
MEM comp01 1587669239 2020/04/23 15:13:59 1 4096 65572099 14883554 50104291 55 307095 5013465 164713 0 1248704 0 0 2097152 0 0
SEP
MEM comp01 1587669240 2020/04/23 15:14:00 1 4096 65572099 14883574 50104291 55 307075 4890049 164713 0 1248704 0 0 2097152 0 0
SEP
MEM comp01 1587669241 2020/04/23 15:14:01 1 4096 65572099 14883593 50104291 55 307059 4766160 164713 0 1248704 0 0 2097152 0 0
SEP
MEM comp01 1587669242 2020/04/23 15:14:02 1 4096 65572099 14883461 50104291 55 307191 4642335 164713 0 1248704 0 0 2097152 0 0
SEP
MEM comp01 1587669243 2020/04/23 15:14:03 1 4096 65572099 14883577 50104291 55 307075 4518857 164713 0 1248704 0 0 2097152 0 0
SEP
MEM comp01 1587669244 2020/04/23 15:14:04 1 4096 65572099 14883581 50104291 55 307071 4394937 164713 0 1248704 0 0 2097152 0 0
SEP
MEM comp01 1587669245 2020/04/23 15:14:05 1 4096 65572099 14883585 50104291 55 307067 4271049 164713 0 1248704 0 0 2097152 0 0
SEP
MEM comp01 1587669246 2020/04/23 15:14:06 1 4096 65572099 14883595 50104291 55 307057 4147664 164713 0 1248704 0 0 2097152 0 0
SEP
MEM comp01 1587669247 2020/04/23 15:14:07 1 4096 65572099 14883457 50104291 55 307195 4023713 164713 0 1248704 0 0 2097152 0 0
SEP
MEM comp01 1587669248 2020/04/23 15:14:08 1 4096 65572099 14883595 50104291 55 307057 3899857 164713 0 1248704 0 0 2097152 0 0
SEP
MEM comp01 1587669249 2020/04/23 15:14:09 1 4096 65572099 14883589 50104291 55 307063 3776441 164713 0 1248704 0 0 2097152 0 0
SEP
MEM comp01 1587669250 2020/04/23 15:14:10 1 4096 65572099 14883607 50104291 55 307045 3652553 164713 0 1248704 0 0 2097152 0 0
SEP
MEM comp01 1587669251 2020/04/23 15:14:11 1 4096 65572099 14883599 50104291 55 307053 3529169 164713 0 1248704 0 0 2097152 0 0
SEP
MEM comp01 1587669252 2020/04/23 15:14:12 1 4096 65572099 14883603 50104291 55 307049 3405250 164713 0 1248704 0 0 2097152 0 0
SEP
MEM comp01 1587669253 2020/04/23 15:14:13 1 4096 65572099 14883609 50104291 55 307043 3281361 164713 0 1248704 0 0 2097152 0 0
SEP
MEM comp01 1587669254 2020/04/23 15:14:14 1 4096 65572099 14883611 50104291 55 307041 3157945 164713 0 1248704 0 0 2097152 0 0
SEP
MEM comp01 1587669255 2020/04/23 15:14:15 1 4096 65572099 14883637 50104291 55 307015 3034057 164713 0 1248704 0 0 2097152 0 0
SEP
MEM comp01 1587669256 2020/04/23 15:14:16 1 4096 65572099 14883625 50104291 55 307027 2910673 164713 0 1248704 0 0 2097152 0 0
SEP
MEM comp01 1587669257 2020/04/23 15:14:17 1 4096 65572099 14883633 50104291 55 307019 2786878 164713 0 1248704 0 0 2097152 0 0
SEP
MEM comp01 1587669258 2020/04/23 15:14:18 1 4096 65572099 14883627 50104291 55 307025 2662865 164713 0 1248704 0 0 2097152 0 0
SEP
MEM comp01 1587669259 2020/04/23 15:14:19 1 4096 65572099 14883641 50104292 55 307011 2539450 164713 0 1248704 0 0 2097152 0 0
SEP
MEM comp01 1587669260 2020/04/23 15:14:20 1 4096 65572099 14883637 50104292 55 307009 2415562 164713 0 1248704 0 0 2097152 0 0
SEP
MEM comp01 1587669261 2020/04/23 15:14:21 1 4096 65572099 14883645 50104292 55 307001 2292178 164713 0 1248704 0 0 2097152 0 0
SEP
MEM comp01 1587669262 2020/04/23 15:14:22 1 4096 65572099 14883631 50104292 55 307015 2168761 164713 0 1248704 0 0 2097152 0 0
SEP
MEM comp01 1587669263 2020/04/23 15:14:23 1 4096 65572099 14883651 50104292 55 306995 2044666 164713 0 1248704 0 0 2097152 0 0
SEP
MEM comp01 1587669264 2020/04/23 15:14:24 1 4096 65572099 14883510 50104292 55 307143 1921092 164713 0 1248704 0 0 2097152 0 0
SEP
MEM comp01 1587669265 2020/04/23 15:14:25 1 4096 65572099 14883626 50104292 55 307027 1797204 164713 0 1248704 0 0 2097152 0 0
SEP
MEM comp01 1587669266 2020/04/23 15:14:26 1 4096 65572099 14883621 50104292 55 307035 1673158 164713 0 1248704 0 0 2097152 0 0
SEP
MEM comp01 1587669267 2020/04/23 15:14:27 1 4096 65572099 14883614 50104292 55 307043 1549768 164713 0 1248704 0 0 2097152 0 0
SEP
MEM comp01 1587669268 2020/04/23 15:14:28 1 4096 65572099 14883538 50104292 55 307119 1425487 164713 0 1248704 0 0 2097152 0 0
SEP
MEM comp01 1587669269 2020/04/23 15:14:29 1 4096 65572099 14883616 50104292 55 307041 1301523 164713 0 1248704 0 0 2097152 0 0
SEP
MEM comp01 1587669270 2020/04/23 15:14:30 1 4096 65572099 14883614 50104292 55 307043 1178107 164713 0 1248704 0 0 2097152 0 0
SEP
MEM comp01 1587669271 2020/04/23 15:14:31 1 4096 65572099 14883640 50104292 55 307017 1054187 164713 0 1248704 0 0 2097152 0 0
SEP
MEM comp01 1587669272 2020/04/23 15:14:32 1 4096 65572099 14883612 50104292 55 307045 930264 164713 0 1248704 0 0 2097152 0 0
SEP
MEM comp01 1587669273 2020/04/23 15:14:33 1 4096 65572099 14883616 50104292 55 307041 806851 164713 0 1248704 0 0 2097152 0 0
SEP
MEM comp01 1587669274 2020/04/23 15:14:34 1 4096 65572099 14883618 50104292 55 307039 682545 164713 0 1248704 0 0 2097152 0 0
SEP
MEM comp01 1587669275 2020/04/23 15:14:35 1 4096 65572099 14883616 50104292 55 307041 559129 164713 0 1248704 0 0 2097152 0 0
SEP
MEM comp01 1587669276 2020/04/23 15:14:36 1 4096 65572099 14883610 50104292 55 307047 434713 164713 0 1248704 0 0 2097152 0 0
SEP
MEM comp01 1587669277 2020/04/23 15:14:37 1 4096 65572099 14883608 50104292 55 307049 310792 164713 0 1248704 0 0 2097152 0 0
SEP
MEM comp01 1587669278 2020/04/23 15:14:38 1 4096 65572099 14883500 50104292 55 307157 187345 164713 0 1248704 0 0 2097152 0 0
SEP
MEM comp01 1587669279 2020/04/23 15:14:39 1 4096 65572099 14883660 50104292 55 306997 62953 164713 0 1248704 0 0 2097152 0 0
SEP
MEM comp01 1587669280 2020/04/23 15:14:40 1 4096 65572099 14883616 50104292 55 307041 2 164713 0 1248704 0 0 2097152 0 0
SEP
MEM comp01 1587669281 2020/04/23 15:14:41 1 4096 65572099 14883628 50104292 55 307029 2 164713 0 1248704 0 0 2097152 0 0
SEP
MEM comp01 1587669282 2020/04/23 15:14:42 1 4096 65572099 14883637 50104292 55 307021 1 164713 0 1248704 0 0 2097152 0 0
SEP
MEM comp01 1587669283 2020/04/23 15:14:43 1 4096 65572099 14883629 50104292 55 307029 2 164713 0 1248704 0 0 2097152 0 0
SEP
MEM comp01 1587669284 2020/04/23 15:14:44 1 4096 65572099 14883623 50104292 55 307035 2 164713 0 1248704 0 0 2097152 0 0
SEP
MEM comp01 1587669285 2020/04/23 15:14:45 1 4096 65572099 14883617 50104292 55 307041 2 164713 0 1248704 0 0 2097152 0 0
SEP
MEM comp01 1587669286 2020/04/23 15:14:46 1 4096 65572099 14883643 50104292 55 307015 2 164713 0 1248704 0 0 2097152 0 0
SEP
MEM comp01 1587669287 2020/04/23 15:14:47 1 4096 65572099 14883634 50104292 55 307025 0 164713 0 1248704 0 0 2097152 0 0
SEP
MEM comp01 1587669288 2020/04/23 15:14:48 1 4096 65572099 14883640 50104292 55 307019 1 164713 0 1248704 0 0 2097152 0 0
SEP
MEM comp01 1587669289 2020/04/23 15:14:49 1 4096 65572099 14883638 50104292 55 307021 1 164713 0 1248704 0 0 2097152 0 0
SEP
MEM comp01 1587669290 2020/04/23 15:14:50 1 4096 65572099 14883638 50104292 55 307021 1 164713 0 1248704 0 0 2097152 0 0
SEP
MEM comp01 1587669291 2020/04/23 15:14:51 1 4096 65572099 14883638 50104293 55 307021 2 164713 0 1248704 0 0 2097152 0 0
SEP
MEM comp01 1587669292 2020/04/23 15:14:52 1 4096 65572099 14883644 50104293 55 307015 2 164713 0 1248704 0 0 2097152 0 0
SEP
MEM comp01 1587669293 2020/04/23 15:14:53 1 4096 65572099 14883631 50104293 55 307029 3 164713 0 1248704 0 0 2097152 0 0
SEP
MEM comp01 1587669294 2020/04/23 15:14:54 1 4096 65572099 14883639 50104293 55 307021 3 164713 0 1248704 0 0 2097152 0 0
SEP
MEM comp01 1587669295 2020/04/23 15:14:55 1 4096 65572099 14881805 50105232 55 307029 4 164721 0 1248704 0 0 2097152 0 0
SEP
MEM comp01 1587669296 2020/04/23 15:14:56 1 4096 65572099 14881612 50105232 55 307033 4 164721 0 1248704 0 0 2097152 0 0
SEP
MEM comp01 1587669297 2020/04/23 15:14:57 1 4096 65572099 14881598 50105232 55 307047 4 164721 0 1248704 0 0 2097152 0 0
SEP
MEM comp01 1587669298 2020/04/23 15:14:58 1 4096 65572099 14881592 50105232 55 307053 2 164721 0 1248704 0 0 2097152 0 0
SEP
MEM comp01 1587669299 2020/04/23 15:14:59 1 4096 65572099 14881604 50105232 55 307041 3 164721 0 1248704 0 0 2097152 0 0
SEP
MEM comp01 1587669300 2020/04/23 15:15:00 1 4096 65572099 14881606 50105232 55 307039 2 164721 0 1248704 0 0 2097152 0 0
SEP
MEM comp01 1587669301 2020/04/23 15:15:01 1 4096 65572099 14881630 50105232 55 307015 2 164721 0 1248704 0 0 2097152 0 0
SEP
MEM comp01 1587669302 2020/04/23 15:15:02 1 4096 65572099 14881619 50105232 55 307033 2 164721 0 1248704 0 0 2097152 0 0
SEP
MEM comp01 1587669303 2020/04/23 15:15:03 1 4096 65572099 14881619 50105232 55 307033 1 164721 0 1248704 0 0 2097152 0 0
SEP
MEM comp01 1587669304 2020/04/23 15:15:04 1 4096 65572099 14881493 50105232 55 307159 1 164721 0 1248704 0 0 2097152 0 0
SEP
MEM comp01 1587669305 2020/04/23 15:15:05 1 4096 65572099 14881613 50105232 55 307039 2 164721 0 1248704 0 0 2097152 0 0
SEP
MEM comp01 1587669306 2020/04/23 15:15:06 1 4096 65572099 14881617 50105234 55 307035 4 164721 0 1248704 0 0 2097152 0 0
SEP
MEM comp01 1587669307 2020/04/23 15:15:07 1 4096 65572099 14881602 50105234 55 307043 4 164721 0 1248704 0 0 2097152 0 0
SEP
MEM comp01 1587669308 2020/04/23 15:15:08 1 4096 65572099 14881615 50105234 55 307031 0 164721 0 1248704 0 0 2097152 0 0
SEP
MEM comp01 1587669309 2020/04/23 15:15:09 1 4096 65572099 14881591 50105234 55 307055 1 164721 0 1248704 0 0 2097152 0 0
SEP
MEM comp01 1587669310 2020/04/23 15:15:10 1 4096 65572099 14881601 50105234 55 307047 2 164721 0 1248704 0 0 2097152 0 0
SEP
MEM comp01 1587669311 2020/04/23 15:15:11 1 4096 65572099 14881607 50105234 55 307041 2 164721 0 1248704 0 0 2097152 0 0
SEP
MEM comp01 1587669312 2020/04/23 15:15:12 1 4096 65572099 14881601 50105234 55 307047 2 164721 0 1248704 0 0 2097152 0 0
SEP
MEM comp01 1587669313 2020/04/23 15:15:13 1 4096 65572099 14881604 50105234 55 307039 2 164721 0 1248704 0 0 2097152 0 0
SEP
MEM comp01 1587669314 2020/04/23 15:15:14 1 4096 65572099 14881584 50105234 55 307055 3 164721 0 1248704 0 0 2097152 0 0
SEP
MEM comp01 1587669315 2020/04/23 15:15:15 1 4096 65572099 14881458 50105234 55 307181 3 164721 0 1248704 0 0 2097152 0 0
SEP
MEM comp01 1587669316 2020/04/23 15:15:16 1 4096 65572099 14881574 50105234 55 307069 3 164721 0 1248704 0 0 2097152 0 0
SEP
MEM comp01 1587669317 2020/04/23 15:15:17 1 4096 65572099 14881564 50105234 55 307079 3 164721 0 1248704 0 0 2097152 0 0
SEP
MEM comp01 1587669318 2020/04/23 15:15:18 1 4096 65572099 14881585 50105234 55 307059 3 164721 0 1248704 0 0 2097152 0 0
SEP
MEM comp01 1587669319 2020/04/23 15:15:19 1 4096 65572099 14881573 50105234 55 307071 4 164721 0 1248704 0 0 2097152 0 0
SEP
MEM comp01 1587669320 2020/04/23 15:15:20 1 4096 65572099 14881564 50105234 55 307081 4 164721 0 1248704 0 0 2097152 0 0
SEP
MEM comp01 1587669321 2020/04/23 15:15:21 1 4096 65572099 14881578 50105234 55 307067 4 164721 0 1248704 0 0 2097152 0 0
SEP
MEM comp01 1587669322 2020/04/23 15:15:22 1 4096 65572099 14881574 50105234 55 307071 4 164721 0 1248704 0 0 2097152 0 0
SEP
MEM comp01 1587669323 2020/04/23 15:15:23 1 4096 65572099 14881585 50105234 55 307061 2 164721 0 1248704 0 0 2097152 0 0
SEP
MEM comp01 1587669324 2020/04/23 15:15:24 1 4096 65572099 14881579 50105235 55 307067 4 164721 0 1248704 0 0 2097152 0 0
SEP
MEM comp01 1587669325 2020/04/23 15:15:25 1 4096 65572099 14881569 50105235 55 307077 4 164721 0 1248704 0 0 2097152 0 0
SEP
MEM comp01 1587669326 2020/04/23 15:15:26 1 4096 65572099 14881563 50105235 55 307083 4 164721 0 1248704 0 0 2097152 0 0
SEP
MEM comp01 1587669327 2020/04/23 15:15:27 1 4096 65572099 14881587 50105235 55 307059 4 164721 0 1248704 0 0 2097152 0 0
SEP
MEM comp01 1587669328 2020/04/23 15:15:28 1 4096 65572099 14881573 50105235 55 307073 4 164721 0 1248704 0 0 2097152 0 0
SEP
MEM comp01 1587669329 2020/04/23 15:15:29 1 4096 65572099 14881583 50105235 55 307063 5 164721 0 1248704 0 0 2097152 0 0
SEP
MEM comp01 1587669330 2020/04/23 15:15:30 1 4096 65572099 14881573 50105235 55 307073 5 164721 0 1248704 0 0 2097152 0 0
SEP
MEM comp01 1587669331 2020/04/23 15:15:31 1 4096 65572099 14881557 50105235 55 307089 5 164721 0 1248704 0 0 2097152 0 0
SEP
MEM comp01 1587669332 2020/04/23 15:15:32 1 4096 65572099 14881577 50105235 55 307069 5 164721 0 1248704 0 0 2097152 0 0
SEP
MEM comp01 1587669333 2020/04/23 15:15:33 1 4096 65572099 14881569 50105235 55 307077 5 164721 0 1248704 0 0 2097152 0 0
SEP
MEM comp01 1587669334 2020/04/23 15:15:34 1 4096 65572099 14881596 50105235 55 307051 4 164721 0 1248704 0 0 2097152 0 0
SEP
MEM comp01 1587669335 2020/04/23 15:15:35 1 4096 65572099 14881564 50105235 55 307083 4 164721 0 1248704 0 0 2097152 0 0
SEP
MEM comp01 1587669336 2020/04/23 15:15:36 1 4096 65572099 14881591 50105235 55 307063 4 164721 0 1248704 0 0 2097152 0 0
SEP
MEM comp01 1587669337 2020/04/23 15:15:37 1 4096 65572099 14881569 50105235 55 307085 4 164721 0 1248704 0 0 2097152 0 0
SEP
MEM comp01 1587669338 2020/04/23 15:15:38 1 4096 65572099 14881575 50105235 55 307079 4 164721 0 1248704 0 0 2097152 0 0
SEP
MEM comp01 1587669339 2020/04/23 15:15:39 1 4096 65572099 14881587 50105235 55 307067 2 164721 0 1248704 0 0 2097152 0 0
SEP
MEM comp01 1587669340 2020/04/23 15:15:40 1 4096 65572099 14881572 50105235 55 307075 3 164721 0 1248704 0 0 2097152 0 0
SEP
MEM comp01 1587669341 2020/04/23 15:15:41 1 4096 65572099 14881568 50105235 55 307079 3 164721 0 1248704 0 0 2097152 0 0
SEP
MEM comp01 1587669342 2020/04/23 15:15:42 1 4096 65572099 14881584 50105235 55 307063 3 164721 0 1248704 0 0 2097152 0 0
SEP
MEM comp01 1587669343 2020/04/23 15:15:43 1 4096 65572099 14881588 50105235 55 307059 3 164721 0 1248704 0 0 2097152 0 0
SEP
MEM comp01 1587669344 2020/04/23 15:15:44 1 4096 65572099 14881583 50105235 55 307065 3 164721 0 1248704 0 0 2097152 0 0
SEP
MEM comp01 1587669345 2020/04/23 15:15:45 1 4096 65572099 14881581 50105235 55 307067 4 164721 0 1248704 0 0 2097152 0 0
SEP
MEM comp01 1587669346 2020/04/23 15:15:46 1 4096 65572099 14881579 50105235 55 307069 4 164721 0 1248704 0 0 2097152 0 0
SEP
MEM comp01 1587669347 2020/04/23 15:15:47 1 4096 65572099 14881583 50105235 55 307065 4 164721 0 1248704 0 0 2097152 0 0
SEP
MEM comp01 1587669348 2020/04/23 15:15:48 1 4096 65572099 14881563 50105235 55 307085 4 164721 0 1248704 0 0 2097152 0 0
SEP
MEM comp01 1587669349 2020/04/23 15:15:49 1 4096 65572099 14881575 50105235 55 307073 3 164721 0 1248704 0 0 2097152 0 0
SEP
MEM comp01 1587669350 2020/04/23 15:15:50 1 4096 65572099 14881587 50105235 55 307061 4 164721 0 1248704 0 0 2097152 0 0
SEP
MEM comp01 1587669351 2020/04/23 15:15:51 1 4096 65572099 14881585 50105235 55 307063 4 164721 0 1248704 0 0 2097152 0 0
SEP
MEM comp01 1587669352 2020/04/23 15:15:52 1 4096 65572099 14881565 50105235 55 307083 4 164721 0 1248704 0 0 2097152 0 0
SEP
MEM comp01 1587669353 2020/04/23 15:15:53 1 4096 65572099 14881577 50105235 55 307071 4 164721 0 1248704 0 0 2097152 0 0
SEP
MEM comp01 1587669354 2020/04/23 15:15:54 1 4096 65572099 14881579 50105235 55 307069 2 164721 0 1248704 0 0 2097152 0 0
SEP
MEM comp01 1587669355 2020/04/23 15:15:55 1 4096 65572099 14881576 50105235 55 307079 3 164721 0 1248704 0 0 2097152 0 0
SEP
MEM comp01 1587669356 2020/04/23 15:15:56 1 4096 65572099 14881594 50105235 55 307061 3 164721 0 1248704 0 0 2097152 0 0
SEP
MEM comp01 1587669357 2020/04/23 15:15:57 1 4096 65572099 14881594 50105236 55 307061 4 164721 0 1248704 0 0 2097152 0 0
SEP
MEM comp01 1587669358 2020/04/23 15:15:58 1 4096 65572099 14881580 50105236 55 307075 4 164721 0 1248704 0 0 2097152 0 0
SEP
MEM comp01 1587669359 2020/04/23 15:15:59 1 4096 65572099 14881568 50105236 55 307087 4 164721 0 1248704 0 0 2097152 0 0
SEP
MEM comp01 1587669360 2020/04/23 15:16:00 1 4096 65572099 14881576 50105236 55 307079 5 164721 0 1248704 0 0 2097152 0 0
SEP
MEM comp01 1587669361 2020/04/23 15:16:01 1 4096 65572099 14881588 50105236 55 307067 5 164721 0 1248704 0 0 2097152 0 0
SEP
MEM comp01 1587669362 2020/04/23 15:16:02 1 4096 65572099 14881578 50105236 55 307077 5 164721 0 1248704 0 0 2097152 0 0
SEP
MEM comp01 1587669363 2020/04/23 15:16:03 1 4096 65572099 14882320 50105236 55 307079 5 164721 0 1248704 0 0 2097152 0 0
SEP
MEM comp01 1587669364 2020/04/23 15:16:04 1 4096 65572099 14882402 50105233 55 307055 5 164721 0 1248704 0 0 2097152 0 0
SEP
MEM comp01 1587669365 2020/04/23 15:16:05 1 4096 65572099 14882386 50105233 55 307071 4 164721 0 1248704 0 0 2097152 0 0
SEP
MEM comp01 1587669366 2020/04/23 15:16:06 1 4096 65572099 14882368 50105233 55 307089 4 164721 0 1248704 0 0 2097152 0 0
SEP
MEM comp01 1587669367 2020/04/23 15:16:07 1 4096 65572099 14882396 50105233 55 307061 4 164721 0 1248704 0 0 2097152 0 0
SEP
MEM comp01 1587669368 2020/04/23 15:16:08 1 4096 65572099 14882396 50105233 55 307061 4 164721 0 1248704 0 0 2097152 0 0
SEP
MEM comp01 1587669369 2020/04/23 15:16:09 1 4096 65572099 14882382 50105233 55 307075 3 164721 0 1248704 0 0 2097152 0 0
SEP
MEM comp01 1587669370 2020/04/23 15:16:10 1 4096 65572099 14882376 50105233 55 307081 4 164721 0 1248704 0 0 2097152 0 0
SEP
MEM comp01 1587669371 2020/04/23 15:16:11 1 4096 65572099 14882398 50105233 55 307059 4 164721 0 1248704 0 0 2097152 0 0
SEP
MEM comp01 1587669372 2020/04/23 15:16:12 1 4096 65572099 14882378 50105233 55 307079 4 164721 0 1248704 0 0 2097152 0 0
SEP
MEM comp01 1587669373 2020/04/23 15:16:13 1 4096 65572099 14882396 50105233 55 307061 4 164721 0 1248704 0 0 2097152 0 0
SEP
MEM comp01 1587669374 2020/04/23 15:16:14 1 4096 65572099 14882396 50105233 55 307061 4 164721 0 1248704 0 0 2097152 0 0
SEP
MEM comp01 1587669375 2020/04/23 15:16:15 1 4096 65572099 14882372 50105233 55 307085 4 164721 0 1248704 0 0 2097152 0 0
SEP
MEM comp01 1587669376 2020/04/23 15:16:16 1 4096 65572099 14882394 50105233 55 307063 4 164721 0 1248704 0 0 2097152 0 0
SEP
MEM comp01 1587669377 2020/04/23 15:16:17 1 4096 65572099 14882390 50105233 55 307067 4 164721 0 1248704 0 0 2097152 0 0
SEP
MEM comp01 1587669378 2020/04/23 15:16:18 1 4096 65572099 14882378 50105233 55 307079 4 164721 0 1248704 0 0 2097152 0 0
SEP
MEM comp01 1587669379 2020/04/23 15:16:19 1 4096 65572099 14882394 50105233 55 307063 4 164721 0 1248704 0 0 2097152 0 0
SEP
