RESET
MEM comp01 1604784740 2020/11/07 16:32:20 879695 4096 65571052 61784266 3354335 39 205964 5 63330 0 3323409 0 0 2097152 0 0
SEP
MEM comp01 1604784741 2020/11/07 16:32:21 1 4096 65571052 61524432 3485014 39 207371 6 64636 0 3323409 0 0 2097152 0 0
SEP
MEM comp01 1604784742 2020/11/07 16:32:22 1 4096 65571052 61262807 3615574 39 207730 1 64914 0 3323409 0 0 2097152 0 0
SEP
MEM comp01 1604784743 2020/11/07 16:32:23 1 4096 65571052 61002356 3742482 39 208024 1 65202 0 3323409 0 0 2097152 0 0
SEP
MEM comp01 1604784744 2020/11/07 16:32:24 1 4096 65571052 60745567 3872854 39 208350 1 65498 0 3323409 0 0 2097152 0 0
SEP
MEM comp01 1604784745 2020/11/07 16:32:25 1 4096 65571052 60483917 4003414 39 208433 1 65794 0 3323409 0 0 2097152 0 0
SEP
MEM comp01 1604784746 2020/11/07 16:32:26 1 4096 65571052 60223617 4133974 39 208894 1 66090 0 3323409 0 0 2097152 0 0
SEP
MEM comp01 1604784747 2020/11/07 16:32:27 1 4096 65571052 59963632 4261070 39 209099 1 66378 0 3323409 0 0 2097152 0 0
SEP
MEM comp01 1604784748 2020/11/07 16:32:28 1 4096 65571052 59705579 4391254 39 209507 1 66674 0 3323409 0 0 2097152 0 0
SEP
MEM comp01 1604784749 2020/11/07 16:32:29 1 4096 65571052 59444310 4521814 39 209764 1 66970 0 3323409 0 0 2097152 0 0
SEP
MEM comp01 1604784750 2020/11/07 16:32:30 1 4096 65571052 59184230 4652374 39 209939 1 67266 0 3323409 0 0 2097152 0 0
SEP
MEM comp01 1604784751 2020/11/07 16:32:31 1 4096 65571052 58922824 4782934 39 210295 1 67562 0 3323409 0 0 2097152 0 0
SEP
MEM comp01 1604784752 2020/11/07 16:32:32 1 4096 65571052 58661433 4913494 39 210670 1 67858 0 3323409 0 0 2097152 0 0
SEP
MEM comp01 1604784753 2020/11/07 16:32:33 1 4096 65571052 58400344 5044054 39 210909 1 68154 0 3323409 0 0 2097152 0 0
SEP
MEM comp01 1604784754 2020/11/07 16:32:34 1 4096 65571052 58143554 5170774 39 211143 1 68442 0 3323409 0 0 2097152 0 0
SEP
MEM comp01 1604784755 2020/11/07 16:32:35 1 4096 65571052 57882428 5301334 39 211579 1 68738 0 3323409 0 0 2097152 0 0
SEP
MEM comp01 1604784756 2020/11/07 16:32:36 1 4096 65571052 57621684 5431894 39 211789 1 69052 0 3323409 0 0 2097152 0 0
SEP
MEM comp01 1604784757 2020/11/07 16:32:37 1 4096 65571052 57360597 5562454 39 212132 1 69348 0 3323409 0 0 2097152 0 0
SEP
MEM comp01 1604784758 2020/11/07 16:32:38 1 4096 65571052 57104308 5689174 39 212382 1 69628 0 3323409 0 0 2097152 0 0
SEP
MEM comp01 1604784759 2020/11/07 16:32:39 1 4096 65571052 56843540 5819734 39 212723 1 69924 0 3323409 0 0 2097152 0 0
SEP
MEM comp01 1604784760 2020/11/07 16:32:40 1 4096 65571052 56582399 5950294 39 212964 1 70220 0 3323409 0 0 2097152 0 0
SEP
MEM comp01 1604784761 2020/11/07 16:32:41 1 4096 65571052 56321206 6080854 39 213330 1 70524 0 3323409 0 0 2097152 0 0
SEP
MEM comp01 1604784762 2020/11/07 16:32:42 1 4096 65571052 56060064 6211414 39 213638 1 70828 0 3323409 0 0 2097152 0 0
SEP
MEM comp01 1604784763 2020/11/07 16:32:43 1 4096 65571052 55799345 6341142 39 213937 1 71116 0 3323409 0 0 2097152 0 0
SEP
MEM comp01 1604784764 2020/11/07 16:32:44 1 4096 65571052 55536685 6472534 39 214271 1 71420 0 3323409 0 0 2097152 0 0
SEP
MEM comp01 1604784765 2020/11/07 16:32:45 1 4096 65571052 55275411 6603014 39 214453 1 71708 0 3323409 0 0 2097152 0 0
SEP
MEM comp01 1604784766 2020/11/07 16:32:46 1 4096 65571052 55018844 6729814 39 214754 1 72004 0 3323409 0 0 2097152 0 0
SEP
MEM comp01 1604784767 2020/11/07 16:32:47 1 4096 65571052 54758607 6860374 39 215241 1 72300 0 3323409 0 0 2097152 0 0
SEP
MEM comp01 1604784768 2020/11/07 16:32:48 1 4096 65571052 54503288 6987094 39 215365 1 72588 0 3323409 0 0 2097152 0 0
SEP
MEM comp01 1604784769 2020/11/07 16:32:49 1 4096 65571052 54242589 7117654 39 215647 1 72884 0 3323409 0 0 2097152 0 0
SEP
MEM comp01 1604784770 2020/11/07 16:32:50 1 4096 65571052 53982031 7248134 39 215961 1 73172 0 3323409 0 0 2097152 0 0
SEP
MEM comp01 1604784771 2020/11/07 16:32:51 1 4096 65571052 53720565 7378694 39 216340 1 73468 0 3323409 0 0 2097152 0 0
SEP
MEM comp01 1604784772 2020/11/07 16:32:52 1 4096 65571052 53459459 7509254 39 216538 1 73764 0 3323409 0 0 2097152 0 0
SEP
MEM comp01 1604784773 2020/11/07 16:32:53 1 4096 65571052 53198062 7636430 39 216818 1 74060 0 3323409 0 0 2097152 0 0
SEP
MEM comp01 1604784774 2020/11/07 16:32:54 1 4096 65571052 52940694 7766615 39 217081 2 74356 0 3323409 0 0 2097152 0 0
SEP
MEM comp01 1604784775 2020/11/07 16:32:55 1 4096 65571052 52678708 7897175 39 217447 2 74652 0 3323409 0 0 2097152 0 0
SEP
MEM comp01 1604784776 2020/11/07 16:32:56 1 4096 65571052 52418145 8027735 39 217867 2 74948 0 3323409 0 0 2097152 0 0
SEP
MEM comp01 1604784777 2020/11/07 16:32:57 1 4096 65571052 52157944 8158295 39 218122 2 75244 0 3323409 0 0 2097152 0 0
SEP
MEM comp01 1604784778 2020/11/07 16:32:58 1 4096 65571052 52001310 8233427 39 218008 2 75420 0 3323409 0 0 2097152 0 0
SEP
MEM comp01 1604784779 2020/11/07 16:32:59 1 4096 65571052 52001323 8233427 39 218002 2 75420 0 3323409 0 0 2097152 0 0
SEP
MEM comp01 1604784780 2020/11/07 16:33:00 1 4096 65571052 52001327 8233427 39 217998 2 75420 0 3323409 0 0 2097152 0 0
SEP
MEM comp01 1604784781 2020/11/07 16:33:01 1 4096 65571052 52001332 8233427 39 218002 2 75420 0 3323409 0 0 2097152 0 0
SEP
MEM comp01 1604784782 2020/11/07 16:33:02 1 4096 65571052 52001200 8233427 39 218139 2 75438 0 3323409 0 0 2097152 0 0
SEP
MEM comp01 1604784783 2020/11/07 16:33:03 1 4096 65571052 52001218 8233427 39 218121 2 75438 0 3323409 0 0 2097152 0 0
SEP
MEM comp01 1604784784 2020/11/07 16:33:04 1 4096 65571052 52001212 8233427 39 218127 2 75438 0 3323409 0 0 2097152 0 0
SEP
MEM comp01 1604784785 2020/11/07 16:33:05 1 4096 65571052 52001224 8233427 39 218115 2 75438 0 3323409 0 0 2097152 0 0
SEP
MEM comp01 1604784786 2020/11/07 16:33:06 1 4096 65571052 52001212 8233427 39 218127 2 75438 0 3323409 0 0 2097152 0 0
SEP
MEM comp01 1604784787 2020/11/07 16:33:07 1 4096 65571052 52001227 8233427 39 218119 2 75438 0 3323409 0 0 2097152 0 0
SEP
MEM comp01 1604784788 2020/11/07 16:33:08 1 4096 65571052 52001233 8233427 39 218113 2 75438 0 3323409 0 0 2097152 0 0
SEP
MEM comp01 1604784789 2020/11/07 16:33:09 1 4096 65571052 52001231 8233427 39 218115 2 75438 0 3323409 0 0 2097152 0 0
SEP
MEM comp01 1604784790 2020/11/07 16:33:10 1 4096 65571052 52001229 8233427 39 218117 2 75438 0 3323409 0 0 2097152 0 0
SEP
MEM comp01 1604784791 2020/11/07 16:33:11 1 4096 65571052 52001219 8233427 39 218127 2 75438 0 3323409 0 0 2097152 0 0
SEP
MEM comp01 1604784792 2020/11/07 16:33:12 1 4096 65571052 52001222 8233427 39 218131 2 75438 0 3323409 0 0 2097152 0 0
SEP
MEM comp01 1604784793 2020/11/07 16:33:13 1 4096 65571052 52001236 8233427 39 218117 2 75438 0 3323409 0 0 2097152 0 0
SEP
MEM comp01 1604784794 2020/11/07 16:33:14 1 4096 65571052 52001240 8233427 39 218113 2 75438 0 3323409 0 0 2097152 0 0
SEP
MEM comp01 1604784795 2020/11/07 16:33:15 1 4096 65571052 52001228 8233427 39 218125 2 75438 0 3323409 0 0 2097152 0 0
SEP
MEM comp01 1604784796 2020/11/07 16:33:16 1 4096 65571052 52001238 8233427 39 218115 2 75438 0 3323409 0 0 2097152 0 0
SEP
MEM comp01 1604784797 2020/11/07 16:33:17 1 4096 65571052 52001223 8233427 39 218137 2 75438 0 3323409 0 0 2097152 0 0
SEP
MEM comp01 1604784798 2020/11/07 16:33:18 1 4096 65571052 52001243 8233427 39 218113 2 75438 0 3323409 0 0 2097152 0 0
SEP
MEM comp01 1604784799 2020/11/07 16:33:19 1 4096 65571052 52001222 8233427 39 218137 2 75438 0 3323409 0 0 2097152 0 0
SEP
MEM comp01 1604784800 2020/11/07 16:33:20 1 4096 65571052 52001242 8233427 39 218117 2 75438 0 3323409 0 0 2097152 0 0
SEP
MEM comp01 1604784801 2020/11/07 16:33:21 1 4096 65571052 52001226 8233427 39 218133 2 75438 0 3323409 0 0 2097152 0 0
SEP
MEM comp01 1604784802 2020/11/07 16:33:22 1 4096 65571052 52001234 8233427 39 218125 2 75438 0 3323409 0 0 2097152 0 0
SEP
MEM comp01 1604784803 2020/11/07 16:33:23 1 4096 65571052 52001228 8233427 39 218131 3 75438 0 3323409 0 0 2097152 0 0
SEP
MEM comp01 1604784804 2020/11/07 16:33:24 1 4096 65571052 52001242 8233427 39 218117 3 75438 0 3323409 0 0 2097152 0 0
SEP
MEM comp01 1604784805 2020/11/07 16:33:25 1 4096 65571052 52001243 8233427 39 218117 3 75438 0 3323409 0 0 2097152 0 0
SEP
MEM comp01 1604784806 2020/11/07 16:33:26 1 4096 65571052 52001247 8233427 39 218113 3 75438 0 3323409 0 0 2097152 0 0
SEP
MEM comp01 1604784807 2020/11/07 16:33:27 1 4096 65571052 51791580 8436249 39 224817 202823 75848 0 3323409 0 0 2097152 0 0
SEP
MEM comp01 1604784808 2020/11/07 16:33:28 1 4096 65571052 51119810 9086353 39 246517 852857 77256 0 3323409 0 0 2097152 0 0
SEP
MEM comp01 1604784809 2020/11/07 16:33:29 1 4096 65571052 50449173 9735090 39 268420 1501700 78800 0 3323409 0 0 2097152 0 0
SEP
MEM comp01 1604784810 2020/11/07 16:33:30 1 4096 65571052 49780391 10382680 39 290053 2149169 80216 0 3323409 0 0 2097152 0 0
SEP
MEM comp01 1604784811 2020/11/07 16:33:31 1 4096 65571052 49112072 11028957 39 311731 2795491 81720 0 3323409 0 0 2097152 0 0
SEP
MEM comp01 1604784812 2020/11/07 16:33:32 1 4096 65571052 48443648 11675679 39 333414 3442224 83248 0 3323409 0 0 2097152 0 0
SEP
MEM comp01 1604784813 2020/11/07 16:33:33 1 4096 65571052 47775532 12322072 39 354968 4088661 84624 0 3323409 0 0 2097152 0 0
SEP
MEM comp01 1604784814 2020/11/07 16:33:34 1 4096 65571052 47105602 12970438 39 376796 4736889 86128 0 3323409 0 0 2097152 0 0
SEP
MEM comp01 1604784815 2020/11/07 16:33:35 1 4096 65571052 46952065 13116241 39 383807 3829341 86520 0 3323409 0 0 2097152 0 0
SEP
MEM comp01 1604784816 2020/11/07 16:33:36 1 4096 65571052 46948989 13116241 39 386699 2358234 86520 0 3323409 0 0 2097152 0 0
SEP
MEM comp01 1604784817 2020/11/07 16:33:37 1 4096 65571052 46946351 13116241 39 389310 904411 86520 0 3323409 0 0 2097152 0 0
SEP
MEM comp01 1604784818 2020/11/07 16:33:38 1 4096 65571052 46945456 13116241 39 389978 2 86520 0 3323409 0 0 2097152 0 0
SEP
MEM comp01 1604784819 2020/11/07 16:33:39 1 4096 65571052 46947011 13116241 39 388604 2 86520 0 3323409 0 0 2097152 0 0
SEP
MEM comp01 1604784820 2020/11/07 16:33:40 1 4096 65571052 46948697 13116241 39 387164 2 86520 0 3323409 0 0 2097152 0 0
SEP
MEM comp01 1604784821 2020/11/07 16:33:41 1 4096 65571052 46949679 13116241 39 385930 2 86520 0 3323409 0 0 2097152 0 0
SEP
MEM comp01 1604784822 2020/11/07 16:33:42 1 4096 65571052 46951304 13116241 39 384390 2 86520 0 3323409 0 0 2097152 0 0
SEP
MEM comp01 1604784823 2020/11/07 16:33:43 1 4096 65571052 46952885 13116241 39 383036 2 86520 0 3323409 0 0 2097152 0 0
SEP
MEM comp01 1604784824 2020/11/07 16:33:44 1 4096 65571052 46954147 13116241 39 382328 2 86520 0 3323409 0 0 2097152 0 0
SEP
MEM comp01 1604784825 2020/11/07 16:33:45 1 4096 65571052 46954142 13116241 39 382340 2 86520 0 3323409 0 0 2097152 0 0
SEP
MEM comp01 1604784826 2020/11/07 16:33:46 1 4096 65571052 46954238 13116241 39 382316 2 86520 0 3323409 0 0 2097152 0 0
SEP
MEM comp01 1604784827 2020/11/07 16:33:47 1 4096 65571052 46954206 13116241 39 382348 2 86520 0 3323409 0 0 2097152 0 0
SEP
MEM comp01 1604784828 2020/11/07 16:33:48 1 4096 65571052 46954212 13116241 39 382342 2 86520 0 3323409 0 0 2097152 0 0
SEP
MEM comp01 1604784829 2020/11/07 16:33:49 1 4096 65571052 46954210 13116241 39 382344 2 86520 0 3323409 0 0 2097152 0 0
SEP
MEM comp01 1604784830 2020/11/07 16:33:50 1 4096 65571052 46954217 13116241 39 382338 2 86520 0 3323409 0 0 2097152 0 0
SEP
MEM comp01 1604784831 2020/11/07 16:33:51 1 4096 65571052 46954210 13116241 39 382348 2 86520 0 3323409 0 0 2097152 0 0
SEP
MEM comp01 1604784832 2020/11/07 16:33:52 1 4096 65571052 46954216 13116241 39 382342 2 86520 0 3323409 0 0 2097152 0 0
SEP
MEM comp01 1604784833 2020/11/07 16:33:53 1 4096 65571052 46954228 13116241 39 382330 2 86520 0 3323409 0 0 2097152 0 0
SEP
MEM comp01 1604784834 2020/11/07 16:33:54 1 4096 65571052 46954219 13116241 39 382341 3 86520 0 3323409 0 0 2097152 0 0
SEP
MEM comp01 1604784835 2020/11/07 16:33:55 1 4096 65571052 46954220 13116241 39 382347 3 86520 0 3323409 0 0 2097152 0 0
SEP
MEM comp01 1604784836 2020/11/07 16:33:56 1 4096 65571052 46954236 13116241 39 382331 3 86520 0 3323409 0 0 2097152 0 0
SEP
MEM comp01 1604784837 2020/11/07 16:33:57 1 4096 65571052 46954226 13116241 39 382341 3 86520 0 3323409 0 0 2097152 0 0
SEP
MEM comp01 1604784838 2020/11/07 16:33:58 1 4096 65571052 46954244 13116241 39 382323 3 86520 0 3323409 0 0 2097152 0 0
SEP
MEM comp01 1604784839 2020/11/07 16:33:59 1 4096 65571052 46954243 13116241 39 382325 3 86520 0 3323409 0 0 2097152 0 0
SEP
MEM comp01 1604784840 2020/11/07 16:34:00 1 4096 65571052 46954236 13116242 39 382325 4 86520 0 3323409 0 0 2097152 0 0
SEP
MEM comp01 1604784841 2020/11/07 16:34:01 1 4096 65571052 46954214 13116242 39 382347 4 86520 0 3323409 0 0 2097152 0 0
SEP
MEM comp01 1604784842 2020/11/07 16:34:02 1 4096 65571052 46954226 13116242 39 382335 4 86520 0 3323409 0 0 2097152 0 0
SEP
MEM comp01 1604784843 2020/11/07 16:34:03 1 4096 65571052 46954220 13116242 39 382341 4 86520 0 3323409 0 0 2097152 0 0
SEP
MEM comp01 1604784844 2020/11/07 16:34:04 1 4096 65571052 46954228 13116242 39 382333 4 86520 0 3323409 0 0 2097152 0 0
SEP
MEM comp01 1604784845 2020/11/07 16:34:05 1 4096 65571052 46954232 13116242 39 382329 4 86520 0 3323409 0 0 2097152 0 0
SEP
MEM comp01 1604784846 2020/11/07 16:34:06 1 4096 65571052 46954216 13116242 39 382345 4 86520 0 3323409 0 0 2097152 0 0
SEP
MEM comp01 1604784847 2020/11/07 16:34:07 1 4096 65571052 46954228 13116242 39 382333 4 86520 0 3323409 0 0 2097152 0 0
SEP
MEM comp01 1604784848 2020/11/07 16:34:08 1 4096 65571052 46954238 13116242 39 382323 4 86520 0 3323409 0 0 2097152 0 0
SEP
MEM comp01 1604784849 2020/11/07 16:34:09 1 4096 65571052 46954238 13116242 39 382323 4 86520 0 3323409 0 0 2097152 0 0
SEP
MEM comp01 1604784850 2020/11/07 16:34:10 1 4096 65571052 46954224 13116242 39 382337 4 86520 0 3323409 0 0 2097152 0 0
SEP
MEM comp01 1604784851 2020/11/07 16:34:11 1 4096 65571052 46954222 13116242 39 382339 4 86520 0 3323409 0 0 2097152 0 0
SEP
MEM comp01 1604784852 2020/11/07 16:34:12 1 4096 65571052 46954228 13116242 39 382333 4 86520 0 3323409 0 0 2097152 0 0
SEP
MEM comp01 1604784853 2020/11/07 16:34:13 1 4096 65571052 46954230 13116242 39 382331 4 86520 0 3323409 0 0 2097152 0 0
SEP
MEM comp01 1604784854 2020/11/07 16:34:14 1 4096 65571052 46954238 13116242 39 382323 4 86520 0 3323409 0 0 2097152 0 0
SEP
MEM comp01 1604784855 2020/11/07 16:34:15 1 4096 65571052 46954226 13116242 39 382335 4 86520 0 3323409 0 0 2097152 0 0
SEP
MEM comp01 1604784856 2020/11/07 16:34:16 1 4096 65571052 46954220 13116242 39 382341 4 86520 0 3323409 0 0 2097152 0 0
SEP
MEM comp01 1604784857 2020/11/07 16:34:17 1 4096 65571052 46954238 13116242 39 382323 4 86520 0 3323409 0 0 2097152 0 0
SEP
MEM comp01 1604784858 2020/11/07 16:34:18 1 4096 65571052 46954220 13116242 39 382343 4 86520 0 3323409 0 0 2097152 0 0
SEP
MEM comp01 1604784859 2020/11/07 16:34:19 1 4096 65571052 46954238 13116242 39 382325 4 86520 0 3323409 0 0 2097152 0 0
SEP
MEM comp01 1604784860 2020/11/07 16:34:20 1 4096 65571052 46954226 13116242 39 382337 4 86520 0 3323409 0 0 2097152 0 0
SEP
MEM comp01 1604784861 2020/11/07 16:34:21 1 4096 65571052 46954236 13116242 39 382327 4 86520 0 3323409 0 0 2097152 0 0
SEP
MEM comp01 1604784862 2020/11/07 16:34:22 1 4096 65571052 46954226 13116242 39 382337 4 86520 0 3323409 0 0 2097152 0 0
SEP
MEM comp01 1604784863 2020/11/07 16:34:23 1 4096 65571052 46954234 13116242 39 382329 4 86520 0 3323409 0 0 2097152 0 0
SEP
MEM comp01 1604784864 2020/11/07 16:34:24 1 4096 65571052 46954219 13116242 39 382345 2 86520 0 3323409 0 0 2097152 0 0
SEP
MEM comp01 1604784865 2020/11/07 16:34:25 1 4096 65571052 46954227 13116242 39 382337 3 86520 0 3323409 0 0 2097152 0 0
SEP
MEM comp01 1604784866 2020/11/07 16:34:26 1 4096 65571052 46954239 13116242 39 382325 3 86520 0 3323409 0 0 2097152 0 0
SEP
MEM comp01 1604784867 2020/11/07 16:34:27 1 4096 65571052 46954237 13116242 39 382327 3 86520 0 3323409 0 0 2097152 0 0
SEP
MEM comp01 1604784868 2020/11/07 16:34:28 1 4096 65571052 46954227 13116242 39 382337 3 86520 0 3323409 0 0 2097152 0 0
SEP
MEM comp01 1604784869 2020/11/07 16:34:29 1 4096 65571052 47037023 13116242 39 299541 3 86520 0 3323409 0 0 2097152 0 0
SEP
MEM comp01 1604784870 2020/11/07 16:34:30 1 4096 65571052 53870416 11246793 39 227918 3 84672 0 3323409 0 0 2097152 0 0
SEP
MEM comp01 1604784871 2020/11/07 16:34:31 1 4096 65571052 56530690 8414939 39 219454 3 75896 0 3323409 0 0 2097152 0 0
SEP
MEM comp01 1604784872 2020/11/07 16:34:32 1 4096 65571052 55634680 8863159 39 220567 3 76960 0 3323409 0 0 2097152 0 0
SEP
MEM comp01 1604784873 2020/11/07 16:34:33 1 4096 65571052 54729133 9313524 39 221970 4 77984 0 3323409 0 0 2097152 0 0
SEP
MEM comp01 1604784874 2020/11/07 16:34:34 1 4096 65571052 53824765 9765596 39 222882 2 79016 0 3323409 0 0 2097152 0 0
SEP
MEM comp01 1604784875 2020/11/07 16:34:35 1 4096 65571052 52932490 10210952 39 223505 2 80056 0 3323409 0 0 2097152 0 0
SEP
MEM comp01 1604784876 2020/11/07 16:34:36 1 4096 65571052 52032194 10660316 39 224513 2 81024 0 3323409 0 0 2097152 0 0
SEP
MEM comp01 1604784877 2020/11/07 16:34:37 1 4096 65571052 51125783 11113308 39 225601 2 82104 0 3323409 0 0 2097152 0 0
SEP
MEM comp01 1604784878 2020/11/07 16:34:38 1 4096 65571052 50215705 11566594 39 226759 2 83120 0 3323409 0 0 2097152 0 0
SEP
MEM comp01 1604784879 2020/11/07 16:34:39 1 4096 65571052 49308906 12019584 39 227716 2 84152 0 3323409 0 0 2097152 0 0
SEP
MEM comp01 1604784880 2020/11/07 16:34:40 1 4096 65571052 48394658 12476592 39 228662 2 85144 0 3323409 0 0 2097152 0 0
SEP
MEM comp01 1604784881 2020/11/07 16:34:41 1 4096 65571052 47484047 12929672 39 229782 2 86216 0 3323409 0 0 2097152 0 0
SEP
MEM comp01 1604784882 2020/11/07 16:34:42 1 4096 65571052 47106410 13116244 39 229795 2 86672 0 3323409 0 0 2097152 0 0
SEP
MEM comp01 1604784883 2020/11/07 16:34:43 1 4096 65571052 47106415 13116244 39 229797 2 86672 0 3323409 0 0 2097152 0 0
SEP
MEM comp01 1604784884 2020/11/07 16:34:44 1 4096 65571052 47106430 13116244 39 229789 2 86672 0 3323409 0 0 2097152 0 0
SEP
MEM comp01 1604784885 2020/11/07 16:34:45 1 4096 65571052 47106440 13116244 39 229779 2 86672 0 3323409 0 0 2097152 0 0
SEP
MEM comp01 1604784886 2020/11/07 16:34:46 1 4096 65571052 47106429 13116244 39 229789 2 86672 0 3323409 0 0 2097152 0 0
SEP
MEM comp01 1604784887 2020/11/07 16:34:47 1 4096 65571052 47106403 13116244 39 229815 2 86672 0 3323409 0 0 2097152 0 0
SEP
MEM comp01 1604784888 2020/11/07 16:34:48 1 4096 65571052 47106411 13116244 39 229807 2 86672 0 3323409 0 0 2097152 0 0
SEP
MEM comp01 1604784889 2020/11/07 16:34:49 1 4096 65571052 47106410 13116244 39 229811 2 86672 0 3323409 0 0 2097152 0 0
SEP
MEM comp01 1604784890 2020/11/07 16:34:50 1 4096 65571052 47106406 13116244 39 229815 2 86672 0 3323409 0 0 2097152 0 0
SEP
MEM comp01 1604784891 2020/11/07 16:34:51 1 4096 65571052 47106429 13116244 39 229799 2 86672 0 3323409 0 0 2097152 0 0
SEP
MEM comp01 1604784892 2020/11/07 16:34:52 1 4096 65571052 47106425 13116244 39 229803 2 86672 0 3323409 0 0 2097152 0 0
SEP
MEM comp01 1604784893 2020/11/07 16:34:53 1 4096 65571052 47106435 13116244 39 229793 2 86672 0 3323409 0 0 2097152 0 0
SEP
MEM comp01 1604784894 2020/11/07 16:34:54 1 4096 65571052 47106424 13116244 39 229805 2 86672 0 3323409 0 0 2097152 0 0
SEP
MEM comp01 1604784895 2020/11/07 16:34:55 1 4096 65571052 47106420 13116244 39 229813 1 86672 0 3323409 0 0 2097152 0 0
SEP
MEM comp01 1604784896 2020/11/07 16:34:56 1 4096 65571052 47106440 13116244 39 229807 1 86672 0 3323409 0 0 2097152 0 0
SEP
MEM comp01 1604784897 2020/11/07 16:34:57 1 4096 65571052 47106446 13116244 39 229801 1 86672 0 3323409 0 0 2097152 0 0
SEP
MEM comp01 1604784898 2020/11/07 16:34:58 1 4096 65571052 47106451 13116244 39 229803 1 86672 0 3323409 0 0 2097152 0 0
SEP
MEM comp01 1604784899 2020/11/07 16:34:59 1 4096 65571052 47106463 13116244 39 229791 1 86672 0 3323409 0 0 2097152 0 0
SEP
MEM comp01 1604784900 2020/11/07 16:35:00 1 4096 65571052 47106453 13116244 39 229801 1 86672 0 3323409 0 0 2097152 0 0
SEP
MEM comp01 1604784901 2020/11/07 16:35:01 1 4096 65571052 47106455 13116244 39 229799 1 86672 0 3323409 0 0 2097152 0 0
SEP
MEM comp01 1604784902 2020/11/07 16:35:02 1 4096 65571052 47106459 13116244 39 229795 1 86672 0 3323409 0 0 2097152 0 0
SEP
MEM comp01 1604784903 2020/11/07 16:35:03 1 4096 65571052 47106453 13116244 39 229801 1 86672 0 3323409 0 0 2097152 0 0
SEP
MEM comp01 1604784904 2020/11/07 16:35:04 1 4096 65571052 47106460 13116244 39 229801 1 86672 0 3323409 0 0 2097152 0 0
SEP
MEM comp01 1604784905 2020/11/07 16:35:05 1 4096 65571052 47106470 13116244 39 229791 1 86672 0 3323409 0 0 2097152 0 0
SEP
MEM comp01 1604784906 2020/11/07 16:35:06 1 4096 65571052 47106460 13116245 39 229801 2 86672 0 3323409 0 0 2097152 0 0
SEP
MEM comp01 1604784907 2020/11/07 16:35:07 1 4096 65571052 47106463 13116245 39 229805 2 86672 0 3323409 0 0 2097152 0 0
SEP
MEM comp01 1604784908 2020/11/07 16:35:08 1 4096 65571052 47106453 13116245 39 229815 2 86672 0 3323409 0 0 2097152 0 0
SEP
MEM comp01 1604784909 2020/11/07 16:35:09 1 4096 65571052 47106473 13116245 39 229795 2 86672 0 3323409 0 0 2097152 0 0
SEP
MEM comp01 1604784910 2020/11/07 16:35:10 1 4096 65571052 47106455 13116245 39 229813 2 86672 0 3323409 0 0 2097152 0 0
SEP
MEM comp01 1604784911 2020/11/07 16:35:11 1 4096 65571052 46683995 13525078 39 243391 408729 87546 0 3323409 0 0 2097152 0 0
SEP
MEM comp01 1604784912 2020/11/07 16:35:12 1 4096 65571052 46014365 14172926 39 265221 1056747 89082 0 3323409 0 0 2097152 0 0
SEP
MEM comp01 1604784913 2020/11/07 16:35:13 1 4096 65571052 45347495 14818165 39 286718 1701877 90458 0 3323409 0 0 2097152 0 0
SEP
MEM comp01 1604784914 2020/11/07 16:35:14 1 4096 65571052 44682971 15461145 39 308314 2344927 91986 0 3323409 0 0 2097152 0 0
SEP
MEM comp01 1604784915 2020/11/07 16:35:15 1 4096 65571052 44014253 16108237 39 329954 2991883 93354 0 3323409 0 0 2097152 0 0
SEP
MEM comp01 1604784916 2020/11/07 16:35:16 1 4096 65571052 43419044 16684286 39 349325 3497128 94762 0 3323409 0 0 2097152 0 0
SEP
MEM comp01 1604784917 2020/11/07 16:35:17 1 4096 65571052 42798950 17286507 39 366912 4090413 96042 0 3323409 0 0 2097152 0 0
SEP
MEM comp01 1604784918 2020/11/07 16:35:18 1 4096 65571052 42130521 17933310 39 388616 4737283 97506 0 3323409 0 0 2097152 0 0
SEP
MEM comp01 1604784919 2020/11/07 16:35:19 1 4096 65571052 42060019 17999058 39 392434 3862520 97754 0 3323409 0 0 2097152 0 0
SEP
MEM comp01 1604784920 2020/11/07 16:35:20 1 4096 65571052 42058799 17999058 39 393950 2751597 97754 0 3323409 0 0 2097152 0 0
SEP
MEM comp01 1604784921 2020/11/07 16:35:21 1 4096 65571052 42057399 17999058 39 395298 1650741 97754 0 3323409 0 0 2097152 0 0
SEP
MEM comp01 1604784922 2020/11/07 16:35:22 1 4096 65571052 42054393 17999058 39 398340 740804 97754 0 3323409 0 0 2097152 0 0
SEP
MEM comp01 1604784923 2020/11/07 16:35:23 1 4096 65571052 42050399 17999058 39 402169 176493 97754 0 3323409 0 0 2097152 0 0
SEP
MEM comp01 1604784924 2020/11/07 16:35:24 1 4096 65571052 42045172 17999058 39 404869 2 97804 0 3323409 0 0 2097152 0 0
SEP
MEM comp01 1604784925 2020/11/07 16:35:25 1 4096 65571052 42044961 17999058 39 404165 0 98696 0 3323409 0 0 2097152 0 0
SEP
MEM comp01 1604784926 2020/11/07 16:35:26 1 4096 65571052 42047565 17999058 39 403000 1 98766 0 3323409 0 0 2097152 0 0
SEP
MEM comp01 1604784927 2020/11/07 16:35:27 1 4096 65571052 42051857 17999058 39 398242 1 98826 0 3323409 0 0 2097152 0 0
SEP
MEM comp01 1604784928 2020/11/07 16:35:28 1 4096 65571052 42054311 17999058 39 394782 1 98826 0 3323409 0 0 2097152 0 0
SEP
MEM comp01 1604784929 2020/11/07 16:35:29 1 4096 65571052 42053927 17999058 39 394788 1 98834 0 3323409 0 0 2097152 0 0
SEP
MEM comp01 1604784930 2020/11/07 16:35:30 1 4096 65571052 42053905 17999058 39 394810 1 98836 0 3323409 0 0 2097152 0 0
SEP
MEM comp01 1604784931 2020/11/07 16:35:31 1 4096 65571052 42053918 17999058 39 394798 1 98836 0 3323409 0 0 2097152 0 0
SEP
MEM comp01 1604784932 2020/11/07 16:35:32 1 4096 65571052 42053930 17999058 39 394794 1 98836 0 3323409 0 0 2097152 0 0
SEP
MEM comp01 1604784933 2020/11/07 16:35:33 1 4096 65571052 42053876 17999058 39 394850 1 98836 0 3323409 0 0 2097152 0 0
SEP
MEM comp01 1604784934 2020/11/07 16:35:34 1 4096 65571052 42053862 17999058 39 394867 1 98854 0 3323409 0 0 2097152 0 0
SEP
MEM comp01 1604784935 2020/11/07 16:35:35 1 4096 65571052 42053831 17999058 39 394907 1 98854 0 3323409 0 0 2097152 0 0
SEP
MEM comp01 1604784936 2020/11/07 16:35:36 1 4096 65571052 42053819 17999058 39 394919 1 98854 0 3323409 0 0 2097152 0 0
SEP
MEM comp01 1604784937 2020/11/07 16:35:37 1 4096 65571052 42053843 17999058 39 394895 1 98854 0 3323409 0 0 2097152 0 0
SEP
MEM comp01 1604784938 2020/11/07 16:35:38 1 4096 65571052 42053843 17999059 39 394895 2 98854 0 3323409 0 0 2097152 0 0
SEP
MEM comp01 1604784939 2020/11/07 16:35:39 1 4096 65571052 42053841 17999059 39 394897 2 98854 0 3323409 0 0 2097152 0 0
SEP
MEM comp01 1604784940 2020/11/07 16:35:40 1 4096 65571052 42053829 17999059 39 394909 2 98854 0 3323409 0 0 2097152 0 0
SEP
MEM comp01 1604784941 2020/11/07 16:35:41 1 4096 65571052 42053835 17999059 39 394903 2 98854 0 3323409 0 0 2097152 0 0
SEP
MEM comp01 1604784942 2020/11/07 16:35:42 1 4096 65571052 42053827 17999059 39 394911 2 98854 0 3323409 0 0 2097152 0 0
SEP
MEM comp01 1604784943 2020/11/07 16:35:43 1 4096 65571052 42053851 17999059 39 394887 2 98854 0 3323409 0 0 2097152 0 0
SEP
MEM comp01 1604784944 2020/11/07 16:35:44 1 4096 65571052 42053803 17999059 39 394938 2 98872 0 3323409 0 0 2097152 0 0
SEP
MEM comp01 1604784945 2020/11/07 16:35:45 1 4096 65571052 42053822 17999059 39 394926 2 98872 0 3323409 0 0 2097152 0 0
SEP
MEM comp01 1604784946 2020/11/07 16:35:46 1 4096 65571052 42053822 17999059 39 394926 2 98872 0 3323409 0 0 2097152 0 0
SEP
MEM comp01 1604784947 2020/11/07 16:35:47 1 4096 65571052 42053828 17999059 39 394920 2 98872 0 3323409 0 0 2097152 0 0
SEP
MEM comp01 1604784948 2020/11/07 16:35:48 1 4096 65571052 42053823 17999059 39 394932 2 98872 0 3323409 0 0 2097152 0 0
SEP
MEM comp01 1604784949 2020/11/07 16:35:49 1 4096 65571052 42053826 17999059 39 394936 2 98872 0 3323409 0 0 2097152 0 0
SEP
MEM comp01 1604784950 2020/11/07 16:35:50 1 4096 65571052 42053828 17999059 39 394934 2 98872 0 3323409 0 0 2097152 0 0
SEP
MEM comp01 1604784951 2020/11/07 16:35:51 1 4096 65571052 42053804 17999059 39 394958 2 98872 0 3323409 0 0 2097152 0 0
SEP
MEM comp01 1604784952 2020/11/07 16:35:52 1 4096 65571052 42053822 17999059 39 394940 2 98872 0 3323409 0 0 2097152 0 0
SEP
MEM comp01 1604784953 2020/11/07 16:35:53 1 4096 65571052 42053814 17999059 39 394948 2 98872 0 3323409 0 0 2097152 0 0
SEP
MEM comp01 1604784954 2020/11/07 16:35:54 1 4096 65571052 42053826 17999059 39 394936 2 98872 0 3323409 0 0 2097152 0 0
SEP
MEM comp01 1604784955 2020/11/07 16:35:55 1 4096 65571052 42053825 17999059 39 394944 2 98872 0 3323409 0 0 2097152 0 0
SEP
MEM comp01 1604784956 2020/11/07 16:35:56 1 4096 65571052 42053825 17999059 39 394944 2 98872 0 3323409 0 0 2097152 0 0
SEP
MEM comp01 1604784957 2020/11/07 16:35:57 1 4096 65571052 42053808 17999059 39 394954 3 98872 0 3323409 0 0 2097152 0 0
SEP
MEM comp01 1604784958 2020/11/07 16:35:58 1 4096 65571052 42053812 17999059 39 394950 3 98872 0 3323409 0 0 2097152 0 0
SEP
MEM comp01 1604784959 2020/11/07 16:35:59 1 4096 65571052 42053827 17999060 39 394932 3 98872 0 3323409 0 0 2097152 0 0
SEP
MEM comp01 1604784960 2020/11/07 16:36:00 1 4096 65571052 42053811 17999060 39 394950 3 98872 0 3323409 0 0 2097152 0 0
SEP
MEM comp01 1604784961 2020/11/07 16:36:01 1 4096 65571052 42053817 17999060 39 394944 3 98872 0 3323409 0 0 2097152 0 0
SEP
MEM comp01 1604784962 2020/11/07 16:36:02 1 4096 65571052 42053829 17999060 39 394932 3 98872 0 3323409 0 0 2097152 0 0
SEP
MEM comp01 1604784963 2020/11/07 16:36:03 1 4096 65571052 42053817 17999060 39 394944 3 98872 0 3323409 0 0 2097152 0 0
SEP
MEM comp01 1604784964 2020/11/07 16:36:04 1 4096 65571052 42053833 17999060 39 394928 3 98872 0 3323409 0 0 2097152 0 0
SEP
MEM comp01 1604784965 2020/11/07 16:36:05 1 4096 65571052 42053817 17999060 39 394944 3 98872 0 3323409 0 0 2097152 0 0
SEP
MEM comp01 1604784966 2020/11/07 16:36:06 1 4096 65571052 42053829 17999060 39 394932 3 98872 0 3323409 0 0 2097152 0 0
SEP
MEM comp01 1604784967 2020/11/07 16:36:07 1 4096 65571052 42053823 17999060 39 394938 3 98872 0 3323409 0 0 2097152 0 0
SEP
MEM comp01 1604784968 2020/11/07 16:36:08 1 4096 65571052 42053815 17999060 39 394946 3 98872 0 3323409 0 0 2097152 0 0
SEP
MEM comp01 1604784969 2020/11/07 16:36:09 1 4096 65571052 42053833 17999060 39 394928 3 98872 0 3323409 0 0 2097152 0 0
SEP
MEM comp01 1604784970 2020/11/07 16:36:10 1 4096 65571052 42053839 17999060 39 394922 3 98872 0 3323409 0 0 2097152 0 0
SEP
MEM comp01 1604784971 2020/11/07 16:36:11 1 4096 65571052 42053796 17999061 39 394958 4 98872 0 3323409 0 0 2097152 0 0
SEP
MEM comp01 1604784972 2020/11/07 16:36:12 1 4096 65571052 42053812 17999061 39 394942 4 98872 0 3323409 0 0 2097152 0 0
SEP
MEM comp01 1604784973 2020/11/07 16:36:13 1 4096 65571052 42053818 17999061 39 394936 4 98872 0 3323409 0 0 2097152 0 0
SEP
MEM comp01 1604784974 2020/11/07 16:36:14 1 4096 65571052 42053804 17999061 39 394950 4 98872 0 3323409 0 0 2097152 0 0
SEP
MEM comp01 1604784975 2020/11/07 16:36:15 1 4096 65571052 42053803 17999061 39 394954 4 98872 0 3323409 0 0 2097152 0 0
SEP
MEM comp01 1604784976 2020/11/07 16:36:16 1 4096 65571052 42053807 17999061 39 394950 4 98872 0 3323409 0 0 2097152 0 0
SEP
MEM comp01 1604784977 2020/11/07 16:36:17 1 4096 65571052 42053817 17999061 39 394940 4 98872 0 3323409 0 0 2097152 0 0
SEP
MEM comp01 1604784978 2020/11/07 16:36:18 1 4096 65571052 42053800 17999061 39 394958 4 98872 0 3323409 0 0 2097152 0 0
SEP
MEM comp01 1604784979 2020/11/07 16:36:19 1 4096 65571052 42053810 17999061 39 394948 4 98872 0 3323409 0 0 2097152 0 0
SEP
MEM comp01 1604784980 2020/11/07 16:36:20 1 4096 65571052 42053826 17999061 39 394932 4 98872 0 3323409 0 0 2097152 0 0
SEP
MEM comp01 1604784981 2020/11/07 16:36:21 1 4096 65571052 42053818 17999061 39 394940 4 98872 0 3323409 0 0 2097152 0 0
SEP
MEM comp01 1604784982 2020/11/07 16:36:22 1 4096 65571052 42053813 17999061 39 394946 4 98872 0 3323409 0 0 2097152 0 0
SEP
MEM comp01 1604784983 2020/11/07 16:36:23 1 4096 65571052 42093115 17999061 39 355481 2 98872 0 3323409 0 0 2097152 0 0
SEP
MEM comp01 1604784984 2020/11/07 16:36:24 1 4096 65571052 47469060 17626227 39 244824 2 98872 0 3323409 0 0 2097152 0 0
SEP
MEM comp01 1604784985 2020/11/07 16:36:25 1 4096 65571052 51883250 13170097 39 234056 2 87944 0 3323409 0 0 2097152 0 0
SEP
MEM comp01 1604784986 2020/11/07 16:36:26 1 4096 65571052 50985201 13620907 39 232293 7 88289 0 3323405 0 0 2097152 0 0
SEP
MEM comp01 1604784987 2020/11/07 16:36:27 1 4096 65571052 50091071 14068579 39 233604 8 89233 0 3323405 0 0 2097152 0 0
SEP
MEM comp01 1604784988 2020/11/07 16:36:28 1 4096 65571052 49200141 14512167 39 234143 8 90225 0 3323405 0 0 2097152 0 0
SEP
MEM comp01 1604784989 2020/11/07 16:36:29 1 4096 65571052 48290245 14967199 39 235839 8 91321 0 3323405 0 0 2097152 0 0
SEP
MEM comp01 1604784990 2020/11/07 16:36:30 1 4096 65571052 47391676 15416195 39 236358 8 92289 0 3323405 0 0 2097152 0 0
SEP
MEM comp01 1604784991 2020/11/07 16:36:31 1 4096 65571052 46490036 15865739 39 237295 1 93377 0 3323405 0 0 2097152 0 0
SEP
MEM comp01 1604784992 2020/11/07 16:36:32 1 4096 65571052 45572966 16322764 39 238404 1 94409 0 3323405 0 0 2097152 0 0
SEP
MEM comp01 1604784993 2020/11/07 16:36:33 1 4096 65571052 44650909 16783511 39 239372 1 95409 0 3323405 0 0 2097152 0 0
SEP
MEM comp01 1604784994 2020/11/07 16:36:34 1 4096 65571052 43727431 17241867 39 240690 1 96473 0 3323405 0 0 2097152 0 0
SEP
MEM comp01 1604784995 2020/11/07 16:36:35 1 4096 65571052 42810387 17701379 39 241646 1 97465 0 3323405 0 0 2097152 0 0
SEP
MEM comp01 1604784996 2020/11/07 16:36:36 1 4096 65571052 42208882 17999189 39 241640 1 98137 0 3323405 0 0 2097152 0 0
SEP
MEM comp01 1604784997 2020/11/07 16:36:37 1 4096 65571052 42208778 17999175 39 241818 1 98201 0 3323405 0 0 2097152 0 0
SEP
MEM comp01 1604784998 2020/11/07 16:36:38 1 4096 65571052 42208779 17999175 39 241824 1 98201 0 3323405 0 0 2097152 0 0
SEP
MEM comp01 1604784999 2020/11/07 16:36:39 1 4096 65571052 42208799 17999175 39 241810 1 98201 0 3323405 0 0 2097152 0 0
SEP
MEM comp01 1604785000 2020/11/07 16:36:40 1 4096 65571052 42208805 17999175 39 241804 1 98201 0 3323405 0 0 2097152 0 0
SEP
MEM comp01 1604785001 2020/11/07 16:36:41 1 4096 65571052 42208817 17999175 39 241806 1 98201 0 3323405 0 0 2097152 0 0
SEP
MEM comp01 1604785002 2020/11/07 16:36:42 1 4096 65571052 42208781 17999175 39 241844 1 98201 0 3323405 0 0 2097152 0 0
SEP
MEM comp01 1604785003 2020/11/07 16:36:43 1 4096 65571052 42208750 17999175 39 241885 1 98219 0 3323405 0 0 2097152 0 0
SEP
MEM comp01 1604785004 2020/11/07 16:36:44 1 4096 65571052 42208739 17999176 39 241889 2 98219 0 3323405 0 0 2097152 0 0
SEP
MEM comp01 1604785005 2020/11/07 16:36:45 1 4096 65571052 42208747 17999176 39 241881 2 98219 0 3323405 0 0 2097152 0 0
SEP
MEM comp01 1604785006 2020/11/07 16:36:46 1 4096 65571052 42208768 17999176 39 241861 2 98219 0 3323405 0 0 2097152 0 0
SEP
MEM comp01 1604785007 2020/11/07 16:36:47 1 4096 65571052 42208757 17999176 39 241873 2 98219 0 3323405 0 0 2097152 0 0
SEP
MEM comp01 1604785008 2020/11/07 16:36:48 1 4096 65571052 42208757 17999176 39 241873 2 98219 0 3323405 0 0 2097152 0 0
SEP
MEM comp01 1604785009 2020/11/07 16:36:49 1 4096 65571052 42208747 17999176 39 241883 2 98219 0 3323405 0 0 2097152 0 0
SEP
MEM comp01 1604785010 2020/11/07 16:36:50 1 4096 65571052 42208749 17999176 39 241881 2 98219 0 3323405 0 0 2097152 0 0
SEP
MEM comp01 1604785011 2020/11/07 16:36:51 1 4096 65571052 42208765 17999176 39 241740 2 98219 0 3323405 0 0 2097152 0 0
SEP
MEM comp01 1604785012 2020/11/07 16:36:52 1 4096 65571052 42208756 17999176 39 241756 2 98219 0 3323405 0 0 2097152 0 0
SEP
MEM comp01 1604785013 2020/11/07 16:36:53 1 4096 65571052 42208748 17999176 39 241764 2 98219 0 3323405 0 0 2097152 0 0
SEP
MEM comp01 1604785014 2020/11/07 16:36:54 1 4096 65571052 42208760 17999176 39 241752 2 98219 0 3323405 0 0 2097152 0 0
SEP
MEM comp01 1604785015 2020/11/07 16:36:55 1 4096 65571052 42208766 17999176 39 241746 2 98219 0 3323405 0 0 2097152 0 0
SEP
MEM comp01 1604785016 2020/11/07 16:36:56 1 4096 65571052 42208752 17999176 39 241760 2 98219 0 3323405 0 0 2097152 0 0
SEP
MEM comp01 1604785017 2020/11/07 16:36:57 1 4096 65571052 42208765 17999176 39 241748 2 98219 0 3323405 0 0 2097152 0 0
SEP
MEM comp01 1604785018 2020/11/07 16:36:58 1 4096 65571052 42208754 17999176 39 241760 3 98219 0 3323405 0 0 2097152 0 0
SEP
MEM comp01 1604785019 2020/11/07 16:36:59 1 4096 65571052 42208779 17999176 39 241742 3 98219 0 3323405 0 0 2097152 0 0
SEP
MEM comp01 1604785020 2020/11/07 16:37:00 1 4096 65571052 42208769 17999176 39 241752 3 98219 0 3323405 0 0 2097152 0 0
SEP
MEM comp01 1604785021 2020/11/07 16:37:01 1 4096 65571052 42208763 17999176 39 241758 3 98219 0 3323405 0 0 2097152 0 0
SEP
MEM comp01 1604785022 2020/11/07 16:37:02 1 4096 65571052 42208761 17999176 39 241760 3 98219 0 3323405 0 0 2097152 0 0
SEP
MEM comp01 1604785023 2020/11/07 16:37:03 1 4096 65571052 42208781 17999176 39 241740 3 98219 0 3323405 0 0 2097152 0 0
SEP
MEM comp01 1604785024 2020/11/07 16:37:04 1 4096 65571052 42208773 17999176 39 241748 3 98219 0 3323405 0 0 2097152 0 0
SEP
MEM comp01 1604785025 2020/11/07 16:37:05 1 4096 65571052 41974213 18226196 39 249225 226936 98635 0 3323405 0 0 2097152 0 0
SEP
MEM comp01 1604785026 2020/11/07 16:37:06 1 4096 65571052 41321246 18858064 39 270525 858826 100171 0 3323405 0 0 2097152 0 0
SEP
MEM comp01 1604785027 2020/11/07 16:37:07 1 4096 65571052 40652013 19505459 39 292235 1506337 101643 0 3323405 0 0 2097152 0 0
SEP
MEM comp01 1604785028 2020/11/07 16:37:08 1 4096 65571052 39982101 20153725 39 313840 2154524 103019 0 3323405 0 0 2097152 0 0
SEP
MEM comp01 1604785029 2020/11/07 16:37:09 1 4096 65571052 39311153 20802881 39 335592 2803725 104523 0 3323405 0 0 2097152 0 0
SEP
MEM comp01 1604785030 2020/11/07 16:37:10 1 4096 65571052 38639153 21453012 39 357382 3453934 105939 0 3323405 0 0 2097152 0 0
SEP
MEM comp01 1604785031 2020/11/07 16:37:11 1 4096 65571052 38110338 21964880 39 374551 3848852 107131 0 3323405 0 0 2097152 0 0
SEP
MEM comp01 1604785032 2020/11/07 16:37:12 1 4096 65571052 37472718 22585160 39 391757 4469237 108579 0 3323405 0 0 2097152 0 0
SEP
MEM comp01 1604785033 2020/11/07 16:37:13 1 4096 65571052 37164142 22881989 39 402601 4200711 109299 0 3323405 0 0 2097152 0 0
SEP
MEM comp01 1604785034 2020/11/07 16:37:14 1 4096 65571052 37162322 22881989 39 404589 3045812 109299 0 3323405 0 0 2097152 0 0
SEP
MEM comp01 1604785035 2020/11/07 16:37:15 1 4096 65571052 37160560 22881989 39 406389 1893160 109299 0 3323405 0 0 2097152 0 0
SEP
MEM comp01 1604785036 2020/11/07 16:37:16 1 4096 65571052 37156960 22881989 39 409731 801923 109299 0 3323405 0 0 2097152 0 0
SEP
MEM comp01 1604785037 2020/11/07 16:37:17 1 4096 65571052 37153894 22881990 39 413059 265727 109299 0 3323405 0 0 2097152 0 0
SEP
MEM comp01 1604785038 2020/11/07 16:37:18 1 4096 65571052 37153294 22881990 39 413801 2 109309 0 3323405 0 0 2097152 0 0
SEP
MEM comp01 1604785039 2020/11/07 16:37:19 1 4096 65571052 37154201 22881990 39 412210 2 109309 0 3323405 0 0 2097152 0 0
SEP
MEM comp01 1604785040 2020/11/07 16:37:20 1 4096 65571052 37155302 22881990 39 410849 2 109511 0 3323405 0 0 2097152 0 0
SEP
MEM comp01 1604785041 2020/11/07 16:37:21 1 4096 65571052 37159636 22881990 39 407595 2 109511 0 3323405 0 0 2097152 0 0
SEP
MEM comp01 1604785042 2020/11/07 16:37:22 1 4096 65571052 37163015 22881990 39 404501 2 109519 0 3323405 0 0 2097152 0 0
SEP
MEM comp01 1604785043 2020/11/07 16:37:23 1 4096 65571052 37163908 22881990 39 403078 2 109519 0 3323405 0 0 2097152 0 0
SEP
MEM comp01 1604785044 2020/11/07 16:37:24 1 4096 65571052 37163885 22881990 39 403110 2 109519 0 3323405 0 0 2097152 0 0
SEP
MEM comp01 1604785045 2020/11/07 16:37:25 1 4096 65571052 37163890 22881990 39 403112 2 109519 0 3323405 0 0 2097152 0 0
SEP
MEM comp01 1604785046 2020/11/07 16:37:26 1 4096 65571052 37163870 22881990 39 403132 2 109519 0 3323405 0 0 2097152 0 0
SEP
MEM comp01 1604785047 2020/11/07 16:37:27 1 4096 65571052 37163893 22881990 39 403118 2 109519 0 3323405 0 0 2097152 0 0
SEP
MEM comp01 1604785048 2020/11/07 16:37:28 1 4096 65571052 37163912 22881990 39 403100 0 109519 0 3323405 0 0 2097152 0 0
SEP
MEM comp01 1604785049 2020/11/07 16:37:29 1 4096 65571052 37163906 22881990 39 403106 1 109519 0 3323405 0 0 2097152 0 0
SEP
MEM comp01 1604785050 2020/11/07 16:37:30 1 4096 65571052 37163900 22881990 39 403112 1 109519 0 3323405 0 0 2097152 0 0
SEP
MEM comp01 1604785051 2020/11/07 16:37:31 1 4096 65571052 37163900 22881990 39 403112 1 109519 0 3323405 0 0 2097152 0 0
SEP
MEM comp01 1604785052 2020/11/07 16:37:32 1 4096 65571052 37163906 22881990 39 403106 1 109519 0 3323405 0 0 2097152 0 0
SEP
MEM comp01 1604785053 2020/11/07 16:37:33 1 4096 65571052 37163901 22881990 39 403118 1 109519 0 3323405 0 0 2097152 0 0
SEP
MEM comp01 1604785054 2020/11/07 16:37:34 1 4096 65571052 37163915 22881990 39 403104 1 109519 0 3323405 0 0 2097152 0 0
SEP
MEM comp01 1604785055 2020/11/07 16:37:35 1 4096 65571052 37163934 22881990 39 403092 1 109519 0 3323405 0 0 2097152 0 0
SEP
MEM comp01 1604785056 2020/11/07 16:37:36 1 4096 65571052 37163930 22881990 39 403096 1 109519 0 3323405 0 0 2097152 0 0
SEP
MEM comp01 1604785057 2020/11/07 16:37:37 1 4096 65571052 37163914 22881990 39 403114 1 109519 0 3323405 0 0 2097152 0 0
SEP
MEM comp01 1604785058 2020/11/07 16:37:38 1 4096 65571052 37163917 22881990 39 403118 1 109519 0 3323405 0 0 2097152 0 0
SEP
MEM comp01 1604785059 2020/11/07 16:37:39 1 4096 65571052 37163942 22881990 39 403100 1 109519 0 3323405 0 0 2097152 0 0
SEP
MEM comp01 1604785060 2020/11/07 16:37:40 1 4096 65571052 37163950 22881990 39 403092 1 109519 0 3323405 0 0 2097152 0 0
SEP
MEM comp01 1604785061 2020/11/07 16:37:41 1 4096 65571052 37163940 22881990 39 403102 1 109519 0 3323405 0 0 2097152 0 0
SEP
MEM comp01 1604785062 2020/11/07 16:37:42 1 4096 65571052 37163962 22881990 39 403080 1 109519 0 3323405 0 0 2097152 0 0
SEP
MEM comp01 1604785063 2020/11/07 16:37:43 1 4096 65571052 37163954 22881990 39 403102 1 109519 0 3323405 0 0 2097152 0 0
SEP
MEM comp01 1604785064 2020/11/07 16:37:44 1 4096 65571052 37163958 22881990 39 403098 1 109519 0 3323405 0 0 2097152 0 0
SEP
MEM comp01 1604785065 2020/11/07 16:37:45 1 4096 65571052 37163954 22881990 39 403102 1 109519 0 3323405 0 0 2097152 0 0
SEP
MEM comp01 1604785066 2020/11/07 16:37:46 1 4096 65571052 37163954 22881990 39 403102 1 109519 0 3323405 0 0 2097152 0 0
SEP
MEM comp01 1604785067 2020/11/07 16:37:47 1 4096 65571052 37163940 22881990 39 403116 1 109519 0 3323405 0 0 2097152 0 0
SEP
MEM comp01 1604785068 2020/11/07 16:37:48 1 4096 65571052 37163935 22881990 39 403128 1 109519 0 3323405 0 0 2097152 0 0
SEP
MEM comp01 1604785069 2020/11/07 16:37:49 1 4096 65571052 37163952 22881991 39 403118 2 109519 0 3323405 0 0 2097152 0 0
SEP
MEM comp01 1604785070 2020/11/07 16:37:50 1 4096 65571052 37163948 22881991 39 403122 2 109519 0 3323405 0 0 2097152 0 0
SEP
MEM comp01 1604785071 2020/11/07 16:37:51 1 4096 65571052 37163946 22881991 39 403124 2 109519 0 3323405 0 0 2097152 0 0
SEP
MEM comp01 1604785072 2020/11/07 16:37:52 1 4096 65571052 37163942 22881991 39 403128 2 109519 0 3323405 0 0 2097152 0 0
SEP
MEM comp01 1604785073 2020/11/07 16:37:53 1 4096 65571052 37163952 22881991 39 403118 2 109519 0 3323405 0 0 2097152 0 0
SEP
MEM comp01 1604785074 2020/11/07 16:37:54 1 4096 65571052 37163938 22881991 39 403132 2 109519 0 3323405 0 0 2097152 0 0
SEP
MEM comp01 1604785075 2020/11/07 16:37:55 1 4096 65571052 37163944 22881991 39 403126 2 109519 0 3323405 0 0 2097152 0 0
SEP
MEM comp01 1604785076 2020/11/07 16:37:56 1 4096 65571052 37163948 22881991 39 403122 2 109519 0 3323405 0 0 2097152 0 0
SEP
MEM comp01 1604785077 2020/11/07 16:37:57 1 4096 65571052 37163938 22881991 39 403132 2 109519 0 3323405 0 0 2097152 0 0
SEP
MEM comp01 1604785078 2020/11/07 16:37:58 1 4096 65571052 37163956 22881991 39 403114 2 109519 0 3323405 0 0 2097152 0 0
SEP
MEM comp01 1604785079 2020/11/07 16:37:59 1 4096 65571052 37163961 22881991 39 403110 0 109519 0 3323405 0 0 2097152 0 0
SEP
MEM comp01 1604785080 2020/11/07 16:38:00 1 4096 65571052 37163960 22881991 39 403118 1 109519 0 3323405 0 0 2097152 0 0
SEP
MEM comp01 1604785081 2020/11/07 16:38:01 1 4096 65571052 37163967 22881991 39 403112 1 109519 0 3323405 0 0 2097152 0 0
SEP
MEM comp01 1604785082 2020/11/07 16:38:02 1 4096 65571052 37163947 22881991 39 403132 1 109519 0 3323405 0 0 2097152 0 0
SEP
MEM comp01 1604785083 2020/11/07 16:38:03 1 4096 65571052 37163961 22881991 39 403118 1 109519 0 3323405 0 0 2097152 0 0
SEP
MEM comp01 1604785084 2020/11/07 16:38:04 1 4096 65571052 37163955 22881991 39 403124 1 109519 0 3323405 0 0 2097152 0 0
SEP
MEM comp01 1604785085 2020/11/07 16:38:05 1 4096 65571052 37163955 22881991 39 403124 1 109519 0 3323405 0 0 2097152 0 0
SEP
MEM comp01 1604785086 2020/11/07 16:38:06 1 4096 65571052 37163952 22881991 39 403128 1 109519 0 3323405 0 0 2097152 0 0
SEP
MEM comp01 1604785087 2020/11/07 16:38:07 1 4096 65571052 37163954 22881991 39 403126 1 109519 0 3323405 0 0 2097152 0 0
SEP
MEM comp01 1604785088 2020/11/07 16:38:08 1 4096 65571052 37163964 22881991 39 403116 1 109519 0 3323405 0 0 2097152 0 0
SEP
MEM comp01 1604785089 2020/11/07 16:38:09 1 4096 65571052 37163962 22881991 39 403118 1 109519 0 3323405 0 0 2097152 0 0
SEP
MEM comp01 1604785090 2020/11/07 16:38:10 1 4096 65571052 37163961 22881991 39 403126 1 109519 0 3323405 0 0 2097152 0 0
SEP
MEM comp01 1604785091 2020/11/07 16:38:11 1 4096 65571052 37163951 22881991 39 403136 1 109519 0 3323405 0 0 2097152 0 0
SEP
MEM comp01 1604785092 2020/11/07 16:38:12 1 4096 65571052 37163977 22881991 39 403110 1 109519 0 3323405 0 0 2097152 0 0
SEP
MEM comp01 1604785093 2020/11/07 16:38:13 1 4096 65571052 37163949 22881991 39 403138 1 109519 0 3323405 0 0 2097152 0 0
SEP
MEM comp01 1604785094 2020/11/07 16:38:14 1 4096 65571052 37163969 22881991 39 403118 1 109519 0 3323405 0 0 2097152 0 0
SEP
MEM comp01 1604785095 2020/11/07 16:38:15 1 4096 65571052 37163965 22881991 39 403122 1 109519 0 3323405 0 0 2097152 0 0
SEP
MEM comp01 1604785096 2020/11/07 16:38:16 1 4096 65571052 37272210 22881991 39 294870 1 109519 0 3323405 0 0 2097152 0 0
SEP
MEM comp01 1604785097 2020/11/07 16:38:17 1 4096 65571052 42205394 22881991 39 254219 1 109519 0 3323405 0 0 2097152 0 0
SEP
MEM comp01 1604785098 2020/11/07 16:38:18 1 4096 65571052 42205407 22881991 39 254207 1 109519 0 3323405 0 0 2097152 0 0
SEP
MEM comp01 1604785099 2020/11/07 16:38:19 1 4096 65571052 42205407 22881991 39 254213 1 109519 0 3323405 0 0 2097152 0 0
SEP
MEM comp01 1604785100 2020/11/07 16:38:20 1 4096 65571052 42205417 22881991 39 254203 1 109519 0 3323405 0 0 2097152 0 0
SEP
MEM comp01 1604785101 2020/11/07 16:38:21 1 4096 65571052 42205424 22881991 39 254199 1 109519 0 3323405 0 0 2097152 0 0
SEP
MEM comp01 1604785102 2020/11/07 16:38:22 1 4096 65571052 42205426 22881992 39 254197 2 109519 0 3323405 0 0 2097152 0 0
SEP
MEM comp01 1604785103 2020/11/07 16:38:23 1 4096 65571052 42205428 22881992 39 254197 2 109519 0 3323405 0 0 2097152 0 0
SEP
MEM comp01 1604785104 2020/11/07 16:38:24 1 4096 65571052 42205442 22881992 39 254183 2 109519 0 3323405 0 0 2097152 0 0
SEP
MEM comp01 1604785105 2020/11/07 16:38:25 1 4096 65571052 42205460 22881992 39 254179 2 109519 0 3323405 0 0 2097152 0 0
SEP
MEM comp01 1604785106 2020/11/07 16:38:26 1 4096 65571052 42205467 22881992 39 254175 2 109519 0 3323405 0 0 2097152 0 0
SEP
MEM comp01 1604785107 2020/11/07 16:38:27 1 4096 65571052 42205451 22881992 39 254193 2 109519 0 3323405 0 0 2097152 0 0
SEP
MEM comp01 1604785108 2020/11/07 16:38:28 1 4096 65571052 42205447 22881992 39 254197 2 109519 0 3323405 0 0 2097152 0 0
SEP
MEM comp01 1604785109 2020/11/07 16:38:29 1 4096 65571052 42205471 22881992 39 254173 2 109519 0 3323405 0 0 2097152 0 0
SEP
MEM comp01 1604785110 2020/11/07 16:38:30 1 4096 65571052 42205471 22881992 39 254173 1 109519 0 3323405 0 0 2097152 0 0
SEP
MEM comp01 1604785111 2020/11/07 16:38:31 1 4096 65571052 42205455 22881992 39 254189 1 109519 0 3323405 0 0 2097152 0 0
SEP
MEM comp01 1604785112 2020/11/07 16:38:32 1 4096 65571052 42205463 22881992 39 254181 1 109519 0 3323405 0 0 2097152 0 0
SEP
MEM comp01 1604785113 2020/11/07 16:38:33 1 4096 65571052 42205477 22881992 39 254167 1 109519 0 3323405 0 0 2097152 0 0
SEP
MEM comp01 1604785114 2020/11/07 16:38:34 1 4096 65571052 42205469 22881992 39 254175 1 109519 0 3323405 0 0 2097152 0 0
SEP
MEM comp01 1604785115 2020/11/07 16:38:35 1 4096 65571052 42205469 22881992 39 254175 1 109519 0 3323405 0 0 2097152 0 0
SEP
MEM comp01 1604785116 2020/11/07 16:38:36 1 4096 65571052 42205463 22881992 39 254181 1 109519 0 3323405 0 0 2097152 0 0
SEP
MEM comp01 1604785117 2020/11/07 16:38:37 1 4096 65571052 42205479 22881992 39 254165 1 109519 0 3323405 0 0 2097152 0 0
SEP
MEM comp01 1604785118 2020/11/07 16:38:38 1 4096 65571052 42205473 22881992 39 254171 1 109519 0 3323405 0 0 2097152 0 0
SEP
MEM comp01 1604785119 2020/11/07 16:38:39 1 4096 65571052 42205463 22881992 39 254181 1 109519 0 3323405 0 0 2097152 0 0
SEP
MEM comp01 1604785120 2020/11/07 16:38:40 1 4096 65571052 42205449 22881992 39 254195 1 109519 0 3323405 0 0 2097152 0 0
SEP
MEM comp01 1604785121 2020/11/07 16:38:41 1 4096 65571052 42205463 22881992 39 254181 1 109519 0 3323405 0 0 2097152 0 0
SEP
MEM comp01 1604785122 2020/11/07 16:38:42 1 4096 65571052 42205466 22881992 39 254185 1 109519 0 3323405 0 0 2097152 0 0
SEP
MEM comp01 1604785123 2020/11/07 16:38:43 1 4096 65571052 42205448 22881992 39 254203 1 109519 0 3323405 0 0 2097152 0 0
SEP
MEM comp01 1604785124 2020/11/07 16:38:44 1 4096 65571052 42205474 22881992 39 254177 1 109519 0 3323405 0 0 2097152 0 0
SEP
MEM comp01 1604785125 2020/11/07 16:38:45 1 4096 65571052 42205454 22881992 39 254197 1 109519 0 3323405 0 0 2097152 0 0
SEP
MEM comp01 1604785126 2020/11/07 16:38:46 1 4096 65571052 42205476 22881992 39 254175 1 109519 0 3323405 0 0 2097152 0 0
SEP
MEM comp01 1604785127 2020/11/07 16:38:47 1 4096 65571052 42205466 22881992 39 254185 1 109519 0 3323405 0 0 2097152 0 0
SEP
MEM comp01 1604785128 2020/11/07 16:38:48 1 4096 65571052 42205472 22881992 39 254179 1 109519 0 3323405 0 0 2097152 0 0
SEP
MEM comp01 1604785129 2020/11/07 16:38:49 1 4096 65571052 42205482 22881992 39 254169 1 109519 0 3323405 0 0 2097152 0 0
SEP
MEM comp01 1604785130 2020/11/07 16:38:50 1 4096 65571052 42205472 22881992 39 254179 1 109519 0 3323405 0 0 2097152 0 0
SEP
MEM comp01 1604785131 2020/11/07 16:38:51 1 4096 65571052 42205474 22881992 39 254177 1 109519 0 3323405 0 0 2097152 0 0
SEP
MEM comp01 1604785132 2020/11/07 16:38:52 1 4096 65571052 42205503 22881992 39 254149 1 109519 0 3323405 0 0 2097152 0 0
SEP
MEM comp01 1604785133 2020/11/07 16:38:53 1 4096 65571052 42205485 22881992 39 254167 1 109519 0 3323405 0 0 2097152 0 0
SEP
MEM comp01 1604785134 2020/11/07 16:38:54 1 4096 65571052 42205492 22881992 39 254165 1 109519 0 3323405 0 0 2097152 0 0
SEP
MEM comp01 1604785135 2020/11/07 16:38:55 1 4096 65571052 42205487 22881993 39 254163 2 109519 0 3323405 0 0 2097152 0 0
SEP
MEM comp01 1604785136 2020/11/07 16:38:56 1 4096 65571052 42205499 22881993 39 254151 2 109519 0 3323405 0 0 2097152 0 0
SEP
MEM comp01 1604785137 2020/11/07 16:38:57 1 4096 65571052 42205485 22881993 39 254165 2 109519 0 3323405 0 0 2097152 0 0
SEP
MEM comp01 1604785138 2020/11/07 16:38:58 1 4096 65571052 42205499 22881993 39 254151 2 109519 0 3323405 0 0 2097152 0 0
SEP
MEM comp01 1604785139 2020/11/07 16:38:59 1 4096 65571052 42205487 22881993 39 254163 2 109519 0 3323405 0 0 2097152 0 0
SEP
MEM comp01 1604785140 2020/11/07 16:39:00 1 4096 65571052 42205503 22881993 39 254147 2 109519 0 3323405 0 0 2097152 0 0
SEP
MEM comp01 1604785141 2020/11/07 16:39:01 1 4096 65571052 42205495 22881993 39 254155 3 109519 0 3323405 0 0 2097152 0 0
SEP
MEM comp01 1604785142 2020/11/07 16:39:02 1 4096 65571052 42205502 22881993 39 254155 3 109519 0 3323405 0 0 2097152 0 0
SEP
MEM comp01 1604785143 2020/11/07 16:39:03 1 4096 65571052 42205488 22881993 39 254169 3 109519 0 3323405 0 0 2097152 0 0
SEP
MEM comp01 1604785144 2020/11/07 16:39:04 1 4096 65571052 42205501 22881993 39 254163 3 109519 0 3323405 0 0 2097152 0 0
SEP
MEM comp01 1604785145 2020/11/07 16:39:05 1 4096 65571052 42205495 22881993 39 254169 3 109519 0 3323405 0 0 2097152 0 0
SEP
MEM comp01 1604785146 2020/11/07 16:39:06 1 4096 65571052 42205499 22881993 39 254165 3 109519 0 3323405 0 0 2097152 0 0
SEP
MEM comp01 1604785147 2020/11/07 16:39:07 1 4096 65571052 42205509 22881993 39 254155 3 109519 0 3323405 0 0 2097152 0 0
SEP
MEM comp01 1604785148 2020/11/07 16:39:08 1 4096 65571052 42205495 22881993 39 254169 3 109519 0 3323405 0 0 2097152 0 0
SEP
MEM comp01 1604785149 2020/11/07 16:39:09 1 4096 65571052 42205489 22881993 39 254175 3 109519 0 3323405 0 0 2097152 0 0
SEP
MEM comp01 1604785150 2020/11/07 16:39:10 1 4096 65571052 42205507 22881993 39 254157 3 109519 0 3323405 0 0 2097152 0 0
SEP
MEM comp01 1604785151 2020/11/07 16:39:11 1 4096 65571052 42205517 22881993 39 254151 3 109519 0 3323405 0 0 2097152 0 0
SEP
MEM comp01 1604785152 2020/11/07 16:39:12 1 4096 65571052 42205511 22881993 39 254157 3 109519 0 3323405 0 0 2097152 0 0
SEP
MEM comp01 1604785153 2020/11/07 16:39:13 1 4096 65571052 42205509 22881993 39 254159 3 109519 0 3323405 0 0 2097152 0 0
SEP
MEM comp01 1604785154 2020/11/07 16:39:14 1 4096 65571052 42205519 22881993 39 254149 3 109519 0 3323405 0 0 2097152 0 0
SEP
MEM comp01 1604785155 2020/11/07 16:39:15 1 4096 65571052 42205519 22881993 39 254149 3 109519 0 3323405 0 0 2097152 0 0
SEP
MEM comp01 1604785156 2020/11/07 16:39:16 1 4096 65571052 42205521 22881993 39 254147 3 109519 0 3323405 0 0 2097152 0 0
SEP
MEM comp01 1604785157 2020/11/07 16:39:17 1 4096 65571052 42205515 22881993 39 254155 3 109519 0 3323405 0 0 2097152 0 0
SEP
MEM comp01 1604785158 2020/11/07 16:39:18 1 4096 65571052 42205487 22881993 39 254191 3 109519 0 3323405 0 0 2097152 0 0
SEP
MEM comp01 1604785159 2020/11/07 16:39:19 1 4096 65571052 42205456 22881993 39 254218 3 109535 0 3323405 0 0 2097152 0 0
SEP
MEM comp01 1604785160 2020/11/07 16:39:20 1 4096 65571052 42205468 22881993 39 254206 3 109535 0 3323405 0 0 2097152 0 0
SEP
MEM comp01 1604785161 2020/11/07 16:39:21 1 4096 65571052 42205456 22881993 39 254218 3 109535 0 3323405 0 0 2097152 0 0
SEP
MEM comp01 1604785162 2020/11/07 16:39:22 1 4096 65571052 42205462 22881993 39 254212 3 109535 0 3323405 0 0 2097152 0 0
SEP
MEM comp01 1604785163 2020/11/07 16:39:23 1 4096 65571052 42205472 22881993 39 254202 3 109535 0 3323405 0 0 2097152 0 0
SEP
MEM comp01 1604785164 2020/11/07 16:39:24 1 4096 65571052 42205470 22881993 39 254204 3 109535 0 3323405 0 0 2097152 0 0
SEP
MEM comp01 1604785165 2020/11/07 16:39:25 1 4096 65571052 42205484 22881993 39 254190 3 109535 0 3323405 0 0 2097152 0 0
SEP
MEM comp01 1604785166 2020/11/07 16:39:26 1 4096 65571052 42205437 22881993 39 254206 3 109535 0 3323405 0 0 2097152 0 0
SEP
MEM comp01 1604785167 2020/11/07 16:39:27 1 4096 65571052 42205447 22881993 39 254196 3 109535 0 3323405 0 0 2097152 0 0
SEP
MEM comp01 1604785168 2020/11/07 16:39:28 1 4096 65571052 42205454 22881994 39 254182 4 109535 0 3323405 0 0 2097152 0 0
SEP
MEM comp01 1604785169 2020/11/07 16:39:29 1 4096 65571052 42205459 22881994 39 254184 4 109535 0 3323405 0 0 2097152 0 0
SEP
MEM comp01 1604785170 2020/11/07 16:39:30 1 4096 65571052 42205443 22881994 39 254200 4 109535 0 3323405 0 0 2097152 0 0
SEP
MEM comp01 1604785171 2020/11/07 16:39:31 1 4096 65571052 42205454 22881994 39 254190 2 109535 0 3323405 0 0 2097152 0 0
SEP
MEM comp01 1604785172 2020/11/07 16:39:32 1 4096 65571052 42205460 22881994 39 254184 3 109535 0 3323405 0 0 2097152 0 0
SEP
MEM comp01 1604785173 2020/11/07 16:39:33 1 4096 65571052 42205460 22881994 39 254184 3 109535 0 3323405 0 0 2097152 0 0
SEP
MEM comp01 1604785174 2020/11/07 16:39:34 1 4096 65571052 42205440 22881994 39 254204 3 109535 0 3323405 0 0 2097152 0 0
SEP
MEM comp01 1604785175 2020/11/07 16:39:35 1 4096 65571052 42205452 22881994 39 254200 3 109535 0 3323405 0 0 2097152 0 0
SEP
MEM comp01 1604785176 2020/11/07 16:39:36 1 4096 65571052 42205460 22881994 39 254192 3 109535 0 3323405 0 0 2097152 0 0
SEP
MEM comp01 1604785177 2020/11/07 16:39:37 1 4096 65571052 42205450 22881994 39 254202 3 109535 0 3323405 0 0 2097152 0 0
SEP
MEM comp01 1604785178 2020/11/07 16:39:38 1 4096 65571052 42205460 22881994 39 254192 3 109535 0 3323405 0 0 2097152 0 0
SEP
MEM comp01 1604785179 2020/11/07 16:39:39 1 4096 65571052 42205464 22881994 39 254188 3 109535 0 3323405 0 0 2097152 0 0
SEP
MEM comp01 1604785180 2020/11/07 16:39:40 1 4096 65571052 42205450 22881994 39 254202 3 109535 0 3323405 0 0 2097152 0 0
SEP
MEM comp01 1604785181 2020/11/07 16:39:41 1 4096 65571052 42205442 22881994 39 254210 3 109535 0 3323405 0 0 2097152 0 0
SEP
MEM comp01 1604785182 2020/11/07 16:39:42 1 4096 65571052 42205441 22881994 39 254212 3 109535 0 3323405 0 0 2097152 0 0
SEP
MEM comp01 1604785183 2020/11/07 16:39:43 1 4096 65571052 42205479 22881994 39 254174 3 109535 0 3323405 0 0 2097152 0 0
SEP
MEM comp01 1604785184 2020/11/07 16:39:44 1 4096 65571052 42205467 22881994 39 254186 3 109535 0 3323405 0 0 2097152 0 0
SEP
MEM comp01 1604785185 2020/11/07 16:39:45 1 4096 65571052 42205485 22881994 39 254168 3 109535 0 3323405 0 0 2097152 0 0
SEP
MEM comp01 1604785186 2020/11/07 16:39:46 1 4096 65571052 42205500 22881994 39 254160 3 109535 0 3323405 0 0 2097152 0 0
SEP
MEM comp01 1604785187 2020/11/07 16:39:47 1 4096 65571052 42205474 22881994 39 254186 3 109535 0 3323405 0 0 2097152 0 0
SEP
MEM comp01 1604785188 2020/11/07 16:39:48 1 4096 65571052 42206164 22881994 39 254009 6 109519 0 3323404 0 0 2097152 0 0
SEP
MEM comp01 1604785189 2020/11/07 16:39:49 1 4096 65571052 42206190 22881994 39 253983 6 109519 0 3323404 0 0 2097152 0 0
SEP
MEM comp01 1604785190 2020/11/07 16:39:50 1 4096 65571052 42206194 22881994 39 253981 6 109519 0 3323404 0 0 2097152 0 0
SEP
MEM comp01 1604785191 2020/11/07 16:39:51 1 4096 65571052 42206187 22881994 39 253991 6 109519 0 3323404 0 0 2097152 0 0
SEP
MEM comp01 1604785192 2020/11/07 16:39:52 1 4096 65571052 42206173 22881994 39 254005 6 109519 0 3323404 0 0 2097152 0 0
SEP
MEM comp01 1604785193 2020/11/07 16:39:53 1 4096 65571052 42206176 22881994 39 254009 6 109519 0 3323404 0 0 2097152 0 0
SEP
MEM comp01 1604785194 2020/11/07 16:39:54 1 4096 65571052 42206170 22881994 39 254015 6 109519 0 3323404 0 0 2097152 0 0
SEP
MEM comp01 1604785195 2020/11/07 16:39:55 1 4096 65571052 42206158 22881994 39 254027 6 109519 0 3323404 0 0 2097152 0 0
SEP
MEM comp01 1604785196 2020/11/07 16:39:56 1 4096 65571052 42206174 22881994 39 254011 6 109519 0 3323404 0 0 2097152 0 0
SEP
MEM comp01 1604785197 2020/11/07 16:39:57 1 4096 65571052 42206164 22881994 39 254021 6 109519 0 3323404 0 0 2097152 0 0
SEP
MEM comp01 1604785198 2020/11/07 16:39:58 1 4096 65571052 42206174 22881994 39 254011 6 109519 0 3323404 0 0 2097152 0 0
SEP
MEM comp01 1604785199 2020/11/07 16:39:59 1 4096 65571052 42206164 22881994 39 254021 6 109519 0 3323404 0 0 2097152 0 0
SEP
MEM comp01 1604785200 2020/11/07 16:40:00 1 4096 65571052 42206162 22881995 39 254025 7 109519 0 3323404 0 0 2097152 0 0
SEP
MEM comp01 1604785201 2020/11/07 16:40:01 1 4096 65571052 42206170 22881995 39 254017 7 109519 0 3323404 0 0 2097152 0 0
SEP
MEM comp01 1604785202 2020/11/07 16:40:02 1 4096 65571052 42206155 22881995 39 254033 3 109519 0 3323404 0 0 2097152 0 0
SEP
MEM comp01 1604785203 2020/11/07 16:40:03 1 4096 65571052 42206154 22881995 39 254035 3 109519 0 3323404 0 0 2097152 0 0
SEP
MEM comp01 1604785204 2020/11/07 16:40:04 1 4096 65571052 42206160 22881995 39 254029 3 109519 0 3323404 0 0 2097152 0 0
SEP
MEM comp01 1604785205 2020/11/07 16:40:05 1 4096 65571052 42206170 22881995 39 254019 3 109519 0 3323404 0 0 2097152 0 0
SEP
MEM comp01 1604785206 2020/11/07 16:40:06 1 4096 65571052 42206172 22881995 39 254017 3 109519 0 3323404 0 0 2097152 0 0
SEP
MEM comp01 1604785207 2020/11/07 16:40:07 1 4096 65571052 42206150 22881995 39 254039 3 109519 0 3323404 0 0 2097152 0 0
SEP
MEM comp01 1604785208 2020/11/07 16:40:08 1 4096 65571052 42206157 22881995 39 254033 3 109519 0 3323404 0 0 2097152 0 0
SEP
MEM comp01 1604785209 2020/11/07 16:40:09 1 4096 65571052 42206171 22881995 39 254019 3 109519 0 3323404 0 0 2097152 0 0
SEP
MEM comp01 1604785210 2020/11/07 16:40:10 1 4096 65571052 42206167 22881995 39 254023 3 109519 0 3323404 0 0 2097152 0 0
SEP
MEM comp01 1604785211 2020/11/07 16:40:11 1 4096 65571052 42206167 22881995 39 254023 3 109519 0 3323404 0 0 2097152 0 0
SEP
MEM comp01 1604785212 2020/11/07 16:40:12 1 4096 65571052 42206171 22881995 39 254019 3 109519 0 3323404 0 0 2097152 0 0
SEP
MEM comp01 1604785213 2020/11/07 16:40:13 1 4096 65571052 42206167 22881995 39 254023 3 109519 0 3323404 0 0 2097152 0 0
SEP
MEM comp01 1604785214 2020/11/07 16:40:14 1 4096 65571052 42206141 22881995 39 254049 3 109519 0 3323404 0 0 2097152 0 0
SEP
MEM comp01 1604785215 2020/11/07 16:40:15 1 4096 65571052 42206153 22881995 39 254037 3 109519 0 3323404 0 0 2097152 0 0
SEP
MEM comp01 1604785216 2020/11/07 16:40:16 1 4096 65571052 42206163 22881995 39 254027 3 109519 0 3323404 0 0 2097152 0 0
SEP
MEM comp01 1604785217 2020/11/07 16:40:17 1 4096 65571052 42206153 22881995 39 254037 3 109519 0 3323404 0 0 2097152 0 0
SEP
MEM comp01 1604785218 2020/11/07 16:40:18 1 4096 65571052 42206178 22881995 39 254021 3 109519 0 3323404 0 0 2097152 0 0
SEP
MEM comp01 1604785219 2020/11/07 16:40:19 1 4096 65571052 42206188 22881995 39 254011 3 109519 0 3323404 0 0 2097152 0 0
SEP
MEM comp01 1604785220 2020/11/07 16:40:20 1 4096 65571052 42206176 22881995 39 254023 3 109519 0 3323404 0 0 2097152 0 0
SEP
MEM comp01 1604785221 2020/11/07 16:40:21 1 4096 65571052 42206190 22881995 39 254009 3 109519 0 3323404 0 0 2097152 0 0
SEP
MEM comp01 1604785222 2020/11/07 16:40:22 1 4096 65571052 42206166 22881995 39 254033 3 109519 0 3323404 0 0 2097152 0 0
SEP
MEM comp01 1604785223 2020/11/07 16:40:23 1 4096 65571052 42206170 22881995 39 254029 3 109519 0 3323404 0 0 2097152 0 0
SEP
MEM comp01 1604785224 2020/11/07 16:40:24 1 4096 65571052 42206174 22881995 39 254025 3 109519 0 3323404 0 0 2097152 0 0
SEP
MEM comp01 1604785225 2020/11/07 16:40:25 1 4096 65571052 42206175 22881995 39 254031 3 109519 0 3323404 0 0 2097152 0 0
SEP
MEM comp01 1604785226 2020/11/07 16:40:26 1 4096 65571052 42206183 22881995 39 254023 3 109519 0 3323404 0 0 2097152 0 0
SEP
MEM comp01 1604785227 2020/11/07 16:40:27 1 4096 65571052 42206173 22881995 39 254033 3 109519 0 3323404 0 0 2097152 0 0
SEP
MEM comp01 1604785228 2020/11/07 16:40:28 1 4096 65571052 42206260 22881995 39 254000 3 109519 0 3323404 0 0 2097152 0 0
SEP
MEM comp01 1604785229 2020/11/07 16:40:29 1 4096 65571052 42206738 22881995 39 253872 3 109519 0 3323404 0 0 2097152 0 0
SEP
MEM comp01 1604785230 2020/11/07 16:40:30 1 4096 65571052 42206732 22881995 39 253878 3 109519 0 3323404 0 0 2097152 0 0
SEP
MEM comp01 1604785231 2020/11/07 16:40:31 1 4096 65571052 42206758 22881995 39 253852 3 109519 0 3323404 0 0 2097152 0 0
SEP
MEM comp01 1604785232 2020/11/07 16:40:32 1 4096 65571052 42207338 22881995 39 253758 0 109511 0 3323404 0 0 2097152 0 0
SEP
MEM comp01 1604785233 2020/11/07 16:40:33 1 4096 65571052 42207428 22881996 39 253766 2 109511 0 3323404 0 0 2097152 0 0
SEP
MEM comp01 1604785234 2020/11/07 16:40:34 1 4096 65571052 42207458 22881996 39 253740 2 109511 0 3323404 0 0 2097152 0 0
SEP
MEM comp01 1604785235 2020/11/07 16:40:35 1 4096 65571052 42207605 22881996 39 253726 2 109511 0 3323404 0 0 2097152 0 0
SEP
MEM comp01 1604785236 2020/11/07 16:40:36 1 4096 65571052 42208064 22881996 39 253596 2 109503 0 3323404 0 0 2097152 0 0
SEP
MEM comp01 1604785237 2020/11/07 16:40:37 1 4096 65571052 42208069 22881996 39 253612 2 109503 0 3323404 0 0 2097152 0 0
SEP
MEM comp01 1604785238 2020/11/07 16:40:38 1 4096 65571052 42208059 22881996 39 253622 2 109503 0 3323404 0 0 2097152 0 0
SEP
MEM comp01 1604785239 2020/11/07 16:40:39 1 4096 65571052 42208061 22881996 39 253620 2 109503 0 3323404 0 0 2097152 0 0
SEP
